T26BC 000:000.522   SEGGER J-Link V8.44a Log File
T26BC 000:000.664   DLL Compiled: Jun 18 2025 16:28:32
T26BC 000:000.670   Logging started @ 2025-07-29 02:14
T26BC 000:000.676   Process: C:\Users\20537\.eclipse\com.renesas.platform_2070713661\DebugComp\RA\e2-server-gdb.exe
T26BC 000:000.687 - 0.681ms 
T26BC 000:000.704 JLINK_GetDLLVersion()
T26BC 000:000.712 - 0.007ms returns 84401
T26BC 000:003.332 JLINK_OpenEx(...)
T26BC 000:011.842   Firmware: J-Link OB-RA4M2-Full compiled Apr  1 2025 10:14:06
T26BC 000:013.330   Firmware: J-Link OB-RA4M2-Full compiled Apr  1 2025 10:14:06
T26BC 000:026.307   Hardware: V1.00
T26BC 000:026.327   S/N: 24060501
T26BC 000:026.335   OEM: SEGGER
T26BC 000:026.343   Feature(s): GDB, FlashDL, FlashBP, JFlash, RDI
T26BC 000:027.632   Bootloader: 2021 May 14
T26BC 000:028.568   USB speed mode: Full speed (12 MBit/s)
T26BC 000:029.157   TELNET listener socket opened on port 19021
T26BC 000:029.332   WEBSRV WEBSRV_Init(): Starting webserver thread(s)
T26BC 000:029.555   WEBSRV Webserver running on local port 19080
T26BC 000:029.672   Looking for J-Link GUI Server exe at: C:\Users\20537\.eclipse\com.renesas.platform_2070713661\DebugComp\RA\ARM\Segger_v8.44.1\JLinkGUIServer.exe
T26BC 000:029.790   Looking for J-Link GUI Server exe at: C:\Program Files\SEGGER\JLink_V810h\JLinkGUIServer.exe
T26BC 000:029.832   Forking J-Link GUI Server: C:\Program Files\SEGGER\JLink_V810h\JLinkGUIServer.exe
T26BC 000:062.274   J-Link GUI Server info: "J-Link GUI server V8.10h "
T26BC 000:069.749 - 66.412ms returns "O.K."
T26BC 000:069.852 JLINK_TIF_Select(JLINKARM_TIF_SWD)
T26BC 000:071.441 - 1.588ms returns 0x00
T26BC 000:071.475 JLINK_ClrRESET()
T26BC 000:072.192 - 0.716ms 
T26BC 000:122.301 JLINK_SetSpeed(1500)
T26BC 000:122.601 - 0.307ms 
T26BC 000:122.617 JLINK_CORESIGHT_Configure(PerformTIFInit=0)
T26BC 000:123.266 - 0.649ms returns 0
T26BC 000:123.289 JLINK_CORESIGHT_ReadAPDPReg(DP reg 0x00)
T26BC 000:123.959   Value=0x6BA02477
T26BC 000:123.976 - 0.689ms returns 0
T26BC 000:123.991 JLINK_CORESIGHT_WriteAPDPReg(DP reg 0x00, 0x0000001F)
T26BC 000:124.441 - 0.450ms returns 0
T26BC 000:124.458 JLINK_CORESIGHT_ReadAPDPReg(DP reg 0x00)
T26BC 000:124.944   Value=0x6BA02477
T26BC 000:124.956 - 0.499ms returns 0
T26BC 000:124.966 JLINK_CORESIGHT_WriteAPDPReg(DP reg 0x02, 0x00000000)
T26BC 000:125.394 - 0.427ms returns 0
T26BC 000:125.408 JLINK_CORESIGHT_WriteAPDPReg(DP reg 0x01, 0x50000000)
T26BC 000:125.914 - 0.506ms returns 0
T26BC 000:125.933 JLINK_CORESIGHT_ReadAPDPReg(DP reg 0x01)
T26BC 000:126.426   Value=0xF0000040
T26BC 000:126.440 - 0.507ms returns 0
T26BC 000:126.450 JLINK_CORESIGHT_WriteAPDPReg(DP reg 0x00, 0x0000001F)
T26BC 000:126.937 - 0.487ms returns 0
T26BC 000:126.951 JLINK_CORESIGHT_ReadAPDPReg(DP reg 0x00)
T26BC 000:127.430   Value=0x6BA02477
T26BC 000:127.444 - 0.493ms returns 0
T26BC 000:127.453 JLINK_CORESIGHT_WriteAPDPReg(DP reg 0x01, 0x54000000)
T26BC 000:127.903 - 0.449ms returns 0
T26BC 000:127.916 JLINK_CORESIGHT_WriteAPDPReg(DP reg 0x01, 0x50000F00)
T26BC 000:128.346 - 0.430ms returns 0
T26BC 000:128.360 JLINK_CORESIGHT_WriteAPDPReg(DP reg 0x02, 0x01000000)
T26BC 000:128.754 - 0.393ms returns 0
T26BC 000:128.767 JLINK_CORESIGHT_WriteAPDPReg(AP reg 0x00, 0x80000002)
T26BC 000:129.301 - 0.533ms returns 0
T26BC 000:129.316 JLINK_CORESIGHT_WriteAPDPReg(AP reg 0x01, 0x80011100)
T26BC 000:129.785 - 0.468ms returns 0
T26BC 000:129.798 JLINK_CORESIGHT_WriteAPDPReg(AP reg 0x03, 0x000000A5)
T26BC 000:130.309 - 0.510ms returns 0
T26BC 000:130.322 JLINK_CORESIGHT_WriteAPDPReg(AP reg 0x00, 0x80000002)
T26BC 000:130.762 - 0.440ms returns 0
T26BC 000:130.775 JLINK_CORESIGHT_WriteAPDPReg(AP reg 0x01, 0x80011100)
T26BC 000:131.264 - 0.489ms returns 0
T26BC 000:131.277 JLINK_CORESIGHT_ReadAPDPReg(AP reg 0x03)
T26BC 000:131.759   Value=0x000000A5
T26BC 000:131.773 - 0.495ms returns 0
T26BC 000:131.783 JLINK_ClrTMS()
T26BC 000:132.051 - 0.267ms 
T26BC 000:137.360 JLINK_SetTCK()
T26BC 000:137.693 - 0.333ms returns 0
T26BC 000:143.302 JLINK_SetRESET()
T26BC 000:143.650 - 0.348ms 
T26BC 000:344.323 JLINK_CORESIGHT_WriteAPDPReg(AP reg 0x00, 0x80000002)
T26BC 000:344.839 - 0.516ms returns 0
T26BC 000:344.856 JLINK_CORESIGHT_WriteAPDPReg(AP reg 0x01, 0x80011100)
T26BC 000:345.343 - 0.487ms returns 0
T26BC 000:345.360 JLINK_CORESIGHT_ReadAPDPReg(AP reg 0x03)
T26BC 000:345.802   Value=0x00000000
T26BC 000:345.814 - 0.453ms returns 0
T26BC 000:345.825 JLINK_CORESIGHT_WriteAPDPReg(AP reg 0x00, 0x80000002)
T26BC 000:346.317 - 0.491ms returns 0
T26BC 000:346.330 JLINK_CORESIGHT_WriteAPDPReg(AP reg 0x01, 0x80011140)
T26BC 000:346.753 - 0.423ms returns 0
T26BC 000:346.768 JLINK_CORESIGHT_ReadAPDPReg(AP reg 0x03)
T26BC 000:347.229   Value=0x00000002
T26BC 000:347.241 - 0.473ms returns 0
T26BC 000:347.251 JLINK_CORESIGHT_WriteAPDPReg(AP reg 0x00, 0x80000002)
T26BC 000:347.651 - 0.400ms returns 0
T26BC 000:347.664 JLINK_CORESIGHT_WriteAPDPReg(AP reg 0x01, 0x80011120)
T26BC 000:348.127 - 0.462ms returns 0
T26BC 000:348.139 JLINK_CORESIGHT_WriteAPDPReg(AP reg 0x03, 0x00000055)
T26BC 000:348.560 - 0.420ms returns 0
T26BC 000:348.574 JLINK_CORESIGHT_WriteAPDPReg(AP reg 0x00, 0x80000002)
T26BC 000:349.037 - 0.463ms returns 0
T26BC 000:349.050 JLINK_CORESIGHT_WriteAPDPReg(AP reg 0x01, 0x80011140)
T26BC 000:349.492 - 0.441ms returns 0
T26BC 000:349.505 JLINK_CORESIGHT_ReadAPDPReg(AP reg 0x03)
T26BC 000:350.078   Value=0x00000002
T26BC 000:350.090 - 0.585ms returns 0
T26BC 000:350.129 JLINK_CORESIGHT_ReadAPDPReg(AP reg 0x03)
T26BC 000:350.633   Value=0x00000002
T26BC 000:350.649 - 0.519ms returns 0
T26BC 000:350.659 JLINK_CORESIGHT_ReadAPDPReg(AP reg 0x03)
T26BC 000:351.177   Value=0x00000002
T26BC 000:351.190 - 0.531ms returns 0
T26BC 000:351.201 JLINK_CORESIGHT_ReadAPDPReg(AP reg 0x03)
T26BC 000:351.678   Value=0x00000002
T26BC 000:351.692 - 0.491ms returns 0
T26BC 000:351.706 JLINK_CORESIGHT_ReadAPDPReg(AP reg 0x03)
T26BC 000:352.267   Value=0x00000002
T26BC 000:352.279 - 0.572ms returns 0
T26BC 000:352.374 JLINK_CORESIGHT_ReadAPDPReg(AP reg 0x03)
T26BC 000:352.907   Value=0x00000002
T26BC 000:352.919 - 0.545ms returns 0
T26BC 000:352.928 JLINK_CORESIGHT_ReadAPDPReg(AP reg 0x03)
T26BC 000:353.373   Value=0x00000002
T26BC 000:353.388 - 0.460ms returns 0
T26BC 000:353.398 JLINK_CORESIGHT_ReadAPDPReg(AP reg 0x03)
T26BC 000:353.827   Value=0x00000002
T26BC 000:353.843 - 0.445ms returns 0
T26BC 000:353.854 JLINK_CORESIGHT_ReadAPDPReg(AP reg 0x03)
T26BC 000:354.468   Value=0x00000002
T26BC 000:354.491 - 0.636ms returns 0
T26BC 000:354.567 JLINK_CORESIGHT_ReadAPDPReg(AP reg 0x03)
T26BC 000:355.131   Value=0x00000002
T26BC 000:355.144 - 0.577ms returns 0
T26BC 000:355.154 JLINK_CORESIGHT_ReadAPDPReg(AP reg 0x03)
T26BC 000:355.658   Value=0x00000002
T26BC 000:355.670 - 0.515ms returns 0
T26BC 000:355.680 JLINK_CORESIGHT_ReadAPDPReg(AP reg 0x03)
T26BC 000:356.161   Value=0x00000002
T26BC 000:356.173 - 0.493ms returns 0
T26BC 000:356.182 JLINK_CORESIGHT_ReadAPDPReg(AP reg 0x03)
T26BC 000:356.674   Value=0x00000002
T26BC 000:356.686 - 0.504ms returns 0
T26BC 000:356.708 JLINK_CORESIGHT_ReadAPDPReg(AP reg 0x03)
T26BC 000:357.218   Value=0x00000002
T26BC 000:357.230 - 0.522ms returns 0
T26BC 000:357.240 JLINK_CORESIGHT_ReadAPDPReg(AP reg 0x03)
T26BC 000:357.731   Value=0x00000002
T26BC 000:357.743 - 0.503ms returns 0
T26BC 000:357.753 JLINK_CORESIGHT_ReadAPDPReg(AP reg 0x03)
T26BC 000:358.281   Value=0x00000002
T26BC 000:358.297 - 0.543ms returns 0
T26BC 000:358.307 JLINK_CORESIGHT_ReadAPDPReg(AP reg 0x03)
T26BC 000:358.763   Value=0x00000002
T26BC 000:358.775 - 0.467ms returns 0
T26BC 000:358.785 JLINK_CORESIGHT_ReadAPDPReg(AP reg 0x03)
T26BC 000:359.275   Value=0x00000002
T26BC 000:359.289 - 0.504ms returns 0
T26BC 000:359.300 JLINK_CORESIGHT_ReadAPDPReg(AP reg 0x03)
T26BC 000:359.745   Value=0x00000002
T26BC 000:359.759 - 0.459ms returns 0
T26BC 000:359.769 JLINK_CORESIGHT_ReadAPDPReg(AP reg 0x03)
T26BC 000:360.289   Value=0x00000000
T26BC 000:360.303 - 0.533ms returns 0
T26BC 000:360.313 JLINK_CORESIGHT_WriteAPDPReg(AP reg 0x00, 0x80000002)
T26BC 000:360.764 - 0.451ms returns 0
T26BC 000:360.779 JLINK_CORESIGHT_WriteAPDPReg(AP reg 0x01, 0x80011130)
T26BC 000:361.218 - 0.439ms returns 0
T26BC 000:361.231 JLINK_CORESIGHT_ReadAPDPReg(AP reg 0x03)
T26BC 000:361.705   Value=0x000000C6
T26BC 000:361.717 - 0.486ms returns 0
T26BC 000:361.732 JLINK_CORESIGHT_WriteAPDPReg(AP reg 0x00, 0x80000002)
T26BC 000:362.175 - 0.443ms returns 0
T26BC 000:362.188 JLINK_CORESIGHT_WriteAPDPReg(AP reg 0x01, 0x80011140)
T26BC 000:362.633 - 0.444ms returns 0
T26BC 000:362.646 JLINK_CORESIGHT_ReadAPDPReg(AP reg 0x03)
T26BC 000:363.145   Value=0x00000002
T26BC 000:363.157 - 0.511ms returns 0
T26BC 000:363.167 JLINK_CORESIGHT_WriteAPDPReg(AP reg 0x00, 0x80000002)
T26BC 000:363.606 - 0.439ms returns 0
T26BC 000:363.622 JLINK_CORESIGHT_WriteAPDPReg(AP reg 0x01, 0x80011120)
T26BC 000:364.040 - 0.418ms returns 0
T26BC 000:364.053 JLINK_CORESIGHT_WriteAPDPReg(AP reg 0x03, 0x3A010001)
T26BC 000:364.576 - 0.523ms returns 0
T26BC 000:364.590 JLINK_CORESIGHT_WriteAPDPReg(AP reg 0x00, 0x80000002)
T26BC 000:365.053 - 0.463ms returns 0
T26BC 000:365.068 JLINK_CORESIGHT_WriteAPDPReg(AP reg 0x01, 0x80011140)
T26BC 000:365.515 - 0.446ms returns 0
T26BC 000:365.529 JLINK_CORESIGHT_ReadAPDPReg(AP reg 0x03)
T26BC 000:366.086   Value=0x00000002
T26BC 000:366.099 - 0.570ms returns 0
T26BC 000:366.109 JLINK_CORESIGHT_WriteAPDPReg(AP reg 0x00, 0x80000002)
T26BC 000:366.559 - 0.449ms returns 0
T26BC 000:366.573 JLINK_CORESIGHT_WriteAPDPReg(AP reg 0x01, 0x80011120)
T26BC 000:367.106 - 0.533ms returns 0
T26BC 000:367.123 JLINK_CORESIGHT_WriteAPDPReg(AP reg 0x03, 0x000003C5)
T26BC 000:367.571 - 0.448ms returns 0
T26BC 000:367.586 JLINK_CORESIGHT_WriteAPDPReg(AP reg 0x00, 0x80000002)
T26BC 000:368.027 - 0.441ms returns 0
T26BC 000:368.040 JLINK_CORESIGHT_WriteAPDPReg(AP reg 0x01, 0x80011140)
T26BC 000:368.503 - 0.463ms returns 0
T26BC 000:368.517 JLINK_CORESIGHT_ReadAPDPReg(AP reg 0x03)
T26BC 000:369.076   Value=0x00000000
T26BC 000:369.089 - 0.571ms returns 0
T26BC 000:369.099 JLINK_CORESIGHT_WriteAPDPReg(AP reg 0x00, 0x80000002)
T26BC 000:369.620 - 0.520ms returns 0
T26BC 000:369.634 JLINK_CORESIGHT_WriteAPDPReg(AP reg 0x01, 0x80011130)
T26BC 000:370.063 - 0.428ms returns 0
T26BC 000:370.077 JLINK_CORESIGHT_ReadAPDPReg(AP reg 0x03)
T26BC 000:370.562   Value=0x3A2A0081
T26BC 000:370.578 - 0.500ms returns 0
T26BC 000:370.591 JLINK_CORESIGHT_WriteAPDPReg(AP reg 0x00, 0x80000002)
T26BC 000:371.037 - 0.446ms returns 0
T26BC 000:371.053 JLINK_CORESIGHT_WriteAPDPReg(AP reg 0x01, 0x80011140)
T26BC 000:371.552 - 0.499ms returns 0
T26BC 000:371.567 JLINK_CORESIGHT_ReadAPDPReg(AP reg 0x03)
T26BC 000:372.072   Value=0x00000000
T26BC 000:372.085 - 0.517ms returns 0
T26BC 000:372.094 JLINK_CORESIGHT_WriteAPDPReg(AP reg 0x00, 0x80000002)
T26BC 000:372.580 - 0.485ms returns 0
T26BC 000:372.593 JLINK_CORESIGHT_WriteAPDPReg(AP reg 0x01, 0x80011130)
T26BC 000:373.035 - 0.441ms returns 0
T26BC 000:373.058 JLINK_CORESIGHT_ReadAPDPReg(AP reg 0x03)
T26BC 000:373.527   Value=0x808D5B00
T26BC 000:373.539 - 0.491ms returns 0
T26BC 000:373.549 JLINK_CORESIGHT_WriteAPDPReg(AP reg 0x00, 0x80000002)
T26BC 000:374.040 - 0.490ms returns 0
T26BC 000:374.053 JLINK_CORESIGHT_WriteAPDPReg(AP reg 0x01, 0x80011140)
T26BC 000:374.671 - 0.618ms returns 0
T26BC 000:374.688 JLINK_CORESIGHT_ReadAPDPReg(AP reg 0x03)
T26BC 000:375.220   Value=0x00000000
T26BC 000:375.233 - 0.545ms returns 0
T26BC 000:375.242 JLINK_CORESIGHT_WriteAPDPReg(AP reg 0x00, 0x80000002)
T26BC 000:375.650 - 0.408ms returns 0
T26BC 000:375.663 JLINK_CORESIGHT_WriteAPDPReg(AP reg 0x01, 0x80011130)
T26BC 000:376.034 - 0.370ms returns 0
T26BC 000:376.047 JLINK_CORESIGHT_ReadAPDPReg(AP reg 0x03)
T26BC 000:376.551   Value=0x0306070A
T26BC 000:376.563 - 0.516ms returns 0
T26BC 000:376.572 JLINK_CORESIGHT_WriteAPDPReg(AP reg 0x00, 0x80000002)
T26BC 000:376.950 - 0.377ms returns 0
T26BC 000:376.963 JLINK_CORESIGHT_WriteAPDPReg(AP reg 0x01, 0x80011140)
T26BC 000:377.371 - 0.407ms returns 0
T26BC 000:377.389 JLINK_CORESIGHT_ReadAPDPReg(AP reg 0x03)
T26BC 000:377.812   Value=0x00000000
T26BC 000:377.824 - 0.435ms returns 0
T26BC 000:377.834 JLINK_CORESIGHT_WriteAPDPReg(AP reg 0x00, 0x80000002)
T26BC 000:378.365 - 0.530ms returns 0
T26BC 000:378.382 JLINK_CORESIGHT_WriteAPDPReg(AP reg 0x01, 0x80011130)
T26BC 000:378.788 - 0.406ms returns 0
T26BC 000:378.804 JLINK_CORESIGHT_ReadAPDPReg(AP reg 0x03)
T26BC 000:379.315   Value=0x30545408
T26BC 000:379.329 - 0.525ms returns 0
T26BC 000:379.343 JLINK_CORESIGHT_WriteAPDPReg(AP reg 0x00, 0x80000002)
T26BC 000:379.785 - 0.441ms returns 0
T26BC 000:379.801 JLINK_CORESIGHT_WriteAPDPReg(AP reg 0x01, 0x80011140)
T26BC 000:380.185 - 0.384ms returns 0
T26BC 000:380.201 JLINK_CORESIGHT_ReadAPDPReg(AP reg 0x03)
T26BC 000:380.652   Value=0x00000000
T26BC 000:380.664 - 0.462ms returns 0
T26BC 000:380.676 JLINK_CORESIGHT_WriteAPDPReg(AP reg 0x00, 0x80000002)
T26BC 000:381.137 - 0.460ms returns 0
T26BC 000:381.152 JLINK_CORESIGHT_WriteAPDPReg(AP reg 0x01, 0x80011130)
T26BC 000:381.549 - 0.397ms returns 0
T26BC 000:381.565 JLINK_CORESIGHT_ReadAPDPReg(AP reg 0x03)
T26BC 000:382.074   Value=0x54F572C8
T26BC 000:382.086 - 0.521ms returns 0
T26BC 000:382.098 JLINK_CORESIGHT_WriteAPDPReg(AP reg 0x00, 0x80000002)
T26BC 000:382.539 - 0.441ms returns 0
T26BC 000:382.578 JLINK_CORESIGHT_WriteAPDPReg(AP reg 0x01, 0x80011140)
T26BC 000:383.015 - 0.438ms returns 0
T26BC 000:383.035 JLINK_CORESIGHT_ReadAPDPReg(AP reg 0x03)
T26BC 000:383.529   Value=0x00000000
T26BC 000:383.541 - 0.507ms returns 0
T26BC 000:383.555 JLINK_CORESIGHT_WriteAPDPReg(AP reg 0x00, 0x80000002)
T26BC 000:384.050 - 0.495ms returns 0
T26BC 000:384.066 JLINK_CORESIGHT_WriteAPDPReg(AP reg 0x01, 0x80011130)
T26BC 000:384.505 - 0.438ms returns 0
T26BC 000:384.521 JLINK_CORESIGHT_ReadAPDPReg(AP reg 0x03)
T26BC 000:385.083   Value=0x32355536
T26BC 000:385.095 - 0.573ms returns 0
T26BC 000:385.107 JLINK_CORESIGHT_WriteAPDPReg(AP reg 0x00, 0x80000002)
T26BC 000:385.552 - 0.445ms returns 0
T26BC 000:385.568 JLINK_CORESIGHT_WriteAPDPReg(AP reg 0x01, 0x80011140)
T26BC 000:386.050 - 0.481ms returns 0
T26BC 000:386.066 JLINK_CORESIGHT_ReadAPDPReg(AP reg 0x03)
T26BC 000:386.505   Value=0x00000000
T26BC 000:386.517 - 0.451ms returns 0
T26BC 000:386.530 JLINK_CORESIGHT_WriteAPDPReg(AP reg 0x00, 0x80000002)
T26BC 000:387.037 - 0.506ms returns 0
T26BC 000:387.064 JLINK_CORESIGHT_WriteAPDPReg(AP reg 0x01, 0x80011130)
T26BC 000:387.528 - 0.464ms returns 0
T26BC 000:387.545 JLINK_CORESIGHT_ReadAPDPReg(AP reg 0x03)
T26BC 000:388.086   Value=0x87022D38
T26BC 000:388.098 - 0.553ms returns 0
T26BC 000:388.110 JLINK_CORESIGHT_WriteAPDPReg(AP reg 0x00, 0x80000002)
T26BC 000:388.592 - 0.482ms returns 0
T26BC 000:388.608 JLINK_CORESIGHT_WriteAPDPReg(AP reg 0x01, 0x80011140)
T26BC 000:389.056 - 0.447ms returns 0
T26BC 000:389.072 JLINK_CORESIGHT_ReadAPDPReg(AP reg 0x03)
T26BC 000:389.519   Value=0x00000000
T26BC 000:389.531 - 0.458ms returns 0
T26BC 000:389.543 JLINK_CORESIGHT_WriteAPDPReg(AP reg 0x00, 0x80000002)
T26BC 000:390.039 - 0.495ms returns 0
T26BC 000:390.059 JLINK_CORESIGHT_WriteAPDPReg(AP reg 0x01, 0x80011130)
T26BC 000:390.577 - 0.518ms returns 0
T26BC 000:390.599 JLINK_CORESIGHT_ReadAPDPReg(AP reg 0x03)
T26BC 000:391.077   Value=0x4B375279
T26BC 000:391.091 - 0.492ms returns 0
T26BC 000:391.105 JLINK_CORESIGHT_WriteAPDPReg(AP reg 0x00, 0x80000002)
T26BC 000:391.552 - 0.447ms returns 0
T26BC 000:391.569 JLINK_CORESIGHT_WriteAPDPReg(AP reg 0x01, 0x80011140)
T26BC 000:391.951 - 0.382ms returns 0
T26BC 000:391.968 JLINK_CORESIGHT_ReadAPDPReg(AP reg 0x03)
T26BC 000:392.458   Value=0x00000000
T26BC 000:392.470 - 0.502ms returns 0
T26BC 000:392.483 JLINK_CORESIGHT_WriteAPDPReg(AP reg 0x00, 0x80000002)
T26BC 000:392.950 - 0.466ms returns 0
T26BC 000:392.966 JLINK_CORESIGHT_WriteAPDPReg(AP reg 0x01, 0x80011130)
T26BC 000:393.392 - 0.426ms returns 0
T26BC 000:393.408 JLINK_CORESIGHT_ReadAPDPReg(AP reg 0x03)
T26BC 000:393.913   Value=0x31503841
T26BC 000:393.925 - 0.517ms returns 0
T26BC 000:393.986 JLINK_CORESIGHT_WriteAPDPReg(AP reg 0x00, 0x80000002)
T26BC 000:394.426 - 0.440ms returns 0
T26BC 000:394.442 JLINK_CORESIGHT_WriteAPDPReg(AP reg 0x01, 0x80011140)
T26BC 000:394.821 - 0.379ms returns 0
T26BC 000:394.837 JLINK_CORESIGHT_ReadAPDPReg(AP reg 0x03)
T26BC 000:395.362   Value=0x00000000
T26BC 000:395.375 - 0.537ms returns 0
T26BC 000:395.387 JLINK_CORESIGHT_WriteAPDPReg(AP reg 0x00, 0x80000002)
T26BC 000:395.830 - 0.442ms returns 0
T26BC 000:395.845 JLINK_CORESIGHT_WriteAPDPReg(AP reg 0x01, 0x80011130)
T26BC 000:396.299 - 0.453ms returns 0
T26BC 000:396.316 JLINK_CORESIGHT_ReadAPDPReg(AP reg 0x03)
T26BC 000:396.763   Value=0x434C464B
T26BC 000:396.776 - 0.460ms returns 0
T26BC 000:396.788 JLINK_CORESIGHT_WriteAPDPReg(AP reg 0x00, 0x80000002)
T26BC 000:397.187 - 0.399ms returns 0
T26BC 000:397.203 JLINK_CORESIGHT_WriteAPDPReg(AP reg 0x01, 0x80011140)
T26BC 000:397.654 - 0.451ms returns 0
T26BC 000:397.669 JLINK_CORESIGHT_ReadAPDPReg(AP reg 0x03)
T26BC 000:398.143   Value=0x00000000
T26BC 000:398.155 - 0.485ms returns 0
T26BC 000:398.167 JLINK_CORESIGHT_WriteAPDPReg(AP reg 0x00, 0x80000002)
T26BC 000:398.601 - 0.433ms returns 0
T26BC 000:398.618 JLINK_CORESIGHT_WriteAPDPReg(AP reg 0x01, 0x80011130)
T26BC 000:399.056 - 0.438ms returns 0
T26BC 000:399.072 JLINK_CORESIGHT_ReadAPDPReg(AP reg 0x03)
T26BC 000:399.514   Value=0x20204341
T26BC 000:399.526 - 0.453ms returns 0
T26BC 000:399.538 JLINK_CORESIGHT_WriteAPDPReg(AP reg 0x00, 0x80000002)
T26BC 000:399.944 - 0.406ms returns 0
T26BC 000:399.960 JLINK_CORESIGHT_WriteAPDPReg(AP reg 0x01, 0x80011140)
T26BC 000:400.369 - 0.409ms returns 0
T26BC 000:400.386 JLINK_CORESIGHT_ReadAPDPReg(AP reg 0x03)
T26BC 000:400.826   Value=0x00000000
T26BC 000:400.838 - 0.451ms returns 0
T26BC 000:400.850 JLINK_CORESIGHT_WriteAPDPReg(AP reg 0x00, 0x80000002)
T26BC 000:401.254 - 0.404ms returns 0
T26BC 000:401.270 JLINK_CORESIGHT_WriteAPDPReg(AP reg 0x01, 0x80011130)
T26BC 000:401.745 - 0.474ms returns 0
T26BC 000:401.764 JLINK_CORESIGHT_ReadAPDPReg(AP reg 0x03)
T26BC 000:402.232   Value=0x00038C20
T26BC 000:402.245 - 0.481ms returns 0
T26BC 000:402.344 JLINK_CORESIGHT_WriteAPDPReg(AP reg 0x00, 0x80000002)
T26BC 000:402.758 - 0.414ms returns 0
T26BC 000:402.773 JLINK_CORESIGHT_WriteAPDPReg(AP reg 0x01, 0x80011140)
T26BC 000:403.185 - 0.412ms returns 0
T26BC 000:403.200 JLINK_CORESIGHT_ReadAPDPReg(AP reg 0x03)
T26BC 000:403.701   Value=0x00000002
T26BC 000:403.714 - 0.514ms returns 0
T26BC 000:403.725 JLINK_CORESIGHT_WriteAPDPReg(AP reg 0x00, 0x80000002)
T26BC 000:404.153 - 0.428ms returns 0
T26BC 000:404.166 JLINK_CORESIGHT_WriteAPDPReg(AP reg 0x01, 0x80011120)
T26BC 000:404.564 - 0.397ms returns 0
T26BC 000:404.578 JLINK_CORESIGHT_WriteAPDPReg(AP reg 0x03, 0x39020001)
T26BC 000:405.029 - 0.450ms returns 0
T26BC 000:405.042 JLINK_CORESIGHT_WriteAPDPReg(AP reg 0x00, 0x80000002)
T26BC 000:405.538 - 0.496ms returns 0
T26BC 000:405.553 JLINK_CORESIGHT_WriteAPDPReg(AP reg 0x01, 0x80011140)
T26BC 000:406.038 - 0.485ms returns 0
T26BC 000:406.052 JLINK_CORESIGHT_ReadAPDPReg(AP reg 0x03)
T26BC 000:406.511   Value=0x00000002
T26BC 000:406.525 - 0.473ms returns 0
T26BC 000:406.536 JLINK_CORESIGHT_WriteAPDPReg(AP reg 0x00, 0x80000002)
T26BC 000:406.947 - 0.411ms returns 0
T26BC 000:406.960 JLINK_CORESIGHT_WriteAPDPReg(AP reg 0x01, 0x80011120)
T26BC 000:407.434 - 0.474ms returns 0
T26BC 000:407.448 JLINK_CORESIGHT_WriteAPDPReg(AP reg 0x03, 0x0003B312)
T26BC 000:407.912 - 0.464ms returns 0
T26BC 000:407.926 JLINK_CORESIGHT_WriteAPDPReg(AP reg 0x00, 0x80000002)
T26BC 000:408.413 - 0.486ms returns 0
T26BC 000:408.426 JLINK_CORESIGHT_WriteAPDPReg(AP reg 0x01, 0x80011140)
T26BC 000:408.899 - 0.474ms returns 0
T26BC 000:408.913 JLINK_CORESIGHT_ReadAPDPReg(AP reg 0x03)
T26BC 000:409.405   Value=0x00000000
T26BC 000:409.417 - 0.504ms returns 0
T26BC 000:409.426 JLINK_CORESIGHT_WriteAPDPReg(AP reg 0x00, 0x80000002)
T26BC 000:409.900 - 0.473ms returns 0
T26BC 000:409.913 JLINK_CORESIGHT_WriteAPDPReg(AP reg 0x01, 0x80011130)
T26BC 000:410.335 - 0.422ms returns 0
T26BC 000:410.349 JLINK_CORESIGHT_ReadAPDPReg(AP reg 0x03)
T26BC 000:410.831   Value=0xB90A0081
T26BC 000:410.843 - 0.493ms returns 0
T26BC 000:410.853 JLINK_CORESIGHT_WriteAPDPReg(AP reg 0x00, 0x80000002)
T26BC 000:411.330 - 0.477ms returns 0
T26BC 000:411.355 JLINK_CORESIGHT_WriteAPDPReg(AP reg 0x01, 0x80011140)
T26BC 000:411.732 - 0.377ms returns 0
T26BC 000:411.746 JLINK_CORESIGHT_ReadAPDPReg(AP reg 0x03)
T26BC 000:412.261   Value=0x00000000
T26BC 000:412.273 - 0.527ms returns 0
T26BC 000:412.283 JLINK_CORESIGHT_WriteAPDPReg(AP reg 0x00, 0x80000002)
T26BC 000:412.684 - 0.401ms returns 0
T26BC 000:412.697 JLINK_CORESIGHT_WriteAPDPReg(AP reg 0x01, 0x80011130)
T26BC 000:413.195 - 0.498ms returns 0
T26BC 000:413.208 JLINK_CORESIGHT_ReadAPDPReg(AP reg 0x03)
T26BC 000:413.700   Value=0xFFFFFFC0
T26BC 000:413.712 - 0.504ms returns 0
T26BC 000:413.722 JLINK_CORESIGHT_WriteAPDPReg(AP reg 0x00, 0x80000002)
T26BC 000:414.172 - 0.449ms returns 0
T26BC 000:414.186 JLINK_CORESIGHT_WriteAPDPReg(AP reg 0x01, 0x80011140)
T26BC 000:414.634 - 0.448ms returns 0
T26BC 000:414.650 JLINK_CORESIGHT_ReadAPDPReg(AP reg 0x03)
T26BC 000:415.143   Value=0x00000000
T26BC 000:415.156 - 0.506ms returns 0
T26BC 000:415.167 JLINK_CORESIGHT_WriteAPDPReg(AP reg 0x00, 0x80000002)
T26BC 000:415.619 - 0.452ms returns 0
T26BC 000:415.635 JLINK_CORESIGHT_WriteAPDPReg(AP reg 0x01, 0x80011130)
T26BC 000:416.037 - 0.401ms returns 0
T26BC 000:416.050 JLINK_CORESIGHT_ReadAPDPReg(AP reg 0x03)
T26BC 000:416.554   Value=0xFFFFFFFF
T26BC 000:416.567 - 0.517ms returns 0
T26BC 000:416.577 JLINK_CORESIGHT_WriteAPDPReg(AP reg 0x00, 0x80000002)
T26BC 000:417.030 - 0.452ms returns 0
T26BC 000:417.045 JLINK_CORESIGHT_WriteAPDPReg(AP reg 0x01, 0x80011140)
T26BC 000:417.498 - 0.453ms returns 0
T26BC 000:417.512 JLINK_CORESIGHT_ReadAPDPReg(AP reg 0x03)
T26BC 000:418.074   Value=0x00000000
T26BC 000:418.086 - 0.574ms returns 0
T26BC 000:418.097 JLINK_CORESIGHT_WriteAPDPReg(AP reg 0x00, 0x80000002)
T26BC 000:418.683 - 0.586ms returns 0
T26BC 000:418.698 JLINK_CORESIGHT_WriteAPDPReg(AP reg 0x01, 0x80011130)
T26BC 000:419.154 - 0.455ms returns 0
T26BC 000:419.167 JLINK_CORESIGHT_ReadAPDPReg(AP reg 0x03)
T26BC 000:419.642   Value=0x000385FF
T26BC 000:419.656 - 0.488ms returns 0
T26BC 000:419.742 JLINK_CORESIGHT_WriteAPDPReg(AP reg 0x00, 0x80000002)
T26BC 000:420.201 - 0.459ms returns 0
T26BC 000:420.217 JLINK_CORESIGHT_WriteAPDPReg(AP reg 0x01, 0x80011140)
T26BC 000:420.637 - 0.420ms returns 0
T26BC 000:420.651 JLINK_CORESIGHT_ReadAPDPReg(AP reg 0x03)
T26BC 000:421.141   Value=0x00000002
T26BC 000:421.153 - 0.501ms returns 0
T26BC 000:421.162 JLINK_CORESIGHT_WriteAPDPReg(AP reg 0x00, 0x80000002)
T26BC 000:421.620 - 0.457ms returns 0
T26BC 000:421.633 JLINK_CORESIGHT_WriteAPDPReg(AP reg 0x01, 0x80011120)
T26BC 000:422.099 - 0.465ms returns 0
T26BC 000:422.113 JLINK_CORESIGHT_WriteAPDPReg(AP reg 0x03, 0x2C010001)
T26BC 000:422.582 - 0.469ms returns 0
T26BC 000:422.597 JLINK_CORESIGHT_WriteAPDPReg(AP reg 0x00, 0x80000002)
T26BC 000:423.035 - 0.437ms returns 0
T26BC 000:423.048 JLINK_CORESIGHT_WriteAPDPReg(AP reg 0x01, 0x80011140)
T26BC 000:423.495 - 0.447ms returns 0
T26BC 000:423.510 JLINK_CORESIGHT_ReadAPDPReg(AP reg 0x03)
T26BC 000:423.995   Value=0x00000002
T26BC 000:424.007 - 0.496ms returns 0
T26BC 000:424.017 JLINK_CORESIGHT_WriteAPDPReg(AP reg 0x00, 0x80000002)
T26BC 000:424.451 - 0.433ms returns 0
T26BC 000:424.464 JLINK_CORESIGHT_WriteAPDPReg(AP reg 0x01, 0x80011120)
T26BC 000:424.947 - 0.482ms returns 0
T26BC 000:424.961 JLINK_CORESIGHT_WriteAPDPReg(AP reg 0x03, 0x000003D3)
T26BC 000:425.429 - 0.468ms returns 0
T26BC 000:425.444 JLINK_CORESIGHT_WriteAPDPReg(AP reg 0x00, 0x80000002)
T26BC 000:425.914 - 0.470ms returns 0
T26BC 000:425.928 JLINK_CORESIGHT_WriteAPDPReg(AP reg 0x01, 0x80011140)
T26BC 000:426.358 - 0.429ms returns 0
T26BC 000:426.373 JLINK_CORESIGHT_ReadAPDPReg(AP reg 0x03)
T26BC 000:426.902   Value=0x00000000
T26BC 000:426.914 - 0.541ms returns 0
T26BC 000:426.929 JLINK_CORESIGHT_WriteAPDPReg(AP reg 0x00, 0x80000002)
T26BC 000:427.374 - 0.444ms returns 0
T26BC 000:427.388 JLINK_CORESIGHT_WriteAPDPReg(AP reg 0x01, 0x80011130)
T26BC 000:427.899 - 0.511ms returns 0
T26BC 000:427.912 JLINK_CORESIGHT_ReadAPDPReg(AP reg 0x03)
T26BC 000:428.439   Value=0x2C020081
T26BC 000:428.454 - 0.541ms returns 0
T26BC 000:428.467 JLINK_CORESIGHT_WriteAPDPReg(AP reg 0x00, 0x80000002)
T26BC 000:429.016 - 0.548ms returns 0
T26BC 000:429.033 JLINK_CORESIGHT_WriteAPDPReg(AP reg 0x01, 0x80011140)
T26BC 000:429.505 - 0.472ms returns 0
T26BC 000:429.523 JLINK_CORESIGHT_ReadAPDPReg(AP reg 0x03)
T26BC 000:430.009   Value=0x00000000
T26BC 000:430.022 - 0.499ms returns 0
T26BC 000:430.035 JLINK_CORESIGHT_WriteAPDPReg(AP reg 0x00, 0x80000002)
T26BC 000:430.439 - 0.404ms returns 0
T26BC 000:430.456 JLINK_CORESIGHT_WriteAPDPReg(AP reg 0x01, 0x80011130)
T26BC 000:430.904 - 0.448ms returns 0
T26BC 000:430.921 JLINK_CORESIGHT_ReadAPDPReg(AP reg 0x03)
T26BC 000:431.375   Value=0x0003CE04
T26BC 000:431.388 - 0.466ms returns 0
T26BC 000:431.439 JLINK_CORESIGHT_WriteAPDPReg(AP reg 0x00, 0x80000002)
T26BC 000:431.913 - 0.474ms returns 0
T26BC 000:431.926 JLINK_CORESIGHT_WriteAPDPReg(AP reg 0x01, 0x80011140)
T26BC 000:432.329 - 0.402ms returns 0
T26BC 000:432.343 JLINK_CORESIGHT_ReadAPDPReg(AP reg 0x03)
T26BC 000:432.814   Value=0x00000002
T26BC 000:432.826 - 0.483ms returns 0
T26BC 000:432.836 JLINK_CORESIGHT_WriteAPDPReg(AP reg 0x00, 0x80000002)
T26BC 000:433.318 - 0.481ms returns 0
T26BC 000:433.332 JLINK_CORESIGHT_WriteAPDPReg(AP reg 0x01, 0x80011120)
T26BC 000:433.743 - 0.411ms returns 0
T26BC 000:433.756 JLINK_CORESIGHT_WriteAPDPReg(AP reg 0x03, 0x73010001)
T26BC 000:434.181 - 0.424ms returns 0
T26BC 000:434.195 JLINK_CORESIGHT_WriteAPDPReg(AP reg 0x00, 0x80000002)
T26BC 000:434.640 - 0.445ms returns 0
T26BC 000:434.653 JLINK_CORESIGHT_WriteAPDPReg(AP reg 0x01, 0x80011140)
T26BC 000:435.129 - 0.475ms returns 0
T26BC 000:435.142 JLINK_CORESIGHT_ReadAPDPReg(AP reg 0x03)
T26BC 000:435.629   Value=0x00000002
T26BC 000:435.641 - 0.499ms returns 0
T26BC 000:435.662 JLINK_CORESIGHT_WriteAPDPReg(AP reg 0x00, 0x80000002)
T26BC 000:436.079 - 0.417ms returns 0
T26BC 000:436.092 JLINK_CORESIGHT_WriteAPDPReg(AP reg 0x01, 0x80011120)
T26BC 000:436.569 - 0.477ms returns 0
T26BC 000:436.586 JLINK_CORESIGHT_WriteAPDPReg(AP reg 0x03, 0x0000038C)
T26BC 000:437.038 - 0.451ms returns 0
T26BC 000:437.052 JLINK_CORESIGHT_WriteAPDPReg(AP reg 0x00, 0x80000002)
T26BC 000:437.544 - 0.491ms returns 0
T26BC 000:437.560 JLINK_CORESIGHT_WriteAPDPReg(AP reg 0x01, 0x80011140)
T26BC 000:438.089 - 0.528ms returns 0
T26BC 000:438.107 JLINK_CORESIGHT_ReadAPDPReg(AP reg 0x03)
T26BC 000:438.560   Value=0x00000002
T26BC 000:438.574 - 0.467ms returns 0
T26BC 000:438.585 JLINK_CORESIGHT_ReadAPDPReg(AP reg 0x03)
T26BC 000:439.101   Value=0x00000002
T26BC 000:439.114 - 0.529ms returns 0
T26BC 000:439.124 JLINK_CORESIGHT_ReadAPDPReg(AP reg 0x03)
T26BC 000:439.645   Value=0x00000002
T26BC 000:439.658 - 0.534ms returns 0
T26BC 000:439.668 JLINK_CORESIGHT_ReadAPDPReg(AP reg 0x03)
T26BC 000:440.103   Value=0x00000002
T26BC 000:440.115 - 0.447ms returns 0
T26BC 000:440.125 JLINK_CORESIGHT_ReadAPDPReg(AP reg 0x03)
T26BC 000:440.584   Value=0x00000002
T26BC 000:440.596 - 0.471ms returns 0
T26BC 000:440.605 JLINK_CORESIGHT_ReadAPDPReg(AP reg 0x03)
T26BC 000:441.093   Value=0x00000002
T26BC 000:441.105 - 0.499ms returns 0
T26BC 000:441.114 JLINK_CORESIGHT_ReadAPDPReg(AP reg 0x03)
T26BC 000:441.584   Value=0x00000002
T26BC 000:441.614 - 0.499ms returns 0
T26BC 000:441.629 JLINK_CORESIGHT_ReadAPDPReg(AP reg 0x03)
T26BC 000:442.121   Value=0x00000000
T26BC 000:442.133 - 0.505ms returns 0
T26BC 000:442.144 JLINK_CORESIGHT_WriteAPDPReg(AP reg 0x00, 0x80000002)
T26BC 000:442.573 - 0.429ms returns 0
T26BC 000:442.586 JLINK_CORESIGHT_WriteAPDPReg(AP reg 0x01, 0x80011130)
T26BC 000:443.027 - 0.440ms returns 0
T26BC 000:443.040 JLINK_CORESIGHT_ReadAPDPReg(AP reg 0x03)
T26BC 000:443.521   Value=0x73020081
T26BC 000:443.535 - 0.495ms returns 0
T26BC 000:443.545 JLINK_CORESIGHT_WriteAPDPReg(AP reg 0x00, 0x80000002)
T26BC 000:443.953 - 0.408ms returns 0
T26BC 000:443.966 JLINK_CORESIGHT_WriteAPDPReg(AP reg 0x01, 0x80011140)
T26BC 000:444.394 - 0.428ms returns 0
T26BC 000:444.408 JLINK_CORESIGHT_ReadAPDPReg(AP reg 0x03)
T26BC 000:444.904   Value=0x00000000
T26BC 000:444.917 - 0.509ms returns 0
T26BC 000:444.926 JLINK_CORESIGHT_WriteAPDPReg(AP reg 0x00, 0x80000002)
T26BC 000:445.482 - 0.555ms returns 0
T26BC 000:445.497 JLINK_CORESIGHT_WriteAPDPReg(AP reg 0x01, 0x80011130)
T26BC 000:445.912 - 0.415ms returns 0
T26BC 000:445.926 JLINK_CORESIGHT_ReadAPDPReg(AP reg 0x03)
T26BC 000:446.348   Value=0x00038902
T26BC 000:446.361 - 0.435ms returns 0
T26BC 000:446.374 JLINK_CORESIGHT_WriteAPDPReg(AP reg 0x00, 0x80000002)
T26BC 000:446.804 - 0.430ms returns 0
T26BC 000:446.817 JLINK_CORESIGHT_WriteAPDPReg(AP reg 0x01, 0x80011140)
T26BC 000:447.276 - 0.458ms returns 0
T26BC 000:447.329 JLINK_CORESIGHT_ReadAPDPReg(AP reg 0x03)
T26BC 000:447.801   Value=0x00000002
T26BC 000:447.813 - 0.485ms returns 0
T26BC 000:447.823 JLINK_CORESIGHT_WriteAPDPReg(AP reg 0x00, 0x80000002)
T26BC 000:448.275 - 0.451ms returns 0
T26BC 000:448.334 JLINK_CORESIGHT_WriteAPDPReg(AP reg 0x01, 0x80011120)
T26BC 000:448.778 - 0.444ms returns 0
T26BC 000:448.791 JLINK_CORESIGHT_WriteAPDPReg(AP reg 0x03, 0x75010001)
T26BC 000:449.209 - 0.417ms returns 0
T26BC 000:449.222 JLINK_CORESIGHT_WriteAPDPReg(AP reg 0x00, 0x80000002)
T26BC 000:449.641 - 0.419ms returns 0
T26BC 000:449.655 JLINK_CORESIGHT_WriteAPDPReg(AP reg 0x01, 0x80011140)
T26BC 000:450.096 - 0.441ms returns 0
T26BC 000:450.109 JLINK_CORESIGHT_ReadAPDPReg(AP reg 0x03)
T26BC 000:450.603   Value=0x00000002
T26BC 000:450.615 - 0.506ms returns 0
T26BC 000:450.625 JLINK_CORESIGHT_WriteAPDPReg(AP reg 0x00, 0x80000002)
T26BC 000:451.071 - 0.446ms returns 0
T26BC 000:451.084 JLINK_CORESIGHT_WriteAPDPReg(AP reg 0x01, 0x80011120)
T26BC 000:451.553 - 0.469ms returns 0
T26BC 000:451.566 JLINK_CORESIGHT_WriteAPDPReg(AP reg 0x03, 0x0000038A)
T26BC 000:452.035 - 0.468ms returns 0
T26BC 000:452.048 JLINK_CORESIGHT_WriteAPDPReg(AP reg 0x00, 0x80000002)
T26BC 000:452.548 - 0.499ms returns 0
T26BC 000:452.561 JLINK_CORESIGHT_WriteAPDPReg(AP reg 0x01, 0x80011140)
T26BC 000:453.027 - 0.466ms returns 0
T26BC 000:453.040 JLINK_CORESIGHT_ReadAPDPReg(AP reg 0x03)
T26BC 000:453.508   Value=0x00000002
T26BC 000:453.523 - 0.483ms returns 0
T26BC 000:453.533 JLINK_CORESIGHT_ReadAPDPReg(AP reg 0x03)
T26BC 000:454.083   Value=0x00000002
T26BC 000:454.097 - 0.563ms returns 0
T26BC 000:454.107 JLINK_CORESIGHT_ReadAPDPReg(AP reg 0x03)
T26BC 000:454.607   Value=0x00000002
T26BC 000:454.620 - 0.512ms returns 0
T26BC 000:454.629 JLINK_CORESIGHT_ReadAPDPReg(AP reg 0x03)
T26BC 000:455.129   Value=0x00000002
T26BC 000:455.141 - 0.511ms returns 0
T26BC 000:455.150 JLINK_CORESIGHT_ReadAPDPReg(AP reg 0x03)
T26BC 000:455.619   Value=0x00000002
T26BC 000:455.633 - 0.482ms returns 0
T26BC 000:455.643 JLINK_CORESIGHT_ReadAPDPReg(AP reg 0x03)
T26BC 000:456.139   Value=0x00000000
T26BC 000:456.151 - 0.508ms returns 0
T26BC 000:456.162 JLINK_CORESIGHT_WriteAPDPReg(AP reg 0x00, 0x80000002)
T26BC 000:456.585 - 0.423ms returns 0
T26BC 000:456.601 JLINK_CORESIGHT_WriteAPDPReg(AP reg 0x01, 0x80011130)
T26BC 000:457.030 - 0.429ms returns 0
T26BC 000:457.045 JLINK_CORESIGHT_ReadAPDPReg(AP reg 0x03)
T26BC 000:457.472   Value=0x75020081
T26BC 000:457.486 - 0.440ms returns 0
T26BC 000:457.500 JLINK_CORESIGHT_WriteAPDPReg(AP reg 0x00, 0x80000002)
T26BC 000:458.028 - 0.528ms returns 0
T26BC 000:458.046 JLINK_CORESIGHT_WriteAPDPReg(AP reg 0x01, 0x80011140)
T26BC 000:458.505 - 0.459ms returns 0
T26BC 000:458.522 JLINK_CORESIGHT_ReadAPDPReg(AP reg 0x03)
T26BC 000:458.996   Value=0x00000000
T26BC 000:459.009 - 0.486ms returns 0
T26BC 000:459.021 JLINK_CORESIGHT_WriteAPDPReg(AP reg 0x00, 0x80000002)
T26BC 000:459.456 - 0.435ms returns 0
T26BC 000:459.481 JLINK_CORESIGHT_WriteAPDPReg(AP reg 0x01, 0x80011130)
T26BC 000:460.057 - 0.576ms returns 0
T26BC 000:460.075 JLINK_CORESIGHT_ReadAPDPReg(AP reg 0x03)
T26BC 000:460.522   Value=0x00038702
T26BC 000:460.534 - 0.460ms returns 0
T26BC 000:460.587 JLINK_CORESIGHT_WriteAPDPReg(AP reg 0x00, 0x80000002)
T26BC 000:461.035 - 0.448ms returns 0
T26BC 000:461.048 JLINK_CORESIGHT_WriteAPDPReg(AP reg 0x01, 0x80011140)
T26BC 000:461.529 - 0.481ms returns 0
T26BC 000:461.543 JLINK_CORESIGHT_ReadAPDPReg(AP reg 0x03)
T26BC 000:462.094   Value=0x00000002
T26BC 000:462.106 - 0.563ms returns 0
T26BC 000:462.116 JLINK_CORESIGHT_WriteAPDPReg(AP reg 0x00, 0x80000002)
T26BC 000:462.557 - 0.441ms returns 0
T26BC 000:462.570 JLINK_CORESIGHT_WriteAPDPReg(AP reg 0x01, 0x80011120)
T26BC 000:463.033 - 0.462ms returns 0
T26BC 000:463.046 JLINK_CORESIGHT_WriteAPDPReg(AP reg 0x03, 0x4F010001)
T26BC 000:463.542 - 0.495ms returns 0
T26BC 000:463.556 JLINK_CORESIGHT_WriteAPDPReg(AP reg 0x00, 0x80000002)
T26BC 000:464.028 - 0.472ms returns 0
T26BC 000:464.041 JLINK_CORESIGHT_WriteAPDPReg(AP reg 0x01, 0x80011140)
T26BC 000:464.437 - 0.395ms returns 0
T26BC 000:464.450 JLINK_CORESIGHT_ReadAPDPReg(AP reg 0x03)
T26BC 000:464.911   Value=0x00000002
T26BC 000:464.923 - 0.472ms returns 0
T26BC 000:464.932 JLINK_CORESIGHT_WriteAPDPReg(AP reg 0x00, 0x80000002)
T26BC 000:465.382 - 0.449ms returns 0
T26BC 000:465.395 JLINK_CORESIGHT_WriteAPDPReg(AP reg 0x01, 0x80011120)
T26BC 000:465.913 - 0.518ms returns 0
T26BC 000:465.926 JLINK_CORESIGHT_WriteAPDPReg(AP reg 0x03, 0x000003B0)
T26BC 000:466.349 - 0.423ms returns 0
T26BC 000:466.364 JLINK_CORESIGHT_WriteAPDPReg(AP reg 0x00, 0x80000002)
T26BC 000:466.767 - 0.403ms returns 0
T26BC 000:466.781 JLINK_CORESIGHT_WriteAPDPReg(AP reg 0x01, 0x80011140)
T26BC 000:467.184 - 0.403ms returns 0
T26BC 000:467.197 JLINK_CORESIGHT_ReadAPDPReg(AP reg 0x03)
T26BC 000:467.695   Value=0x00000002
T26BC 000:467.707 - 0.509ms returns 0
T26BC 000:467.716 JLINK_CORESIGHT_ReadAPDPReg(AP reg 0x03)
T26BC 000:468.183   Value=0x00000002
T26BC 000:468.195 - 0.478ms returns 0
T26BC 000:468.204 JLINK_CORESIGHT_ReadAPDPReg(AP reg 0x03)
T26BC 000:468.700   Value=0x00000002
T26BC 000:468.712 - 0.508ms returns 0
T26BC 000:468.722 JLINK_CORESIGHT_ReadAPDPReg(AP reg 0x03)
T26BC 000:469.186   Value=0x00000002
T26BC 000:469.198 - 0.476ms returns 0
T26BC 000:469.208 JLINK_CORESIGHT_ReadAPDPReg(AP reg 0x03)
T26BC 000:469.685   Value=0x00000002
T26BC 000:469.699 - 0.491ms returns 0
T26BC 000:469.709 JLINK_CORESIGHT_ReadAPDPReg(AP reg 0x03)
T26BC 000:470.247   Value=0x00000002
T26BC 000:470.260 - 0.550ms returns 0
T26BC 000:470.270 JLINK_CORESIGHT_ReadAPDPReg(AP reg 0x03)
T26BC 000:470.803   Value=0x00000000
T26BC 000:470.819 - 0.549ms returns 0
T26BC 000:470.830 JLINK_CORESIGHT_WriteAPDPReg(AP reg 0x00, 0x80000002)
T26BC 000:471.258 - 0.427ms returns 0
T26BC 000:471.272 JLINK_CORESIGHT_WriteAPDPReg(AP reg 0x01, 0x80011130)
T26BC 000:471.680 - 0.408ms returns 0
T26BC 000:471.693 JLINK_CORESIGHT_ReadAPDPReg(AP reg 0x03)
T26BC 000:472.232   Value=0x4F0B0081
T26BC 000:472.247 - 0.553ms returns 0
T26BC 000:472.257 JLINK_CORESIGHT_WriteAPDPReg(AP reg 0x00, 0x80000002)
T26BC 000:472.712 - 0.455ms returns 0
T26BC 000:472.725 JLINK_CORESIGHT_WriteAPDPReg(AP reg 0x01, 0x80011140)
T26BC 000:473.198 - 0.473ms returns 0
T26BC 000:473.213 JLINK_CORESIGHT_ReadAPDPReg(AP reg 0x03)
T26BC 000:473.686   Value=0x00000000
T26BC 000:473.700 - 0.487ms returns 0
T26BC 000:473.710 JLINK_CORESIGHT_WriteAPDPReg(AP reg 0x00, 0x80000002)
T26BC 000:474.082 - 0.371ms returns 0
T26BC 000:474.095 JLINK_CORESIGHT_WriteAPDPReg(AP reg 0x01, 0x80011130)
T26BC 000:474.529 - 0.433ms returns 0
T26BC 000:474.542 JLINK_CORESIGHT_ReadAPDPReg(AP reg 0x03)
T26BC 000:475.557   Value=0x40000000
T26BC 000:475.569 - 1.028ms returns 0
T26BC 000:475.579 JLINK_CORESIGHT_WriteAPDPReg(AP reg 0x00, 0x80000002)
T26BC 000:476.051 - 0.471ms returns 0
T26BC 000:476.064 JLINK_CORESIGHT_WriteAPDPReg(AP reg 0x01, 0x80011140)
T26BC 000:476.533 - 0.461ms returns 0
T26BC 000:476.561 JLINK_CORESIGHT_ReadAPDPReg(AP reg 0x03)
T26BC 000:477.080   Value=0x00000000
T26BC 000:477.094 - 0.533ms returns 0
T26BC 000:477.104 JLINK_CORESIGHT_WriteAPDPReg(AP reg 0x00, 0x80000002)
T26BC 000:477.528 - 0.423ms returns 0
T26BC 000:477.542 JLINK_CORESIGHT_WriteAPDPReg(AP reg 0x01, 0x80011130)
T26BC 000:478.058 - 0.516ms returns 0
T26BC 000:478.071 JLINK_CORESIGHT_ReadAPDPReg(AP reg 0x03)
T26BC 000:478.570   Value=0x00000000
T26BC 000:478.582 - 0.511ms returns 0
T26BC 000:478.592 JLINK_CORESIGHT_WriteAPDPReg(AP reg 0x00, 0x80000002)
T26BC 000:479.035 - 0.443ms returns 0
T26BC 000:479.048 JLINK_CORESIGHT_WriteAPDPReg(AP reg 0x01, 0x80011140)
T26BC 000:479.578 - 0.529ms returns 0
T26BC 000:479.592 JLINK_CORESIGHT_ReadAPDPReg(AP reg 0x03)
T26BC 000:480.129   Value=0x00000000
T26BC 000:480.141 - 0.549ms returns 0
T26BC 000:480.151 JLINK_CORESIGHT_WriteAPDPReg(AP reg 0x00, 0x80000002)
T26BC 000:480.550 - 0.398ms returns 0
T26BC 000:480.563 JLINK_CORESIGHT_WriteAPDPReg(AP reg 0x01, 0x80011130)
T26BC 000:481.026 - 0.462ms returns 0
T26BC 000:481.039 JLINK_CORESIGHT_ReadAPDPReg(AP reg 0x03)
T26BC 000:481.509   Value=0x03660000
T26BC 000:481.522 - 0.482ms returns 0
T26BC 000:481.612 JLINK_CORESIGHT_WriteAPDPReg(AP reg 0x00, 0x80000002)
T26BC 000:482.079 - 0.467ms returns 0
T26BC 000:482.093 JLINK_CORESIGHT_WriteAPDPReg(AP reg 0x01, 0x80011140)
T26BC 000:482.561 - 0.468ms returns 0
T26BC 000:482.575 JLINK_CORESIGHT_ReadAPDPReg(AP reg 0x03)
T26BC 000:483.062   Value=0x00000002
T26BC 000:483.074 - 0.499ms returns 0
T26BC 000:483.084 JLINK_CORESIGHT_WriteAPDPReg(AP reg 0x00, 0x80000002)
T26BC 000:483.556 - 0.471ms returns 0
T26BC 000:483.571 JLINK_CORESIGHT_WriteAPDPReg(AP reg 0x01, 0x80011120)
T26BC 000:484.019 - 0.447ms returns 0
T26BC 000:484.033 JLINK_CORESIGHT_WriteAPDPReg(AP reg 0x03, 0x2C010001)
T26BC 000:484.525 - 0.491ms returns 0
T26BC 000:484.540 JLINK_CORESIGHT_WriteAPDPReg(AP reg 0x00, 0x80000002)
T26BC 000:485.055 - 0.514ms returns 0
T26BC 000:485.068 JLINK_CORESIGHT_WriteAPDPReg(AP reg 0x01, 0x80011140)
T26BC 000:485.470 - 0.402ms returns 0
T26BC 000:485.484 JLINK_CORESIGHT_ReadAPDPReg(AP reg 0x03)
T26BC 000:485.988   Value=0x00000002
T26BC 000:486.000 - 0.516ms returns 0
T26BC 000:486.010 JLINK_CORESIGHT_WriteAPDPReg(AP reg 0x00, 0x80000002)
T26BC 000:486.516 - 0.506ms returns 0
T26BC 000:486.550 JLINK_CORESIGHT_WriteAPDPReg(AP reg 0x01, 0x80011120)
T26BC 000:487.013 - 0.463ms returns 0
T26BC 000:487.031 JLINK_CORESIGHT_WriteAPDPReg(AP reg 0x03, 0x000003D3)
T26BC 000:487.449 - 0.418ms returns 0
T26BC 000:487.465 JLINK_CORESIGHT_WriteAPDPReg(AP reg 0x00, 0x80000002)
T26BC 000:487.902 - 0.437ms returns 0
T26BC 000:487.918 JLINK_CORESIGHT_WriteAPDPReg(AP reg 0x01, 0x80011140)
T26BC 000:488.358 - 0.440ms returns 0
T26BC 000:488.376 JLINK_CORESIGHT_ReadAPDPReg(AP reg 0x03)
T26BC 000:488.800   Value=0x00000002
T26BC 000:488.812 - 0.436ms returns 0
T26BC 000:488.825 JLINK_CORESIGHT_ReadAPDPReg(AP reg 0x03)
T26BC 000:489.345   Value=0x00000002
T26BC 000:489.357 - 0.532ms returns 0
T26BC 000:489.370 JLINK_CORESIGHT_ReadAPDPReg(AP reg 0x03)
T26BC 000:489.809   Value=0x00000002
T26BC 000:489.821 - 0.451ms returns 0
T26BC 000:489.834 JLINK_CORESIGHT_ReadAPDPReg(AP reg 0x03)
T26BC 000:490.347   Value=0x00000002
T26BC 000:490.361 - 0.527ms returns 0
T26BC 000:490.373 JLINK_CORESIGHT_ReadAPDPReg(AP reg 0x03)
T26BC 000:490.823   Value=0x00000002
T26BC 000:490.836 - 0.463ms returns 0
T26BC 000:490.849 JLINK_CORESIGHT_ReadAPDPReg(AP reg 0x03)
T26BC 000:491.353   Value=0x00000000
T26BC 000:491.365 - 0.515ms returns 0
T26BC 000:491.378 JLINK_CORESIGHT_WriteAPDPReg(AP reg 0x00, 0x80000002)
T26BC 000:491.777 - 0.399ms returns 0
T26BC 000:491.794 JLINK_CORESIGHT_WriteAPDPReg(AP reg 0x01, 0x80011130)
T26BC 000:492.323 - 0.528ms returns 0
T26BC 000:492.351 JLINK_CORESIGHT_ReadAPDPReg(AP reg 0x03)
T26BC 000:492.800   Value=0x2C020081
T26BC 000:492.812 - 0.461ms returns 0
T26BC 000:492.824 JLINK_CORESIGHT_WriteAPDPReg(AP reg 0x00, 0x80000002)
T26BC 000:493.304 - 0.479ms returns 0
T26BC 000:493.321 JLINK_CORESIGHT_WriteAPDPReg(AP reg 0x01, 0x80011140)
T26BC 000:493.765 - 0.444ms returns 0
T26BC 000:493.782 JLINK_CORESIGHT_ReadAPDPReg(AP reg 0x03)
T26BC 000:494.224   Value=0x00000000
T26BC 000:494.236 - 0.454ms returns 0
T26BC 000:494.249 JLINK_CORESIGHT_WriteAPDPReg(AP reg 0x00, 0x80000002)
T26BC 000:494.652 - 0.403ms returns 0
T26BC 000:494.668 JLINK_CORESIGHT_WriteAPDPReg(AP reg 0x01, 0x80011130)
T26BC 000:495.184 - 0.515ms returns 0
T26BC 000:495.199 JLINK_CORESIGHT_ReadAPDPReg(AP reg 0x03)
T26BC 000:495.652   Value=0x0003CE04
T26BC 000:495.664 - 0.464ms returns 0
T26BC 000:495.718 JLINK_CORESIGHT_WriteAPDPReg(AP reg 0x00, 0x80000002)
T26BC 000:496.118 - 0.400ms returns 0
T26BC 000:496.131 JLINK_CORESIGHT_WriteAPDPReg(AP reg 0x01, 0x80011140)
T26BC 000:496.578 - 0.447ms returns 0
T26BC 000:496.591 JLINK_CORESIGHT_ReadAPDPReg(AP reg 0x03)
T26BC 000:497.104   Value=0x00000002
T26BC 000:497.116 - 0.524ms returns 0
T26BC 000:497.126 JLINK_CORESIGHT_WriteAPDPReg(AP reg 0x00, 0x80000002)
T26BC 000:497.507 - 0.381ms returns 0
T26BC 000:497.523 JLINK_CORESIGHT_WriteAPDPReg(AP reg 0x01, 0x80011120)
T26BC 000:497.957 - 0.434ms returns 0
T26BC 000:497.971 JLINK_CORESIGHT_WriteAPDPReg(AP reg 0x03, 0x73010001)
T26BC 000:498.371 - 0.399ms returns 0
T26BC 000:498.384 JLINK_CORESIGHT_WriteAPDPReg(AP reg 0x00, 0x80000002)
T26BC 000:498.829 - 0.445ms returns 0
T26BC 000:498.842 JLINK_CORESIGHT_WriteAPDPReg(AP reg 0x01, 0x80011140)
T26BC 000:499.267 - 0.425ms returns 0
T26BC 000:499.280 JLINK_CORESIGHT_ReadAPDPReg(AP reg 0x03)
T26BC 000:499.767   Value=0x00000002
T26BC 000:499.779 - 0.499ms returns 0
T26BC 000:499.789 JLINK_CORESIGHT_WriteAPDPReg(AP reg 0x00, 0x80000002)
T26BC 000:500.185 - 0.396ms returns 0
T26BC 000:500.199 JLINK_CORESIGHT_WriteAPDPReg(AP reg 0x01, 0x80011120)
T26BC 000:500.619 - 0.420ms returns 0
T26BC 000:500.632 JLINK_CORESIGHT_WriteAPDPReg(AP reg 0x03, 0x0000038C)
T26BC 000:501.079 - 0.446ms returns 0
T26BC 000:501.092 JLINK_CORESIGHT_WriteAPDPReg(AP reg 0x00, 0x80000002)
T26BC 000:501.580 - 0.488ms returns 0
T26BC 000:501.593 JLINK_CORESIGHT_WriteAPDPReg(AP reg 0x01, 0x80011140)
T26BC 000:502.081 - 0.487ms returns 0
T26BC 000:502.094 JLINK_CORESIGHT_ReadAPDPReg(AP reg 0x03)
T26BC 000:502.628   Value=0x00000002
T26BC 000:502.640 - 0.545ms returns 0
T26BC 000:502.649 JLINK_CORESIGHT_ReadAPDPReg(AP reg 0x03)
T26BC 000:503.119   Value=0x00000002
T26BC 000:503.131 - 0.481ms returns 0
T26BC 000:503.140 JLINK_CORESIGHT_ReadAPDPReg(AP reg 0x03)
T26BC 000:503.581   Value=0x00000002
T26BC 000:503.594 - 0.453ms returns 0
T26BC 000:503.603 JLINK_CORESIGHT_ReadAPDPReg(AP reg 0x03)
T26BC 000:504.105   Value=0x00000002
T26BC 000:504.118 - 0.515ms returns 0
T26BC 000:504.128 JLINK_CORESIGHT_ReadAPDPReg(AP reg 0x03)
T26BC 000:504.600   Value=0x00000002
T26BC 000:504.612 - 0.483ms returns 0
T26BC 000:504.621 JLINK_CORESIGHT_ReadAPDPReg(AP reg 0x03)
T26BC 000:505.098   Value=0x00000002
T26BC 000:505.111 - 0.489ms returns 0
T26BC 000:505.120 JLINK_CORESIGHT_ReadAPDPReg(AP reg 0x03)
T26BC 000:505.559   Value=0x00000002
T26BC 000:505.572 - 0.451ms returns 0
T26BC 000:505.581 JLINK_CORESIGHT_ReadAPDPReg(AP reg 0x03)
T26BC 000:506.095   Value=0x00000000
T26BC 000:506.107 - 0.526ms returns 0
T26BC 000:506.118 JLINK_CORESIGHT_WriteAPDPReg(AP reg 0x00, 0x80000002)
T26BC 000:506.579 - 0.461ms returns 0
T26BC 000:506.592 JLINK_CORESIGHT_WriteAPDPReg(AP reg 0x01, 0x80011130)
T26BC 000:507.085 - 0.492ms returns 0
T26BC 000:507.100 JLINK_CORESIGHT_ReadAPDPReg(AP reg 0x03)
T26BC 000:507.595   Value=0x73020081
T26BC 000:507.608 - 0.507ms returns 0
T26BC 000:507.618 JLINK_CORESIGHT_WriteAPDPReg(AP reg 0x00, 0x80000002)
T26BC 000:508.037 - 0.418ms returns 0
T26BC 000:508.052 JLINK_CORESIGHT_WriteAPDPReg(AP reg 0x01, 0x80011140)
T26BC 000:508.578 - 0.525ms returns 0
T26BC 000:508.594 JLINK_CORESIGHT_ReadAPDPReg(AP reg 0x03)
T26BC 000:509.142   Value=0x00000000
T26BC 000:509.157 - 0.563ms returns 0
T26BC 000:509.178 JLINK_CORESIGHT_WriteAPDPReg(AP reg 0x00, 0x80000002)
T26BC 000:509.581 - 0.403ms returns 0
T26BC 000:509.594 JLINK_CORESIGHT_WriteAPDPReg(AP reg 0x01, 0x80011130)
T26BC 000:510.084 - 0.489ms returns 0
T26BC 000:510.097 JLINK_CORESIGHT_ReadAPDPReg(AP reg 0x03)
T26BC 000:510.610   Value=0x00038902
T26BC 000:510.622 - 0.525ms returns 0
T26BC 000:510.634 JLINK_CORESIGHT_WriteAPDPReg(AP reg 0x00, 0x80000002)
T26BC 000:511.029 - 0.394ms returns 0
T26BC 000:511.044 JLINK_CORESIGHT_WriteAPDPReg(AP reg 0x01, 0x80011140)
T26BC 000:511.497 - 0.453ms returns 0
T26BC 000:511.511 JLINK_CORESIGHT_ReadAPDPReg(AP reg 0x03)
T26BC 000:512.077   Value=0x00000002
T26BC 000:512.089 - 0.578ms returns 0
T26BC 000:512.099 JLINK_CORESIGHT_WriteAPDPReg(AP reg 0x00, 0x80000002)
T26BC 000:512.576 - 0.476ms returns 0
T26BC 000:512.595 JLINK_CORESIGHT_WriteAPDPReg(AP reg 0x01, 0x80011120)
T26BC 000:513.038 - 0.442ms returns 0
T26BC 000:513.053 JLINK_CORESIGHT_WriteAPDPReg(AP reg 0x03, 0x75010001)
T26BC 000:513.529 - 0.476ms returns 0
T26BC 000:513.543 JLINK_CORESIGHT_WriteAPDPReg(AP reg 0x00, 0x80000002)
T26BC 000:514.056 - 0.513ms returns 0
T26BC 000:514.069 JLINK_CORESIGHT_WriteAPDPReg(AP reg 0x01, 0x80011140)
T26BC 000:514.492 - 0.423ms returns 0
T26BC 000:514.506 JLINK_CORESIGHT_ReadAPDPReg(AP reg 0x03)
T26BC 000:515.077   Value=0x00000002
T26BC 000:515.089 - 0.583ms returns 0
T26BC 000:515.099 JLINK_CORESIGHT_WriteAPDPReg(AP reg 0x00, 0x80000002)
T26BC 000:515.572 - 0.472ms returns 0
T26BC 000:515.584 JLINK_CORESIGHT_WriteAPDPReg(AP reg 0x01, 0x80011120)
T26BC 000:516.035 - 0.450ms returns 0
T26BC 000:516.049 JLINK_CORESIGHT_WriteAPDPReg(AP reg 0x03, 0x0000038A)
T26BC 000:516.423 - 0.374ms returns 0
T26BC 000:516.437 JLINK_CORESIGHT_WriteAPDPReg(AP reg 0x00, 0x80000002)
T26BC 000:516.913 - 0.476ms returns 0
T26BC 000:516.926 JLINK_CORESIGHT_WriteAPDPReg(AP reg 0x01, 0x80011140)
T26BC 000:517.378 - 0.452ms returns 0
T26BC 000:517.392 JLINK_CORESIGHT_ReadAPDPReg(AP reg 0x03)
T26BC 000:517.901   Value=0x00000002
T26BC 000:517.913 - 0.520ms returns 0
T26BC 000:517.922 JLINK_CORESIGHT_ReadAPDPReg(AP reg 0x03)
T26BC 000:518.389   Value=0x00000002
T26BC 000:518.401 - 0.479ms returns 0
T26BC 000:518.411 JLINK_CORESIGHT_ReadAPDPReg(AP reg 0x03)
T26BC 000:518.901   Value=0x00000002
T26BC 000:518.913 - 0.502ms returns 0
T26BC 000:518.922 JLINK_CORESIGHT_ReadAPDPReg(AP reg 0x03)
T26BC 000:519.370   Value=0x00000002
T26BC 000:519.384 - 0.462ms returns 0
T26BC 000:519.394 JLINK_CORESIGHT_ReadAPDPReg(AP reg 0x03)
T26BC 000:519.912   Value=0x00000002
T26BC 000:519.925 - 0.530ms returns 0
T26BC 000:519.937 JLINK_CORESIGHT_ReadAPDPReg(AP reg 0x03)
T26BC 000:520.404   Value=0x00000002
T26BC 000:520.417 - 0.480ms returns 0
T26BC 000:520.427 JLINK_CORESIGHT_ReadAPDPReg(AP reg 0x03)
T26BC 000:520.903   Value=0x00000000
T26BC 000:520.916 - 0.489ms returns 0
T26BC 000:520.926 JLINK_CORESIGHT_WriteAPDPReg(AP reg 0x00, 0x80000002)
T26BC 000:521.358 - 0.432ms returns 0
T26BC 000:521.376 JLINK_CORESIGHT_WriteAPDPReg(AP reg 0x01, 0x80011130)
T26BC 000:521.830 - 0.454ms returns 0
T26BC 000:521.847 JLINK_CORESIGHT_ReadAPDPReg(AP reg 0x03)
T26BC 000:522.332   Value=0x75020081
T26BC 000:522.344 - 0.497ms returns 0
T26BC 000:522.357 JLINK_CORESIGHT_WriteAPDPReg(AP reg 0x00, 0x80000002)
T26BC 000:522.755 - 0.398ms returns 0
T26BC 000:522.771 JLINK_CORESIGHT_WriteAPDPReg(AP reg 0x01, 0x80011140)
T26BC 000:523.177 - 0.405ms returns 0
T26BC 000:523.196 JLINK_CORESIGHT_ReadAPDPReg(AP reg 0x03)
T26BC 000:523.692   Value=0x00000000
T26BC 000:523.705 - 0.509ms returns 0
T26BC 000:523.718 JLINK_CORESIGHT_WriteAPDPReg(AP reg 0x00, 0x80000002)
T26BC 000:524.186 - 0.467ms returns 0
T26BC 000:524.203 JLINK_CORESIGHT_WriteAPDPReg(AP reg 0x01, 0x80011130)
T26BC 000:524.643 - 0.439ms returns 0
T26BC 000:524.660 JLINK_CORESIGHT_ReadAPDPReg(AP reg 0x03)
T26BC 000:525.133   Value=0x00038702
T26BC 000:525.145 - 0.485ms returns 0
T26BC 000:525.196 JLINK_CORESIGHT_WriteAPDPReg(AP reg 0x00, 0x80000002)
T26BC 000:525.634 - 0.438ms returns 0
T26BC 000:525.648 JLINK_CORESIGHT_WriteAPDPReg(AP reg 0x01, 0x80011140)
T26BC 000:526.143 - 0.494ms returns 0
T26BC 000:526.157 JLINK_CORESIGHT_ReadAPDPReg(AP reg 0x03)
T26BC 000:526.605   Value=0x00000002
T26BC 000:526.617 - 0.460ms returns 0
T26BC 000:526.627 JLINK_CORESIGHT_WriteAPDPReg(AP reg 0x00, 0x80000002)
T26BC 000:527.098 - 0.470ms returns 0
T26BC 000:527.111 JLINK_CORESIGHT_WriteAPDPReg(AP reg 0x01, 0x80011120)
T26BC 000:527.516 - 0.404ms returns 0
T26BC 000:527.529 JLINK_CORESIGHT_WriteAPDPReg(AP reg 0x03, 0x4E0B0001)
T26BC 000:527.938 - 0.409ms returns 0
T26BC 000:527.951 JLINK_CORESIGHT_WriteAPDPReg(AP reg 0x00, 0x80000002)
T26BC 000:528.428 - 0.477ms returns 0
T26BC 000:528.441 JLINK_CORESIGHT_WriteAPDPReg(AP reg 0x01, 0x80011140)
T26BC 000:528.899 - 0.457ms returns 0
T26BC 000:528.913 JLINK_CORESIGHT_ReadAPDPReg(AP reg 0x03)
T26BC 000:529.412   Value=0x00000002
T26BC 000:529.424 - 0.511ms returns 0
T26BC 000:529.434 JLINK_CORESIGHT_WriteAPDPReg(AP reg 0x00, 0x80000002)
T26BC 000:529.834 - 0.400ms returns 0
T26BC 000:529.847 JLINK_CORESIGHT_WriteAPDPReg(AP reg 0x01, 0x80011120)
T26BC 000:530.288 - 0.441ms returns 0
T26BC 000:530.301 JLINK_CORESIGHT_WriteAPDPReg(AP reg 0x03, 0x60000000)
T26BC 000:530.753 - 0.451ms returns 0
T26BC 000:530.766 JLINK_CORESIGHT_WriteAPDPReg(AP reg 0x00, 0x80000002)
T26BC 000:531.207 - 0.441ms returns 0
T26BC 000:531.220 JLINK_CORESIGHT_WriteAPDPReg(AP reg 0x01, 0x80011140)
T26BC 000:531.663 - 0.442ms returns 0
T26BC 000:531.676 JLINK_CORESIGHT_ReadAPDPReg(AP reg 0x03)
T26BC 000:532.230   Value=0x00000002
T26BC 000:532.242 - 0.566ms returns 0
T26BC 000:532.252 JLINK_CORESIGHT_WriteAPDPReg(AP reg 0x00, 0x80000002)
T26BC 000:532.704 - 0.452ms returns 0
T26BC 000:532.716 JLINK_CORESIGHT_WriteAPDPReg(AP reg 0x01, 0x80011120)
T26BC 000:533.186 - 0.469ms returns 0
T26BC 000:533.199 JLINK_CORESIGHT_WriteAPDPReg(AP reg 0x03, 0x00000000)
T26BC 000:533.638 - 0.438ms returns 0
T26BC 000:533.651 JLINK_CORESIGHT_WriteAPDPReg(AP reg 0x00, 0x80000002)
T26BC 000:534.097 - 0.445ms returns 0
T26BC 000:534.110 JLINK_CORESIGHT_WriteAPDPReg(AP reg 0x01, 0x80011140)
T26BC 000:534.557 - 0.446ms returns 0
T26BC 000:534.570 JLINK_CORESIGHT_ReadAPDPReg(AP reg 0x03)
T26BC 000:535.084   Value=0x00000002
T26BC 000:535.096 - 0.526ms returns 0
T26BC 000:535.106 JLINK_CORESIGHT_WriteAPDPReg(AP reg 0x00, 0x80000002)
T26BC 000:535.549 - 0.443ms returns 0
T26BC 000:535.562 JLINK_CORESIGHT_WriteAPDPReg(AP reg 0x01, 0x80011120)
T26BC 000:536.027 - 0.465ms returns 0
T26BC 000:536.040 JLINK_CORESIGHT_WriteAPDPReg(AP reg 0x03, 0x03470000)
T26BC 000:536.505 - 0.465ms returns 0
T26BC 000:536.519 JLINK_CORESIGHT_WriteAPDPReg(AP reg 0x00, 0x80000002)
T26BC 000:536.960 - 0.440ms returns 0
T26BC 000:536.975 JLINK_CORESIGHT_WriteAPDPReg(AP reg 0x01, 0x80011140)
T26BC 000:537.449 - 0.474ms returns 0
T26BC 000:537.465 JLINK_CORESIGHT_ReadAPDPReg(AP reg 0x03)
T26BC 000:537.993   Value=0x00000002
T26BC 000:538.087 - 0.622ms returns 0
T26BC 000:538.098 JLINK_CORESIGHT_ReadAPDPReg(AP reg 0x03)
T26BC 000:538.706   Value=0x00000002
T26BC 000:538.744 - 0.646ms returns 0
T26BC 000:538.756 JLINK_CORESIGHT_ReadAPDPReg(AP reg 0x03)
T26BC 000:539.278   Value=0x00000002
T26BC 000:539.293 - 0.538ms returns 0
T26BC 000:539.304 JLINK_CORESIGHT_ReadAPDPReg(AP reg 0x03)
T26BC 000:539.733   Value=0x00000002
T26BC 000:539.746 - 0.442ms returns 0
T26BC 000:539.757 JLINK_CORESIGHT_ReadAPDPReg(AP reg 0x03)
T26BC 000:540.232   Value=0x00000002
T26BC 000:540.248 - 0.491ms returns 0
T26BC 000:540.258 JLINK_CORESIGHT_ReadAPDPReg(AP reg 0x03)
T26BC 000:540.815   Value=0x00000002
T26BC 000:540.830 - 0.571ms returns 0
T26BC 000:540.841 JLINK_CORESIGHT_ReadAPDPReg(AP reg 0x03)
T26BC 000:541.281   Value=0x00000002
T26BC 000:541.294 - 0.453ms returns 0
T26BC 000:541.304 JLINK_CORESIGHT_ReadAPDPReg(AP reg 0x03)
T26BC 000:541.754   Value=0x00000002
T26BC 000:541.767 - 0.462ms returns 0
T26BC 000:541.776 JLINK_CORESIGHT_ReadAPDPReg(AP reg 0x03)
T26BC 000:542.228   Value=0x00000002
T26BC 000:542.242 - 0.465ms returns 0
T26BC 000:542.251 JLINK_CORESIGHT_ReadAPDPReg(AP reg 0x03)
T26BC 000:542.741   Value=0x00000002
T26BC 000:542.753 - 0.502ms returns 0
T26BC 000:542.763 JLINK_CORESIGHT_ReadAPDPReg(AP reg 0x03)
T26BC 000:543.278   Value=0x00000002
T26BC 000:543.292 - 0.529ms returns 0
T26BC 000:543.302 JLINK_CORESIGHT_ReadAPDPReg(AP reg 0x03)
T26BC 000:543.790   Value=0x00000002
T26BC 000:543.802 - 0.500ms returns 0
T26BC 000:543.812 JLINK_CORESIGHT_ReadAPDPReg(AP reg 0x03)
T26BC 000:544.263   Value=0x00000002
T26BC 000:544.275 - 0.463ms returns 0
T26BC 000:544.285 JLINK_CORESIGHT_ReadAPDPReg(AP reg 0x03)
T26BC 000:544.822   Value=0x00000002
T26BC 000:544.834 - 0.549ms returns 0
T26BC 000:544.843 JLINK_CORESIGHT_ReadAPDPReg(AP reg 0x03)
T26BC 000:545.311   Value=0x00000002
T26BC 000:545.324 - 0.481ms returns 0
T26BC 000:545.334 JLINK_CORESIGHT_ReadAPDPReg(AP reg 0x03)
T26BC 000:545.913   Value=0x00000002
T26BC 000:545.925 - 0.591ms returns 0
T26BC 000:545.938 JLINK_CORESIGHT_ReadAPDPReg(AP reg 0x03)
T26BC 000:546.411   Value=0x00000002
T26BC 000:546.424 - 0.485ms returns 0
T26BC 000:546.433 JLINK_CORESIGHT_ReadAPDPReg(AP reg 0x03)
T26BC 000:546.946   Value=0x00000002
T26BC 000:546.960 - 0.526ms returns 0
T26BC 000:546.969 JLINK_CORESIGHT_ReadAPDPReg(AP reg 0x03)
T26BC 000:547.411   Value=0x00000002
T26BC 000:547.425 - 0.455ms returns 0
T26BC 000:547.435 JLINK_CORESIGHT_ReadAPDPReg(AP reg 0x03)
T26BC 000:547.991   Value=0x00000000
T26BC 000:548.003 - 0.568ms returns 0
T26BC 000:548.013 JLINK_CORESIGHT_WriteAPDPReg(AP reg 0x00, 0x80000002)
T26BC 000:548.470 - 0.456ms returns 0
T26BC 000:548.483 JLINK_CORESIGHT_WriteAPDPReg(AP reg 0x01, 0x80011130)
T26BC 000:548.965 - 0.482ms returns 0
T26BC 000:548.980 JLINK_CORESIGHT_ReadAPDPReg(AP reg 0x03)
T26BC 000:549.423   Value=0x4E0A0081
T26BC 000:549.435 - 0.455ms returns 0
T26BC 000:549.445 JLINK_CORESIGHT_WriteAPDPReg(AP reg 0x00, 0x80000002)
T26BC 000:549.900 - 0.455ms returns 0
T26BC 000:549.913 JLINK_CORESIGHT_WriteAPDPReg(AP reg 0x01, 0x80011140)
T26BC 000:550.368 - 0.455ms returns 0
T26BC 000:550.382 JLINK_CORESIGHT_ReadAPDPReg(AP reg 0x03)
T26BC 000:550.905   Value=0x00000000
T26BC 000:550.919 - 0.537ms returns 0
T26BC 000:550.930 JLINK_CORESIGHT_WriteAPDPReg(AP reg 0x00, 0x80000002)
T26BC 000:551.406 - 0.475ms returns 0
T26BC 000:551.425 JLINK_CORESIGHT_WriteAPDPReg(AP reg 0x01, 0x80011130)
T26BC 000:551.907 - 0.481ms returns 0
T26BC 000:551.925 JLINK_CORESIGHT_ReadAPDPReg(AP reg 0x03)
T26BC 000:552.451   Value=0xFFFFFF00
T26BC 000:552.465 - 0.540ms returns 0
T26BC 000:552.479 JLINK_CORESIGHT_WriteAPDPReg(AP reg 0x00, 0x80000002)
T26BC 000:553.019 - 0.539ms returns 0
T26BC 000:553.039 JLINK_CORESIGHT_WriteAPDPReg(AP reg 0x01, 0x80011140)
T26BC 000:553.654 - 0.613ms returns 0
T26BC 000:553.690 JLINK_CORESIGHT_ReadAPDPReg(AP reg 0x03)
T26BC 000:554.184   Value=0x00000000
T26BC 000:554.201 - 0.511ms returns 0
T26BC 000:554.216 JLINK_CORESIGHT_WriteAPDPReg(AP reg 0x00, 0x80000002)
T26BC 000:554.692 - 0.475ms returns 0
T26BC 000:554.712 JLINK_CORESIGHT_WriteAPDPReg(AP reg 0x01, 0x80011130)
T26BC 000:555.376 - 0.663ms returns 0
T26BC 000:555.397 JLINK_CORESIGHT_ReadAPDPReg(AP reg 0x03)
T26BC 000:555.919   Value=0xFFFFFFFF
T26BC 000:555.935 - 0.538ms returns 0
T26BC 000:555.993 JLINK_CORESIGHT_WriteAPDPReg(AP reg 0x00, 0x80000002)
T26BC 000:556.393 - 0.399ms returns 0
T26BC 000:556.409 JLINK_CORESIGHT_WriteAPDPReg(AP reg 0x01, 0x80011140)
T26BC 000:556.811 - 0.402ms returns 0
T26BC 000:556.827 JLINK_CORESIGHT_ReadAPDPReg(AP reg 0x03)
T26BC 000:557.848   Value=0x00000000
T26BC 000:557.868 - 1.040ms returns 0
T26BC 000:557.886 JLINK_CORESIGHT_WriteAPDPReg(AP reg 0x00, 0x80000002)
T26BC 000:558.439 - 0.552ms returns 0
T26BC 000:558.461 JLINK_CORESIGHT_WriteAPDPReg(AP reg 0x01, 0x80011130)
T26BC 000:559.058 - 0.597ms returns 0
T26BC 000:559.080 JLINK_CORESIGHT_ReadAPDPReg(AP reg 0x03)
T26BC 000:559.601   Value=0x0003B0FF
T26BC 000:559.616 - 0.536ms returns 0
T26BC 000:559.678 JLINK_CORESIGHT_WriteAPDPReg(AP reg 0x00, 0x80000002)
T26BC 000:560.189 - 0.510ms returns 0
T26BC 000:560.203 JLINK_CORESIGHT_WriteAPDPReg(AP reg 0x01, 0x80011140)
T26BC 000:560.634 - 0.430ms returns 0
T26BC 000:560.654 JLINK_CORESIGHT_ReadAPDPReg(AP reg 0x03)
T26BC 000:561.254   Value=0x00000002
T26BC 000:561.270 - 0.616ms returns 0
T26BC 000:561.282 JLINK_CORESIGHT_WriteAPDPReg(AP reg 0x00, 0x80000002)
T26BC 000:561.748 - 0.465ms returns 0
T26BC 000:561.763 JLINK_CORESIGHT_WriteAPDPReg(AP reg 0x01, 0x80011120)
T26BC 000:562.284 - 0.520ms returns 0
T26BC 000:562.299 JLINK_CORESIGHT_WriteAPDPReg(AP reg 0x03, 0x4F010001)
T26BC 000:562.723 - 0.423ms returns 0
T26BC 000:562.736 JLINK_CORESIGHT_WriteAPDPReg(AP reg 0x00, 0x80000002)
T26BC 000:563.231 - 0.494ms returns 0
T26BC 000:563.245 JLINK_CORESIGHT_WriteAPDPReg(AP reg 0x01, 0x80011140)
T26BC 000:563.630 - 0.385ms returns 0
T26BC 000:563.644 JLINK_CORESIGHT_ReadAPDPReg(AP reg 0x03)
T26BC 000:564.107   Value=0x00000002
T26BC 000:564.121 - 0.477ms returns 0
T26BC 000:564.132 JLINK_CORESIGHT_WriteAPDPReg(AP reg 0x00, 0x80000002)
T26BC 000:564.623 - 0.490ms returns 0
T26BC 000:564.637 JLINK_CORESIGHT_WriteAPDPReg(AP reg 0x01, 0x80011120)
T26BC 000:565.081 - 0.444ms returns 0
T26BC 000:565.095 JLINK_CORESIGHT_WriteAPDPReg(AP reg 0x03, 0x000003B0)
T26BC 000:565.531 - 0.435ms returns 0
T26BC 000:565.547 JLINK_CORESIGHT_WriteAPDPReg(AP reg 0x00, 0x80000002)
T26BC 000:566.032 - 0.485ms returns 0
T26BC 000:566.045 JLINK_CORESIGHT_WriteAPDPReg(AP reg 0x01, 0x80011140)
T26BC 000:566.501 - 0.455ms returns 0
T26BC 000:566.518 JLINK_CORESIGHT_ReadAPDPReg(AP reg 0x03)
T26BC 000:567.094   Value=0x00000002
T26BC 000:567.108 - 0.589ms returns 0
T26BC 000:567.118 JLINK_CORESIGHT_ReadAPDPReg(AP reg 0x03)
T26BC 000:567.599   Value=0x00000002
T26BC 000:567.612 - 0.493ms returns 0
T26BC 000:567.621 JLINK_CORESIGHT_ReadAPDPReg(AP reg 0x03)
T26BC 000:568.140   Value=0x00000002
T26BC 000:568.152 - 0.530ms returns 0
T26BC 000:568.162 JLINK_CORESIGHT_ReadAPDPReg(AP reg 0x03)
T26BC 000:568.660   Value=0x00000002
T26BC 000:568.672 - 0.510ms returns 0
T26BC 000:568.682 JLINK_CORESIGHT_ReadAPDPReg(AP reg 0x03)
T26BC 000:569.224   Value=0x00000000
T26BC 000:569.238 - 0.556ms returns 0
T26BC 000:569.249 JLINK_CORESIGHT_WriteAPDPReg(AP reg 0x00, 0x80000002)
T26BC 000:569.658 - 0.409ms returns 0
T26BC 000:569.672 JLINK_CORESIGHT_WriteAPDPReg(AP reg 0x01, 0x80011130)
T26BC 000:570.168 - 0.495ms returns 0
T26BC 000:570.183 JLINK_CORESIGHT_ReadAPDPReg(AP reg 0x03)
T26BC 000:570.730   Value=0x4F0B0081
T26BC 000:570.753 - 0.569ms returns 0
T26BC 000:570.767 JLINK_CORESIGHT_WriteAPDPReg(AP reg 0x00, 0x80000002)
T26BC 000:571.265 - 0.498ms returns 0
T26BC 000:571.288 JLINK_CORESIGHT_WriteAPDPReg(AP reg 0x01, 0x80011140)
T26BC 000:571.690 - 0.402ms returns 0
T26BC 000:571.708 JLINK_CORESIGHT_ReadAPDPReg(AP reg 0x03)
T26BC 000:572.199   Value=0x00000000
T26BC 000:572.212 - 0.504ms returns 0
T26BC 000:572.223 JLINK_CORESIGHT_WriteAPDPReg(AP reg 0x00, 0x80000002)
T26BC 000:572.698 - 0.475ms returns 0
T26BC 000:572.712 JLINK_CORESIGHT_WriteAPDPReg(AP reg 0x01, 0x80011130)
T26BC 000:573.174 - 0.462ms returns 0
T26BC 000:573.188 JLINK_CORESIGHT_ReadAPDPReg(AP reg 0x03)
T26BC 000:573.651   Value=0x60000000
T26BC 000:573.664 - 0.476ms returns 0
T26BC 000:573.674 JLINK_CORESIGHT_WriteAPDPReg(AP reg 0x00, 0x80000002)
T26BC 000:574.203 - 0.528ms returns 0
T26BC 000:574.217 JLINK_CORESIGHT_WriteAPDPReg(AP reg 0x01, 0x80011140)
T26BC 000:574.661 - 0.444ms returns 0
T26BC 000:574.678 JLINK_CORESIGHT_ReadAPDPReg(AP reg 0x03)
T26BC 000:575.174   Value=0x00000000
T26BC 000:575.187 - 0.508ms returns 0
T26BC 000:575.197 JLINK_CORESIGHT_WriteAPDPReg(AP reg 0x00, 0x80000002)
T26BC 000:575.580 - 0.382ms returns 0
T26BC 000:575.593 JLINK_CORESIGHT_WriteAPDPReg(AP reg 0x01, 0x80011130)
T26BC 000:576.062 - 0.468ms returns 0
T26BC 000:576.077 JLINK_CORESIGHT_ReadAPDPReg(AP reg 0x03)
T26BC 000:576.596   Value=0x00000000
T26BC 000:576.614 - 0.537ms returns 0
T26BC 000:576.624 JLINK_CORESIGHT_WriteAPDPReg(AP reg 0x00, 0x80000002)
T26BC 000:577.031 - 0.408ms returns 0
T26BC 000:577.045 JLINK_CORESIGHT_WriteAPDPReg(AP reg 0x01, 0x80011140)
T26BC 000:577.503 - 0.458ms returns 0
T26BC 000:577.517 JLINK_CORESIGHT_ReadAPDPReg(AP reg 0x03)
T26BC 000:578.079   Value=0x00000000
T26BC 000:578.092 - 0.574ms returns 0
T26BC 000:578.102 JLINK_CORESIGHT_WriteAPDPReg(AP reg 0x00, 0x80000002)
T26BC 000:578.548 - 0.446ms returns 0
T26BC 000:578.561 JLINK_CORESIGHT_WriteAPDPReg(AP reg 0x01, 0x80011130)
T26BC 000:579.029 - 0.468ms returns 0
T26BC 000:579.042 JLINK_CORESIGHT_ReadAPDPReg(AP reg 0x03)
T26BC 000:579.598   Value=0x03460000
T26BC 000:579.611 - 0.568ms returns 0
T26BC 000:579.771 JLINK_CORESIGHT_WriteAPDPReg(AP reg 0x00, 0x80000002)
T26BC 000:580.222 - 0.451ms returns 0
T26BC 000:580.238 JLINK_CORESIGHT_WriteAPDPReg(AP reg 0x01, 0x80011140)
T26BC 000:580.645 - 0.407ms returns 0
T26BC 000:580.658 JLINK_CORESIGHT_ReadAPDPReg(AP reg 0x03)
T26BC 000:581.131   Value=0x00000002
T26BC 000:581.144 - 0.486ms returns 0
T26BC 000:581.155 JLINK_CORESIGHT_WriteAPDPReg(AP reg 0x00, 0x80000002)
T26BC 000:581.669 - 0.514ms returns 0
T26BC 000:581.682 JLINK_CORESIGHT_WriteAPDPReg(AP reg 0x01, 0x80011120)
T26BC 000:582.135 - 0.452ms returns 0
T26BC 000:582.149 JLINK_CORESIGHT_WriteAPDPReg(AP reg 0x03, 0x4F010001)
T26BC 000:582.608 - 0.458ms returns 0
T26BC 000:582.621 JLINK_CORESIGHT_WriteAPDPReg(AP reg 0x00, 0x80000002)
T26BC 000:583.083 - 0.461ms returns 0
T26BC 000:583.097 JLINK_CORESIGHT_WriteAPDPReg(AP reg 0x01, 0x80011140)
T26BC 000:583.537 - 0.440ms returns 0
T26BC 000:583.551 JLINK_CORESIGHT_ReadAPDPReg(AP reg 0x03)
T26BC 000:584.001   Value=0x00000002
T26BC 000:584.013 - 0.461ms returns 0
T26BC 000:584.022 JLINK_CORESIGHT_WriteAPDPReg(AP reg 0x00, 0x80000002)
T26BC 000:584.454 - 0.432ms returns 0
T26BC 000:584.468 JLINK_CORESIGHT_WriteAPDPReg(AP reg 0x01, 0x80011120)
T26BC 000:584.899 - 0.431ms returns 0
T26BC 000:584.913 JLINK_CORESIGHT_WriteAPDPReg(AP reg 0x03, 0x000003B0)
T26BC 000:585.369 - 0.456ms returns 0
T26BC 000:585.387 JLINK_CORESIGHT_WriteAPDPReg(AP reg 0x00, 0x80000002)
T26BC 000:585.811 - 0.423ms returns 0
T26BC 000:585.827 JLINK_CORESIGHT_WriteAPDPReg(AP reg 0x01, 0x80011140)
T26BC 000:586.327 - 0.499ms returns 0
T26BC 000:586.345 JLINK_CORESIGHT_ReadAPDPReg(AP reg 0x03)
T26BC 000:586.944   Value=0x00000002
T26BC 000:586.959 - 0.613ms returns 0
T26BC 000:586.971 JLINK_CORESIGHT_ReadAPDPReg(AP reg 0x03)
T26BC 000:587.481   Value=0x00000000
T26BC 000:587.499 - 0.528ms returns 0
T26BC 000:587.516 JLINK_CORESIGHT_WriteAPDPReg(AP reg 0x00, 0x80000002)
T26BC 000:588.189 - 0.673ms returns 0
T26BC 000:588.211 JLINK_CORESIGHT_WriteAPDPReg(AP reg 0x01, 0x80011130)
T26BC 000:588.644 - 0.433ms returns 0
T26BC 000:588.663 JLINK_CORESIGHT_ReadAPDPReg(AP reg 0x03)
T26BC 000:589.210   Value=0x4F0B0081
T26BC 000:589.226 - 0.562ms returns 0
T26BC 000:589.239 JLINK_CORESIGHT_WriteAPDPReg(AP reg 0x00, 0x80000002)
T26BC 000:589.730 - 0.490ms returns 0
T26BC 000:589.747 JLINK_CORESIGHT_WriteAPDPReg(AP reg 0x01, 0x80011140)
T26BC 000:590.243 - 0.495ms returns 0
T26BC 000:590.261 JLINK_CORESIGHT_ReadAPDPReg(AP reg 0x03)
T26BC 000:590.759   Value=0x00000000
T26BC 000:590.772 - 0.510ms returns 0
T26BC 000:590.785 JLINK_CORESIGHT_WriteAPDPReg(AP reg 0x00, 0x80000002)
T26BC 000:591.320 - 0.535ms returns 0
T26BC 000:591.365 JLINK_CORESIGHT_WriteAPDPReg(AP reg 0x01, 0x80011130)
T26BC 000:591.822 - 0.457ms returns 0
T26BC 000:591.839 JLINK_CORESIGHT_ReadAPDPReg(AP reg 0x03)
T26BC 000:592.309   Value=0x60000000
T26BC 000:592.321 - 0.482ms returns 0
T26BC 000:592.335 JLINK_CORESIGHT_WriteAPDPReg(AP reg 0x00, 0x80000002)
T26BC 000:592.824 - 0.488ms returns 0
T26BC 000:592.840 JLINK_CORESIGHT_WriteAPDPReg(AP reg 0x01, 0x80011140)
T26BC 000:593.269 - 0.429ms returns 0
T26BC 000:593.289 JLINK_CORESIGHT_ReadAPDPReg(AP reg 0x03)
T26BC 000:593.792   Value=0x00000000
T26BC 000:593.804 - 0.515ms returns 0
T26BC 000:593.866 JLINK_CORESIGHT_WriteAPDPReg(AP reg 0x00, 0x80000002)
T26BC 000:594.269 - 0.403ms returns 0
T26BC 000:594.286 JLINK_CORESIGHT_WriteAPDPReg(AP reg 0x01, 0x80011130)
T26BC 000:594.747 - 0.461ms returns 0
T26BC 000:594.762 JLINK_CORESIGHT_ReadAPDPReg(AP reg 0x03)
T26BC 000:595.236   Value=0x00000000
T26BC 000:595.250 - 0.487ms returns 0
T26BC 000:595.263 JLINK_CORESIGHT_WriteAPDPReg(AP reg 0x00, 0x80000002)
T26BC 000:595.653 - 0.390ms returns 0
T26BC 000:595.671 JLINK_CORESIGHT_WriteAPDPReg(AP reg 0x01, 0x80011140)
T26BC 000:596.079 - 0.407ms returns 0
T26BC 000:596.095 JLINK_CORESIGHT_ReadAPDPReg(AP reg 0x03)
T26BC 000:596.594   Value=0x00000000
T26BC 000:596.607 - 0.512ms returns 0
T26BC 000:596.620 JLINK_CORESIGHT_WriteAPDPReg(AP reg 0x00, 0x80000002)
T26BC 000:597.085 - 0.465ms returns 0
T26BC 000:597.101 JLINK_CORESIGHT_WriteAPDPReg(AP reg 0x01, 0x80011130)
T26BC 000:597.550 - 0.448ms returns 0
T26BC 000:597.566 JLINK_CORESIGHT_ReadAPDPReg(AP reg 0x03)
T26BC 000:598.106   Value=0x03460000
T26BC 000:598.118 - 0.552ms returns 0
T26BC 000:598.173 JLINK_CORESIGHT_ReadAPDPReg(DP reg 0x01)
T26BC 000:598.604   Value=0xF0000F40
T26BC 000:598.616 - 0.443ms returns 0
T26BC 000:598.625 JLINK_CORESIGHT_WriteAPDPReg(DP reg 0x01, 0xA0000F40)
T26BC 000:599.074 - 0.448ms returns 0
T26BC 000:599.087 JLINK_CORESIGHT_ReadAPDPReg(DP reg 0x01)
T26BC 000:599.496   Value=0x00000F40
T26BC 000:599.508 - 0.420ms returns 0
T26BC 000:599.517 JLINK_ClrRESET()
T26BC 000:600.269 - 0.751ms 
T26BC 000:702.169 JLINK_Close()
T26BC 000:716.250 - 14.080ms
T26BC 000:716.271   
T26BC 000:716.278   Closed
