T634C 000:000.505   SEGGER J-Link V8.44a Log File
T634C 000:000.643   DLL Compiled: Jun 18 2025 16:28:32
T634C 000:000.650   Logging started @ 2025-08-11 06:45
T634C 000:000.656   Process: C:\Users\20537\.eclipse\com.renesas.platform_2070713661\DebugComp\RA\e2-server-gdb.exe
T634C 000:000.667 - 0.661ms 
T634C 000:000.681 JLINK_GetDLLVersion()
T634C 000:000.689 - 0.007ms returns 84401
T634C 000:002.947 JLINK_OpenEx(...)
T634C 000:011.104   Firmware: J-Link OB-RA4M2-Full compiled Jun 25 2025 17:00:56
T634C 000:012.688   Firmware: J-Link OB-RA4M2-Full compiled Jun 25 2025 17:00:56
T634C 000:025.058   Hardware: V1.00
T634C 000:025.079   S/N: 24060501
T634C 000:025.087   OEM: SEGGER
T634C 000:025.095   Feature(s): GDB, FlashDL, FlashBP, JFlash, RDI
T634C 000:026.184   Bootloader: 2021 May 14
T634C 000:026.989   USB speed mode: Full speed (12 MBit/s)
T634C 000:027.504   TELNET listener socket opened on port 19021
T634C 000:027.656   WEBSRV WEBSRV_Init(): Starting webserver thread(s)
T634C 000:027.807   WEBSRV Webserver running on local port 19080
T634C 000:027.915   Looking for J-Link GUI Server exe at: C:\Users\20537\.eclipse\com.renesas.platform_2070713661\DebugComp\RA\ARM\Segger_v8.44.1\JLinkGUIServer.exe
T634C 000:028.032   Looking for J-Link GUI Server exe at: C:\Program Files\SEGGER\JLink_V798a\JLinkGUIServer.exe
T634C 000:028.074   Forking J-Link GUI Server: C:\Program Files\SEGGER\JLink_V798a\JLinkGUIServer.exe
T634C 000:051.488   J-Link GUI Server info: "J-Link GUI server V7.98a "
T634C 000:060.456 - 57.503ms returns "O.K."
T634C 000:060.550 JLINK_TIF_Select(JLINKARM_TIF_SWD)
T634C 000:061.714 - 1.163ms returns 0x00
T634C 000:061.736 JLINK_ClrRESET()
T634C 000:062.310 - 0.574ms 
T634C 000:113.148 JLINK_SetSpeed(1500)
T634C 000:113.522 - 0.381ms 
T634C 000:113.542 JLINK_CORESIGHT_Configure(PerformTIFInit=0)
T634C 000:114.176 - 0.634ms returns 0
T634C 000:114.199 JLINK_CORESIGHT_ReadAPDPReg(DP reg 0x00)
T634C 000:114.905   Value=0x6BA02477
T634C 000:114.918 - 0.721ms returns 0
T634C 000:114.933 JLINK_CORESIGHT_WriteAPDPReg(DP reg 0x00, 0x0000001F)
T634C 000:115.511 - 0.577ms returns 0
T634C 000:115.528 JLINK_CORESIGHT_ReadAPDPReg(DP reg 0x00)
T634C 000:115.942   Value=0x6BA02477
T634C 000:115.954 - 0.426ms returns 0
T634C 000:115.967 JLINK_CORESIGHT_WriteAPDPReg(DP reg 0x02, 0x00000000)
T634C 000:116.430 - 0.462ms returns 0
T634C 000:116.446 JLINK_CORESIGHT_WriteAPDPReg(DP reg 0x01, 0x50000000)
T634C 000:116.840 - 0.394ms returns 0
T634C 000:116.924 JLINK_CORESIGHT_ReadAPDPReg(DP reg 0x01)
T634C 000:117.382   Value=0xF0000000
T634C 000:117.394 - 0.470ms returns 0
T634C 000:117.404 JLINK_CORESIGHT_WriteAPDPReg(DP reg 0x00, 0x0000001F)
T634C 000:117.817 - 0.412ms returns 0
T634C 000:117.833 JLINK_CORESIGHT_ReadAPDPReg(DP reg 0x00)
T634C 000:118.227   Value=0x6BA02477
T634C 000:118.241 - 0.408ms returns 0
T634C 000:118.251 JLINK_CORESIGHT_WriteAPDPReg(DP reg 0x01, 0x54000000)
T634C 000:118.668 - 0.416ms returns 0
T634C 000:118.681 JLINK_CORESIGHT_WriteAPDPReg(DP reg 0x01, 0x50000F00)
T634C 000:119.071 - 0.389ms returns 0
T634C 000:119.084 JLINK_CORESIGHT_WriteAPDPReg(DP reg 0x02, 0x01000000)
T634C 000:119.455 - 0.370ms returns 0
T634C 000:119.468 JLINK_CORESIGHT_WriteAPDPReg(AP reg 0x00, 0x80000002)
T634C 000:119.832 - 0.363ms returns 0
T634C 000:119.844 JLINK_CORESIGHT_WriteAPDPReg(AP reg 0x01, 0x80011100)
T634C 000:120.235 - 0.390ms returns 0
T634C 000:120.248 JLINK_CORESIGHT_WriteAPDPReg(AP reg 0x03, 0x000000A5)
T634C 000:120.683 - 0.434ms returns 0
T634C 000:120.696 JLINK_CORESIGHT_WriteAPDPReg(AP reg 0x00, 0x80000002)
T634C 000:121.093 - 0.397ms returns 0
T634C 000:121.106 JLINK_CORESIGHT_WriteAPDPReg(AP reg 0x01, 0x80011100)
T634C 000:121.490 - 0.383ms returns 0
T634C 000:121.503 JLINK_CORESIGHT_ReadAPDPReg(AP reg 0x03)
T634C 000:121.934   Value=0x000000A5
T634C 000:121.946 - 0.443ms returns 0
T634C 000:121.955 JLINK_ClrTMS()
T634C 000:122.208 - 0.252ms 
T634C 000:128.106 JLINK_SetTCK()
T634C 000:128.450 - 0.343ms returns 0
T634C 000:134.037 JLINK_SetRESET()
T634C 000:134.443 - 0.406ms 
T634C 000:334.688 JLINK_CORESIGHT_WriteAPDPReg(AP reg 0x00, 0x80000002)
T634C 000:335.191 - 0.503ms returns 0
T634C 000:335.205 JLINK_CORESIGHT_WriteAPDPReg(AP reg 0x01, 0x80011100)
T634C 000:335.627 - 0.421ms returns 0
T634C 000:335.640 JLINK_CORESIGHT_ReadAPDPReg(AP reg 0x03)
T634C 000:336.080   Value=0x00000000
T634C 000:336.096 - 0.455ms returns 0
T634C 000:336.108 JLINK_CORESIGHT_WriteAPDPReg(AP reg 0x00, 0x80000002)
T634C 000:336.477 - 0.369ms returns 0
T634C 000:336.491 JLINK_CORESIGHT_WriteAPDPReg(AP reg 0x01, 0x80011140)
T634C 000:336.924 - 0.433ms returns 0
T634C 000:336.938 JLINK_CORESIGHT_ReadAPDPReg(AP reg 0x03)
T634C 000:337.351   Value=0x00000002
T634C 000:337.363 - 0.425ms returns 0
T634C 000:337.373 JLINK_CORESIGHT_WriteAPDPReg(AP reg 0x00, 0x80000002)
T634C 000:337.741 - 0.368ms returns 0
T634C 000:337.754 JLINK_CORESIGHT_WriteAPDPReg(AP reg 0x01, 0x80011120)
T634C 000:338.116 - 0.361ms returns 0
T634C 000:338.129 JLINK_CORESIGHT_WriteAPDPReg(AP reg 0x03, 0x00000055)
T634C 000:338.563 - 0.433ms returns 0
T634C 000:338.576 JLINK_CORESIGHT_WriteAPDPReg(AP reg 0x00, 0x80000002)
T634C 000:338.966 - 0.390ms returns 0
T634C 000:338.980 JLINK_CORESIGHT_WriteAPDPReg(AP reg 0x01, 0x80011140)
T634C 000:339.351 - 0.371ms returns 0
T634C 000:339.365 JLINK_CORESIGHT_ReadAPDPReg(AP reg 0x03)
T634C 000:339.790   Value=0x00000002
T634C 000:339.802 - 0.437ms returns 0
T634C 000:339.812 JLINK_CORESIGHT_ReadAPDPReg(AP reg 0x03)
T634C 000:340.280   Value=0x00000002
T634C 000:340.292 - 0.480ms returns 0
T634C 000:340.302 JLINK_CORESIGHT_ReadAPDPReg(AP reg 0x03)
T634C 000:340.733   Value=0x00000002
T634C 000:340.746 - 0.444ms returns 0
T634C 000:340.755 JLINK_CORESIGHT_ReadAPDPReg(AP reg 0x03)
T634C 000:341.191   Value=0x00000002
T634C 000:341.204 - 0.448ms returns 0
T634C 000:341.214 JLINK_CORESIGHT_ReadAPDPReg(AP reg 0x03)
T634C 000:341.706   Value=0x00000002
T634C 000:341.720 - 0.505ms returns 0
T634C 000:341.730 JLINK_CORESIGHT_ReadAPDPReg(AP reg 0x03)
T634C 000:342.169   Value=0x00000002
T634C 000:342.182 - 0.452ms returns 0
T634C 000:342.191 JLINK_CORESIGHT_ReadAPDPReg(AP reg 0x03)
T634C 000:342.625   Value=0x00000002
T634C 000:342.637 - 0.446ms returns 0
T634C 000:342.647 JLINK_CORESIGHT_ReadAPDPReg(AP reg 0x03)
T634C 000:343.148   Value=0x00000002
T634C 000:343.160 - 0.513ms returns 0
T634C 000:343.170 JLINK_CORESIGHT_ReadAPDPReg(AP reg 0x03)
T634C 000:343.628   Value=0x00000002
T634C 000:343.640 - 0.470ms returns 0
T634C 000:343.652 JLINK_CORESIGHT_ReadAPDPReg(AP reg 0x03)
T634C 000:344.104   Value=0x00000002
T634C 000:344.116 - 0.466ms returns 0
T634C 000:344.125 JLINK_CORESIGHT_ReadAPDPReg(AP reg 0x03)
T634C 000:344.582   Value=0x00000002
T634C 000:344.594 - 0.468ms returns 0
T634C 000:344.603 JLINK_CORESIGHT_ReadAPDPReg(AP reg 0x03)
T634C 000:345.067   Value=0x00000002
T634C 000:345.079 - 0.475ms returns 0
T634C 000:345.088 JLINK_CORESIGHT_ReadAPDPReg(AP reg 0x03)
T634C 000:345.587   Value=0x00000002
T634C 000:345.599 - 0.510ms returns 0
T634C 000:345.608 JLINK_CORESIGHT_ReadAPDPReg(AP reg 0x03)
T634C 000:346.066   Value=0x00000002
T634C 000:346.078 - 0.470ms returns 0
T634C 000:346.091 JLINK_CORESIGHT_ReadAPDPReg(AP reg 0x03)
T634C 000:346.586   Value=0x00000002
T634C 000:346.598 - 0.506ms returns 0
T634C 000:346.610 JLINK_CORESIGHT_ReadAPDPReg(AP reg 0x03)
T634C 000:347.043   Value=0x00000002
T634C 000:347.055 - 0.445ms returns 0
T634C 000:347.067 JLINK_CORESIGHT_ReadAPDPReg(AP reg 0x03)
T634C 000:347.501   Value=0x00000002
T634C 000:347.513 - 0.445ms returns 0
T634C 000:347.525 JLINK_CORESIGHT_ReadAPDPReg(AP reg 0x03)
T634C 000:347.957   Value=0x00000002
T634C 000:347.969 - 0.443ms returns 0
T634C 000:347.981 JLINK_CORESIGHT_ReadAPDPReg(AP reg 0x03)
T634C 000:348.440   Value=0x00000002
T634C 000:348.452 - 0.471ms returns 0
T634C 000:348.465 JLINK_CORESIGHT_ReadAPDPReg(AP reg 0x03)
T634C 000:348.985   Value=0x00000002
T634C 000:348.997 - 0.532ms returns 0
T634C 000:349.010 JLINK_CORESIGHT_ReadAPDPReg(AP reg 0x03)
T634C 000:349.457   Value=0x00000002
T634C 000:349.471 - 0.462ms returns 0
T634C 000:349.484 JLINK_CORESIGHT_ReadAPDPReg(AP reg 0x03)
T634C 000:349.993   Value=0x00000002
T634C 000:350.005 - 0.521ms returns 0
T634C 000:350.018 JLINK_CORESIGHT_ReadAPDPReg(AP reg 0x03)
T634C 000:350.481   Value=0x00000000
T634C 000:350.493 - 0.475ms returns 0
T634C 000:350.506 JLINK_CORESIGHT_WriteAPDPReg(AP reg 0x00, 0x80000002)
T634C 000:350.901 - 0.394ms returns 0
T634C 000:350.917 JLINK_CORESIGHT_WriteAPDPReg(AP reg 0x01, 0x80011130)
T634C 000:351.309 - 0.392ms returns 0
T634C 000:351.325 JLINK_CORESIGHT_ReadAPDPReg(AP reg 0x03)
T634C 000:351.804   Value=0x000000C6
T634C 000:351.816 - 0.491ms returns 0
T634C 000:351.893 JLINK_CORESIGHT_WriteAPDPReg(AP reg 0x00, 0x80000002)
T634C 000:352.311 - 0.418ms returns 0
T634C 000:352.324 JLINK_CORESIGHT_WriteAPDPReg(AP reg 0x01, 0x80011140)
T634C 000:352.715 - 0.390ms returns 0
T634C 000:352.731 JLINK_CORESIGHT_ReadAPDPReg(AP reg 0x03)
T634C 000:353.147   Value=0x00000002
T634C 000:353.160 - 0.428ms returns 0
T634C 000:353.169 JLINK_CORESIGHT_WriteAPDPReg(AP reg 0x00, 0x80000002)
T634C 000:353.559 - 0.389ms returns 0
T634C 000:353.572 JLINK_CORESIGHT_WriteAPDPReg(AP reg 0x01, 0x80011120)
T634C 000:353.939 - 0.367ms returns 0
T634C 000:353.952 JLINK_CORESIGHT_WriteAPDPReg(AP reg 0x03, 0x3A010001)
T634C 000:354.338 - 0.386ms returns 0
T634C 000:354.351 JLINK_CORESIGHT_WriteAPDPReg(AP reg 0x00, 0x80000002)
T634C 000:354.736 - 0.384ms returns 0
T634C 000:354.749 JLINK_CORESIGHT_WriteAPDPReg(AP reg 0x01, 0x80011140)
T634C 000:355.135 - 0.386ms returns 0
T634C 000:355.148 JLINK_CORESIGHT_ReadAPDPReg(AP reg 0x03)
T634C 000:355.560   Value=0x00000002
T634C 000:355.572 - 0.423ms returns 0
T634C 000:355.581 JLINK_CORESIGHT_WriteAPDPReg(AP reg 0x00, 0x80000002)
T634C 000:355.977 - 0.396ms returns 0
T634C 000:355.990 JLINK_CORESIGHT_WriteAPDPReg(AP reg 0x01, 0x80011120)
T634C 000:356.354 - 0.364ms returns 0
T634C 000:356.367 JLINK_CORESIGHT_WriteAPDPReg(AP reg 0x03, 0x000003C5)
T634C 000:356.737 - 0.369ms returns 0
T634C 000:356.750 JLINK_CORESIGHT_WriteAPDPReg(AP reg 0x00, 0x80000002)
T634C 000:357.134 - 0.384ms returns 0
T634C 000:357.147 JLINK_CORESIGHT_WriteAPDPReg(AP reg 0x01, 0x80011140)
T634C 000:357.559 - 0.412ms returns 0
T634C 000:357.573 JLINK_CORESIGHT_ReadAPDPReg(AP reg 0x03)
T634C 000:358.029   Value=0x00000002
T634C 000:358.042 - 0.469ms returns 0
T634C 000:358.052 JLINK_CORESIGHT_ReadAPDPReg(AP reg 0x03)
T634C 000:358.483   Value=0x00000002
T634C 000:358.495 - 0.443ms returns 0
T634C 000:358.505 JLINK_CORESIGHT_ReadAPDPReg(AP reg 0x03)
T634C 000:358.937   Value=0x00000002
T634C 000:358.949 - 0.444ms returns 0
T634C 000:358.958 JLINK_CORESIGHT_ReadAPDPReg(AP reg 0x03)
T634C 000:359.397   Value=0x00000002
T634C 000:359.409 - 0.450ms returns 0
T634C 000:359.418 JLINK_CORESIGHT_ReadAPDPReg(AP reg 0x03)
T634C 000:359.852   Value=0x00000002
T634C 000:359.864 - 0.445ms returns 0
T634C 000:359.873 JLINK_CORESIGHT_ReadAPDPReg(AP reg 0x03)
T634C 000:360.288   Value=0x00000000
T634C 000:360.300 - 0.426ms returns 0
T634C 000:360.309 JLINK_CORESIGHT_WriteAPDPReg(AP reg 0x00, 0x80000002)
T634C 000:360.705 - 0.395ms returns 0
T634C 000:360.718 JLINK_CORESIGHT_WriteAPDPReg(AP reg 0x01, 0x80011130)
T634C 000:361.081 - 0.362ms returns 0
T634C 000:361.094 JLINK_CORESIGHT_ReadAPDPReg(AP reg 0x03)
T634C 000:361.564   Value=0x3A2A0081
T634C 000:361.576 - 0.482ms returns 0
T634C 000:361.585 JLINK_CORESIGHT_WriteAPDPReg(AP reg 0x00, 0x80000002)
T634C 000:361.955 - 0.369ms returns 0
T634C 000:361.968 JLINK_CORESIGHT_WriteAPDPReg(AP reg 0x01, 0x80011140)
T634C 000:362.354 - 0.386ms returns 0
T634C 000:362.368 JLINK_CORESIGHT_ReadAPDPReg(AP reg 0x03)
T634C 000:362.790   Value=0x00000000
T634C 000:362.802 - 0.434ms returns 0
T634C 000:362.811 JLINK_CORESIGHT_WriteAPDPReg(AP reg 0x00, 0x80000002)
T634C 000:363.184 - 0.373ms returns 0
T634C 000:363.197 JLINK_CORESIGHT_WriteAPDPReg(AP reg 0x01, 0x80011130)
T634C 000:363.590 - 0.392ms returns 0
T634C 000:363.609 JLINK_CORESIGHT_ReadAPDPReg(AP reg 0x03)
T634C 000:364.042   Value=0x808D5B00
T634C 000:364.054 - 0.445ms returns 0
T634C 000:364.064 JLINK_CORESIGHT_WriteAPDPReg(AP reg 0x00, 0x80000002)
T634C 000:364.434 - 0.370ms returns 0
T634C 000:364.447 JLINK_CORESIGHT_WriteAPDPReg(AP reg 0x01, 0x80011140)
T634C 000:364.809 - 0.362ms returns 0
T634C 000:364.822 JLINK_CORESIGHT_ReadAPDPReg(AP reg 0x03)
T634C 000:365.234   Value=0x00000000
T634C 000:365.246 - 0.424ms returns 0
T634C 000:365.256 JLINK_CORESIGHT_WriteAPDPReg(AP reg 0x00, 0x80000002)
T634C 000:365.692 - 0.436ms returns 0
T634C 000:365.718 JLINK_CORESIGHT_WriteAPDPReg(AP reg 0x01, 0x80011130)
T634C 000:366.138 - 0.419ms returns 0
T634C 000:366.151 JLINK_CORESIGHT_ReadAPDPReg(AP reg 0x03)
T634C 000:366.644   Value=0x0306070A
T634C 000:366.681 - 0.530ms returns 0
T634C 000:366.693 JLINK_CORESIGHT_WriteAPDPReg(AP reg 0x00, 0x80000002)
T634C 000:367.059 - 0.366ms returns 0
T634C 000:367.073 JLINK_CORESIGHT_WriteAPDPReg(AP reg 0x01, 0x80011140)
T634C 000:367.464 - 0.391ms returns 0
T634C 000:367.477 JLINK_CORESIGHT_ReadAPDPReg(AP reg 0x03)
T634C 000:367.917   Value=0x00000000
T634C 000:367.929 - 0.451ms returns 0
T634C 000:367.939 JLINK_CORESIGHT_WriteAPDPReg(AP reg 0x00, 0x80000002)
T634C 000:368.310 - 0.371ms returns 0
T634C 000:368.323 JLINK_CORESIGHT_WriteAPDPReg(AP reg 0x01, 0x80011130)
T634C 000:368.735 - 0.411ms returns 0
T634C 000:368.747 JLINK_CORESIGHT_ReadAPDPReg(AP reg 0x03)
T634C 000:369.163   Value=0x30545408
T634C 000:369.175 - 0.428ms returns 0
T634C 000:369.185 JLINK_CORESIGHT_WriteAPDPReg(AP reg 0x00, 0x80000002)
T634C 000:369.559 - 0.374ms returns 0
T634C 000:369.572 JLINK_CORESIGHT_WriteAPDPReg(AP reg 0x01, 0x80011140)
T634C 000:369.962 - 0.390ms returns 0
T634C 000:369.976 JLINK_CORESIGHT_ReadAPDPReg(AP reg 0x03)
T634C 000:370.413   Value=0x00000000
T634C 000:370.425 - 0.449ms returns 0
T634C 000:370.434 JLINK_CORESIGHT_WriteAPDPReg(AP reg 0x00, 0x80000002)
T634C 000:370.788 - 0.354ms returns 0
T634C 000:370.801 JLINK_CORESIGHT_WriteAPDPReg(AP reg 0x01, 0x80011130)
T634C 000:371.235 - 0.433ms returns 0
T634C 000:371.247 JLINK_CORESIGHT_ReadAPDPReg(AP reg 0x03)
T634C 000:371.729   Value=0x540EA7C8
T634C 000:371.741 - 0.494ms returns 0
T634C 000:371.751 JLINK_CORESIGHT_WriteAPDPReg(AP reg 0x00, 0x80000002)
T634C 000:372.136 - 0.385ms returns 0
T634C 000:372.149 JLINK_CORESIGHT_WriteAPDPReg(AP reg 0x01, 0x80011140)
T634C 000:372.559 - 0.409ms returns 0
T634C 000:372.572 JLINK_CORESIGHT_ReadAPDPReg(AP reg 0x03)
T634C 000:372.983   Value=0x00000000
T634C 000:372.995 - 0.423ms returns 0
T634C 000:373.004 JLINK_CORESIGHT_WriteAPDPReg(AP reg 0x00, 0x80000002)
T634C 000:373.368 - 0.363ms returns 0
T634C 000:373.381 JLINK_CORESIGHT_WriteAPDPReg(AP reg 0x01, 0x80011130)
T634C 000:373.780 - 0.399ms returns 0
T634C 000:373.796 JLINK_CORESIGHT_ReadAPDPReg(AP reg 0x03)
T634C 000:374.218   Value=0x32355536
T634C 000:374.231 - 0.434ms returns 0
T634C 000:374.240 JLINK_CORESIGHT_WriteAPDPReg(AP reg 0x00, 0x80000002)
T634C 000:374.690 - 0.449ms returns 0
T634C 000:374.704 JLINK_CORESIGHT_WriteAPDPReg(AP reg 0x01, 0x80011140)
T634C 000:375.083 - 0.378ms returns 0
T634C 000:375.097 JLINK_CORESIGHT_ReadAPDPReg(AP reg 0x03)
T634C 000:375.570   Value=0x00000000
T634C 000:375.582 - 0.484ms returns 0
T634C 000:375.591 JLINK_CORESIGHT_WriteAPDPReg(AP reg 0x00, 0x80000002)
T634C 000:375.976 - 0.384ms returns 0
T634C 000:375.989 JLINK_CORESIGHT_WriteAPDPReg(AP reg 0x01, 0x80011130)
T634C 000:376.353 - 0.364ms returns 0
T634C 000:376.366 JLINK_CORESIGHT_ReadAPDPReg(AP reg 0x03)
T634C 000:376.787   Value=0x7F022D38
T634C 000:376.799 - 0.433ms returns 0
T634C 000:376.809 JLINK_CORESIGHT_WriteAPDPReg(AP reg 0x00, 0x80000002)
T634C 000:377.161 - 0.352ms returns 0
T634C 000:377.175 JLINK_CORESIGHT_WriteAPDPReg(AP reg 0x01, 0x80011140)
T634C 000:377.705 - 0.529ms returns 0
T634C 000:377.723 JLINK_CORESIGHT_ReadAPDPReg(AP reg 0x03)
T634C 000:378.185   Value=0x00000000
T634C 000:378.197 - 0.474ms returns 0
T634C 000:378.258 JLINK_CORESIGHT_WriteAPDPReg(AP reg 0x00, 0x80000002)
T634C 000:378.731 - 0.472ms returns 0
T634C 000:378.748 JLINK_CORESIGHT_WriteAPDPReg(AP reg 0x01, 0x80011130)
T634C 000:379.222 - 0.473ms returns 0
T634C 000:379.241 JLINK_CORESIGHT_ReadAPDPReg(AP reg 0x03)
T634C 000:379.763   Value=0x4B375278
T634C 000:379.776 - 0.536ms returns 0
T634C 000:379.789 JLINK_CORESIGHT_WriteAPDPReg(AP reg 0x00, 0x80000002)
T634C 000:380.208 - 0.419ms returns 0
T634C 000:380.225 JLINK_CORESIGHT_WriteAPDPReg(AP reg 0x01, 0x80011140)
T634C 000:380.615 - 0.389ms returns 0
T634C 000:380.632 JLINK_CORESIGHT_ReadAPDPReg(AP reg 0x03)
T634C 000:381.090   Value=0x00000000
T634C 000:381.102 - 0.470ms returns 0
T634C 000:381.115 JLINK_CORESIGHT_WriteAPDPReg(AP reg 0x00, 0x80000002)
T634C 000:381.502 - 0.387ms returns 0
T634C 000:381.519 JLINK_CORESIGHT_WriteAPDPReg(AP reg 0x01, 0x80011130)
T634C 000:381.956 - 0.437ms returns 0
T634C 000:381.973 JLINK_CORESIGHT_ReadAPDPReg(AP reg 0x03)
T634C 000:382.412   Value=0x31503841
T634C 000:382.425 - 0.451ms returns 0
T634C 000:382.437 JLINK_CORESIGHT_WriteAPDPReg(AP reg 0x00, 0x80000002)
T634C 000:382.808 - 0.371ms returns 0
T634C 000:382.825 JLINK_CORESIGHT_WriteAPDPReg(AP reg 0x01, 0x80011140)
T634C 000:383.212 - 0.386ms returns 0
T634C 000:383.228 JLINK_CORESIGHT_ReadAPDPReg(AP reg 0x03)
T634C 000:383.715   Value=0x00000000
T634C 000:383.727 - 0.499ms returns 0
T634C 000:383.740 JLINK_CORESIGHT_WriteAPDPReg(AP reg 0x00, 0x80000002)
T634C 000:384.125 - 0.385ms returns 0
T634C 000:384.141 JLINK_CORESIGHT_WriteAPDPReg(AP reg 0x01, 0x80011130)
T634C 000:384.559 - 0.417ms returns 0
T634C 000:384.575 JLINK_CORESIGHT_ReadAPDPReg(AP reg 0x03)
T634C 000:385.005   Value=0x434C464B
T634C 000:385.017 - 0.443ms returns 0
T634C 000:385.030 JLINK_CORESIGHT_WriteAPDPReg(AP reg 0x00, 0x80000002)
T634C 000:385.396 - 0.366ms returns 0
T634C 000:385.412 JLINK_CORESIGHT_WriteAPDPReg(AP reg 0x01, 0x80011140)
T634C 000:385.789 - 0.377ms returns 0
T634C 000:385.806 JLINK_CORESIGHT_ReadAPDPReg(AP reg 0x03)
T634C 000:386.235   Value=0x00000000
T634C 000:386.248 - 0.441ms returns 0
T634C 000:386.260 JLINK_CORESIGHT_WriteAPDPReg(AP reg 0x00, 0x80000002)
T634C 000:386.679 - 0.419ms returns 0
T634C 000:386.696 JLINK_CORESIGHT_WriteAPDPReg(AP reg 0x01, 0x80011130)
T634C 000:387.079 - 0.383ms returns 0
T634C 000:387.095 JLINK_CORESIGHT_ReadAPDPReg(AP reg 0x03)
T634C 000:387.570   Value=0x20204341
T634C 000:387.582 - 0.487ms returns 0
T634C 000:387.594 JLINK_CORESIGHT_WriteAPDPReg(AP reg 0x00, 0x80000002)
T634C 000:387.961 - 0.366ms returns 0
T634C 000:387.977 JLINK_CORESIGHT_WriteAPDPReg(AP reg 0x01, 0x80011140)
T634C 000:388.351 - 0.374ms returns 0
T634C 000:388.368 JLINK_CORESIGHT_ReadAPDPReg(AP reg 0x03)
T634C 000:388.790   Value=0x00000000
T634C 000:388.802 - 0.434ms returns 0
T634C 000:388.815 JLINK_CORESIGHT_WriteAPDPReg(AP reg 0x00, 0x80000002)
T634C 000:389.183 - 0.368ms returns 0
T634C 000:389.199 JLINK_CORESIGHT_WriteAPDPReg(AP reg 0x01, 0x80011130)
T634C 000:389.590 - 0.390ms returns 0
T634C 000:389.606 JLINK_CORESIGHT_ReadAPDPReg(AP reg 0x03)
T634C 000:390.042   Value=0x00034720
T634C 000:390.055 - 0.449ms returns 0
T634C 000:390.126 JLINK_CORESIGHT_WriteAPDPReg(AP reg 0x00, 0x80000002)
T634C 000:390.558 - 0.431ms returns 0
T634C 000:390.571 JLINK_CORESIGHT_WriteAPDPReg(AP reg 0x01, 0x80011140)
T634C 000:390.955 - 0.384ms returns 0
T634C 000:390.969 JLINK_CORESIGHT_ReadAPDPReg(AP reg 0x03)
T634C 000:391.381   Value=0x00000002
T634C 000:391.394 - 0.425ms returns 0
T634C 000:391.403 JLINK_CORESIGHT_WriteAPDPReg(AP reg 0x00, 0x80000002)
T634C 000:391.797 - 0.393ms returns 0
T634C 000:391.810 JLINK_CORESIGHT_WriteAPDPReg(AP reg 0x01, 0x80011120)
T634C 000:392.182 - 0.372ms returns 0
T634C 000:392.195 JLINK_CORESIGHT_WriteAPDPReg(AP reg 0x03, 0x39020001)
T634C 000:392.557 - 0.362ms returns 0
T634C 000:392.571 JLINK_CORESIGHT_WriteAPDPReg(AP reg 0x00, 0x80000002)
T634C 000:392.956 - 0.384ms returns 0
T634C 000:392.973 JLINK_CORESIGHT_WriteAPDPReg(AP reg 0x01, 0x80011140)
T634C 000:393.339 - 0.365ms returns 0
T634C 000:393.353 JLINK_CORESIGHT_ReadAPDPReg(AP reg 0x03)
T634C 000:393.774   Value=0x00000002
T634C 000:393.786 - 0.433ms returns 0
T634C 000:393.796 JLINK_CORESIGHT_WriteAPDPReg(AP reg 0x00, 0x80000002)
T634C 000:394.183 - 0.387ms returns 0
T634C 000:394.197 JLINK_CORESIGHT_WriteAPDPReg(AP reg 0x01, 0x80011120)
T634C 000:394.564 - 0.367ms returns 0
T634C 000:394.577 JLINK_CORESIGHT_WriteAPDPReg(AP reg 0x03, 0x0003B312)
T634C 000:394.962 - 0.384ms returns 0
T634C 000:394.975 JLINK_CORESIGHT_WriteAPDPReg(AP reg 0x00, 0x80000002)
T634C 000:395.339 - 0.363ms returns 0
T634C 000:395.352 JLINK_CORESIGHT_WriteAPDPReg(AP reg 0x01, 0x80011140)
T634C 000:395.731 - 0.379ms returns 0
T634C 000:395.745 JLINK_CORESIGHT_ReadAPDPReg(AP reg 0x03)
T634C 000:396.161   Value=0x00000000
T634C 000:396.174 - 0.428ms returns 0
T634C 000:396.183 JLINK_CORESIGHT_WriteAPDPReg(AP reg 0x00, 0x80000002)
T634C 000:396.601 - 0.418ms returns 0
T634C 000:396.614 JLINK_CORESIGHT_WriteAPDPReg(AP reg 0x01, 0x80011130)
T634C 000:396.986 - 0.372ms returns 0
T634C 000:396.999 JLINK_CORESIGHT_ReadAPDPReg(AP reg 0x03)
T634C 000:397.433   Value=0xB90A0081
T634C 000:397.445 - 0.445ms returns 0
T634C 000:397.454 JLINK_CORESIGHT_WriteAPDPReg(AP reg 0x00, 0x80000002)
T634C 000:397.863 - 0.409ms returns 0
T634C 000:397.880 JLINK_CORESIGHT_WriteAPDPReg(AP reg 0x01, 0x80011140)
T634C 000:398.276 - 0.396ms returns 0
T634C 000:398.290 JLINK_CORESIGHT_ReadAPDPReg(AP reg 0x03)
T634C 000:398.728   Value=0x00000000
T634C 000:398.740 - 0.450ms returns 0
T634C 000:398.750 JLINK_CORESIGHT_WriteAPDPReg(AP reg 0x00, 0x80000002)
T634C 000:399.137 - 0.387ms returns 0
T634C 000:399.150 JLINK_CORESIGHT_WriteAPDPReg(AP reg 0x01, 0x80011130)
T634C 000:399.559 - 0.409ms returns 0
T634C 000:399.572 JLINK_CORESIGHT_ReadAPDPReg(AP reg 0x03)
T634C 000:400.050   Value=0xFFFFFFC0
T634C 000:400.062 - 0.489ms returns 0
T634C 000:400.072 JLINK_CORESIGHT_WriteAPDPReg(AP reg 0x00, 0x80000002)
T634C 000:400.456 - 0.384ms returns 0
T634C 000:400.469 JLINK_CORESIGHT_WriteAPDPReg(AP reg 0x01, 0x80011140)
T634C 000:400.859 - 0.389ms returns 0
T634C 000:400.872 JLINK_CORESIGHT_ReadAPDPReg(AP reg 0x03)
T634C 000:401.310   Value=0x00000000
T634C 000:401.322 - 0.450ms returns 0
T634C 000:401.332 JLINK_CORESIGHT_WriteAPDPReg(AP reg 0x00, 0x80000002)
T634C 000:401.730 - 0.397ms returns 0
T634C 000:401.743 JLINK_CORESIGHT_WriteAPDPReg(AP reg 0x01, 0x80011130)
T634C 000:402.091 - 0.348ms returns 0
T634C 000:402.104 JLINK_CORESIGHT_ReadAPDPReg(AP reg 0x03)
T634C 000:402.565   Value=0xFFFFFFFF
T634C 000:402.577 - 0.473ms returns 0
T634C 000:402.587 JLINK_CORESIGHT_WriteAPDPReg(AP reg 0x00, 0x80000002)
T634C 000:403.047 - 0.460ms returns 0
T634C 000:403.060 JLINK_CORESIGHT_WriteAPDPReg(AP reg 0x01, 0x80011140)
T634C 000:403.437 - 0.376ms returns 0
T634C 000:403.450 JLINK_CORESIGHT_ReadAPDPReg(AP reg 0x03)
T634C 000:403.900   Value=0x00000000
T634C 000:403.912 - 0.461ms returns 0
T634C 000:403.921 JLINK_CORESIGHT_WriteAPDPReg(AP reg 0x00, 0x80000002)
T634C 000:404.289 - 0.367ms returns 0
T634C 000:404.302 JLINK_CORESIGHT_WriteAPDPReg(AP reg 0x01, 0x80011130)
T634C 000:404.666 - 0.364ms returns 0
T634C 000:404.679 JLINK_CORESIGHT_ReadAPDPReg(AP reg 0x03)
T634C 000:405.131   Value=0x000385FF
T634C 000:405.143 - 0.464ms returns 0
T634C 000:405.219 JLINK_CORESIGHT_WriteAPDPReg(AP reg 0x00, 0x80000002)
T634C 000:405.611 - 0.392ms returns 0
T634C 000:405.625 JLINK_CORESIGHT_WriteAPDPReg(AP reg 0x01, 0x80011140)
T634C 000:406.011 - 0.386ms returns 0
T634C 000:406.025 JLINK_CORESIGHT_ReadAPDPReg(AP reg 0x03)
T634C 000:406.434   Value=0x00000002
T634C 000:406.446 - 0.421ms returns 0
T634C 000:406.456 JLINK_CORESIGHT_WriteAPDPReg(AP reg 0x00, 0x80000002)
T634C 000:406.830 - 0.374ms returns 0
T634C 000:406.843 JLINK_CORESIGHT_WriteAPDPReg(AP reg 0x01, 0x80011120)
T634C 000:407.257 - 0.413ms returns 0
T634C 000:407.272 JLINK_CORESIGHT_WriteAPDPReg(AP reg 0x03, 0x2C010001)
T634C 000:407.709 - 0.436ms returns 0
T634C 000:407.725 JLINK_CORESIGHT_WriteAPDPReg(AP reg 0x00, 0x80000002)
T634C 000:408.139 - 0.413ms returns 0
T634C 000:408.152 JLINK_CORESIGHT_WriteAPDPReg(AP reg 0x01, 0x80011140)
T634C 000:408.584 - 0.432ms returns 0
T634C 000:408.598 JLINK_CORESIGHT_ReadAPDPReg(AP reg 0x03)
T634C 000:409.008   Value=0x00000002
T634C 000:409.020 - 0.422ms returns 0
T634C 000:409.030 JLINK_CORESIGHT_WriteAPDPReg(AP reg 0x00, 0x80000002)
T634C 000:409.398 - 0.367ms returns 0
T634C 000:409.411 JLINK_CORESIGHT_WriteAPDPReg(AP reg 0x01, 0x80011120)
T634C 000:409.789 - 0.378ms returns 0
T634C 000:409.802 JLINK_CORESIGHT_WriteAPDPReg(AP reg 0x03, 0x000003D3)
T634C 000:410.174 - 0.372ms returns 0
T634C 000:410.188 JLINK_CORESIGHT_WriteAPDPReg(AP reg 0x00, 0x80000002)
T634C 000:410.560 - 0.372ms returns 0
T634C 000:410.573 JLINK_CORESIGHT_WriteAPDPReg(AP reg 0x01, 0x80011140)
T634C 000:410.985 - 0.412ms returns 0
T634C 000:410.999 JLINK_CORESIGHT_ReadAPDPReg(AP reg 0x03)
T634C 000:411.435   Value=0x00000002
T634C 000:411.447 - 0.448ms returns 0
T634C 000:411.456 JLINK_CORESIGHT_ReadAPDPReg(AP reg 0x03)
T634C 000:411.955   Value=0x00000002
T634C 000:411.967 - 0.511ms returns 0
T634C 000:411.977 JLINK_CORESIGHT_ReadAPDPReg(AP reg 0x03)
T634C 000:412.384   Value=0x00000002
T634C 000:412.396 - 0.419ms returns 0
T634C 000:412.405 JLINK_CORESIGHT_ReadAPDPReg(AP reg 0x03)
T634C 000:412.817   Value=0x00000000
T634C 000:412.829 - 0.424ms returns 0
T634C 000:412.838 JLINK_CORESIGHT_WriteAPDPReg(AP reg 0x00, 0x80000002)
T634C 000:413.228 - 0.389ms returns 0
T634C 000:413.241 JLINK_CORESIGHT_WriteAPDPReg(AP reg 0x01, 0x80011130)
T634C 000:413.684 - 0.442ms returns 0
T634C 000:413.707 JLINK_CORESIGHT_ReadAPDPReg(AP reg 0x03)
T634C 000:414.125   Value=0x2C020081
T634C 000:414.137 - 0.430ms returns 0
T634C 000:414.146 JLINK_CORESIGHT_WriteAPDPReg(AP reg 0x00, 0x80000002)
T634C 000:414.558 - 0.411ms returns 0
T634C 000:414.571 JLINK_CORESIGHT_WriteAPDPReg(AP reg 0x01, 0x80011140)
T634C 000:414.963 - 0.392ms returns 0
T634C 000:414.980 JLINK_CORESIGHT_ReadAPDPReg(AP reg 0x03)
T634C 000:415.420   Value=0x00000000
T634C 000:415.432 - 0.451ms returns 0
T634C 000:415.444 JLINK_CORESIGHT_WriteAPDPReg(AP reg 0x00, 0x80000002)
T634C 000:415.875 - 0.431ms returns 0
T634C 000:415.891 JLINK_CORESIGHT_WriteAPDPReg(AP reg 0x01, 0x80011130)
T634C 000:416.319 - 0.427ms returns 0
T634C 000:416.334 JLINK_CORESIGHT_ReadAPDPReg(AP reg 0x03)
T634C 000:416.794   Value=0x0003CE04
T634C 000:416.806 - 0.472ms returns 0
T634C 000:416.823 JLINK_CORESIGHT_WriteAPDPReg(AP reg 0x00, 0x80000002)
T634C 000:417.255 - 0.431ms returns 0
T634C 000:417.270 JLINK_CORESIGHT_WriteAPDPReg(AP reg 0x01, 0x80011140)
T634C 000:417.690 - 0.418ms returns 0
T634C 000:417.710 JLINK_CORESIGHT_ReadAPDPReg(AP reg 0x03)
T634C 000:418.148   Value=0x00000002
T634C 000:418.160 - 0.450ms returns 0
T634C 000:418.173 JLINK_CORESIGHT_WriteAPDPReg(AP reg 0x00, 0x80000002)
T634C 000:418.627 - 0.453ms returns 0
T634C 000:418.643 JLINK_CORESIGHT_WriteAPDPReg(AP reg 0x01, 0x80011120)
T634C 000:419.009 - 0.366ms returns 0
T634C 000:419.025 JLINK_CORESIGHT_WriteAPDPReg(AP reg 0x03, 0x73010001)
T634C 000:419.387 - 0.362ms returns 0
T634C 000:419.403 JLINK_CORESIGHT_WriteAPDPReg(AP reg 0x00, 0x80000002)
T634C 000:419.775 - 0.371ms returns 0
T634C 000:419.791 JLINK_CORESIGHT_WriteAPDPReg(AP reg 0x01, 0x80011140)
T634C 000:420.228 - 0.436ms returns 0
T634C 000:420.244 JLINK_CORESIGHT_ReadAPDPReg(AP reg 0x03)
T634C 000:420.717   Value=0x00000002
T634C 000:420.729 - 0.485ms returns 0
T634C 000:420.741 JLINK_CORESIGHT_WriteAPDPReg(AP reg 0x00, 0x80000002)
T634C 000:421.169 - 0.427ms returns 0
T634C 000:421.185 JLINK_CORESIGHT_WriteAPDPReg(AP reg 0x01, 0x80011120)
T634C 000:421.574 - 0.388ms returns 0
T634C 000:421.589 JLINK_CORESIGHT_WriteAPDPReg(AP reg 0x03, 0x0000038C)
T634C 000:422.022 - 0.432ms returns 0
T634C 000:422.038 JLINK_CORESIGHT_WriteAPDPReg(AP reg 0x00, 0x80000002)
T634C 000:422.435 - 0.397ms returns 0
T634C 000:422.457 JLINK_CORESIGHT_WriteAPDPReg(AP reg 0x01, 0x80011140)
T634C 000:422.854 - 0.397ms returns 0
T634C 000:422.870 JLINK_CORESIGHT_ReadAPDPReg(AP reg 0x03)
T634C 000:423.288   Value=0x00000002
T634C 000:423.300 - 0.430ms returns 0
T634C 000:423.313 JLINK_CORESIGHT_ReadAPDPReg(AP reg 0x03)
T634C 000:423.756   Value=0x00000002
T634C 000:423.771 - 0.458ms returns 0
T634C 000:423.784 JLINK_CORESIGHT_ReadAPDPReg(AP reg 0x03)
T634C 000:424.242   Value=0x00000002
T634C 000:424.255 - 0.470ms returns 0
T634C 000:424.267 JLINK_CORESIGHT_ReadAPDPReg(AP reg 0x03)
T634C 000:424.749   Value=0x00000002
T634C 000:424.763 - 0.495ms returns 0
T634C 000:424.776 JLINK_CORESIGHT_ReadAPDPReg(AP reg 0x03)
T634C 000:425.272   Value=0x00000002
T634C 000:425.285 - 0.509ms returns 0
T634C 000:425.297 JLINK_CORESIGHT_ReadAPDPReg(AP reg 0x03)
T634C 000:425.705   Value=0x00000002
T634C 000:425.720 - 0.422ms returns 0
T634C 000:425.734 JLINK_CORESIGHT_ReadAPDPReg(AP reg 0x03)
T634C 000:426.168   Value=0x00000002
T634C 000:426.181 - 0.447ms returns 0
T634C 000:426.194 JLINK_CORESIGHT_ReadAPDPReg(AP reg 0x03)
T634C 000:426.602   Value=0x00000000
T634C 000:426.614 - 0.420ms returns 0
T634C 000:426.627 JLINK_CORESIGHT_WriteAPDPReg(AP reg 0x00, 0x80000002)
T634C 000:427.021 - 0.394ms returns 0
T634C 000:427.037 JLINK_CORESIGHT_WriteAPDPReg(AP reg 0x01, 0x80011130)
T634C 000:427.381 - 0.343ms returns 0
T634C 000:427.397 JLINK_CORESIGHT_ReadAPDPReg(AP reg 0x03)
T634C 000:427.833   Value=0x73020081
T634C 000:427.846 - 0.448ms returns 0
T634C 000:427.858 JLINK_CORESIGHT_WriteAPDPReg(AP reg 0x00, 0x80000002)
T634C 000:428.251 - 0.392ms returns 0
T634C 000:428.267 JLINK_CORESIGHT_WriteAPDPReg(AP reg 0x01, 0x80011140)
T634C 000:428.689 - 0.421ms returns 0
T634C 000:428.705 JLINK_CORESIGHT_ReadAPDPReg(AP reg 0x03)
T634C 000:429.145   Value=0x00000000
T634C 000:429.157 - 0.451ms returns 0
T634C 000:429.169 JLINK_CORESIGHT_WriteAPDPReg(AP reg 0x00, 0x80000002)
T634C 000:429.560 - 0.390ms returns 0
T634C 000:429.576 JLINK_CORESIGHT_WriteAPDPReg(AP reg 0x01, 0x80011130)
T634C 000:429.966 - 0.390ms returns 0
T634C 000:429.983 JLINK_CORESIGHT_ReadAPDPReg(AP reg 0x03)
T634C 000:430.400   Value=0x00038902
T634C 000:430.412 - 0.429ms returns 0
T634C 000:430.426 JLINK_CORESIGHT_WriteAPDPReg(AP reg 0x00, 0x80000002)
T634C 000:430.831 - 0.405ms returns 0
T634C 000:430.847 JLINK_CORESIGHT_WriteAPDPReg(AP reg 0x01, 0x80011140)
T634C 000:431.238 - 0.390ms returns 0
T634C 000:431.254 JLINK_CORESIGHT_ReadAPDPReg(AP reg 0x03)
T634C 000:431.730   Value=0x00000002
T634C 000:431.742 - 0.488ms returns 0
T634C 000:431.755 JLINK_CORESIGHT_WriteAPDPReg(AP reg 0x00, 0x80000002)
T634C 000:432.116 - 0.361ms returns 0
T634C 000:432.132 JLINK_CORESIGHT_WriteAPDPReg(AP reg 0x01, 0x80011120)
T634C 000:432.566 - 0.433ms returns 0
T634C 000:432.581 JLINK_CORESIGHT_WriteAPDPReg(AP reg 0x03, 0x75010001)
T634C 000:432.977 - 0.396ms returns 0
T634C 000:432.994 JLINK_CORESIGHT_WriteAPDPReg(AP reg 0x00, 0x80000002)
T634C 000:433.383 - 0.389ms returns 0
T634C 000:433.398 JLINK_CORESIGHT_WriteAPDPReg(AP reg 0x01, 0x80011140)
T634C 000:433.762 - 0.363ms returns 0
T634C 000:433.778 JLINK_CORESIGHT_ReadAPDPReg(AP reg 0x03)
T634C 000:434.211   Value=0x00000002
T634C 000:434.223 - 0.445ms returns 0
T634C 000:434.236 JLINK_CORESIGHT_WriteAPDPReg(AP reg 0x00, 0x80000002)
T634C 000:434.671 - 0.435ms returns 0
T634C 000:434.687 JLINK_CORESIGHT_WriteAPDPReg(AP reg 0x01, 0x80011120)
T634C 000:435.081 - 0.394ms returns 0
T634C 000:435.097 JLINK_CORESIGHT_WriteAPDPReg(AP reg 0x03, 0x0000038A)
T634C 000:435.440 - 0.343ms returns 0
T634C 000:435.456 JLINK_CORESIGHT_WriteAPDPReg(AP reg 0x00, 0x80000002)
T634C 000:435.874 - 0.417ms returns 0
T634C 000:435.890 JLINK_CORESIGHT_WriteAPDPReg(AP reg 0x01, 0x80011140)
T634C 000:436.259 - 0.369ms returns 0
T634C 000:436.275 JLINK_CORESIGHT_ReadAPDPReg(AP reg 0x03)
T634C 000:436.753   Value=0x00000002
T634C 000:436.767 - 0.491ms returns 0
T634C 000:436.779 JLINK_CORESIGHT_ReadAPDPReg(AP reg 0x03)
T634C 000:437.270   Value=0x00000002
T634C 000:437.282 - 0.502ms returns 0
T634C 000:437.295 JLINK_CORESIGHT_ReadAPDPReg(AP reg 0x03)
T634C 000:437.730   Value=0x00000002
T634C 000:437.742 - 0.447ms returns 0
T634C 000:437.754 JLINK_CORESIGHT_ReadAPDPReg(AP reg 0x03)
T634C 000:438.187   Value=0x00000002
T634C 000:438.200 - 0.445ms returns 0
T634C 000:438.212 JLINK_CORESIGHT_ReadAPDPReg(AP reg 0x03)
T634C 000:438.644   Value=0x00000002
T634C 000:438.659 - 0.447ms returns 0
T634C 000:438.671 JLINK_CORESIGHT_ReadAPDPReg(AP reg 0x03)
T634C 000:439.102   Value=0x00000002
T634C 000:439.115 - 0.443ms returns 0
T634C 000:439.127 JLINK_CORESIGHT_ReadAPDPReg(AP reg 0x03)
T634C 000:439.557   Value=0x00000002
T634C 000:439.569 - 0.442ms returns 0
T634C 000:439.581 JLINK_CORESIGHT_ReadAPDPReg(AP reg 0x03)
T634C 000:440.019   Value=0x00000002
T634C 000:440.031 - 0.450ms returns 0
T634C 000:440.043 JLINK_CORESIGHT_ReadAPDPReg(AP reg 0x03)
T634C 000:440.483   Value=0x00000000
T634C 000:440.496 - 0.452ms returns 0
T634C 000:440.508 JLINK_CORESIGHT_WriteAPDPReg(AP reg 0x00, 0x80000002)
T634C 000:440.965 - 0.456ms returns 0
T634C 000:440.981 JLINK_CORESIGHT_WriteAPDPReg(AP reg 0x01, 0x80011130)
T634C 000:441.398 - 0.416ms returns 0
T634C 000:441.414 JLINK_CORESIGHT_ReadAPDPReg(AP reg 0x03)
T634C 000:441.879   Value=0x75020081
T634C 000:441.891 - 0.477ms returns 0
T634C 000:441.903 JLINK_CORESIGHT_WriteAPDPReg(AP reg 0x00, 0x80000002)
T634C 000:442.296 - 0.393ms returns 0
T634C 000:442.312 JLINK_CORESIGHT_WriteAPDPReg(AP reg 0x01, 0x80011140)
T634C 000:442.683 - 0.371ms returns 0
T634C 000:442.700 JLINK_CORESIGHT_ReadAPDPReg(AP reg 0x03)
T634C 000:443.155   Value=0x00000000
T634C 000:443.167 - 0.467ms returns 0
T634C 000:443.179 JLINK_CORESIGHT_WriteAPDPReg(AP reg 0x00, 0x80000002)
T634C 000:443.566 - 0.387ms returns 0
T634C 000:443.582 JLINK_CORESIGHT_WriteAPDPReg(AP reg 0x01, 0x80011130)
T634C 000:443.957 - 0.374ms returns 0
T634C 000:443.972 JLINK_CORESIGHT_ReadAPDPReg(AP reg 0x03)
T634C 000:444.403   Value=0x00038702
T634C 000:444.415 - 0.442ms returns 0
T634C 000:444.476 JLINK_CORESIGHT_WriteAPDPReg(AP reg 0x00, 0x80000002)
T634C 000:444.873 - 0.397ms returns 0
T634C 000:444.886 JLINK_CORESIGHT_WriteAPDPReg(AP reg 0x01, 0x80011140)
T634C 000:445.272 - 0.385ms returns 0
T634C 000:445.285 JLINK_CORESIGHT_ReadAPDPReg(AP reg 0x03)
T634C 000:445.733   Value=0x00000002
T634C 000:445.746 - 0.460ms returns 0
T634C 000:445.756 JLINK_CORESIGHT_WriteAPDPReg(AP reg 0x00, 0x80000002)
T634C 000:446.171 - 0.415ms returns 0
T634C 000:446.184 JLINK_CORESIGHT_WriteAPDPReg(AP reg 0x01, 0x80011120)
T634C 000:446.584 - 0.400ms returns 0
T634C 000:446.597 JLINK_CORESIGHT_WriteAPDPReg(AP reg 0x03, 0x4F010001)
T634C 000:446.992 - 0.394ms returns 0
T634C 000:447.008 JLINK_CORESIGHT_WriteAPDPReg(AP reg 0x00, 0x80000002)
T634C 000:447.376 - 0.368ms returns 0
T634C 000:447.390 JLINK_CORESIGHT_WriteAPDPReg(AP reg 0x01, 0x80011140)
T634C 000:447.763 - 0.372ms returns 0
T634C 000:447.777 JLINK_CORESIGHT_ReadAPDPReg(AP reg 0x03)
T634C 000:448.191   Value=0x00000002
T634C 000:448.203 - 0.426ms returns 0
T634C 000:448.213 JLINK_CORESIGHT_WriteAPDPReg(AP reg 0x00, 0x80000002)
T634C 000:448.603 - 0.389ms returns 0
T634C 000:448.616 JLINK_CORESIGHT_WriteAPDPReg(AP reg 0x01, 0x80011120)
T634C 000:448.987 - 0.371ms returns 0
T634C 000:449.000 JLINK_CORESIGHT_WriteAPDPReg(AP reg 0x03, 0x000003B0)
T634C 000:449.365 - 0.364ms returns 0
T634C 000:449.378 JLINK_CORESIGHT_WriteAPDPReg(AP reg 0x00, 0x80000002)
T634C 000:449.768 - 0.390ms returns 0
T634C 000:449.781 JLINK_CORESIGHT_WriteAPDPReg(AP reg 0x01, 0x80011140)
T634C 000:450.148 - 0.367ms returns 0
T634C 000:450.162 JLINK_CORESIGHT_ReadAPDPReg(AP reg 0x03)
T634C 000:450.602   Value=0x00000002
T634C 000:450.615 - 0.453ms returns 0
T634C 000:450.625 JLINK_CORESIGHT_ReadAPDPReg(AP reg 0x03)
T634C 000:451.039   Value=0x00000002
T634C 000:451.053 - 0.428ms returns 0
T634C 000:451.063 JLINK_CORESIGHT_ReadAPDPReg(AP reg 0x03)
T634C 000:451.563   Value=0x00000002
T634C 000:451.579 - 0.516ms returns 0
T634C 000:451.588 JLINK_CORESIGHT_ReadAPDPReg(AP reg 0x03)
T634C 000:452.021   Value=0x00000000
T634C 000:452.035 - 0.446ms returns 0
T634C 000:452.045 JLINK_CORESIGHT_WriteAPDPReg(AP reg 0x00, 0x80000002)
T634C 000:452.413 - 0.368ms returns 0
T634C 000:452.428 JLINK_CORESIGHT_WriteAPDPReg(AP reg 0x01, 0x80011130)
T634C 000:452.820 - 0.392ms returns 0
T634C 000:452.833 JLINK_CORESIGHT_ReadAPDPReg(AP reg 0x03)
T634C 000:453.270   Value=0x4F0B0081
T634C 000:453.283 - 0.449ms returns 0
T634C 000:453.292 JLINK_CORESIGHT_WriteAPDPReg(AP reg 0x00, 0x80000002)
T634C 000:453.683 - 0.391ms returns 0
T634C 000:453.697 JLINK_CORESIGHT_WriteAPDPReg(AP reg 0x01, 0x80011140)
T634C 000:454.113 - 0.415ms returns 0
T634C 000:454.130 JLINK_CORESIGHT_ReadAPDPReg(AP reg 0x03)
T634C 000:454.563   Value=0x00000000
T634C 000:454.576 - 0.446ms returns 0
T634C 000:454.586 JLINK_CORESIGHT_WriteAPDPReg(AP reg 0x00, 0x80000002)
T634C 000:454.997 - 0.411ms returns 0
T634C 000:455.011 JLINK_CORESIGHT_WriteAPDPReg(AP reg 0x01, 0x80011130)
T634C 000:455.398 - 0.386ms returns 0
T634C 000:455.411 JLINK_CORESIGHT_ReadAPDPReg(AP reg 0x03)
T634C 000:455.830   Value=0x60000000
T634C 000:455.843 - 0.432ms returns 0
T634C 000:455.854 JLINK_CORESIGHT_WriteAPDPReg(AP reg 0x00, 0x80000002)
T634C 000:456.241 - 0.387ms returns 0
T634C 000:456.254 JLINK_CORESIGHT_WriteAPDPReg(AP reg 0x01, 0x80011140)
T634C 000:456.687 - 0.433ms returns 0
T634C 000:456.703 JLINK_CORESIGHT_ReadAPDPReg(AP reg 0x03)
T634C 000:457.148   Value=0x00000000
T634C 000:457.164 - 0.460ms returns 0
T634C 000:457.175 JLINK_CORESIGHT_WriteAPDPReg(AP reg 0x00, 0x80000002)
T634C 000:457.571 - 0.396ms returns 0
T634C 000:457.587 JLINK_CORESIGHT_WriteAPDPReg(AP reg 0x01, 0x80011130)
T634C 000:458.028 - 0.440ms returns 0
T634C 000:458.055 JLINK_CORESIGHT_ReadAPDPReg(AP reg 0x03)
T634C 000:458.572   Value=0x00000000
T634C 000:458.587 - 0.532ms returns 0
T634C 000:458.597 JLINK_CORESIGHT_WriteAPDPReg(AP reg 0x00, 0x80000002)
T634C 000:459.078 - 0.480ms returns 0
T634C 000:459.094 JLINK_CORESIGHT_WriteAPDPReg(AP reg 0x01, 0x80011140)
T634C 000:459.486 - 0.391ms returns 0
T634C 000:459.502 JLINK_CORESIGHT_ReadAPDPReg(AP reg 0x03)
T634C 000:459.924   Value=0x00000000
T634C 000:459.939 - 0.437ms returns 0
T634C 000:459.950 JLINK_CORESIGHT_WriteAPDPReg(AP reg 0x00, 0x80000002)
T634C 000:460.413 - 0.461ms returns 0
T634C 000:460.431 JLINK_CORESIGHT_WriteAPDPReg(AP reg 0x01, 0x80011130)
T634C 000:460.927 - 0.496ms returns 0
T634C 000:460.946 JLINK_CORESIGHT_ReadAPDPReg(AP reg 0x03)
T634C 000:461.497   Value=0x03460000
T634C 000:461.513 - 0.566ms returns 0
T634C 000:461.606 JLINK_CORESIGHT_ReadAPDPReg(DP reg 0x01)
T634C 000:462.123   Value=0xF0000F40
T634C 000:462.136 - 0.530ms returns 0
T634C 000:462.146 JLINK_CORESIGHT_WriteAPDPReg(DP reg 0x01, 0xA0000F40)
T634C 000:462.639 - 0.493ms returns 0
T634C 000:462.658 JLINK_CORESIGHT_ReadAPDPReg(DP reg 0x01)
T634C 000:463.114   Value=0x00000F40
T634C 000:463.128 - 0.469ms returns 0
T634C 000:463.138 JLINK_ClrRESET()
T634C 000:463.763 - 0.624ms 
T634C 000:572.949 JLINK_Close()
T634C 000:586.773 - 13.822ms
T634C 000:586.800   
T634C 000:586.805   Closed
