T6D50 000:000.584   SEGGER J-Link V8.44a Log File
T6D50 000:000.810   DLL Compiled: Jun 18 2025 16:28:32
T6D50 000:000.817   Logging started @ 2025-07-29 02:05
T6D50 000:000.823   Process: C:\Users\20537\.eclipse\com.renesas.platform_2070713661\DebugComp\RA\e2-server-gdb.exe
T6D50 000:000.835 - 0.829ms 
T6D50 000:000.852 JLINK_GetDLLVersion()
T6D50 000:000.859 - 0.007ms returns 84401
T6D50 000:003.391 JLINK_OpenEx(...)
T6D50 000:011.706   Firmware: J-Link OB-RA4M2-Full compiled Apr  1 2025 10:14:06
T6D50 000:013.237   Firmware: J-Link OB-RA4M2-Full compiled Apr  1 2025 10:14:06
T6D50 000:026.669   Hardware: V1.00
T6D50 000:026.689   S/N: 24060501
T6D50 000:026.697   OEM: SEGGER
T6D50 000:026.705   Feature(s): GDB, FlashDL, FlashBP, JFlash, RDI
T6D50 000:028.287   Bootloader: 2021 May 14
T6D50 000:029.275   USB speed mode: Full speed (12 MBit/s)
T6D50 000:029.868   TELNET listener socket opened on port 19021
T6D50 000:030.035   WEBSRV WEBSRV_Init(): Starting webserver thread(s)
T6D50 000:030.182   WEBSRV Webserver running on local port 19080
T6D50 000:030.303   Looking for J-Link GUI Server exe at: C:\Users\20537\.eclipse\com.renesas.platform_2070713661\DebugComp\RA\ARM\Segger_v8.44.1\JLinkGUIServer.exe
T6D50 000:030.427   Looking for J-Link GUI Server exe at: C:\Program Files\SEGGER\JLink_V810h\JLinkGUIServer.exe
T6D50 000:030.470   Forking J-Link GUI Server: C:\Program Files\SEGGER\JLink_V810h\JLinkGUIServer.exe
T6D50 000:058.061   J-Link GUI Server info: "J-Link GUI server V8.10h "
T6D50 000:067.285 - 63.888ms returns "O.K."
T6D50 000:067.383 JLINK_TIF_Select(JLINKARM_TIF_SWD)
T6D50 000:068.848 - 1.464ms returns 0x00
T6D50 000:068.875 JLINK_ClrRESET()
T6D50 000:069.475 - 0.599ms 
T6D50 000:120.515 JLINK_SetSpeed(1500)
T6D50 000:120.877 - 0.382ms 
T6D50 000:120.892 JLINK_CORESIGHT_Configure(PerformTIFInit=0)
T6D50 000:121.541 - 0.649ms returns 0
T6D50 000:121.567 JLINK_CORESIGHT_ReadAPDPReg(DP reg 0x00)
T6D50 000:122.316   Value=0x6BA02477
T6D50 000:122.329 - 0.764ms returns 0
T6D50 000:122.341 JLINK_CORESIGHT_WriteAPDPReg(DP reg 0x00, 0x0000001F)
T6D50 000:122.809 - 0.468ms returns 0
T6D50 000:122.822 JLINK_CORESIGHT_ReadAPDPReg(DP reg 0x00)
T6D50 000:123.262   Value=0x6BA02477
T6D50 000:123.277 - 0.454ms returns 0
T6D50 000:123.288 JLINK_CORESIGHT_WriteAPDPReg(DP reg 0x02, 0x00000000)
T6D50 000:123.736 - 0.448ms returns 0
T6D50 000:123.753 JLINK_CORESIGHT_WriteAPDPReg(DP reg 0x01, 0x50000000)
T6D50 000:124.150 - 0.396ms returns 0
T6D50 000:124.172 JLINK_CORESIGHT_ReadAPDPReg(DP reg 0x01)
T6D50 000:124.711   Value=0xF0000040
T6D50 000:124.723 - 0.551ms returns 0
T6D50 000:124.733 JLINK_CORESIGHT_WriteAPDPReg(DP reg 0x00, 0x0000001F)
T6D50 000:125.160 - 0.427ms returns 0
T6D50 000:125.173 JLINK_CORESIGHT_ReadAPDPReg(DP reg 0x00)
T6D50 000:125.620   Value=0x6BA02477
T6D50 000:125.634 - 0.461ms returns 0
T6D50 000:125.644 JLINK_CORESIGHT_WriteAPDPReg(DP reg 0x01, 0x54000000)
T6D50 000:126.049 - 0.405ms returns 0
T6D50 000:126.062 JLINK_CORESIGHT_WriteAPDPReg(DP reg 0x01, 0x50000F00)
T6D50 000:126.511 - 0.449ms returns 0
T6D50 000:126.524 JLINK_CORESIGHT_WriteAPDPReg(DP reg 0x02, 0x01000000)
T6D50 000:126.989 - 0.465ms returns 0
T6D50 000:127.002 JLINK_CORESIGHT_WriteAPDPReg(AP reg 0x00, 0x80000002)
T6D50 000:127.398 - 0.395ms returns 0
T6D50 000:127.411 JLINK_CORESIGHT_WriteAPDPReg(AP reg 0x01, 0x80011100)
T6D50 000:127.877 - 0.466ms returns 0
T6D50 000:127.890 JLINK_CORESIGHT_WriteAPDPReg(AP reg 0x03, 0x000000A5)
T6D50 000:128.309 - 0.419ms returns 0
T6D50 000:128.322 JLINK_CORESIGHT_WriteAPDPReg(AP reg 0x00, 0x80000002)
T6D50 000:128.758 - 0.436ms returns 0
T6D50 000:128.771 JLINK_CORESIGHT_WriteAPDPReg(AP reg 0x01, 0x80011100)
T6D50 000:129.214 - 0.443ms returns 0
T6D50 000:129.227 JLINK_CORESIGHT_ReadAPDPReg(AP reg 0x03)
T6D50 000:129.752   Value=0x000000A5
T6D50 000:129.764 - 0.537ms returns 0
T6D50 000:129.773 JLINK_ClrTMS()
T6D50 000:130.082 - 0.308ms 
T6D50 000:135.490 JLINK_SetTCK()
T6D50 000:135.870 - 0.379ms returns 0
T6D50 000:141.521 JLINK_SetRESET()
T6D50 000:141.905 - 0.382ms 
T6D50 000:342.498 JLINK_CORESIGHT_WriteAPDPReg(AP reg 0x00, 0x80000002)
T6D50 000:342.994 - 0.496ms returns 0
T6D50 000:343.008 JLINK_CORESIGHT_WriteAPDPReg(AP reg 0x01, 0x80011100)
T6D50 000:343.516 - 0.508ms returns 0
T6D50 000:343.529 JLINK_CORESIGHT_ReadAPDPReg(AP reg 0x03)
T6D50 000:344.110   Value=0x00000000
T6D50 000:344.122 - 0.593ms returns 0
T6D50 000:344.133 JLINK_CORESIGHT_WriteAPDPReg(AP reg 0x00, 0x80000002)
T6D50 000:344.638 - 0.504ms returns 0
T6D50 000:344.651 JLINK_CORESIGHT_WriteAPDPReg(AP reg 0x01, 0x80011140)
T6D50 000:345.093 - 0.442ms returns 0
T6D50 000:345.108 JLINK_CORESIGHT_ReadAPDPReg(AP reg 0x03)
T6D50 000:345.594   Value=0x00000002
T6D50 000:345.606 - 0.498ms returns 0
T6D50 000:345.615 JLINK_CORESIGHT_WriteAPDPReg(AP reg 0x00, 0x80000002)
T6D50 000:346.037 - 0.421ms returns 0
T6D50 000:346.050 JLINK_CORESIGHT_WriteAPDPReg(AP reg 0x01, 0x80011120)
T6D50 000:346.500 - 0.450ms returns 0
T6D50 000:346.517 JLINK_CORESIGHT_WriteAPDPReg(AP reg 0x03, 0x00000055)
T6D50 000:347.007 - 0.490ms returns 0
T6D50 000:347.020 JLINK_CORESIGHT_WriteAPDPReg(AP reg 0x00, 0x80000002)
T6D50 000:347.508 - 0.470ms returns 0
T6D50 000:347.522 JLINK_CORESIGHT_WriteAPDPReg(AP reg 0x01, 0x80011140)
T6D50 000:347.988 - 0.465ms returns 0
T6D50 000:348.001 JLINK_CORESIGHT_ReadAPDPReg(AP reg 0x03)
T6D50 000:348.502   Value=0x00000002
T6D50 000:348.517 - 0.516ms returns 0
T6D50 000:348.527 JLINK_CORESIGHT_ReadAPDPReg(AP reg 0x03)
T6D50 000:349.034   Value=0x00000002
T6D50 000:349.046 - 0.518ms returns 0
T6D50 000:349.056 JLINK_CORESIGHT_ReadAPDPReg(AP reg 0x03)
T6D50 000:349.617   Value=0x00000002
T6D50 000:349.630 - 0.574ms returns 0
T6D50 000:349.639 JLINK_CORESIGHT_ReadAPDPReg(AP reg 0x03)
T6D50 000:350.196   Value=0x00000002
T6D50 000:350.208 - 0.569ms returns 0
T6D50 000:350.218 JLINK_CORESIGHT_ReadAPDPReg(AP reg 0x03)
T6D50 000:351.103   Value=0x00000002
T6D50 000:351.115 - 0.897ms returns 0
T6D50 000:351.129 JLINK_CORESIGHT_ReadAPDPReg(AP reg 0x03)
T6D50 000:351.630   Value=0x00000002
T6D50 000:351.643 - 0.514ms returns 0
T6D50 000:351.655 JLINK_CORESIGHT_ReadAPDPReg(AP reg 0x03)
T6D50 000:352.120   Value=0x00000002
T6D50 000:352.132 - 0.477ms returns 0
T6D50 000:352.144 JLINK_CORESIGHT_ReadAPDPReg(AP reg 0x03)
T6D50 000:352.622   Value=0x00000002
T6D50 000:352.635 - 0.491ms returns 0
T6D50 000:352.648 JLINK_CORESIGHT_ReadAPDPReg(AP reg 0x03)
T6D50 000:353.117   Value=0x00000002
T6D50 000:353.129 - 0.481ms returns 0
T6D50 000:353.142 JLINK_CORESIGHT_ReadAPDPReg(AP reg 0x03)
T6D50 000:353.617   Value=0x00000002
T6D50 000:353.629 - 0.487ms returns 0
T6D50 000:353.641 JLINK_CORESIGHT_ReadAPDPReg(AP reg 0x03)
T6D50 000:354.121   Value=0x00000002
T6D50 000:354.133 - 0.491ms returns 0
T6D50 000:354.145 JLINK_CORESIGHT_ReadAPDPReg(AP reg 0x03)
T6D50 000:354.619   Value=0x00000002
T6D50 000:354.631 - 0.486ms returns 0
T6D50 000:354.644 JLINK_CORESIGHT_ReadAPDPReg(AP reg 0x03)
T6D50 000:355.178   Value=0x00000002
T6D50 000:355.190 - 0.546ms returns 0
T6D50 000:355.202 JLINK_CORESIGHT_ReadAPDPReg(AP reg 0x03)
T6D50 000:355.652   Value=0x00000002
T6D50 000:355.664 - 0.461ms returns 0
T6D50 000:355.676 JLINK_CORESIGHT_ReadAPDPReg(AP reg 0x03)
T6D50 000:356.160   Value=0x00000002
T6D50 000:356.172 - 0.496ms returns 0
T6D50 000:356.184 JLINK_CORESIGHT_ReadAPDPReg(AP reg 0x03)
T6D50 000:356.770   Value=0x00000002
T6D50 000:356.782 - 0.598ms returns 0
T6D50 000:356.794 JLINK_CORESIGHT_ReadAPDPReg(AP reg 0x03)
T6D50 000:357.284   Value=0x00000002
T6D50 000:357.297 - 0.502ms returns 0
T6D50 000:357.309 JLINK_CORESIGHT_ReadAPDPReg(AP reg 0x03)
T6D50 000:357.778   Value=0x00000002
T6D50 000:357.790 - 0.481ms returns 0
T6D50 000:357.802 JLINK_CORESIGHT_ReadAPDPReg(AP reg 0x03)
T6D50 000:358.283   Value=0x00000002
T6D50 000:358.295 - 0.492ms returns 0
T6D50 000:358.307 JLINK_CORESIGHT_ReadAPDPReg(AP reg 0x03)
T6D50 000:358.822   Value=0x00000000
T6D50 000:358.834 - 0.527ms returns 0
T6D50 000:358.847 JLINK_CORESIGHT_WriteAPDPReg(AP reg 0x00, 0x80000002)
T6D50 000:359.304 - 0.457ms returns 0
T6D50 000:359.323 JLINK_CORESIGHT_WriteAPDPReg(AP reg 0x01, 0x80011130)
T6D50 000:359.760 - 0.436ms returns 0
T6D50 000:359.775 JLINK_CORESIGHT_ReadAPDPReg(AP reg 0x03)
T6D50 000:360.240   Value=0x000000C6
T6D50 000:360.252 - 0.477ms returns 0
T6D50 000:360.301 JLINK_CORESIGHT_WriteAPDPReg(AP reg 0x00, 0x80000002)
T6D50 000:360.798 - 0.497ms returns 0
T6D50 000:360.811 JLINK_CORESIGHT_WriteAPDPReg(AP reg 0x01, 0x80011140)
T6D50 000:361.209 - 0.397ms returns 0
T6D50 000:361.222 JLINK_CORESIGHT_ReadAPDPReg(AP reg 0x03)
T6D50 000:361.671   Value=0x00000002
T6D50 000:361.691 - 0.469ms returns 0
T6D50 000:361.702 JLINK_CORESIGHT_WriteAPDPReg(AP reg 0x00, 0x80000002)
T6D50 000:362.172 - 0.470ms returns 0
T6D50 000:362.185 JLINK_CORESIGHT_WriteAPDPReg(AP reg 0x01, 0x80011120)
T6D50 000:362.709 - 0.523ms returns 0
T6D50 000:362.722 JLINK_CORESIGHT_WriteAPDPReg(AP reg 0x03, 0x3A010001)
T6D50 000:363.113 - 0.391ms returns 0
T6D50 000:363.126 JLINK_CORESIGHT_WriteAPDPReg(AP reg 0x00, 0x80000002)
T6D50 000:363.583 - 0.457ms returns 0
T6D50 000:363.596 JLINK_CORESIGHT_WriteAPDPReg(AP reg 0x01, 0x80011140)
T6D50 000:364.048 - 0.452ms returns 0
T6D50 000:364.061 JLINK_CORESIGHT_ReadAPDPReg(AP reg 0x03)
T6D50 000:364.511   Value=0x00000002
T6D50 000:364.525 - 0.463ms returns 0
T6D50 000:364.535 JLINK_CORESIGHT_WriteAPDPReg(AP reg 0x00, 0x80000002)
T6D50 000:364.978 - 0.443ms returns 0
T6D50 000:364.991 JLINK_CORESIGHT_WriteAPDPReg(AP reg 0x01, 0x80011120)
T6D50 000:365.441 - 0.449ms returns 0
T6D50 000:365.454 JLINK_CORESIGHT_WriteAPDPReg(AP reg 0x03, 0x000003C5)
T6D50 000:365.927 - 0.473ms returns 0
T6D50 000:365.941 JLINK_CORESIGHT_WriteAPDPReg(AP reg 0x00, 0x80000002)
T6D50 000:366.382 - 0.441ms returns 0
T6D50 000:366.394 JLINK_CORESIGHT_WriteAPDPReg(AP reg 0x01, 0x80011140)
T6D50 000:366.859 - 0.464ms returns 0
T6D50 000:366.872 JLINK_CORESIGHT_ReadAPDPReg(AP reg 0x03)
T6D50 000:367.366   Value=0x00000002
T6D50 000:367.378 - 0.506ms returns 0
T6D50 000:367.388 JLINK_CORESIGHT_ReadAPDPReg(AP reg 0x03)
T6D50 000:367.856   Value=0x00000002
T6D50 000:367.868 - 0.480ms returns 0
T6D50 000:367.877 JLINK_CORESIGHT_ReadAPDPReg(AP reg 0x03)
T6D50 000:368.434   Value=0x00000002
T6D50 000:368.447 - 0.569ms returns 0
T6D50 000:368.457 JLINK_CORESIGHT_ReadAPDPReg(AP reg 0x03)
T6D50 000:368.926   Value=0x00000000
T6D50 000:368.938 - 0.482ms returns 0
T6D50 000:368.948 JLINK_CORESIGHT_WriteAPDPReg(AP reg 0x00, 0x80000002)
T6D50 000:369.386 - 0.437ms returns 0
T6D50 000:369.399 JLINK_CORESIGHT_WriteAPDPReg(AP reg 0x01, 0x80011130)
T6D50 000:369.822 - 0.423ms returns 0
T6D50 000:369.835 JLINK_CORESIGHT_ReadAPDPReg(AP reg 0x03)
T6D50 000:370.320   Value=0x3A2A0081
T6D50 000:370.332 - 0.497ms returns 0
T6D50 000:370.342 JLINK_CORESIGHT_WriteAPDPReg(AP reg 0x00, 0x80000002)
T6D50 000:370.759 - 0.416ms returns 0
T6D50 000:370.771 JLINK_CORESIGHT_WriteAPDPReg(AP reg 0x01, 0x80011140)
T6D50 000:371.234 - 0.462ms returns 0
T6D50 000:371.247 JLINK_CORESIGHT_ReadAPDPReg(AP reg 0x03)
T6D50 000:371.777   Value=0x00000000
T6D50 000:371.788 - 0.542ms returns 0
T6D50 000:371.798 JLINK_CORESIGHT_WriteAPDPReg(AP reg 0x00, 0x80000002)
T6D50 000:372.192 - 0.394ms returns 0
T6D50 000:372.205 JLINK_CORESIGHT_WriteAPDPReg(AP reg 0x01, 0x80011130)
T6D50 000:372.695 - 0.490ms returns 0
T6D50 000:372.708 JLINK_CORESIGHT_ReadAPDPReg(AP reg 0x03)
T6D50 000:373.207   Value=0x808D5B00
T6D50 000:373.219 - 0.511ms returns 0
T6D50 000:373.229 JLINK_CORESIGHT_WriteAPDPReg(AP reg 0x00, 0x80000002)
T6D50 000:373.730 - 0.501ms returns 0
T6D50 000:373.743 JLINK_CORESIGHT_WriteAPDPReg(AP reg 0x01, 0x80011140)
T6D50 000:374.206 - 0.463ms returns 0
T6D50 000:374.220 JLINK_CORESIGHT_ReadAPDPReg(AP reg 0x03)
T6D50 000:374.754   Value=0x00000000
T6D50 000:374.766 - 0.546ms returns 0
T6D50 000:374.775 JLINK_CORESIGHT_WriteAPDPReg(AP reg 0x00, 0x80000002)
T6D50 000:375.217 - 0.441ms returns 0
T6D50 000:375.229 JLINK_CORESIGHT_WriteAPDPReg(AP reg 0x01, 0x80011130)
T6D50 000:375.628 - 0.398ms returns 0
T6D50 000:375.642 JLINK_CORESIGHT_ReadAPDPReg(AP reg 0x03)
T6D50 000:376.094   Value=0x0306070A
T6D50 000:376.106 - 0.463ms returns 0
T6D50 000:376.115 JLINK_CORESIGHT_WriteAPDPReg(AP reg 0x00, 0x80000002)
T6D50 000:376.465 - 0.350ms returns 0
T6D50 000:376.478 JLINK_CORESIGHT_WriteAPDPReg(AP reg 0x01, 0x80011140)
T6D50 000:376.952 - 0.473ms returns 0
T6D50 000:376.965 JLINK_CORESIGHT_ReadAPDPReg(AP reg 0x03)
T6D50 000:377.404   Value=0x00000000
T6D50 000:377.416 - 0.450ms returns 0
T6D50 000:377.425 JLINK_CORESIGHT_WriteAPDPReg(AP reg 0x00, 0x80000002)
T6D50 000:377.830 - 0.405ms returns 0
T6D50 000:377.844 JLINK_CORESIGHT_WriteAPDPReg(AP reg 0x01, 0x80011130)
T6D50 000:378.241 - 0.397ms returns 0
T6D50 000:378.254 JLINK_CORESIGHT_ReadAPDPReg(AP reg 0x03)
T6D50 000:378.763   Value=0x30545408
T6D50 000:378.775 - 0.521ms returns 0
T6D50 000:378.784 JLINK_CORESIGHT_WriteAPDPReg(AP reg 0x00, 0x80000002)
T6D50 000:379.183 - 0.399ms returns 0
T6D50 000:379.196 JLINK_CORESIGHT_WriteAPDPReg(AP reg 0x01, 0x80011140)
T6D50 000:379.632 - 0.435ms returns 0
T6D50 000:379.655 JLINK_CORESIGHT_ReadAPDPReg(AP reg 0x03)
T6D50 000:380.172   Value=0x00000000
T6D50 000:380.184 - 0.538ms returns 0
T6D50 000:380.193 JLINK_CORESIGHT_WriteAPDPReg(AP reg 0x00, 0x80000002)
T6D50 000:380.633 - 0.440ms returns 0
T6D50 000:380.646 JLINK_CORESIGHT_WriteAPDPReg(AP reg 0x01, 0x80011130)
T6D50 000:381.072 - 0.425ms returns 0
T6D50 000:381.084 JLINK_CORESIGHT_ReadAPDPReg(AP reg 0x03)
T6D50 000:381.594   Value=0x54F572C8
T6D50 000:381.606 - 0.522ms returns 0
T6D50 000:381.616 JLINK_CORESIGHT_WriteAPDPReg(AP reg 0x00, 0x80000002)
T6D50 000:382.012 - 0.396ms returns 0
T6D50 000:382.025 JLINK_CORESIGHT_WriteAPDPReg(AP reg 0x01, 0x80011140)
T6D50 000:382.489 - 0.464ms returns 0
T6D50 000:382.503 JLINK_CORESIGHT_ReadAPDPReg(AP reg 0x03)
T6D50 000:382.968   Value=0x00000000
T6D50 000:382.980 - 0.477ms returns 0
T6D50 000:382.989 JLINK_CORESIGHT_WriteAPDPReg(AP reg 0x00, 0x80000002)
T6D50 000:383.386 - 0.396ms returns 0
T6D50 000:383.398 JLINK_CORESIGHT_WriteAPDPReg(AP reg 0x01, 0x80011130)
T6D50 000:383.819 - 0.420ms returns 0
T6D50 000:383.831 JLINK_CORESIGHT_ReadAPDPReg(AP reg 0x03)
T6D50 000:384.321   Value=0x32355536
T6D50 000:384.333 - 0.501ms returns 0
T6D50 000:384.342 JLINK_CORESIGHT_WriteAPDPReg(AP reg 0x00, 0x80000002)
T6D50 000:384.785 - 0.443ms returns 0
T6D50 000:384.798 JLINK_CORESIGHT_WriteAPDPReg(AP reg 0x01, 0x80011140)
T6D50 000:385.239 - 0.441ms returns 0
T6D50 000:385.253 JLINK_CORESIGHT_ReadAPDPReg(AP reg 0x03)
T6D50 000:385.760   Value=0x00000000
T6D50 000:385.772 - 0.519ms returns 0
T6D50 000:385.785 JLINK_CORESIGHT_WriteAPDPReg(AP reg 0x00, 0x80000002)
T6D50 000:386.233 - 0.447ms returns 0
T6D50 000:386.248 JLINK_CORESIGHT_WriteAPDPReg(AP reg 0x01, 0x80011130)
T6D50 000:386.727 - 0.478ms returns 0
T6D50 000:386.742 JLINK_CORESIGHT_ReadAPDPReg(AP reg 0x03)
T6D50 000:387.230   Value=0x87022D38
T6D50 000:387.242 - 0.500ms returns 0
T6D50 000:387.255 JLINK_CORESIGHT_WriteAPDPReg(AP reg 0x00, 0x80000002)
T6D50 000:387.719 - 0.464ms returns 0
T6D50 000:387.735 JLINK_CORESIGHT_WriteAPDPReg(AP reg 0x01, 0x80011140)
T6D50 000:388.133 - 0.397ms returns 0
T6D50 000:388.149 JLINK_CORESIGHT_ReadAPDPReg(AP reg 0x03)
T6D50 000:388.660   Value=0x00000000
T6D50 000:388.672 - 0.523ms returns 0
T6D50 000:388.684 JLINK_CORESIGHT_WriteAPDPReg(AP reg 0x00, 0x80000002)
T6D50 000:389.135 - 0.450ms returns 0
T6D50 000:389.151 JLINK_CORESIGHT_WriteAPDPReg(AP reg 0x01, 0x80011130)
T6D50 000:389.709 - 0.558ms returns 0
T6D50 000:389.725 JLINK_CORESIGHT_ReadAPDPReg(AP reg 0x03)
T6D50 000:390.163   Value=0x4B375279
T6D50 000:390.177 - 0.452ms returns 0
T6D50 000:390.191 JLINK_CORESIGHT_WriteAPDPReg(AP reg 0x00, 0x80000002)
T6D50 000:390.608 - 0.417ms returns 0
T6D50 000:390.623 JLINK_CORESIGHT_WriteAPDPReg(AP reg 0x01, 0x80011140)
T6D50 000:391.072 - 0.448ms returns 0
T6D50 000:391.091 JLINK_CORESIGHT_ReadAPDPReg(AP reg 0x03)
T6D50 000:391.602   Value=0x00000000
T6D50 000:391.663 - 0.571ms returns 0
T6D50 000:391.677 JLINK_CORESIGHT_WriteAPDPReg(AP reg 0x00, 0x80000002)
T6D50 000:392.108 - 0.431ms returns 0
T6D50 000:392.125 JLINK_CORESIGHT_WriteAPDPReg(AP reg 0x01, 0x80011130)
T6D50 000:392.622 - 0.496ms returns 0
T6D50 000:392.637 JLINK_CORESIGHT_ReadAPDPReg(AP reg 0x03)
T6D50 000:393.116   Value=0x31503841
T6D50 000:393.129 - 0.491ms returns 0
T6D50 000:393.141 JLINK_CORESIGHT_WriteAPDPReg(AP reg 0x00, 0x80000002)
T6D50 000:393.666 - 0.524ms returns 0
T6D50 000:393.685 JLINK_CORESIGHT_WriteAPDPReg(AP reg 0x01, 0x80011140)
T6D50 000:394.163 - 0.478ms returns 0
T6D50 000:394.180 JLINK_CORESIGHT_ReadAPDPReg(AP reg 0x03)
T6D50 000:394.699   Value=0x00000000
T6D50 000:394.712 - 0.531ms returns 0
T6D50 000:394.725 JLINK_CORESIGHT_WriteAPDPReg(AP reg 0x00, 0x80000002)
T6D50 000:395.116 - 0.391ms returns 0
T6D50 000:395.132 JLINK_CORESIGHT_WriteAPDPReg(AP reg 0x01, 0x80011130)
T6D50 000:395.586 - 0.454ms returns 0
T6D50 000:395.602 JLINK_CORESIGHT_ReadAPDPReg(AP reg 0x03)
T6D50 000:396.093   Value=0x434C464B
T6D50 000:396.105 - 0.504ms returns 0
T6D50 000:396.118 JLINK_CORESIGHT_WriteAPDPReg(AP reg 0x00, 0x80000002)
T6D50 000:396.620 - 0.503ms returns 0
T6D50 000:396.636 JLINK_CORESIGHT_WriteAPDPReg(AP reg 0x01, 0x80011140)
T6D50 000:397.081 - 0.445ms returns 0
T6D50 000:397.098 JLINK_CORESIGHT_ReadAPDPReg(AP reg 0x03)
T6D50 000:397.585   Value=0x00000000
T6D50 000:397.597 - 0.499ms returns 0
T6D50 000:397.609 JLINK_CORESIGHT_WriteAPDPReg(AP reg 0x00, 0x80000002)
T6D50 000:398.048 - 0.438ms returns 0
T6D50 000:398.063 JLINK_CORESIGHT_WriteAPDPReg(AP reg 0x01, 0x80011130)
T6D50 000:398.512 - 0.448ms returns 0
T6D50 000:398.527 JLINK_CORESIGHT_ReadAPDPReg(AP reg 0x03)
T6D50 000:399.011   Value=0x20204341
T6D50 000:399.023 - 0.495ms returns 0
T6D50 000:399.035 JLINK_CORESIGHT_WriteAPDPReg(AP reg 0x00, 0x80000002)
T6D50 000:399.500 - 0.465ms returns 0
T6D50 000:399.516 JLINK_CORESIGHT_WriteAPDPReg(AP reg 0x01, 0x80011140)
T6D50 000:399.983 - 0.467ms returns 0
T6D50 000:399.999 JLINK_CORESIGHT_ReadAPDPReg(AP reg 0x03)
T6D50 000:400.529   Value=0x00000000
T6D50 000:400.547 - 0.547ms returns 0
T6D50 000:400.561 JLINK_CORESIGHT_WriteAPDPReg(AP reg 0x00, 0x80000002)
T6D50 000:401.006 - 0.444ms returns 0
T6D50 000:401.022 JLINK_CORESIGHT_WriteAPDPReg(AP reg 0x01, 0x80011130)
T6D50 000:401.464 - 0.443ms returns 0
T6D50 000:401.500 JLINK_CORESIGHT_ReadAPDPReg(AP reg 0x03)
T6D50 000:402.025   Value=0x00038C20
T6D50 000:402.037 - 0.538ms returns 0
T6D50 000:402.112 JLINK_CORESIGHT_WriteAPDPReg(AP reg 0x00, 0x80000002)
T6D50 000:402.719 - 0.607ms returns 0
T6D50 000:402.733 JLINK_CORESIGHT_WriteAPDPReg(AP reg 0x01, 0x80011140)
T6D50 000:403.219 - 0.485ms returns 0
T6D50 000:403.233 JLINK_CORESIGHT_ReadAPDPReg(AP reg 0x03)
T6D50 000:403.967   Value=0x00000002
T6D50 000:403.981 - 0.748ms returns 0
T6D50 000:403.991 JLINK_CORESIGHT_WriteAPDPReg(AP reg 0x00, 0x80000002)
T6D50 000:404.503 - 0.511ms returns 0
T6D50 000:404.516 JLINK_CORESIGHT_WriteAPDPReg(AP reg 0x01, 0x80011120)
T6D50 000:405.010 - 0.493ms returns 0
T6D50 000:405.023 JLINK_CORESIGHT_WriteAPDPReg(AP reg 0x03, 0x39020001)
T6D50 000:405.472 - 0.449ms returns 0
T6D50 000:405.488 JLINK_CORESIGHT_WriteAPDPReg(AP reg 0x00, 0x80000002)
T6D50 000:405.951 - 0.463ms returns 0
T6D50 000:405.964 JLINK_CORESIGHT_WriteAPDPReg(AP reg 0x01, 0x80011140)
T6D50 000:406.412 - 0.447ms returns 0
T6D50 000:406.426 JLINK_CORESIGHT_ReadAPDPReg(AP reg 0x03)
T6D50 000:406.894   Value=0x00000002
T6D50 000:406.919 - 0.493ms returns 0
T6D50 000:406.930 JLINK_CORESIGHT_WriteAPDPReg(AP reg 0x00, 0x80000002)
T6D50 000:407.388 - 0.458ms returns 0
T6D50 000:407.403 JLINK_CORESIGHT_WriteAPDPReg(AP reg 0x01, 0x80011120)
T6D50 000:407.823 - 0.420ms returns 0
T6D50 000:407.837 JLINK_CORESIGHT_WriteAPDPReg(AP reg 0x03, 0x0003B312)
T6D50 000:408.276 - 0.438ms returns 0
T6D50 000:408.289 JLINK_CORESIGHT_WriteAPDPReg(AP reg 0x00, 0x80000002)
T6D50 000:408.781 - 0.492ms returns 0
T6D50 000:408.798 JLINK_CORESIGHT_WriteAPDPReg(AP reg 0x01, 0x80011140)
T6D50 000:409.265 - 0.466ms returns 0
T6D50 000:409.279 JLINK_CORESIGHT_ReadAPDPReg(AP reg 0x03)
T6D50 000:409.803   Value=0x00000000
T6D50 000:409.816 - 0.537ms returns 0
T6D50 000:409.826 JLINK_CORESIGHT_WriteAPDPReg(AP reg 0x00, 0x80000002)
T6D50 000:410.240 - 0.414ms returns 0
T6D50 000:410.253 JLINK_CORESIGHT_WriteAPDPReg(AP reg 0x01, 0x80011130)
T6D50 000:410.740 - 0.486ms returns 0
T6D50 000:410.753 JLINK_CORESIGHT_ReadAPDPReg(AP reg 0x03)
T6D50 000:411.239   Value=0xB90A0081
T6D50 000:411.252 - 0.498ms returns 0
T6D50 000:411.261 JLINK_CORESIGHT_WriteAPDPReg(AP reg 0x00, 0x80000002)
T6D50 000:411.734 - 0.472ms returns 0
T6D50 000:411.750 JLINK_CORESIGHT_WriteAPDPReg(AP reg 0x01, 0x80011140)
T6D50 000:412.195 - 0.445ms returns 0
T6D50 000:412.209 JLINK_CORESIGHT_ReadAPDPReg(AP reg 0x03)
T6D50 000:412.741   Value=0x00000000
T6D50 000:412.754 - 0.545ms returns 0
T6D50 000:412.764 JLINK_CORESIGHT_WriteAPDPReg(AP reg 0x00, 0x80000002)
T6D50 000:413.209 - 0.445ms returns 0
T6D50 000:413.222 JLINK_CORESIGHT_WriteAPDPReg(AP reg 0x01, 0x80011130)
T6D50 000:413.627 - 0.404ms returns 0
T6D50 000:413.640 JLINK_CORESIGHT_ReadAPDPReg(AP reg 0x03)
T6D50 000:414.094   Value=0xFFFFFFC0
T6D50 000:414.106 - 0.467ms returns 0
T6D50 000:414.116 JLINK_CORESIGHT_WriteAPDPReg(AP reg 0x00, 0x80000002)
T6D50 000:414.585 - 0.469ms returns 0
T6D50 000:414.598 JLINK_CORESIGHT_WriteAPDPReg(AP reg 0x01, 0x80011140)
T6D50 000:414.966 - 0.368ms returns 0
T6D50 000:414.980 JLINK_CORESIGHT_ReadAPDPReg(AP reg 0x03)
T6D50 000:415.444   Value=0x00000000
T6D50 000:415.456 - 0.476ms returns 0
T6D50 000:415.466 JLINK_CORESIGHT_WriteAPDPReg(AP reg 0x00, 0x80000002)
T6D50 000:415.899 - 0.433ms returns 0
T6D50 000:415.913 JLINK_CORESIGHT_WriteAPDPReg(AP reg 0x01, 0x80011130)
T6D50 000:416.354 - 0.441ms returns 0
T6D50 000:416.367 JLINK_CORESIGHT_ReadAPDPReg(AP reg 0x03)
T6D50 000:416.854   Value=0xFFFFFFFF
T6D50 000:416.866 - 0.499ms returns 0
T6D50 000:416.876 JLINK_CORESIGHT_WriteAPDPReg(AP reg 0x00, 0x80000002)
T6D50 000:417.320 - 0.444ms returns 0
T6D50 000:417.333 JLINK_CORESIGHT_WriteAPDPReg(AP reg 0x01, 0x80011140)
T6D50 000:417.757 - 0.424ms returns 0
T6D50 000:417.770 JLINK_CORESIGHT_ReadAPDPReg(AP reg 0x03)
T6D50 000:418.241   Value=0x00000000
T6D50 000:418.253 - 0.482ms returns 0
T6D50 000:418.263 JLINK_CORESIGHT_WriteAPDPReg(AP reg 0x00, 0x80000002)
T6D50 000:418.739 - 0.476ms returns 0
T6D50 000:418.752 JLINK_CORESIGHT_WriteAPDPReg(AP reg 0x01, 0x80011130)
T6D50 000:419.192 - 0.440ms returns 0
T6D50 000:419.205 JLINK_CORESIGHT_ReadAPDPReg(AP reg 0x03)
T6D50 000:419.751   Value=0x000385FF
T6D50 000:419.763 - 0.557ms returns 0
T6D50 000:419.839 JLINK_CORESIGHT_WriteAPDPReg(AP reg 0x00, 0x80000002)
T6D50 000:420.285 - 0.445ms returns 0
T6D50 000:420.298 JLINK_CORESIGHT_WriteAPDPReg(AP reg 0x01, 0x80011140)
T6D50 000:420.767 - 0.468ms returns 0
T6D50 000:420.805 JLINK_CORESIGHT_ReadAPDPReg(AP reg 0x03)
T6D50 000:421.282   Value=0x00000002
T6D50 000:421.295 - 0.490ms returns 0
T6D50 000:421.305 JLINK_CORESIGHT_WriteAPDPReg(AP reg 0x00, 0x80000002)
T6D50 000:421.717 - 0.413ms returns 0
T6D50 000:421.731 JLINK_CORESIGHT_WriteAPDPReg(AP reg 0x01, 0x80011120)
T6D50 000:422.128 - 0.398ms returns 0
T6D50 000:422.142 JLINK_CORESIGHT_WriteAPDPReg(AP reg 0x03, 0x2C010001)
T6D50 000:422.595 - 0.453ms returns 0
T6D50 000:422.608 JLINK_CORESIGHT_WriteAPDPReg(AP reg 0x00, 0x80000002)
T6D50 000:423.024 - 0.415ms returns 0
T6D50 000:423.037 JLINK_CORESIGHT_WriteAPDPReg(AP reg 0x01, 0x80011140)
T6D50 000:423.520 - 0.483ms returns 0
T6D50 000:423.533 JLINK_CORESIGHT_ReadAPDPReg(AP reg 0x03)
T6D50 000:424.069   Value=0x00000002
T6D50 000:424.081 - 0.548ms returns 0
T6D50 000:424.091 JLINK_CORESIGHT_WriteAPDPReg(AP reg 0x00, 0x80000002)
T6D50 000:424.620 - 0.528ms returns 0
T6D50 000:424.633 JLINK_CORESIGHT_WriteAPDPReg(AP reg 0x01, 0x80011120)
T6D50 000:425.025 - 0.392ms returns 0
T6D50 000:425.038 JLINK_CORESIGHT_WriteAPDPReg(AP reg 0x03, 0x000003D3)
T6D50 000:425.510 - 0.471ms returns 0
T6D50 000:425.528 JLINK_CORESIGHT_WriteAPDPReg(AP reg 0x00, 0x80000002)
T6D50 000:425.922 - 0.394ms returns 0
T6D50 000:425.935 JLINK_CORESIGHT_WriteAPDPReg(AP reg 0x01, 0x80011140)
T6D50 000:426.397 - 0.461ms returns 0
T6D50 000:426.410 JLINK_CORESIGHT_ReadAPDPReg(AP reg 0x03)
T6D50 000:426.924   Value=0x00000002
T6D50 000:426.936 - 0.525ms returns 0
T6D50 000:426.949 JLINK_CORESIGHT_ReadAPDPReg(AP reg 0x03)
T6D50 000:427.407   Value=0x00000002
T6D50 000:427.419 - 0.469ms returns 0
T6D50 000:427.431 JLINK_CORESIGHT_ReadAPDPReg(AP reg 0x03)
T6D50 000:427.923   Value=0x00000002
T6D50 000:427.935 - 0.503ms returns 0
T6D50 000:427.947 JLINK_CORESIGHT_ReadAPDPReg(AP reg 0x03)
T6D50 000:428.434   Value=0x00000002
T6D50 000:428.447 - 0.499ms returns 0
T6D50 000:428.459 JLINK_CORESIGHT_ReadAPDPReg(AP reg 0x03)
T6D50 000:428.935   Value=0x00000002
T6D50 000:428.947 - 0.488ms returns 0
T6D50 000:428.959 JLINK_CORESIGHT_ReadAPDPReg(AP reg 0x03)
T6D50 000:429.422   Value=0x00000002
T6D50 000:429.434 - 0.475ms returns 0
T6D50 000:429.446 JLINK_CORESIGHT_ReadAPDPReg(AP reg 0x03)
T6D50 000:429.862   Value=0x00000000
T6D50 000:429.874 - 0.428ms returns 0
T6D50 000:429.887 JLINK_CORESIGHT_WriteAPDPReg(AP reg 0x00, 0x80000002)
T6D50 000:430.334 - 0.447ms returns 0
T6D50 000:430.350 JLINK_CORESIGHT_WriteAPDPReg(AP reg 0x01, 0x80011130)
T6D50 000:430.878 - 0.528ms returns 0
T6D50 000:430.894 JLINK_CORESIGHT_ReadAPDPReg(AP reg 0x03)
T6D50 000:431.404   Value=0x2C020081
T6D50 000:431.416 - 0.521ms returns 0
T6D50 000:431.428 JLINK_CORESIGHT_WriteAPDPReg(AP reg 0x00, 0x80000002)
T6D50 000:431.848 - 0.419ms returns 0
T6D50 000:431.866 JLINK_CORESIGHT_WriteAPDPReg(AP reg 0x01, 0x80011140)
T6D50 000:432.359 - 0.492ms returns 0
T6D50 000:432.375 JLINK_CORESIGHT_ReadAPDPReg(AP reg 0x03)
T6D50 000:432.850   Value=0x00000000
T6D50 000:432.862 - 0.487ms returns 0
T6D50 000:432.875 JLINK_CORESIGHT_WriteAPDPReg(AP reg 0x00, 0x80000002)
T6D50 000:433.299 - 0.424ms returns 0
T6D50 000:433.315 JLINK_CORESIGHT_WriteAPDPReg(AP reg 0x01, 0x80011130)
T6D50 000:433.836 - 0.521ms returns 0
T6D50 000:433.852 JLINK_CORESIGHT_ReadAPDPReg(AP reg 0x03)
T6D50 000:434.366   Value=0x0003CE04
T6D50 000:434.378 - 0.526ms returns 0
T6D50 000:434.467 JLINK_CORESIGHT_WriteAPDPReg(AP reg 0x00, 0x80000002)
T6D50 000:434.909 - 0.442ms returns 0
T6D50 000:434.923 JLINK_CORESIGHT_WriteAPDPReg(AP reg 0x01, 0x80011140)
T6D50 000:435.363 - 0.440ms returns 0
T6D50 000:435.377 JLINK_CORESIGHT_ReadAPDPReg(AP reg 0x03)
T6D50 000:435.870   Value=0x00000002
T6D50 000:435.884 - 0.507ms returns 0
T6D50 000:435.894 JLINK_CORESIGHT_WriteAPDPReg(AP reg 0x00, 0x80000002)
T6D50 000:436.344 - 0.449ms returns 0
T6D50 000:436.358 JLINK_CORESIGHT_WriteAPDPReg(AP reg 0x01, 0x80011120)
T6D50 000:436.811 - 0.452ms returns 0
T6D50 000:436.824 JLINK_CORESIGHT_WriteAPDPReg(AP reg 0x03, 0x73010001)
T6D50 000:437.264 - 0.440ms returns 0
T6D50 000:437.277 JLINK_CORESIGHT_WriteAPDPReg(AP reg 0x00, 0x80000002)
T6D50 000:437.718 - 0.440ms returns 0
T6D50 000:437.731 JLINK_CORESIGHT_WriteAPDPReg(AP reg 0x01, 0x80011140)
T6D50 000:438.207 - 0.475ms returns 0
T6D50 000:438.220 JLINK_CORESIGHT_ReadAPDPReg(AP reg 0x03)
T6D50 000:438.665   Value=0x00000002
T6D50 000:438.676 - 0.456ms returns 0
T6D50 000:438.686 JLINK_CORESIGHT_WriteAPDPReg(AP reg 0x00, 0x80000002)
T6D50 000:439.128 - 0.442ms returns 0
T6D50 000:439.141 JLINK_CORESIGHT_WriteAPDPReg(AP reg 0x01, 0x80011120)
T6D50 000:439.597 - 0.456ms returns 0
T6D50 000:439.610 JLINK_CORESIGHT_WriteAPDPReg(AP reg 0x03, 0x0000038C)
T6D50 000:440.011 - 0.401ms returns 0
T6D50 000:440.024 JLINK_CORESIGHT_WriteAPDPReg(AP reg 0x00, 0x80000002)
T6D50 000:440.586 - 0.562ms returns 0
T6D50 000:440.600 JLINK_CORESIGHT_WriteAPDPReg(AP reg 0x01, 0x80011140)
T6D50 000:441.002 - 0.402ms returns 0
T6D50 000:441.016 JLINK_CORESIGHT_ReadAPDPReg(AP reg 0x03)
T6D50 000:441.478   Value=0x00000002
T6D50 000:441.493 - 0.477ms returns 0
T6D50 000:441.506 JLINK_CORESIGHT_ReadAPDPReg(AP reg 0x03)
T6D50 000:442.025   Value=0x00000002
T6D50 000:442.037 - 0.530ms returns 0
T6D50 000:442.046 JLINK_CORESIGHT_ReadAPDPReg(AP reg 0x03)
T6D50 000:442.584   Value=0x00000002
T6D50 000:442.596 - 0.550ms returns 0
T6D50 000:442.605 JLINK_CORESIGHT_ReadAPDPReg(AP reg 0x03)
T6D50 000:443.049   Value=0x00000002
T6D50 000:443.061 - 0.456ms returns 0
T6D50 000:443.071 JLINK_CORESIGHT_ReadAPDPReg(AP reg 0x03)
T6D50 000:443.586   Value=0x00000002
T6D50 000:443.598 - 0.527ms returns 0
T6D50 000:443.607 JLINK_CORESIGHT_ReadAPDPReg(AP reg 0x03)
T6D50 000:444.051   Value=0x00000002
T6D50 000:444.063 - 0.456ms returns 0
T6D50 000:444.072 JLINK_CORESIGHT_ReadAPDPReg(AP reg 0x03)
T6D50 000:444.516   Value=0x00000002
T6D50 000:444.532 - 0.459ms returns 0
T6D50 000:444.542 JLINK_CORESIGHT_ReadAPDPReg(AP reg 0x03)
T6D50 000:445.036   Value=0x00000000
T6D50 000:445.050 - 0.507ms returns 0
T6D50 000:445.060 JLINK_CORESIGHT_WriteAPDPReg(AP reg 0x00, 0x80000002)
T6D50 000:445.509 - 0.449ms returns 0
T6D50 000:445.523 JLINK_CORESIGHT_WriteAPDPReg(AP reg 0x01, 0x80011130)
T6D50 000:445.964 - 0.441ms returns 0
T6D50 000:445.977 JLINK_CORESIGHT_ReadAPDPReg(AP reg 0x03)
T6D50 000:446.491   Value=0x73020081
T6D50 000:446.503 - 0.526ms returns 0
T6D50 000:446.513 JLINK_CORESIGHT_WriteAPDPReg(AP reg 0x00, 0x80000002)
T6D50 000:446.959 - 0.446ms returns 0
T6D50 000:446.972 JLINK_CORESIGHT_WriteAPDPReg(AP reg 0x01, 0x80011140)
T6D50 000:447.363 - 0.391ms returns 0
T6D50 000:447.377 JLINK_CORESIGHT_ReadAPDPReg(AP reg 0x03)
T6D50 000:447.820   Value=0x00000000
T6D50 000:447.832 - 0.455ms returns 0
T6D50 000:447.842 JLINK_CORESIGHT_WriteAPDPReg(AP reg 0x00, 0x80000002)
T6D50 000:448.284 - 0.442ms returns 0
T6D50 000:448.298 JLINK_CORESIGHT_WriteAPDPReg(AP reg 0x01, 0x80011130)
T6D50 000:448.760 - 0.462ms returns 0
T6D50 000:448.773 JLINK_CORESIGHT_ReadAPDPReg(AP reg 0x03)
T6D50 000:449.310   Value=0x00038902
T6D50 000:449.322 - 0.549ms returns 0
T6D50 000:449.333 JLINK_CORESIGHT_WriteAPDPReg(AP reg 0x00, 0x80000002)
T6D50 000:449.793 - 0.459ms returns 0
T6D50 000:449.806 JLINK_CORESIGHT_WriteAPDPReg(AP reg 0x01, 0x80011140)
T6D50 000:450.254 - 0.447ms returns 0
T6D50 000:450.267 JLINK_CORESIGHT_ReadAPDPReg(AP reg 0x03)
T6D50 000:450.752   Value=0x00000002
T6D50 000:450.764 - 0.497ms returns 0
T6D50 000:450.774 JLINK_CORESIGHT_WriteAPDPReg(AP reg 0x00, 0x80000002)
T6D50 000:451.216 - 0.442ms returns 0
T6D50 000:451.229 JLINK_CORESIGHT_WriteAPDPReg(AP reg 0x01, 0x80011120)
T6D50 000:451.736 - 0.506ms returns 0
T6D50 000:451.749 JLINK_CORESIGHT_WriteAPDPReg(AP reg 0x03, 0x75010001)
T6D50 000:452.130 - 0.381ms returns 0
T6D50 000:452.144 JLINK_CORESIGHT_WriteAPDPReg(AP reg 0x00, 0x80000002)
T6D50 000:452.519 - 0.375ms returns 0
T6D50 000:452.533 JLINK_CORESIGHT_WriteAPDPReg(AP reg 0x01, 0x80011140)
T6D50 000:452.933 - 0.400ms returns 0
T6D50 000:452.947 JLINK_CORESIGHT_ReadAPDPReg(AP reg 0x03)
T6D50 000:453.438   Value=0x00000002
T6D50 000:453.451 - 0.504ms returns 0
T6D50 000:453.461 JLINK_CORESIGHT_WriteAPDPReg(AP reg 0x00, 0x80000002)
T6D50 000:453.876 - 0.415ms returns 0
T6D50 000:453.889 JLINK_CORESIGHT_WriteAPDPReg(AP reg 0x01, 0x80011120)
T6D50 000:454.285 - 0.396ms returns 0
T6D50 000:454.298 JLINK_CORESIGHT_WriteAPDPReg(AP reg 0x03, 0x0000038A)
T6D50 000:454.762 - 0.463ms returns 0
T6D50 000:454.776 JLINK_CORESIGHT_WriteAPDPReg(AP reg 0x00, 0x80000002)
T6D50 000:455.216 - 0.440ms returns 0
T6D50 000:455.229 JLINK_CORESIGHT_WriteAPDPReg(AP reg 0x01, 0x80011140)
T6D50 000:455.628 - 0.398ms returns 0
T6D50 000:455.641 JLINK_CORESIGHT_ReadAPDPReg(AP reg 0x03)
T6D50 000:456.095   Value=0x00000002
T6D50 000:456.107 - 0.466ms returns 0
T6D50 000:456.116 JLINK_CORESIGHT_ReadAPDPReg(AP reg 0x03)
T6D50 000:456.583   Value=0x00000002
T6D50 000:456.595 - 0.478ms returns 0
T6D50 000:456.604 JLINK_CORESIGHT_ReadAPDPReg(AP reg 0x03)
T6D50 000:457.176   Value=0x00000002
T6D50 000:457.188 - 0.584ms returns 0
T6D50 000:457.198 JLINK_CORESIGHT_ReadAPDPReg(AP reg 0x03)
T6D50 000:457.764   Value=0x00000000
T6D50 000:457.777 - 0.579ms returns 0
T6D50 000:457.787 JLINK_CORESIGHT_WriteAPDPReg(AP reg 0x00, 0x80000002)
T6D50 000:458.231 - 0.444ms returns 0
T6D50 000:458.244 JLINK_CORESIGHT_WriteAPDPReg(AP reg 0x01, 0x80011130)
T6D50 000:458.707 - 0.462ms returns 0
T6D50 000:458.720 JLINK_CORESIGHT_ReadAPDPReg(AP reg 0x03)
T6D50 000:459.163   Value=0x75020081
T6D50 000:459.175 - 0.455ms returns 0
T6D50 000:459.188 JLINK_CORESIGHT_WriteAPDPReg(AP reg 0x00, 0x80000002)
T6D50 000:459.709 - 0.521ms returns 0
T6D50 000:459.725 JLINK_CORESIGHT_WriteAPDPReg(AP reg 0x01, 0x80011140)
T6D50 000:460.152 - 0.426ms returns 0
T6D50 000:460.168 JLINK_CORESIGHT_ReadAPDPReg(AP reg 0x03)
T6D50 000:460.662   Value=0x00000000
T6D50 000:460.674 - 0.506ms returns 0
T6D50 000:460.686 JLINK_CORESIGHT_WriteAPDPReg(AP reg 0x00, 0x80000002)
T6D50 000:461.139 - 0.452ms returns 0
T6D50 000:461.155 JLINK_CORESIGHT_WriteAPDPReg(AP reg 0x01, 0x80011130)
T6D50 000:461.581 - 0.426ms returns 0
T6D50 000:461.597 JLINK_CORESIGHT_ReadAPDPReg(AP reg 0x03)
T6D50 000:462.049   Value=0x00038702
T6D50 000:462.063 - 0.465ms returns 0
T6D50 000:462.113 JLINK_CORESIGHT_WriteAPDPReg(AP reg 0x00, 0x80000002)
T6D50 000:462.585 - 0.471ms returns 0
T6D50 000:462.597 JLINK_CORESIGHT_WriteAPDPReg(AP reg 0x01, 0x80011140)
T6D50 000:462.991 - 0.394ms returns 0
T6D50 000:463.005 JLINK_CORESIGHT_ReadAPDPReg(AP reg 0x03)
T6D50 000:463.500   Value=0x00000002
T6D50 000:463.512 - 0.507ms returns 0
T6D50 000:463.522 JLINK_CORESIGHT_WriteAPDPReg(AP reg 0x00, 0x80000002)
T6D50 000:463.961 - 0.439ms returns 0
T6D50 000:463.974 JLINK_CORESIGHT_WriteAPDPReg(AP reg 0x01, 0x80011120)
T6D50 000:464.364 - 0.390ms returns 0
T6D50 000:464.377 JLINK_CORESIGHT_WriteAPDPReg(AP reg 0x03, 0x4F010001)
T6D50 000:464.818 - 0.440ms returns 0
T6D50 000:464.831 JLINK_CORESIGHT_WriteAPDPReg(AP reg 0x00, 0x80000002)
T6D50 000:465.275 - 0.444ms returns 0
T6D50 000:465.288 JLINK_CORESIGHT_WriteAPDPReg(AP reg 0x01, 0x80011140)
T6D50 000:465.706 - 0.417ms returns 0
T6D50 000:465.719 JLINK_CORESIGHT_ReadAPDPReg(AP reg 0x03)
T6D50 000:466.222   Value=0x00000002
T6D50 000:466.234 - 0.514ms returns 0
T6D50 000:466.243 JLINK_CORESIGHT_WriteAPDPReg(AP reg 0x00, 0x80000002)
T6D50 000:466.708 - 0.465ms returns 0
T6D50 000:466.721 JLINK_CORESIGHT_WriteAPDPReg(AP reg 0x01, 0x80011120)
T6D50 000:467.151 - 0.429ms returns 0
T6D50 000:467.165 JLINK_CORESIGHT_WriteAPDPReg(AP reg 0x03, 0x000003B0)
T6D50 000:467.654 - 0.489ms returns 0
T6D50 000:467.668 JLINK_CORESIGHT_WriteAPDPReg(AP reg 0x00, 0x80000002)
T6D50 000:468.101 - 0.433ms returns 0
T6D50 000:468.113 JLINK_CORESIGHT_WriteAPDPReg(AP reg 0x01, 0x80011140)
T6D50 000:468.539 - 0.425ms returns 0
T6D50 000:468.563 JLINK_CORESIGHT_ReadAPDPReg(AP reg 0x03)
T6D50 000:469.062   Value=0x00000000
T6D50 000:469.077 - 0.513ms returns 0
T6D50 000:469.087 JLINK_CORESIGHT_WriteAPDPReg(AP reg 0x00, 0x80000002)
T6D50 000:469.585 - 0.497ms returns 0
T6D50 000:469.599 JLINK_CORESIGHT_WriteAPDPReg(AP reg 0x01, 0x80011130)
T6D50 000:470.050 - 0.451ms returns 0
T6D50 000:470.063 JLINK_CORESIGHT_ReadAPDPReg(AP reg 0x03)
T6D50 000:470.512   Value=0x4F0B0081
T6D50 000:470.524 - 0.460ms returns 0
T6D50 000:470.534 JLINK_CORESIGHT_WriteAPDPReg(AP reg 0x00, 0x80000002)
T6D50 000:471.006 - 0.472ms returns 0
T6D50 000:471.021 JLINK_CORESIGHT_WriteAPDPReg(AP reg 0x01, 0x80011140)
T6D50 000:471.479 - 0.458ms returns 0
T6D50 000:471.493 JLINK_CORESIGHT_ReadAPDPReg(AP reg 0x03)
T6D50 000:471.942   Value=0x00000000
T6D50 000:471.955 - 0.461ms returns 0
T6D50 000:471.964 JLINK_CORESIGHT_WriteAPDPReg(AP reg 0x00, 0x80000002)
T6D50 000:472.428 - 0.464ms returns 0
T6D50 000:472.441 JLINK_CORESIGHT_WriteAPDPReg(AP reg 0x01, 0x80011130)
T6D50 000:472.855 - 0.413ms returns 0
T6D50 000:472.868 JLINK_CORESIGHT_ReadAPDPReg(AP reg 0x03)
T6D50 000:473.354   Value=0xC0000000
T6D50 000:473.366 - 0.498ms returns 0
T6D50 000:473.376 JLINK_CORESIGHT_WriteAPDPReg(AP reg 0x00, 0x80000002)
T6D50 000:473.815 - 0.438ms returns 0
T6D50 000:473.830 JLINK_CORESIGHT_WriteAPDPReg(AP reg 0x01, 0x80011140)
T6D50 000:474.276 - 0.446ms returns 0
T6D50 000:474.289 JLINK_CORESIGHT_ReadAPDPReg(AP reg 0x03)
T6D50 000:474.778   Value=0x00000000
T6D50 000:474.790 - 0.501ms returns 0
T6D50 000:474.800 JLINK_CORESIGHT_WriteAPDPReg(AP reg 0x00, 0x80000002)
T6D50 000:475.239 - 0.439ms returns 0
T6D50 000:475.252 JLINK_CORESIGHT_WriteAPDPReg(AP reg 0x01, 0x80011130)
T6D50 000:475.720 - 0.467ms returns 0
T6D50 000:475.733 JLINK_CORESIGHT_ReadAPDPReg(AP reg 0x03)
T6D50 000:476.219   Value=0x00000000
T6D50 000:476.231 - 0.498ms returns 0
T6D50 000:476.240 JLINK_CORESIGHT_WriteAPDPReg(AP reg 0x00, 0x80000002)
T6D50 000:476.710 - 0.469ms returns 0
T6D50 000:476.723 JLINK_CORESIGHT_WriteAPDPReg(AP reg 0x01, 0x80011140)
T6D50 000:477.119 - 0.395ms returns 0
T6D50 000:477.132 JLINK_CORESIGHT_ReadAPDPReg(AP reg 0x03)
T6D50 000:477.657   Value=0x00000000
T6D50 000:477.669 - 0.537ms returns 0
T6D50 000:477.679 JLINK_CORESIGHT_WriteAPDPReg(AP reg 0x00, 0x80000002)
T6D50 000:478.134 - 0.454ms returns 0
T6D50 000:478.147 JLINK_CORESIGHT_WriteAPDPReg(AP reg 0x01, 0x80011130)
T6D50 000:478.594 - 0.447ms returns 0
T6D50 000:478.607 JLINK_CORESIGHT_ReadAPDPReg(AP reg 0x03)
T6D50 000:479.062   Value=0x03E60000
T6D50 000:479.077 - 0.469ms returns 0
T6D50 000:479.169 JLINK_CORESIGHT_WriteAPDPReg(AP reg 0x00, 0x80000002)
T6D50 000:479.583 - 0.414ms returns 0
T6D50 000:479.597 JLINK_CORESIGHT_WriteAPDPReg(AP reg 0x01, 0x80011140)
T6D50 000:479.988 - 0.390ms returns 0
T6D50 000:480.002 JLINK_CORESIGHT_ReadAPDPReg(AP reg 0x03)
T6D50 000:480.457   Value=0x00000002
T6D50 000:480.469 - 0.468ms returns 0
T6D50 000:480.479 JLINK_CORESIGHT_WriteAPDPReg(AP reg 0x00, 0x80000002)
T6D50 000:480.884 - 0.404ms returns 0
T6D50 000:480.897 JLINK_CORESIGHT_WriteAPDPReg(AP reg 0x01, 0x80011120)
T6D50 000:481.340 - 0.443ms returns 0
T6D50 000:481.354 JLINK_CORESIGHT_WriteAPDPReg(AP reg 0x03, 0x2C010001)
T6D50 000:481.755 - 0.401ms returns 0
T6D50 000:481.768 JLINK_CORESIGHT_WriteAPDPReg(AP reg 0x00, 0x80000002)
T6D50 000:482.197 - 0.429ms returns 0
T6D50 000:482.211 JLINK_CORESIGHT_WriteAPDPReg(AP reg 0x01, 0x80011140)
T6D50 000:482.723 - 0.511ms returns 0
T6D50 000:482.736 JLINK_CORESIGHT_ReadAPDPReg(AP reg 0x03)
T6D50 000:483.255   Value=0x00000002
T6D50 000:483.267 - 0.531ms returns 0
T6D50 000:483.276 JLINK_CORESIGHT_WriteAPDPReg(AP reg 0x00, 0x80000002)
T6D50 000:483.786 - 0.510ms returns 0
T6D50 000:483.799 JLINK_CORESIGHT_WriteAPDPReg(AP reg 0x01, 0x80011120)
T6D50 000:484.312 - 0.513ms returns 0
T6D50 000:484.326 JLINK_CORESIGHT_WriteAPDPReg(AP reg 0x03, 0x000003D3)
T6D50 000:484.836 - 0.510ms returns 0
T6D50 000:484.850 JLINK_CORESIGHT_WriteAPDPReg(AP reg 0x00, 0x80000002)
T6D50 000:485.322 - 0.472ms returns 0
T6D50 000:485.336 JLINK_CORESIGHT_WriteAPDPReg(AP reg 0x01, 0x80011140)
T6D50 000:485.775 - 0.438ms returns 0
T6D50 000:485.789 JLINK_CORESIGHT_ReadAPDPReg(AP reg 0x03)
T6D50 000:486.315   Value=0x00000002
T6D50 000:486.327 - 0.538ms returns 0
T6D50 000:486.360 JLINK_CORESIGHT_ReadAPDPReg(AP reg 0x03)
T6D50 000:486.835   Value=0x00000002
T6D50 000:486.849 - 0.488ms returns 0
T6D50 000:486.859 JLINK_CORESIGHT_ReadAPDPReg(AP reg 0x03)
T6D50 000:487.377   Value=0x00000002
T6D50 000:487.389 - 0.531ms returns 0
T6D50 000:487.402 JLINK_CORESIGHT_ReadAPDPReg(AP reg 0x03)
T6D50 000:487.868   Value=0x00000000
T6D50 000:487.880 - 0.478ms returns 0
T6D50 000:487.893 JLINK_CORESIGHT_WriteAPDPReg(AP reg 0x00, 0x80000002)
T6D50 000:488.402 - 0.509ms returns 0
T6D50 000:488.418 JLINK_CORESIGHT_WriteAPDPReg(AP reg 0x01, 0x80011130)
T6D50 000:488.837 - 0.419ms returns 0
T6D50 000:488.853 JLINK_CORESIGHT_ReadAPDPReg(AP reg 0x03)
T6D50 000:489.368   Value=0x2C020081
T6D50 000:489.379 - 0.527ms returns 0
T6D50 000:489.391 JLINK_CORESIGHT_WriteAPDPReg(AP reg 0x00, 0x80000002)
T6D50 000:489.834 - 0.442ms returns 0
T6D50 000:489.849 JLINK_CORESIGHT_WriteAPDPReg(AP reg 0x01, 0x80011140)
T6D50 000:490.254 - 0.404ms returns 0
T6D50 000:490.275 JLINK_CORESIGHT_ReadAPDPReg(AP reg 0x03)
T6D50 000:490.855   Value=0x00000000
T6D50 000:490.868 - 0.593ms returns 0
T6D50 000:490.882 JLINK_CORESIGHT_WriteAPDPReg(AP reg 0x00, 0x80000002)
T6D50 000:491.336 - 0.454ms returns 0
T6D50 000:491.352 JLINK_CORESIGHT_WriteAPDPReg(AP reg 0x01, 0x80011130)
T6D50 000:491.818 - 0.466ms returns 0
T6D50 000:491.834 JLINK_CORESIGHT_ReadAPDPReg(AP reg 0x03)
T6D50 000:492.319   Value=0x0003CE04
T6D50 000:492.331 - 0.497ms returns 0
T6D50 000:492.351 JLINK_CORESIGHT_WriteAPDPReg(AP reg 0x00, 0x80000002)
T6D50 000:492.763 - 0.413ms returns 0
T6D50 000:492.779 JLINK_CORESIGHT_WriteAPDPReg(AP reg 0x01, 0x80011140)
T6D50 000:493.238 - 0.458ms returns 0
T6D50 000:493.254 JLINK_CORESIGHT_ReadAPDPReg(AP reg 0x03)
T6D50 000:493.741   Value=0x00000002
T6D50 000:493.753 - 0.499ms returns 0
T6D50 000:493.766 JLINK_CORESIGHT_WriteAPDPReg(AP reg 0x00, 0x80000002)
T6D50 000:494.175 - 0.408ms returns 0
T6D50 000:494.190 JLINK_CORESIGHT_WriteAPDPReg(AP reg 0x01, 0x80011120)
T6D50 000:494.620 - 0.429ms returns 0
T6D50 000:494.636 JLINK_CORESIGHT_WriteAPDPReg(AP reg 0x03, 0x73010001)
T6D50 000:495.156 - 0.519ms returns 0
T6D50 000:495.172 JLINK_CORESIGHT_WriteAPDPReg(AP reg 0x00, 0x80000002)
T6D50 000:495.652 - 0.480ms returns 0
T6D50 000:495.668 JLINK_CORESIGHT_WriteAPDPReg(AP reg 0x01, 0x80011140)
T6D50 000:496.117 - 0.449ms returns 0
T6D50 000:496.136 JLINK_CORESIGHT_ReadAPDPReg(AP reg 0x03)
T6D50 000:496.689   Value=0x00000002
T6D50 000:496.702 - 0.565ms returns 0
T6D50 000:496.715 JLINK_CORESIGHT_WriteAPDPReg(AP reg 0x00, 0x80000002)
T6D50 000:497.194 - 0.478ms returns 0
T6D50 000:497.212 JLINK_CORESIGHT_WriteAPDPReg(AP reg 0x01, 0x80011120)
T6D50 000:497.720 - 0.508ms returns 0
T6D50 000:497.738 JLINK_CORESIGHT_WriteAPDPReg(AP reg 0x03, 0x0000038C)
T6D50 000:498.236 - 0.497ms returns 0
T6D50 000:498.253 JLINK_CORESIGHT_WriteAPDPReg(AP reg 0x00, 0x80000002)
T6D50 000:498.740 - 0.487ms returns 0
T6D50 000:498.757 JLINK_CORESIGHT_WriteAPDPReg(AP reg 0x01, 0x80011140)
T6D50 000:499.199 - 0.442ms returns 0
T6D50 000:499.219 JLINK_CORESIGHT_ReadAPDPReg(AP reg 0x03)
T6D50 000:499.782   Value=0x00000002
T6D50 000:499.795 - 0.576ms returns 0
T6D50 000:499.809 JLINK_CORESIGHT_ReadAPDPReg(AP reg 0x03)
T6D50 000:500.350   Value=0x00000002
T6D50 000:500.363 - 0.554ms returns 0
T6D50 000:500.376 JLINK_CORESIGHT_ReadAPDPReg(AP reg 0x03)
T6D50 000:500.864   Value=0x00000000
T6D50 000:500.876 - 0.500ms returns 0
T6D50 000:500.889 JLINK_CORESIGHT_WriteAPDPReg(AP reg 0x00, 0x80000002)
T6D50 000:501.361 - 0.471ms returns 0
T6D50 000:501.378 JLINK_CORESIGHT_WriteAPDPReg(AP reg 0x01, 0x80011130)
T6D50 000:501.843 - 0.465ms returns 0
T6D50 000:501.859 JLINK_CORESIGHT_ReadAPDPReg(AP reg 0x03)
T6D50 000:502.296   Value=0x73020081
T6D50 000:502.308 - 0.449ms returns 0
T6D50 000:502.320 JLINK_CORESIGHT_WriteAPDPReg(AP reg 0x00, 0x80000002)
T6D50 000:502.762 - 0.441ms returns 0
T6D50 000:502.777 JLINK_CORESIGHT_WriteAPDPReg(AP reg 0x01, 0x80011140)
T6D50 000:503.269 - 0.491ms returns 0
T6D50 000:503.288 JLINK_CORESIGHT_ReadAPDPReg(AP reg 0x03)
T6D50 000:503.781   Value=0x00000000
T6D50 000:503.793 - 0.505ms returns 0
T6D50 000:503.806 JLINK_CORESIGHT_WriteAPDPReg(AP reg 0x00, 0x80000002)
T6D50 000:504.251 - 0.445ms returns 0
T6D50 000:504.267 JLINK_CORESIGHT_WriteAPDPReg(AP reg 0x01, 0x80011130)
T6D50 000:504.748 - 0.481ms returns 0
T6D50 000:504.766 JLINK_CORESIGHT_ReadAPDPReg(AP reg 0x03)
T6D50 000:505.283   Value=0x00038902
T6D50 000:505.295 - 0.529ms returns 0
T6D50 000:505.309 JLINK_CORESIGHT_WriteAPDPReg(AP reg 0x00, 0x80000002)
T6D50 000:505.731 - 0.422ms returns 0
T6D50 000:505.747 JLINK_CORESIGHT_WriteAPDPReg(AP reg 0x01, 0x80011140)
T6D50 000:506.195 - 0.447ms returns 0
T6D50 000:506.211 JLINK_CORESIGHT_ReadAPDPReg(AP reg 0x03)
T6D50 000:506.754   Value=0x00000002
T6D50 000:506.766 - 0.554ms returns 0
T6D50 000:506.778 JLINK_CORESIGHT_WriteAPDPReg(AP reg 0x00, 0x80000002)
T6D50 000:507.262 - 0.484ms returns 0
T6D50 000:507.285 JLINK_CORESIGHT_WriteAPDPReg(AP reg 0x01, 0x80011120)
T6D50 000:507.732 - 0.446ms returns 0
T6D50 000:507.751 JLINK_CORESIGHT_WriteAPDPReg(AP reg 0x03, 0x75010001)
T6D50 000:508.197 - 0.446ms returns 0
T6D50 000:508.214 JLINK_CORESIGHT_WriteAPDPReg(AP reg 0x00, 0x80000002)
T6D50 000:508.732 - 0.517ms returns 0
T6D50 000:508.751 JLINK_CORESIGHT_WriteAPDPReg(AP reg 0x01, 0x80011140)
T6D50 000:509.156 - 0.405ms returns 0
T6D50 000:509.173 JLINK_CORESIGHT_ReadAPDPReg(AP reg 0x03)
T6D50 000:509.636   Value=0x00000002
T6D50 000:509.649 - 0.475ms returns 0
T6D50 000:509.662 JLINK_CORESIGHT_WriteAPDPReg(AP reg 0x00, 0x80000002)
T6D50 000:510.108 - 0.446ms returns 0
T6D50 000:510.124 JLINK_CORESIGHT_WriteAPDPReg(AP reg 0x01, 0x80011120)
T6D50 000:510.594 - 0.469ms returns 0
T6D50 000:510.610 JLINK_CORESIGHT_WriteAPDPReg(AP reg 0x03, 0x0000038A)
T6D50 000:511.064 - 0.453ms returns 0
T6D50 000:511.082 JLINK_CORESIGHT_WriteAPDPReg(AP reg 0x00, 0x80000002)
T6D50 000:511.618 - 0.536ms returns 0
T6D50 000:511.635 JLINK_CORESIGHT_WriteAPDPReg(AP reg 0x01, 0x80011140)
T6D50 000:512.060 - 0.425ms returns 0
T6D50 000:512.076 JLINK_CORESIGHT_ReadAPDPReg(AP reg 0x03)
T6D50 000:512.583   Value=0x00000002
T6D50 000:512.596 - 0.519ms returns 0
T6D50 000:512.609 JLINK_CORESIGHT_ReadAPDPReg(AP reg 0x03)
T6D50 000:513.096   Value=0x00000002
T6D50 000:513.109 - 0.500ms returns 0
T6D50 000:513.121 JLINK_CORESIGHT_ReadAPDPReg(AP reg 0x03)
T6D50 000:513.656   Value=0x00000002
T6D50 000:513.668 - 0.547ms returns 0
T6D50 000:513.681 JLINK_CORESIGHT_ReadAPDPReg(AP reg 0x03)
T6D50 000:514.191   Value=0x00000002
T6D50 000:514.204 - 0.522ms returns 0
T6D50 000:514.216 JLINK_CORESIGHT_ReadAPDPReg(AP reg 0x03)
T6D50 000:514.767   Value=0x00000002
T6D50 000:514.779 - 0.563ms returns 0
T6D50 000:514.791 JLINK_CORESIGHT_ReadAPDPReg(AP reg 0x03)
T6D50 000:515.300   Value=0x00000002
T6D50 000:515.312 - 0.521ms returns 0
T6D50 000:515.325 JLINK_CORESIGHT_ReadAPDPReg(AP reg 0x03)
T6D50 000:515.760   Value=0x00000000
T6D50 000:515.773 - 0.447ms returns 0
T6D50 000:515.785 JLINK_CORESIGHT_WriteAPDPReg(AP reg 0x00, 0x80000002)
T6D50 000:516.278 - 0.492ms returns 0
T6D50 000:516.294 JLINK_CORESIGHT_WriteAPDPReg(AP reg 0x01, 0x80011130)
T6D50 000:516.711 - 0.417ms returns 0
T6D50 000:516.727 JLINK_CORESIGHT_ReadAPDPReg(AP reg 0x03)
T6D50 000:517.245   Value=0x75020081
T6D50 000:517.257 - 0.530ms returns 0
T6D50 000:517.270 JLINK_CORESIGHT_WriteAPDPReg(AP reg 0x00, 0x80000002)
T6D50 000:517.716 - 0.446ms returns 0
T6D50 000:517.732 JLINK_CORESIGHT_WriteAPDPReg(AP reg 0x01, 0x80011140)
T6D50 000:518.129 - 0.397ms returns 0
T6D50 000:518.146 JLINK_CORESIGHT_ReadAPDPReg(AP reg 0x03)
T6D50 000:518.672   Value=0x00000000
T6D50 000:518.684 - 0.538ms returns 0
T6D50 000:518.697 JLINK_CORESIGHT_WriteAPDPReg(AP reg 0x00, 0x80000002)
T6D50 000:519.096 - 0.399ms returns 0
T6D50 000:519.113 JLINK_CORESIGHT_WriteAPDPReg(AP reg 0x01, 0x80011130)
T6D50 000:519.581 - 0.468ms returns 0
T6D50 000:519.598 JLINK_CORESIGHT_ReadAPDPReg(AP reg 0x03)
T6D50 000:520.062   Value=0x00038702
T6D50 000:520.075 - 0.477ms returns 0
T6D50 000:520.124 JLINK_CORESIGHT_WriteAPDPReg(AP reg 0x00, 0x80000002)
T6D50 000:520.594 - 0.470ms returns 0
T6D50 000:520.607 JLINK_CORESIGHT_WriteAPDPReg(AP reg 0x01, 0x80011140)
T6D50 000:521.036 - 0.428ms returns 0
T6D50 000:521.049 JLINK_CORESIGHT_ReadAPDPReg(AP reg 0x03)
T6D50 000:521.488   Value=0x00000002
T6D50 000:521.501 - 0.451ms returns 0
T6D50 000:521.510 JLINK_CORESIGHT_WriteAPDPReg(AP reg 0x00, 0x80000002)
T6D50 000:521.983 - 0.473ms returns 0
T6D50 000:521.996 JLINK_CORESIGHT_WriteAPDPReg(AP reg 0x01, 0x80011120)
T6D50 000:522.387 - 0.390ms returns 0
T6D50 000:522.400 JLINK_CORESIGHT_WriteAPDPReg(AP reg 0x03, 0x4E0B0001)
T6D50 000:522.817 - 0.417ms returns 0
T6D50 000:522.831 JLINK_CORESIGHT_WriteAPDPReg(AP reg 0x00, 0x80000002)
T6D50 000:523.275 - 0.444ms returns 0
T6D50 000:523.288 JLINK_CORESIGHT_WriteAPDPReg(AP reg 0x01, 0x80011140)
T6D50 000:523.733 - 0.445ms returns 0
T6D50 000:523.748 JLINK_CORESIGHT_ReadAPDPReg(AP reg 0x03)
T6D50 000:524.246   Value=0x00000002
T6D50 000:524.259 - 0.510ms returns 0
T6D50 000:524.268 JLINK_CORESIGHT_WriteAPDPReg(AP reg 0x00, 0x80000002)
T6D50 000:524.708 - 0.439ms returns 0
T6D50 000:524.721 JLINK_CORESIGHT_WriteAPDPReg(AP reg 0x01, 0x80011120)
T6D50 000:525.117 - 0.396ms returns 0
T6D50 000:525.130 JLINK_CORESIGHT_WriteAPDPReg(AP reg 0x03, 0x40000000)
T6D50 000:525.593 - 0.462ms returns 0
T6D50 000:525.606 JLINK_CORESIGHT_WriteAPDPReg(AP reg 0x00, 0x80000002)
T6D50 000:526.052 - 0.445ms returns 0
T6D50 000:526.068 JLINK_CORESIGHT_WriteAPDPReg(AP reg 0x01, 0x80011140)
T6D50 000:526.465 - 0.396ms returns 0
T6D50 000:526.478 JLINK_CORESIGHT_ReadAPDPReg(AP reg 0x03)
T6D50 000:526.945   Value=0x00000002
T6D50 000:526.957 - 0.478ms returns 0
T6D50 000:526.967 JLINK_CORESIGHT_WriteAPDPReg(AP reg 0x00, 0x80000002)
T6D50 000:527.429 - 0.462ms returns 0
T6D50 000:527.442 JLINK_CORESIGHT_WriteAPDPReg(AP reg 0x01, 0x80011120)
T6D50 000:527.885 - 0.442ms returns 0
T6D50 000:527.898 JLINK_CORESIGHT_WriteAPDPReg(AP reg 0x03, 0x00000000)
T6D50 000:528.344 - 0.446ms returns 0
T6D50 000:528.360 JLINK_CORESIGHT_WriteAPDPReg(AP reg 0x00, 0x80000002)
T6D50 000:528.821 - 0.460ms returns 0
T6D50 000:528.834 JLINK_CORESIGHT_WriteAPDPReg(AP reg 0x01, 0x80011140)
T6D50 000:529.331 - 0.497ms returns 0
T6D50 000:529.346 JLINK_CORESIGHT_ReadAPDPReg(AP reg 0x03)
T6D50 000:529.784   Value=0x00000002
T6D50 000:529.796 - 0.450ms returns 0
T6D50 000:529.806 JLINK_CORESIGHT_WriteAPDPReg(AP reg 0x00, 0x80000002)
T6D50 000:530.238 - 0.432ms returns 0
T6D50 000:530.308 JLINK_CORESIGHT_WriteAPDPReg(AP reg 0x01, 0x80011120)
T6D50 000:530.749 - 0.441ms returns 0
T6D50 000:530.763 JLINK_CORESIGHT_WriteAPDPReg(AP reg 0x03, 0x03670000)
T6D50 000:531.211 - 0.447ms returns 0
T6D50 000:531.228 JLINK_CORESIGHT_WriteAPDPReg(AP reg 0x00, 0x80000002)
T6D50 000:531.634 - 0.406ms returns 0
T6D50 000:531.648 JLINK_CORESIGHT_WriteAPDPReg(AP reg 0x01, 0x80011140)
T6D50 000:532.071 - 0.423ms returns 0
T6D50 000:532.088 JLINK_CORESIGHT_ReadAPDPReg(AP reg 0x03)
T6D50 000:532.609   Value=0x00000002
T6D50 000:532.622 - 0.534ms returns 0
T6D50 000:532.632 JLINK_CORESIGHT_ReadAPDPReg(AP reg 0x03)
T6D50 000:533.105   Value=0x00000002
T6D50 000:533.120 - 0.487ms returns 0
T6D50 000:533.130 JLINK_CORESIGHT_ReadAPDPReg(AP reg 0x03)
T6D50 000:533.645   Value=0x00000002
T6D50 000:533.659 - 0.528ms returns 0
T6D50 000:533.669 JLINK_CORESIGHT_ReadAPDPReg(AP reg 0x03)
T6D50 000:534.170   Value=0x00000002
T6D50 000:534.189 - 0.519ms returns 0
T6D50 000:534.201 JLINK_CORESIGHT_ReadAPDPReg(AP reg 0x03)
T6D50 000:534.766   Value=0x00000002
T6D50 000:534.779 - 0.578ms returns 0
T6D50 000:534.790 JLINK_CORESIGHT_ReadAPDPReg(AP reg 0x03)
T6D50 000:535.366   Value=0x00000002
T6D50 000:535.381 - 0.590ms returns 0
T6D50 000:535.402 JLINK_CORESIGHT_ReadAPDPReg(AP reg 0x03)
T6D50 000:535.951   Value=0x00000002
T6D50 000:535.966 - 0.563ms returns 0
T6D50 000:535.976 JLINK_CORESIGHT_ReadAPDPReg(AP reg 0x03)
T6D50 000:536.617   Value=0x00000002
T6D50 000:536.630 - 0.654ms returns 0
T6D50 000:536.640 JLINK_CORESIGHT_ReadAPDPReg(AP reg 0x03)
T6D50 000:537.211   Value=0x00000002
T6D50 000:537.224 - 0.584ms returns 0
T6D50 000:537.234 JLINK_CORESIGHT_ReadAPDPReg(AP reg 0x03)
T6D50 000:537.786   Value=0x00000000
T6D50 000:537.799 - 0.564ms returns 0
T6D50 000:537.809 JLINK_CORESIGHT_WriteAPDPReg(AP reg 0x00, 0x80000002)
T6D50 000:538.327 - 0.517ms returns 0
T6D50 000:538.341 JLINK_CORESIGHT_WriteAPDPReg(AP reg 0x01, 0x80011130)
T6D50 000:538.864 - 0.523ms returns 0
T6D50 000:538.877 JLINK_CORESIGHT_ReadAPDPReg(AP reg 0x03)
T6D50 000:539.413   Value=0x4E0A0081
T6D50 000:539.426 - 0.549ms returns 0
T6D50 000:539.437 JLINK_CORESIGHT_WriteAPDPReg(AP reg 0x00, 0x80000002)
T6D50 000:539.884 - 0.446ms returns 0
T6D50 000:539.897 JLINK_CORESIGHT_WriteAPDPReg(AP reg 0x01, 0x80011140)
T6D50 000:540.346 - 0.448ms returns 0
T6D50 000:540.360 JLINK_CORESIGHT_ReadAPDPReg(AP reg 0x03)
T6D50 000:540.883   Value=0x00000000
T6D50 000:540.896 - 0.536ms returns 0
T6D50 000:540.907 JLINK_CORESIGHT_WriteAPDPReg(AP reg 0x00, 0x80000002)
T6D50 000:541.338 - 0.431ms returns 0
T6D50 000:541.355 JLINK_CORESIGHT_WriteAPDPReg(AP reg 0x01, 0x80011130)
T6D50 000:541.756 - 0.401ms returns 0
T6D50 000:541.770 JLINK_CORESIGHT_ReadAPDPReg(AP reg 0x03)
T6D50 000:542.259   Value=0xFFFFFF00
T6D50 000:542.272 - 0.502ms returns 0
T6D50 000:542.282 JLINK_CORESIGHT_WriteAPDPReg(AP reg 0x00, 0x80000002)
T6D50 000:542.734 - 0.452ms returns 0
T6D50 000:542.748 JLINK_CORESIGHT_WriteAPDPReg(AP reg 0x01, 0x80011140)
T6D50 000:543.199 - 0.451ms returns 0
T6D50 000:543.213 JLINK_CORESIGHT_ReadAPDPReg(AP reg 0x03)
T6D50 000:543.753   Value=0x00000000
T6D50 000:543.766 - 0.552ms returns 0
T6D50 000:543.775 JLINK_CORESIGHT_WriteAPDPReg(AP reg 0x00, 0x80000002)
T6D50 000:544.264 - 0.488ms returns 0
T6D50 000:544.278 JLINK_CORESIGHT_WriteAPDPReg(AP reg 0x01, 0x80011130)
T6D50 000:544.776 - 0.498ms returns 0
T6D50 000:544.789 JLINK_CORESIGHT_ReadAPDPReg(AP reg 0x03)
T6D50 000:545.277   Value=0xFFFFFFFF
T6D50 000:545.289 - 0.500ms returns 0
T6D50 000:545.299 JLINK_CORESIGHT_WriteAPDPReg(AP reg 0x00, 0x80000002)
T6D50 000:545.761 - 0.461ms returns 0
T6D50 000:545.774 JLINK_CORESIGHT_WriteAPDPReg(AP reg 0x01, 0x80011140)
T6D50 000:546.255 - 0.481ms returns 0
T6D50 000:546.277 JLINK_CORESIGHT_ReadAPDPReg(AP reg 0x03)
T6D50 000:546.778   Value=0x00000000
T6D50 000:546.792 - 0.515ms returns 0
T6D50 000:546.807 JLINK_CORESIGHT_WriteAPDPReg(AP reg 0x00, 0x80000002)
T6D50 000:547.261 - 0.454ms returns 0
T6D50 000:547.278 JLINK_CORESIGHT_WriteAPDPReg(AP reg 0x01, 0x80011130)
T6D50 000:547.762 - 0.484ms returns 0
T6D50 000:547.778 JLINK_CORESIGHT_ReadAPDPReg(AP reg 0x03)
T6D50 000:548.266   Value=0x0003B0FF
T6D50 000:548.279 - 0.500ms returns 0
T6D50 000:548.329 JLINK_CORESIGHT_WriteAPDPReg(AP reg 0x00, 0x80000002)
T6D50 000:548.734 - 0.404ms returns 0
T6D50 000:548.747 JLINK_CORESIGHT_WriteAPDPReg(AP reg 0x01, 0x80011140)
T6D50 000:549.206 - 0.458ms returns 0
T6D50 000:549.221 JLINK_CORESIGHT_ReadAPDPReg(AP reg 0x03)
T6D50 000:549.696   Value=0x00000002
T6D50 000:549.708 - 0.487ms returns 0
T6D50 000:549.719 JLINK_CORESIGHT_WriteAPDPReg(AP reg 0x00, 0x80000002)
T6D50 000:550.188 - 0.469ms returns 0
T6D50 000:550.202 JLINK_CORESIGHT_WriteAPDPReg(AP reg 0x01, 0x80011120)
T6D50 000:550.648 - 0.445ms returns 0
T6D50 000:550.661 JLINK_CORESIGHT_WriteAPDPReg(AP reg 0x03, 0x4F010001)
T6D50 000:551.109 - 0.447ms returns 0
T6D50 000:551.124 JLINK_CORESIGHT_WriteAPDPReg(AP reg 0x00, 0x80000002)
T6D50 000:551.653 - 0.528ms returns 0
T6D50 000:551.666 JLINK_CORESIGHT_WriteAPDPReg(AP reg 0x01, 0x80011140)
T6D50 000:552.109 - 0.443ms returns 0
T6D50 000:552.125 JLINK_CORESIGHT_ReadAPDPReg(AP reg 0x03)
T6D50 000:552.622   Value=0x00000002
T6D50 000:552.635 - 0.510ms returns 0
T6D50 000:552.645 JLINK_CORESIGHT_WriteAPDPReg(AP reg 0x00, 0x80000002)
T6D50 000:553.095 - 0.450ms returns 0
T6D50 000:553.109 JLINK_CORESIGHT_WriteAPDPReg(AP reg 0x01, 0x80011120)
T6D50 000:553.588 - 0.479ms returns 0
T6D50 000:553.602 JLINK_CORESIGHT_WriteAPDPReg(AP reg 0x03, 0x000003B0)
T6D50 000:554.072 - 0.469ms returns 0
T6D50 000:554.097 JLINK_CORESIGHT_WriteAPDPReg(AP reg 0x00, 0x80000002)
T6D50 000:554.625 - 0.527ms returns 0
T6D50 000:554.639 JLINK_CORESIGHT_WriteAPDPReg(AP reg 0x01, 0x80011140)
T6D50 000:555.113 - 0.474ms returns 0
T6D50 000:555.130 JLINK_CORESIGHT_ReadAPDPReg(AP reg 0x03)
T6D50 000:555.632   Value=0x00000000
T6D50 000:555.644 - 0.514ms returns 0
T6D50 000:555.655 JLINK_CORESIGHT_WriteAPDPReg(AP reg 0x00, 0x80000002)
T6D50 000:556.113 - 0.458ms returns 0
T6D50 000:556.128 JLINK_CORESIGHT_WriteAPDPReg(AP reg 0x01, 0x80011130)
T6D50 000:556.591 - 0.462ms returns 0
T6D50 000:556.604 JLINK_CORESIGHT_ReadAPDPReg(AP reg 0x03)
T6D50 000:557.073   Value=0x4F0B0081
T6D50 000:557.088 - 0.483ms returns 0
T6D50 000:557.098 JLINK_CORESIGHT_WriteAPDPReg(AP reg 0x00, 0x80000002)
T6D50 000:557.584 - 0.485ms returns 0
T6D50 000:557.600 JLINK_CORESIGHT_WriteAPDPReg(AP reg 0x01, 0x80011140)
T6D50 000:558.049 - 0.448ms returns 0
T6D50 000:558.064 JLINK_CORESIGHT_ReadAPDPReg(AP reg 0x03)
T6D50 000:558.584   Value=0x00000000
T6D50 000:558.596 - 0.533ms returns 0
T6D50 000:558.607 JLINK_CORESIGHT_WriteAPDPReg(AP reg 0x00, 0x80000002)
T6D50 000:559.070 - 0.462ms returns 0
T6D50 000:559.084 JLINK_CORESIGHT_WriteAPDPReg(AP reg 0x01, 0x80011130)
T6D50 000:559.479 - 0.395ms returns 0
T6D50 000:559.493 JLINK_CORESIGHT_ReadAPDPReg(AP reg 0x03)
T6D50 000:559.947   Value=0x40000000
T6D50 000:559.959 - 0.466ms returns 0
T6D50 000:559.969 JLINK_CORESIGHT_WriteAPDPReg(AP reg 0x00, 0x80000002)
T6D50 000:560.434 - 0.464ms returns 0
T6D50 000:560.450 JLINK_CORESIGHT_WriteAPDPReg(AP reg 0x01, 0x80011140)
T6D50 000:560.890 - 0.440ms returns 0
T6D50 000:560.904 JLINK_CORESIGHT_ReadAPDPReg(AP reg 0x03)
T6D50 000:561.390   Value=0x00000000
T6D50 000:561.403 - 0.499ms returns 0
T6D50 000:561.413 JLINK_CORESIGHT_WriteAPDPReg(AP reg 0x00, 0x80000002)
T6D50 000:561.879 - 0.465ms returns 0
T6D50 000:561.893 JLINK_CORESIGHT_WriteAPDPReg(AP reg 0x01, 0x80011130)
T6D50 000:562.264 - 0.371ms returns 0
T6D50 000:562.277 JLINK_CORESIGHT_ReadAPDPReg(AP reg 0x03)
T6D50 000:562.762   Value=0x00000000
T6D50 000:562.774 - 0.496ms returns 0
T6D50 000:562.783 JLINK_CORESIGHT_WriteAPDPReg(AP reg 0x00, 0x80000002)
T6D50 000:563.233 - 0.449ms returns 0
T6D50 000:563.246 JLINK_CORESIGHT_WriteAPDPReg(AP reg 0x01, 0x80011140)
T6D50 000:563.707 - 0.461ms returns 0
T6D50 000:563.722 JLINK_CORESIGHT_ReadAPDPReg(AP reg 0x03)
T6D50 000:564.197   Value=0x00000000
T6D50 000:564.210 - 0.487ms returns 0
T6D50 000:564.220 JLINK_CORESIGHT_WriteAPDPReg(AP reg 0x00, 0x80000002)
T6D50 000:564.659 - 0.438ms returns 0
T6D50 000:564.674 JLINK_CORESIGHT_WriteAPDPReg(AP reg 0x01, 0x80011130)
T6D50 000:565.116 - 0.441ms returns 0
T6D50 000:565.131 JLINK_CORESIGHT_ReadAPDPReg(AP reg 0x03)
T6D50 000:565.676   Value=0x03660000
T6D50 000:565.689 - 0.557ms returns 0
T6D50 000:565.844 JLINK_CORESIGHT_WriteAPDPReg(AP reg 0x00, 0x80000002)
T6D50 000:566.276 - 0.431ms returns 0
T6D50 000:566.291 JLINK_CORESIGHT_WriteAPDPReg(AP reg 0x01, 0x80011140)
T6D50 000:566.812 - 0.521ms returns 0
T6D50 000:566.828 JLINK_CORESIGHT_ReadAPDPReg(AP reg 0x03)
T6D50 000:567.329   Value=0x00000002
T6D50 000:567.343 - 0.514ms returns 0
T6D50 000:567.353 JLINK_CORESIGHT_WriteAPDPReg(AP reg 0x00, 0x80000002)
T6D50 000:567.802 - 0.448ms returns 0
T6D50 000:567.816 JLINK_CORESIGHT_WriteAPDPReg(AP reg 0x01, 0x80011120)
T6D50 000:568.312 - 0.496ms returns 0
T6D50 000:568.325 JLINK_CORESIGHT_WriteAPDPReg(AP reg 0x03, 0x4F010001)
T6D50 000:568.720 - 0.394ms returns 0
T6D50 000:568.734 JLINK_CORESIGHT_WriteAPDPReg(AP reg 0x00, 0x80000002)
T6D50 000:569.191 - 0.457ms returns 0
T6D50 000:569.207 JLINK_CORESIGHT_WriteAPDPReg(AP reg 0x01, 0x80011140)
T6D50 000:569.710 - 0.502ms returns 0
T6D50 000:569.724 JLINK_CORESIGHT_ReadAPDPReg(AP reg 0x03)
T6D50 000:570.188   Value=0x00000002
T6D50 000:570.202 - 0.477ms returns 0
T6D50 000:570.213 JLINK_CORESIGHT_WriteAPDPReg(AP reg 0x00, 0x80000002)
T6D50 000:570.735 - 0.521ms returns 0
T6D50 000:570.750 JLINK_CORESIGHT_WriteAPDPReg(AP reg 0x01, 0x80011120)
T6D50 000:571.223 - 0.473ms returns 0
T6D50 000:571.237 JLINK_CORESIGHT_WriteAPDPReg(AP reg 0x03, 0x000003B0)
T6D50 000:571.743 - 0.506ms returns 0
T6D50 000:571.757 JLINK_CORESIGHT_WriteAPDPReg(AP reg 0x00, 0x80000002)
T6D50 000:572.198 - 0.440ms returns 0
T6D50 000:572.211 JLINK_CORESIGHT_WriteAPDPReg(AP reg 0x01, 0x80011140)
T6D50 000:572.731 - 0.520ms returns 0
T6D50 000:572.745 JLINK_CORESIGHT_ReadAPDPReg(AP reg 0x03)
T6D50 000:573.269   Value=0x00000002
T6D50 000:573.283 - 0.538ms returns 0
T6D50 000:573.293 JLINK_CORESIGHT_ReadAPDPReg(AP reg 0x03)
T6D50 000:573.851   Value=0x00000002
T6D50 000:573.864 - 0.570ms returns 0
T6D50 000:573.874 JLINK_CORESIGHT_ReadAPDPReg(AP reg 0x03)
T6D50 000:574.397   Value=0x00000002
T6D50 000:574.416 - 0.542ms returns 0
T6D50 000:574.431 JLINK_CORESIGHT_ReadAPDPReg(AP reg 0x03)
T6D50 000:575.015   Value=0x00000002
T6D50 000:575.030 - 0.599ms returns 0
T6D50 000:575.043 JLINK_CORESIGHT_ReadAPDPReg(AP reg 0x03)
T6D50 000:575.605   Value=0x00000000
T6D50 000:575.617 - 0.574ms returns 0
T6D50 000:575.630 JLINK_CORESIGHT_WriteAPDPReg(AP reg 0x00, 0x80000002)
T6D50 000:576.123 - 0.492ms returns 0
T6D50 000:576.139 JLINK_CORESIGHT_WriteAPDPReg(AP reg 0x01, 0x80011130)
T6D50 000:576.647 - 0.507ms returns 0
T6D50 000:576.662 JLINK_CORESIGHT_ReadAPDPReg(AP reg 0x03)
T6D50 000:577.227   Value=0x4F0B0081
T6D50 000:577.239 - 0.577ms returns 0
T6D50 000:577.252 JLINK_CORESIGHT_WriteAPDPReg(AP reg 0x00, 0x80000002)
T6D50 000:577.741 - 0.489ms returns 0
T6D50 000:577.757 JLINK_CORESIGHT_WriteAPDPReg(AP reg 0x01, 0x80011140)
T6D50 000:578.317 - 0.560ms returns 0
T6D50 000:578.345 JLINK_CORESIGHT_ReadAPDPReg(AP reg 0x03)
T6D50 000:578.848   Value=0x00000000
T6D50 000:578.862 - 0.517ms returns 0
T6D50 000:578.876 JLINK_CORESIGHT_WriteAPDPReg(AP reg 0x00, 0x80000002)
T6D50 000:579.277 - 0.401ms returns 0
T6D50 000:579.295 JLINK_CORESIGHT_WriteAPDPReg(AP reg 0x01, 0x80011130)
T6D50 000:579.722 - 0.427ms returns 0
T6D50 000:579.738 JLINK_CORESIGHT_ReadAPDPReg(AP reg 0x03)
T6D50 000:580.300   Value=0x40000000
T6D50 000:580.314 - 0.575ms returns 0
T6D50 000:580.328 JLINK_CORESIGHT_WriteAPDPReg(AP reg 0x00, 0x80000002)
T6D50 000:580.751 - 0.423ms returns 0
T6D50 000:580.769 JLINK_CORESIGHT_WriteAPDPReg(AP reg 0x01, 0x80011140)
T6D50 000:581.230 - 0.461ms returns 0
T6D50 000:581.248 JLINK_CORESIGHT_ReadAPDPReg(AP reg 0x03)
T6D50 000:581.765   Value=0x00000000
T6D50 000:581.779 - 0.531ms returns 0
T6D50 000:581.793 JLINK_CORESIGHT_WriteAPDPReg(AP reg 0x00, 0x80000002)
T6D50 000:582.180 - 0.387ms returns 0
T6D50 000:582.197 JLINK_CORESIGHT_WriteAPDPReg(AP reg 0x01, 0x80011130)
T6D50 000:582.629 - 0.432ms returns 0
T6D50 000:582.646 JLINK_CORESIGHT_ReadAPDPReg(AP reg 0x03)
T6D50 000:583.093   Value=0x00000000
T6D50 000:583.107 - 0.461ms returns 0
T6D50 000:583.121 JLINK_CORESIGHT_WriteAPDPReg(AP reg 0x00, 0x80000002)
T6D50 000:583.638 - 0.517ms returns 0
T6D50 000:583.657 JLINK_CORESIGHT_WriteAPDPReg(AP reg 0x01, 0x80011140)
T6D50 000:584.087 - 0.430ms returns 0
T6D50 000:584.106 JLINK_CORESIGHT_ReadAPDPReg(AP reg 0x03)
T6D50 000:584.632   Value=0x00000000
T6D50 000:584.645 - 0.539ms returns 0
T6D50 000:584.658 JLINK_CORESIGHT_WriteAPDPReg(AP reg 0x00, 0x80000002)
T6D50 000:585.109 - 0.450ms returns 0
T6D50 000:585.128 JLINK_CORESIGHT_WriteAPDPReg(AP reg 0x01, 0x80011130)
T6D50 000:585.587 - 0.459ms returns 0
T6D50 000:585.604 JLINK_CORESIGHT_ReadAPDPReg(AP reg 0x03)
T6D50 000:586.120   Value=0x03660000
T6D50 000:586.134 - 0.530ms returns 0
T6D50 000:586.155 JLINK_CORESIGHT_ReadAPDPReg(DP reg 0x01)
T6D50 000:586.700   Value=0xF0000F40
T6D50 000:586.714 - 0.559ms returns 0
T6D50 000:586.728 JLINK_CORESIGHT_WriteAPDPReg(DP reg 0x01, 0xA0000F40)
T6D50 000:587.202 - 0.473ms returns 0
T6D50 000:587.219 JLINK_CORESIGHT_ReadAPDPReg(DP reg 0x01)
T6D50 000:587.627   Value=0x00000F40
T6D50 000:587.640 - 0.420ms returns 0
T6D50 000:587.652 JLINK_ClrRESET()
T6D50 000:588.350 - 0.697ms 
T6D50 000:692.403 JLINK_Close()
T6D50 000:705.188 - 12.784ms
T6D50 000:705.216   
T6D50 000:705.227   Closed
