T7610 000:001.451   SEGGER J-Link V8.44a Log File
T7610 000:001.585   DLL Compiled: Jun 18 2025 16:28:32
T7610 000:001.592   Logging started @ 2025-07-29 02:17
T7610 000:001.598   Process: C:\Users\20537\.eclipse\com.renesas.platform_2070713661\DebugComp\RA\e2-server-gdb.exe
T7610 000:001.609 - 1.603ms 
T7610 000:001.627 JLINK_GetDLLVersion()
T7610 000:001.634 - 0.007ms returns 84401
T7610 000:004.111 JLINK_OpenEx(...)
T7610 000:012.631   Firmware: J-Link OB-RA4M2-Full compiled Apr  1 2025 10:14:06
T7610 000:014.060   Firmware: J-Link OB-RA4M2-Full compiled Apr  1 2025 10:14:06
T7610 000:027.115   Hardware: V1.00
T7610 000:027.135   S/N: 24060501
T7610 000:027.143   OEM: SEGGER
T7610 000:027.152   Feature(s): GDB, FlashDL, FlashBP, JFlash, RDI
T7610 000:028.509   Bootloader: 2021 May 14
T7610 000:029.487   USB speed mode: Full speed (12 MBit/s)
T7610 000:030.189   TELNET listener socket opened on port 19021
T7610 000:030.335   WEBSRV WEBSRV_Init(): Starting webserver thread(s)
T7610 000:030.463   WEBSRV Webserver running on local port 19080
T7610 000:030.580   Looking for J-Link GUI Server exe at: C:\Users\20537\.eclipse\com.renesas.platform_2070713661\DebugComp\RA\ARM\Segger_v8.44.1\JLinkGUIServer.exe
T7610 000:030.695   Looking for J-Link GUI Server exe at: C:\Program Files\SEGGER\JLink_V810h\JLinkGUIServer.exe
T7610 000:030.736   Forking J-Link GUI Server: C:\Program Files\SEGGER\JLink_V810h\JLinkGUIServer.exe
T7610 000:057.006   J-Link GUI Server info: "J-Link GUI server V8.10h "
T7610 000:064.420 - 60.304ms returns "O.K."
T7610 000:064.516 JLINK_TIF_Select(JLINKARM_TIF_SWD)
T7610 000:065.958 - 1.442ms returns 0x00
T7610 000:065.978 JLINK_ClrRESET()
T7610 000:066.728 - 0.748ms 
T7610 000:116.916 JLINK_SetSpeed(1500)
T7610 000:117.219 - 0.311ms 
T7610 000:117.241 JLINK_CORESIGHT_Configure(PerformTIFInit=0)
T7610 000:117.981 - 0.739ms returns 0
T7610 000:118.006 JLINK_CORESIGHT_ReadAPDPReg(DP reg 0x00)
T7610 000:118.688   Value=0x6BA02477
T7610 000:118.701 - 0.697ms returns 0
T7610 000:118.752 JLINK_CORESIGHT_WriteAPDPReg(DP reg 0x00, 0x0000001F)
T7610 000:119.154 - 0.401ms returns 0
T7610 000:119.169 JLINK_CORESIGHT_ReadAPDPReg(DP reg 0x00)
T7610 000:119.583   Value=0x6BA02477
T7610 000:119.595 - 0.426ms returns 0
T7610 000:119.605 JLINK_CORESIGHT_WriteAPDPReg(DP reg 0x02, 0x00000000)
T7610 000:120.078 - 0.472ms returns 0
T7610 000:120.095 JLINK_CORESIGHT_WriteAPDPReg(DP reg 0x01, 0x50000000)
T7610 000:120.518 - 0.423ms returns 0
T7610 000:120.538 JLINK_CORESIGHT_ReadAPDPReg(DP reg 0x01)
T7610 000:121.024   Value=0xF0000040
T7610 000:121.039 - 0.501ms returns 0
T7610 000:121.050 JLINK_CORESIGHT_WriteAPDPReg(DP reg 0x00, 0x0000001F)
T7610 000:121.506 - 0.456ms returns 0
T7610 000:121.521 JLINK_CORESIGHT_ReadAPDPReg(DP reg 0x00)
T7610 000:122.065   Value=0x6BA02477
T7610 000:122.079 - 0.557ms returns 0
T7610 000:122.089 JLINK_CORESIGHT_WriteAPDPReg(DP reg 0x01, 0x54000000)
T7610 000:122.508 - 0.418ms returns 0
T7610 000:122.521 JLINK_CORESIGHT_WriteAPDPReg(DP reg 0x01, 0x50000F00)
T7610 000:122.954 - 0.432ms returns 0
T7610 000:122.970 JLINK_CORESIGHT_WriteAPDPReg(DP reg 0x02, 0x01000000)
T7610 000:123.368 - 0.398ms returns 0
T7610 000:123.382 JLINK_CORESIGHT_WriteAPDPReg(AP reg 0x00, 0x80000002)
T7610 000:123.799 - 0.417ms returns 0
T7610 000:123.812 JLINK_CORESIGHT_WriteAPDPReg(AP reg 0x01, 0x80011100)
T7610 000:124.228 - 0.416ms returns 0
T7610 000:124.241 JLINK_CORESIGHT_WriteAPDPReg(AP reg 0x03, 0x000000A5)
T7610 000:124.686 - 0.445ms returns 0
T7610 000:124.699 JLINK_CORESIGHT_WriteAPDPReg(AP reg 0x00, 0x80000002)
T7610 000:125.143 - 0.443ms returns 0
T7610 000:125.156 JLINK_CORESIGHT_WriteAPDPReg(AP reg 0x01, 0x80011100)
T7610 000:125.649 - 0.493ms returns 0
T7610 000:125.662 JLINK_CORESIGHT_ReadAPDPReg(AP reg 0x03)
T7610 000:126.166   Value=0x000000A5
T7610 000:126.178 - 0.515ms returns 0
T7610 000:126.188 JLINK_ClrTMS()
T7610 000:126.480 - 0.291ms 
T7610 000:131.969 JLINK_SetTCK()
T7610 000:132.289 - 0.319ms returns 0
T7610 000:137.907 JLINK_SetRESET()
T7610 000:138.242 - 0.335ms 
T7610 000:339.153 JLINK_CORESIGHT_WriteAPDPReg(AP reg 0x00, 0x80000002)
T7610 000:339.609 - 0.455ms returns 0
T7610 000:339.624 JLINK_CORESIGHT_WriteAPDPReg(AP reg 0x01, 0x80011100)
T7610 000:340.063 - 0.439ms returns 0
T7610 000:340.076 JLINK_CORESIGHT_ReadAPDPReg(AP reg 0x03)
T7610 000:340.560   Value=0x00000000
T7610 000:340.572 - 0.496ms returns 0
T7610 000:340.584 JLINK_CORESIGHT_WriteAPDPReg(AP reg 0x00, 0x80000002)
T7610 000:341.096 - 0.512ms returns 0
T7610 000:341.109 JLINK_CORESIGHT_WriteAPDPReg(AP reg 0x01, 0x80011140)
T7610 000:341.558 - 0.449ms returns 0
T7610 000:341.573 JLINK_CORESIGHT_ReadAPDPReg(AP reg 0x03)
T7610 000:342.143   Value=0x00000002
T7610 000:342.158 - 0.585ms returns 0
T7610 000:342.169 JLINK_CORESIGHT_WriteAPDPReg(AP reg 0x00, 0x80000002)
T7610 000:342.631 - 0.462ms returns 0
T7610 000:342.645 JLINK_CORESIGHT_WriteAPDPReg(AP reg 0x01, 0x80011120)
T7610 000:343.081 - 0.436ms returns 0
T7610 000:343.094 JLINK_CORESIGHT_WriteAPDPReg(AP reg 0x03, 0x00000055)
T7610 000:343.551 - 0.457ms returns 0
T7610 000:343.564 JLINK_CORESIGHT_WriteAPDPReg(AP reg 0x00, 0x80000002)
T7610 000:344.102 - 0.537ms returns 0
T7610 000:344.116 JLINK_CORESIGHT_WriteAPDPReg(AP reg 0x01, 0x80011140)
T7610 000:344.631 - 0.515ms returns 0
T7610 000:344.649 JLINK_CORESIGHT_ReadAPDPReg(AP reg 0x03)
T7610 000:345.267   Value=0x00000002
T7610 000:345.280 - 0.631ms returns 0
T7610 000:345.290 JLINK_CORESIGHT_ReadAPDPReg(AP reg 0x03)
T7610 000:345.781   Value=0x00000002
T7610 000:345.794 - 0.503ms returns 0
T7610 000:345.804 JLINK_CORESIGHT_ReadAPDPReg(AP reg 0x03)
T7610 000:346.459   Value=0x00000002
T7610 000:346.471 - 0.667ms returns 0
T7610 000:346.484 JLINK_CORESIGHT_ReadAPDPReg(AP reg 0x03)
T7610 000:347.038   Value=0x00000002
T7610 000:347.050 - 0.565ms returns 0
T7610 000:347.062 JLINK_CORESIGHT_ReadAPDPReg(AP reg 0x03)
T7610 000:347.551   Value=0x00000002
T7610 000:347.563 - 0.501ms returns 0
T7610 000:347.575 JLINK_CORESIGHT_ReadAPDPReg(AP reg 0x03)
T7610 000:348.041   Value=0x00000002
T7610 000:348.053 - 0.478ms returns 0
T7610 000:348.065 JLINK_CORESIGHT_ReadAPDPReg(AP reg 0x03)
T7610 000:348.530   Value=0x00000002
T7610 000:348.543 - 0.477ms returns 0
T7610 000:348.555 JLINK_CORESIGHT_ReadAPDPReg(AP reg 0x03)
T7610 000:349.055   Value=0x00000002
T7610 000:349.068 - 0.512ms returns 0
T7610 000:349.080 JLINK_CORESIGHT_ReadAPDPReg(AP reg 0x03)
T7610 000:349.528   Value=0x00000002
T7610 000:349.542 - 0.462ms returns 0
T7610 000:349.555 JLINK_CORESIGHT_ReadAPDPReg(AP reg 0x03)
T7610 000:350.055   Value=0x00000002
T7610 000:350.068 - 0.512ms returns 0
T7610 000:350.113 JLINK_CORESIGHT_ReadAPDPReg(AP reg 0x03)
T7610 000:350.614   Value=0x00000002
T7610 000:350.627 - 0.513ms returns 0
T7610 000:350.637 JLINK_CORESIGHT_ReadAPDPReg(AP reg 0x03)
T7610 000:351.133   Value=0x00000002
T7610 000:351.147 - 0.510ms returns 0
T7610 000:351.157 JLINK_CORESIGHT_ReadAPDPReg(AP reg 0x03)
T7610 000:351.599   Value=0x00000002
T7610 000:351.612 - 0.454ms returns 0
T7610 000:351.621 JLINK_CORESIGHT_ReadAPDPReg(AP reg 0x03)
T7610 000:352.126   Value=0x00000002
T7610 000:352.141 - 0.520ms returns 0
T7610 000:352.151 JLINK_CORESIGHT_ReadAPDPReg(AP reg 0x03)
T7610 000:352.644   Value=0x00000002
T7610 000:352.656 - 0.505ms returns 0
T7610 000:352.666 JLINK_CORESIGHT_ReadAPDPReg(AP reg 0x03)
T7610 000:353.154   Value=0x00000002
T7610 000:353.167 - 0.501ms returns 0
T7610 000:353.176 JLINK_CORESIGHT_ReadAPDPReg(AP reg 0x03)
T7610 000:353.662   Value=0x00000002
T7610 000:353.674 - 0.497ms returns 0
T7610 000:353.684 JLINK_CORESIGHT_ReadAPDPReg(AP reg 0x03)
T7610 000:354.176   Value=0x00000002
T7610 000:354.188 - 0.504ms returns 0
T7610 000:354.197 JLINK_CORESIGHT_ReadAPDPReg(AP reg 0x03)
T7610 000:354.684   Value=0x00000002
T7610 000:354.696 - 0.499ms returns 0
T7610 000:354.706 JLINK_CORESIGHT_ReadAPDPReg(AP reg 0x03)
T7610 000:355.202   Value=0x00000002
T7610 000:355.215 - 0.508ms returns 0
T7610 000:355.224 JLINK_CORESIGHT_ReadAPDPReg(AP reg 0x03)
T7610 000:355.652   Value=0x00000000
T7610 000:355.666 - 0.441ms returns 0
T7610 000:355.676 JLINK_CORESIGHT_WriteAPDPReg(AP reg 0x00, 0x80000002)
T7610 000:356.142 - 0.465ms returns 0
T7610 000:356.155 JLINK_CORESIGHT_WriteAPDPReg(AP reg 0x01, 0x80011130)
T7610 000:356.645 - 0.490ms returns 0
T7610 000:356.657 JLINK_CORESIGHT_ReadAPDPReg(AP reg 0x03)
T7610 000:357.166   Value=0x000000C6
T7610 000:357.178 - 0.520ms returns 0
T7610 000:357.193 JLINK_CORESIGHT_WriteAPDPReg(AP reg 0x00, 0x80000002)
T7610 000:357.597 - 0.403ms returns 0
T7610 000:357.610 JLINK_CORESIGHT_WriteAPDPReg(AP reg 0x01, 0x80011140)
T7610 000:358.079 - 0.469ms returns 0
T7610 000:358.093 JLINK_CORESIGHT_ReadAPDPReg(AP reg 0x03)
T7610 000:358.640   Value=0x00000002
T7610 000:358.676 - 0.583ms returns 0
T7610 000:358.764 JLINK_CORESIGHT_WriteAPDPReg(AP reg 0x00, 0x80000002)
T7610 000:359.231 - 0.498ms returns 0
T7610 000:359.246 JLINK_CORESIGHT_WriteAPDPReg(AP reg 0x01, 0x80011120)
T7610 000:359.691 - 0.445ms returns 0
T7610 000:359.704 JLINK_CORESIGHT_WriteAPDPReg(AP reg 0x03, 0x3A010001)
T7610 000:360.129 - 0.424ms returns 0
T7610 000:360.178 JLINK_CORESIGHT_WriteAPDPReg(AP reg 0x00, 0x80000002)
T7610 000:360.718 - 0.540ms returns 0
T7610 000:360.742 JLINK_CORESIGHT_WriteAPDPReg(AP reg 0x01, 0x80011140)
T7610 000:361.150 - 0.407ms returns 0
T7610 000:361.166 JLINK_CORESIGHT_ReadAPDPReg(AP reg 0x03)
T7610 000:361.621   Value=0x00000002
T7610 000:361.634 - 0.468ms returns 0
T7610 000:361.644 JLINK_CORESIGHT_WriteAPDPReg(AP reg 0x00, 0x80000002)
T7610 000:362.121 - 0.476ms returns 0
T7610 000:362.172 JLINK_CORESIGHT_WriteAPDPReg(AP reg 0x01, 0x80011120)
T7610 000:362.794 - 0.622ms returns 0
T7610 000:362.810 JLINK_CORESIGHT_WriteAPDPReg(AP reg 0x03, 0x000003C5)
T7610 000:363.239 - 0.429ms returns 0
T7610 000:363.254 JLINK_CORESIGHT_WriteAPDPReg(AP reg 0x00, 0x80000002)
T7610 000:363.755 - 0.501ms returns 0
T7610 000:363.769 JLINK_CORESIGHT_WriteAPDPReg(AP reg 0x01, 0x80011140)
T7610 000:364.218 - 0.449ms returns 0
T7610 000:364.232 JLINK_CORESIGHT_ReadAPDPReg(AP reg 0x03)
T7610 000:364.794   Value=0x00000002
T7610 000:364.807 - 0.574ms returns 0
T7610 000:364.816 JLINK_CORESIGHT_ReadAPDPReg(AP reg 0x03)
T7610 000:365.271   Value=0x00000002
T7610 000:365.283 - 0.466ms returns 0
T7610 000:365.292 JLINK_CORESIGHT_ReadAPDPReg(AP reg 0x03)
T7610 000:365.776   Value=0x00000002
T7610 000:365.788 - 0.495ms returns 0
T7610 000:365.798 JLINK_CORESIGHT_ReadAPDPReg(AP reg 0x03)
T7610 000:366.275   Value=0x00000002
T7610 000:366.290 - 0.492ms returns 0
T7610 000:366.300 JLINK_CORESIGHT_ReadAPDPReg(AP reg 0x03)
T7610 000:366.747   Value=0x00000002
T7610 000:366.760 - 0.459ms returns 0
T7610 000:366.769 JLINK_CORESIGHT_ReadAPDPReg(AP reg 0x03)
T7610 000:367.284   Value=0x00000002
T7610 000:367.297 - 0.527ms returns 0
T7610 000:367.307 JLINK_CORESIGHT_ReadAPDPReg(AP reg 0x03)
T7610 000:367.802   Value=0x00000002
T7610 000:367.814 - 0.506ms returns 0
T7610 000:367.823 JLINK_CORESIGHT_ReadAPDPReg(AP reg 0x03)
T7610 000:368.328   Value=0x00000000
T7610 000:368.342 - 0.518ms returns 0
T7610 000:368.352 JLINK_CORESIGHT_WriteAPDPReg(AP reg 0x00, 0x80000002)
T7610 000:368.752 - 0.400ms returns 0
T7610 000:368.765 JLINK_CORESIGHT_WriteAPDPReg(AP reg 0x01, 0x80011130)
T7610 000:369.214 - 0.448ms returns 0
T7610 000:369.227 JLINK_CORESIGHT_ReadAPDPReg(AP reg 0x03)
T7610 000:369.744   Value=0x3A2A0081
T7610 000:369.756 - 0.528ms returns 0
T7610 000:369.766 JLINK_CORESIGHT_WriteAPDPReg(AP reg 0x00, 0x80000002)
T7610 000:370.227 - 0.461ms returns 0
T7610 000:370.240 JLINK_CORESIGHT_WriteAPDPReg(AP reg 0x01, 0x80011140)
T7610 000:370.687 - 0.447ms returns 0
T7610 000:370.700 JLINK_CORESIGHT_ReadAPDPReg(AP reg 0x03)
T7610 000:371.173   Value=0x00000000
T7610 000:371.199 - 0.498ms returns 0
T7610 000:371.210 JLINK_CORESIGHT_WriteAPDPReg(AP reg 0x00, 0x80000002)
T7610 000:371.604 - 0.394ms returns 0
T7610 000:371.619 JLINK_CORESIGHT_WriteAPDPReg(AP reg 0x01, 0x80011130)
T7610 000:372.074 - 0.455ms returns 0
T7610 000:372.094 JLINK_CORESIGHT_ReadAPDPReg(AP reg 0x03)
T7610 000:372.562   Value=0x808D5B00
T7610 000:372.574 - 0.480ms returns 0
T7610 000:372.584 JLINK_CORESIGHT_WriteAPDPReg(AP reg 0x00, 0x80000002)
T7610 000:373.079 - 0.495ms returns 0
T7610 000:373.092 JLINK_CORESIGHT_WriteAPDPReg(AP reg 0x01, 0x80011140)
T7610 000:373.562 - 0.469ms returns 0
T7610 000:373.577 JLINK_CORESIGHT_ReadAPDPReg(AP reg 0x03)
T7610 000:374.129   Value=0x00000000
T7610 000:374.144 - 0.566ms returns 0
T7610 000:374.154 JLINK_CORESIGHT_WriteAPDPReg(AP reg 0x00, 0x80000002)
T7610 000:374.558 - 0.404ms returns 0
T7610 000:374.575 JLINK_CORESIGHT_WriteAPDPReg(AP reg 0x01, 0x80011130)
T7610 000:375.082 - 0.506ms returns 0
T7610 000:375.098 JLINK_CORESIGHT_ReadAPDPReg(AP reg 0x03)
T7610 000:375.584   Value=0x0306070A
T7610 000:375.596 - 0.497ms returns 0
T7610 000:375.608 JLINK_CORESIGHT_WriteAPDPReg(AP reg 0x00, 0x80000002)
T7610 000:376.076 - 0.467ms returns 0
T7610 000:376.092 JLINK_CORESIGHT_WriteAPDPReg(AP reg 0x01, 0x80011140)
T7610 000:376.543 - 0.451ms returns 0
T7610 000:376.563 JLINK_CORESIGHT_ReadAPDPReg(AP reg 0x03)
T7610 000:377.123   Value=0x00000000
T7610 000:377.138 - 0.575ms returns 0
T7610 000:377.150 JLINK_CORESIGHT_WriteAPDPReg(AP reg 0x00, 0x80000002)
T7610 000:377.622 - 0.472ms returns 0
T7610 000:377.638 JLINK_CORESIGHT_WriteAPDPReg(AP reg 0x01, 0x80011130)
T7610 000:378.085 - 0.446ms returns 0
T7610 000:378.101 JLINK_CORESIGHT_ReadAPDPReg(AP reg 0x03)
T7610 000:378.576   Value=0x30545408
T7610 000:378.589 - 0.488ms returns 0
T7610 000:378.602 JLINK_CORESIGHT_WriteAPDPReg(AP reg 0x00, 0x80000002)
T7610 000:379.096 - 0.493ms returns 0
T7610 000:379.112 JLINK_CORESIGHT_WriteAPDPReg(AP reg 0x01, 0x80011140)
T7610 000:379.545 - 0.433ms returns 0
T7610 000:379.563 JLINK_CORESIGHT_ReadAPDPReg(AP reg 0x03)
T7610 000:380.119   Value=0x00000000
T7610 000:380.131 - 0.568ms returns 0
T7610 000:380.147 JLINK_CORESIGHT_WriteAPDPReg(AP reg 0x00, 0x80000002)
T7610 000:380.643 - 0.496ms returns 0
T7610 000:380.659 JLINK_CORESIGHT_WriteAPDPReg(AP reg 0x01, 0x80011130)
T7610 000:381.125 - 0.465ms returns 0
T7610 000:381.143 JLINK_CORESIGHT_ReadAPDPReg(AP reg 0x03)
T7610 000:381.631   Value=0x54F572C8
T7610 000:381.643 - 0.500ms returns 0
T7610 000:381.656 JLINK_CORESIGHT_WriteAPDPReg(AP reg 0x00, 0x80000002)
T7610 000:382.097 - 0.441ms returns 0
T7610 000:382.113 JLINK_CORESIGHT_WriteAPDPReg(AP reg 0x01, 0x80011140)
T7610 000:382.564 - 0.451ms returns 0
T7610 000:382.581 JLINK_CORESIGHT_ReadAPDPReg(AP reg 0x03)
T7610 000:383.119   Value=0x00000000
T7610 000:383.131 - 0.550ms returns 0
T7610 000:383.146 JLINK_CORESIGHT_WriteAPDPReg(AP reg 0x00, 0x80000002)
T7610 000:383.586 - 0.439ms returns 0
T7610 000:383.602 JLINK_CORESIGHT_WriteAPDPReg(AP reg 0x01, 0x80011130)
T7610 000:384.074 - 0.472ms returns 0
T7610 000:384.090 JLINK_CORESIGHT_ReadAPDPReg(AP reg 0x03)
T7610 000:384.505   Value=0x32355536
T7610 000:384.518 - 0.427ms returns 0
T7610 000:384.530 JLINK_CORESIGHT_WriteAPDPReg(AP reg 0x00, 0x80000002)
T7610 000:384.995 - 0.466ms returns 0
T7610 000:385.011 JLINK_CORESIGHT_WriteAPDPReg(AP reg 0x01, 0x80011140)
T7610 000:385.599 - 0.587ms returns 0
T7610 000:385.615 JLINK_CORESIGHT_ReadAPDPReg(AP reg 0x03)
T7610 000:386.134   Value=0x00000000
T7610 000:386.148 - 0.533ms returns 0
T7610 000:386.161 JLINK_CORESIGHT_WriteAPDPReg(AP reg 0x00, 0x80000002)
T7610 000:386.608 - 0.447ms returns 0
T7610 000:386.624 JLINK_CORESIGHT_WriteAPDPReg(AP reg 0x01, 0x80011130)
T7610 000:387.086 - 0.461ms returns 0
T7610 000:387.102 JLINK_CORESIGHT_ReadAPDPReg(AP reg 0x03)
T7610 000:387.621   Value=0x87022D38
T7610 000:387.635 - 0.533ms returns 0
T7610 000:387.648 JLINK_CORESIGHT_WriteAPDPReg(AP reg 0x00, 0x80000002)
T7610 000:388.125 - 0.477ms returns 0
T7610 000:388.190 JLINK_CORESIGHT_WriteAPDPReg(AP reg 0x01, 0x80011140)
T7610 000:388.587 - 0.398ms returns 0
T7610 000:388.604 JLINK_CORESIGHT_ReadAPDPReg(AP reg 0x03)
T7610 000:389.181   Value=0x00000000
T7610 000:389.206 - 0.602ms returns 0
T7610 000:389.266 JLINK_CORESIGHT_WriteAPDPReg(AP reg 0x00, 0x80000002)
T7610 000:389.691 - 0.425ms returns 0
T7610 000:389.708 JLINK_CORESIGHT_WriteAPDPReg(AP reg 0x01, 0x80011130)
T7610 000:390.200 - 0.491ms returns 0
T7610 000:390.217 JLINK_CORESIGHT_ReadAPDPReg(AP reg 0x03)
T7610 000:390.715   Value=0x4B375279
T7610 000:390.729 - 0.512ms returns 0
T7610 000:390.743 JLINK_CORESIGHT_WriteAPDPReg(AP reg 0x00, 0x80000002)
T7610 000:391.178 - 0.435ms returns 0
T7610 000:391.195 JLINK_CORESIGHT_WriteAPDPReg(AP reg 0x01, 0x80011140)
T7610 000:391.691 - 0.495ms returns 0
T7610 000:391.707 JLINK_CORESIGHT_ReadAPDPReg(AP reg 0x03)
T7610 000:392.234   Value=0x00000000
T7610 000:392.246 - 0.539ms returns 0
T7610 000:392.259 JLINK_CORESIGHT_WriteAPDPReg(AP reg 0x00, 0x80000002)
T7610 000:392.702 - 0.443ms returns 0
T7610 000:392.718 JLINK_CORESIGHT_WriteAPDPReg(AP reg 0x01, 0x80011130)
T7610 000:393.130 - 0.412ms returns 0
T7610 000:393.191 JLINK_CORESIGHT_ReadAPDPReg(AP reg 0x03)
T7610 000:393.713   Value=0x31503841
T7610 000:393.726 - 0.535ms returns 0
T7610 000:393.738 JLINK_CORESIGHT_WriteAPDPReg(AP reg 0x00, 0x80000002)
T7610 000:394.211 - 0.472ms returns 0
T7610 000:394.227 JLINK_CORESIGHT_WriteAPDPReg(AP reg 0x01, 0x80011140)
T7610 000:394.654 - 0.427ms returns 0
T7610 000:394.672 JLINK_CORESIGHT_ReadAPDPReg(AP reg 0x03)
T7610 000:395.245   Value=0x00000000
T7610 000:395.258 - 0.586ms returns 0
T7610 000:395.272 JLINK_CORESIGHT_WriteAPDPReg(AP reg 0x00, 0x80000002)
T7610 000:395.701 - 0.428ms returns 0
T7610 000:395.719 JLINK_CORESIGHT_WriteAPDPReg(AP reg 0x01, 0x80011130)
T7610 000:396.189 - 0.470ms returns 0
T7610 000:396.207 JLINK_CORESIGHT_ReadAPDPReg(AP reg 0x03)
T7610 000:396.710   Value=0x434C464B
T7610 000:396.722 - 0.515ms returns 0
T7610 000:396.734 JLINK_CORESIGHT_WriteAPDPReg(AP reg 0x00, 0x80000002)
T7610 000:397.146 - 0.411ms returns 0
T7610 000:397.161 JLINK_CORESIGHT_WriteAPDPReg(AP reg 0x01, 0x80011140)
T7610 000:397.605 - 0.444ms returns 0
T7610 000:397.622 JLINK_CORESIGHT_ReadAPDPReg(AP reg 0x03)
T7610 000:398.144   Value=0x00000000
T7610 000:398.157 - 0.535ms returns 0
T7610 000:398.168 JLINK_CORESIGHT_WriteAPDPReg(AP reg 0x00, 0x80000002)
T7610 000:398.587 - 0.418ms returns 0
T7610 000:398.603 JLINK_CORESIGHT_WriteAPDPReg(AP reg 0x01, 0x80011130)
T7610 000:398.993 - 0.389ms returns 0
T7610 000:399.008 JLINK_CORESIGHT_ReadAPDPReg(AP reg 0x03)
T7610 000:399.520   Value=0x20204341
T7610 000:399.532 - 0.523ms returns 0
T7610 000:399.545 JLINK_CORESIGHT_WriteAPDPReg(AP reg 0x00, 0x80000002)
T7610 000:399.948 - 0.403ms returns 0
T7610 000:399.964 JLINK_CORESIGHT_WriteAPDPReg(AP reg 0x01, 0x80011140)
T7610 000:400.439 - 0.474ms returns 0
T7610 000:400.456 JLINK_CORESIGHT_ReadAPDPReg(AP reg 0x03)
T7610 000:400.973   Value=0x00000000
T7610 000:400.986 - 0.529ms returns 0
T7610 000:400.998 JLINK_CORESIGHT_WriteAPDPReg(AP reg 0x00, 0x80000002)
T7610 000:401.508 - 0.510ms returns 0
T7610 000:401.524 JLINK_CORESIGHT_WriteAPDPReg(AP reg 0x01, 0x80011130)
T7610 000:402.059 - 0.534ms returns 0
T7610 000:402.075 JLINK_CORESIGHT_ReadAPDPReg(AP reg 0x03)
T7610 000:402.586   Value=0x00038C20
T7610 000:402.598 - 0.523ms returns 0
T7610 000:402.675 JLINK_CORESIGHT_WriteAPDPReg(AP reg 0x00, 0x80000002)
T7610 000:403.126 - 0.451ms returns 0
T7610 000:403.165 JLINK_CORESIGHT_WriteAPDPReg(AP reg 0x01, 0x80011140)
T7610 000:403.646 - 0.480ms returns 0
T7610 000:403.659 JLINK_CORESIGHT_ReadAPDPReg(AP reg 0x03)
T7610 000:404.197   Value=0x00000002
T7610 000:404.211 - 0.552ms returns 0
T7610 000:404.222 JLINK_CORESIGHT_WriteAPDPReg(AP reg 0x00, 0x80000002)
T7610 000:404.641 - 0.419ms returns 0
T7610 000:404.654 JLINK_CORESIGHT_WriteAPDPReg(AP reg 0x01, 0x80011120)
T7610 000:405.103 - 0.448ms returns 0
T7610 000:405.116 JLINK_CORESIGHT_WriteAPDPReg(AP reg 0x03, 0x39020001)
T7610 000:405.517 - 0.401ms returns 0
T7610 000:405.530 JLINK_CORESIGHT_WriteAPDPReg(AP reg 0x00, 0x80000002)
T7610 000:406.107 - 0.576ms returns 0
T7610 000:406.124 JLINK_CORESIGHT_WriteAPDPReg(AP reg 0x01, 0x80011140)
T7610 000:406.628 - 0.503ms returns 0
T7610 000:406.650 JLINK_CORESIGHT_ReadAPDPReg(AP reg 0x03)
T7610 000:407.177   Value=0x00000002
T7610 000:407.190 - 0.546ms returns 0
T7610 000:407.200 JLINK_CORESIGHT_WriteAPDPReg(AP reg 0x00, 0x80000002)
T7610 000:407.699 - 0.499ms returns 0
T7610 000:407.713 JLINK_CORESIGHT_WriteAPDPReg(AP reg 0x01, 0x80011120)
T7610 000:408.177 - 0.464ms returns 0
T7610 000:408.191 JLINK_CORESIGHT_WriteAPDPReg(AP reg 0x03, 0x0003B312)
T7610 000:408.677 - 0.485ms returns 0
T7610 000:408.690 JLINK_CORESIGHT_WriteAPDPReg(AP reg 0x00, 0x80000002)
T7610 000:409.169 - 0.478ms returns 0
T7610 000:409.183 JLINK_CORESIGHT_WriteAPDPReg(AP reg 0x01, 0x80011140)
T7610 000:409.647 - 0.464ms returns 0
T7610 000:409.662 JLINK_CORESIGHT_ReadAPDPReg(AP reg 0x03)
T7610 000:410.174   Value=0x00000000
T7610 000:410.186 - 0.524ms returns 0
T7610 000:410.196 JLINK_CORESIGHT_WriteAPDPReg(AP reg 0x00, 0x80000002)
T7610 000:410.686 - 0.490ms returns 0
T7610 000:410.699 JLINK_CORESIGHT_WriteAPDPReg(AP reg 0x01, 0x80011130)
T7610 000:411.142 - 0.443ms returns 0
T7610 000:411.218 JLINK_CORESIGHT_ReadAPDPReg(AP reg 0x03)
T7610 000:411.750   Value=0xB90A0081
T7610 000:411.763 - 0.545ms returns 0
T7610 000:411.772 JLINK_CORESIGHT_WriteAPDPReg(AP reg 0x00, 0x80000002)
T7610 000:412.214 - 0.441ms returns 0
T7610 000:412.228 JLINK_CORESIGHT_WriteAPDPReg(AP reg 0x01, 0x80011140)
T7610 000:412.708 - 0.479ms returns 0
T7610 000:412.722 JLINK_CORESIGHT_ReadAPDPReg(AP reg 0x03)
T7610 000:413.212   Value=0x00000000
T7610 000:413.224 - 0.502ms returns 0
T7610 000:413.234 JLINK_CORESIGHT_WriteAPDPReg(AP reg 0x00, 0x80000002)
T7610 000:413.653 - 0.419ms returns 0
T7610 000:413.666 JLINK_CORESIGHT_WriteAPDPReg(AP reg 0x01, 0x80011130)
T7610 000:414.175 - 0.509ms returns 0
T7610 000:414.189 JLINK_CORESIGHT_ReadAPDPReg(AP reg 0x03)
T7610 000:414.677   Value=0xFFFFFFC0
T7610 000:414.690 - 0.500ms returns 0
T7610 000:414.700 JLINK_CORESIGHT_WriteAPDPReg(AP reg 0x00, 0x80000002)
T7610 000:415.123 - 0.422ms returns 0
T7610 000:415.171 JLINK_CORESIGHT_WriteAPDPReg(AP reg 0x01, 0x80011140)
T7610 000:415.575 - 0.404ms returns 0
T7610 000:415.589 JLINK_CORESIGHT_ReadAPDPReg(AP reg 0x03)
T7610 000:416.117   Value=0x00000000
T7610 000:416.129 - 0.540ms returns 0
T7610 000:416.142 JLINK_CORESIGHT_WriteAPDPReg(AP reg 0x00, 0x80000002)
T7610 000:416.645 - 0.502ms returns 0
T7610 000:416.659 JLINK_CORESIGHT_WriteAPDPReg(AP reg 0x01, 0x80011130)
T7610 000:417.129 - 0.469ms returns 0
T7610 000:417.145 JLINK_CORESIGHT_ReadAPDPReg(AP reg 0x03)
T7610 000:417.645   Value=0xFFFFFFFF
T7610 000:417.658 - 0.512ms returns 0
T7610 000:417.667 JLINK_CORESIGHT_WriteAPDPReg(AP reg 0x00, 0x80000002)
T7610 000:418.085 - 0.417ms returns 0
T7610 000:418.098 JLINK_CORESIGHT_WriteAPDPReg(AP reg 0x01, 0x80011140)
T7610 000:418.571 - 0.472ms returns 0
T7610 000:418.587 JLINK_CORESIGHT_ReadAPDPReg(AP reg 0x03)
T7610 000:419.148   Value=0x00000000
T7610 000:419.181 - 0.593ms returns 0
T7610 000:419.192 JLINK_CORESIGHT_WriteAPDPReg(AP reg 0x00, 0x80000002)
T7610 000:419.553 - 0.361ms returns 0
T7610 000:419.566 JLINK_CORESIGHT_WriteAPDPReg(AP reg 0x01, 0x80011130)
T7610 000:420.083 - 0.516ms returns 0
T7610 000:420.096 JLINK_CORESIGHT_ReadAPDPReg(AP reg 0x03)
T7610 000:420.597   Value=0x000385FF
T7610 000:420.609 - 0.512ms returns 0
T7610 000:420.683 JLINK_CORESIGHT_WriteAPDPReg(AP reg 0x00, 0x80000002)
T7610 000:421.128 - 0.445ms returns 0
T7610 000:421.144 JLINK_CORESIGHT_WriteAPDPReg(AP reg 0x01, 0x80011140)
T7610 000:421.657 - 0.513ms returns 0
T7610 000:421.671 JLINK_CORESIGHT_ReadAPDPReg(AP reg 0x03)
T7610 000:422.180   Value=0x00000002
T7610 000:422.193 - 0.521ms returns 0
T7610 000:422.203 JLINK_CORESIGHT_WriteAPDPReg(AP reg 0x00, 0x80000002)
T7610 000:422.702 - 0.499ms returns 0
T7610 000:422.716 JLINK_CORESIGHT_WriteAPDPReg(AP reg 0x01, 0x80011120)
T7610 000:423.138 - 0.422ms returns 0
T7610 000:423.153 JLINK_CORESIGHT_WriteAPDPReg(AP reg 0x03, 0x2C010001)
T7610 000:423.638 - 0.485ms returns 0
T7610 000:423.657 JLINK_CORESIGHT_WriteAPDPReg(AP reg 0x00, 0x80000002)
T7610 000:424.178 - 0.521ms returns 0
T7610 000:424.192 JLINK_CORESIGHT_WriteAPDPReg(AP reg 0x01, 0x80011140)
T7610 000:424.609 - 0.417ms returns 0
T7610 000:424.622 JLINK_CORESIGHT_ReadAPDPReg(AP reg 0x03)
T7610 000:425.191   Value=0x00000002
T7610 000:425.205 - 0.583ms returns 0
T7610 000:425.216 JLINK_CORESIGHT_WriteAPDPReg(AP reg 0x00, 0x80000002)
T7610 000:425.715 - 0.499ms returns 0
T7610 000:425.728 JLINK_CORESIGHT_WriteAPDPReg(AP reg 0x01, 0x80011120)
T7610 000:426.150 - 0.421ms returns 0
T7610 000:426.164 JLINK_CORESIGHT_WriteAPDPReg(AP reg 0x03, 0x000003D3)
T7610 000:426.607 - 0.443ms returns 0
T7610 000:426.620 JLINK_CORESIGHT_WriteAPDPReg(AP reg 0x00, 0x80000002)
T7610 000:427.123 - 0.502ms returns 0
T7610 000:427.172 JLINK_CORESIGHT_WriteAPDPReg(AP reg 0x01, 0x80011140)
T7610 000:427.727 - 0.562ms returns 0
T7610 000:427.741 JLINK_CORESIGHT_ReadAPDPReg(AP reg 0x03)
T7610 000:428.238   Value=0x00000002
T7610 000:428.251 - 0.510ms returns 0
T7610 000:428.266 JLINK_CORESIGHT_ReadAPDPReg(AP reg 0x03)
T7610 000:428.754   Value=0x00000002
T7610 000:428.766 - 0.500ms returns 0
T7610 000:428.779 JLINK_CORESIGHT_ReadAPDPReg(AP reg 0x03)
T7610 000:429.250   Value=0x00000002
T7610 000:429.263 - 0.484ms returns 0
T7610 000:429.277 JLINK_CORESIGHT_ReadAPDPReg(AP reg 0x03)
T7610 000:429.832   Value=0x00000002
T7610 000:429.848 - 0.571ms returns 0
T7610 000:429.862 JLINK_CORESIGHT_ReadAPDPReg(AP reg 0x03)
T7610 000:430.386   Value=0x00000002
T7610 000:430.400 - 0.537ms returns 0
T7610 000:430.414 JLINK_CORESIGHT_ReadAPDPReg(AP reg 0x03)
T7610 000:430.976   Value=0x00000000
T7610 000:430.990 - 0.576ms returns 0
T7610 000:431.003 JLINK_CORESIGHT_WriteAPDPReg(AP reg 0x00, 0x80000002)
T7610 000:431.452 - 0.448ms returns 0
T7610 000:431.471 JLINK_CORESIGHT_WriteAPDPReg(AP reg 0x01, 0x80011130)
T7610 000:431.951 - 0.479ms returns 0
T7610 000:431.967 JLINK_CORESIGHT_ReadAPDPReg(AP reg 0x03)
T7610 000:432.465   Value=0x2C020081
T7610 000:432.478 - 0.511ms returns 0
T7610 000:432.491 JLINK_CORESIGHT_WriteAPDPReg(AP reg 0x00, 0x80000002)
T7610 000:432.996 - 0.505ms returns 0
T7610 000:433.012 JLINK_CORESIGHT_WriteAPDPReg(AP reg 0x01, 0x80011140)
T7610 000:433.418 - 0.406ms returns 0
T7610 000:433.437 JLINK_CORESIGHT_ReadAPDPReg(AP reg 0x03)
T7610 000:433.952   Value=0x00000000
T7610 000:433.964 - 0.527ms returns 0
T7610 000:433.977 JLINK_CORESIGHT_WriteAPDPReg(AP reg 0x00, 0x80000002)
T7610 000:434.426 - 0.448ms returns 0
T7610 000:434.443 JLINK_CORESIGHT_WriteAPDPReg(AP reg 0x01, 0x80011130)
T7610 000:434.908 - 0.464ms returns 0
T7610 000:434.924 JLINK_CORESIGHT_ReadAPDPReg(AP reg 0x03)
T7610 000:435.369   Value=0x0003CE04
T7610 000:435.381 - 0.457ms returns 0
T7610 000:435.431 JLINK_CORESIGHT_WriteAPDPReg(AP reg 0x00, 0x80000002)
T7610 000:435.950 - 0.519ms returns 0
T7610 000:435.963 JLINK_CORESIGHT_WriteAPDPReg(AP reg 0x01, 0x80011140)
T7610 000:436.394 - 0.430ms returns 0
T7610 000:436.407 JLINK_CORESIGHT_ReadAPDPReg(AP reg 0x03)
T7610 000:436.868   Value=0x00000002
T7610 000:436.880 - 0.473ms returns 0
T7610 000:436.890 JLINK_CORESIGHT_WriteAPDPReg(AP reg 0x00, 0x80000002)
T7610 000:437.310 - 0.420ms returns 0
T7610 000:437.323 JLINK_CORESIGHT_WriteAPDPReg(AP reg 0x01, 0x80011120)
T7610 000:437.744 - 0.421ms returns 0
T7610 000:437.758 JLINK_CORESIGHT_WriteAPDPReg(AP reg 0x03, 0x73010001)
T7610 000:438.262 - 0.503ms returns 0
T7610 000:438.278 JLINK_CORESIGHT_WriteAPDPReg(AP reg 0x00, 0x80000002)
T7610 000:438.770 - 0.492ms returns 0
T7610 000:438.799 JLINK_CORESIGHT_WriteAPDPReg(AP reg 0x01, 0x80011140)
T7610 000:439.296 - 0.497ms returns 0
T7610 000:439.311 JLINK_CORESIGHT_ReadAPDPReg(AP reg 0x03)
T7610 000:439.771   Value=0x00000002
T7610 000:439.783 - 0.472ms returns 0
T7610 000:439.794 JLINK_CORESIGHT_WriteAPDPReg(AP reg 0x00, 0x80000002)
T7610 000:440.233 - 0.438ms returns 0
T7610 000:440.246 JLINK_CORESIGHT_WriteAPDPReg(AP reg 0x01, 0x80011120)
T7610 000:440.752 - 0.506ms returns 0
T7610 000:440.768 JLINK_CORESIGHT_WriteAPDPReg(AP reg 0x03, 0x0000038C)
T7610 000:441.289 - 0.521ms returns 0
T7610 000:441.304 JLINK_CORESIGHT_WriteAPDPReg(AP reg 0x00, 0x80000002)
T7610 000:441.836 - 0.532ms returns 0
T7610 000:441.850 JLINK_CORESIGHT_WriteAPDPReg(AP reg 0x01, 0x80011140)
T7610 000:442.295 - 0.444ms returns 0
T7610 000:442.309 JLINK_CORESIGHT_ReadAPDPReg(AP reg 0x03)
T7610 000:442.804   Value=0x00000002
T7610 000:442.817 - 0.508ms returns 0
T7610 000:442.827 JLINK_CORESIGHT_ReadAPDPReg(AP reg 0x03)
T7610 000:443.326   Value=0x00000002
T7610 000:443.339 - 0.511ms returns 0
T7610 000:443.348 JLINK_CORESIGHT_ReadAPDPReg(AP reg 0x03)
T7610 000:443.877   Value=0x00000002
T7610 000:443.890 - 0.541ms returns 0
T7610 000:443.899 JLINK_CORESIGHT_ReadAPDPReg(AP reg 0x03)
T7610 000:444.327   Value=0x00000002
T7610 000:444.339 - 0.440ms returns 0
T7610 000:444.349 JLINK_CORESIGHT_ReadAPDPReg(AP reg 0x03)
T7610 000:444.853   Value=0x00000002
T7610 000:444.867 - 0.518ms returns 0
T7610 000:444.877 JLINK_CORESIGHT_ReadAPDPReg(AP reg 0x03)
T7610 000:445.425   Value=0x00000002
T7610 000:445.439 - 0.561ms returns 0
T7610 000:445.449 JLINK_CORESIGHT_ReadAPDPReg(AP reg 0x03)
T7610 000:445.963   Value=0x00000000
T7610 000:445.976 - 0.526ms returns 0
T7610 000:445.986 JLINK_CORESIGHT_WriteAPDPReg(AP reg 0x00, 0x80000002)
T7610 000:446.439 - 0.452ms returns 0
T7610 000:446.453 JLINK_CORESIGHT_WriteAPDPReg(AP reg 0x01, 0x80011130)
T7610 000:446.963 - 0.510ms returns 0
T7610 000:446.977 JLINK_CORESIGHT_ReadAPDPReg(AP reg 0x03)
T7610 000:447.431   Value=0x73020081
T7610 000:447.443 - 0.466ms returns 0
T7610 000:447.453 JLINK_CORESIGHT_WriteAPDPReg(AP reg 0x00, 0x80000002)
T7610 000:447.958 - 0.505ms returns 0
T7610 000:447.971 JLINK_CORESIGHT_WriteAPDPReg(AP reg 0x01, 0x80011140)
T7610 000:448.368 - 0.397ms returns 0
T7610 000:448.382 JLINK_CORESIGHT_ReadAPDPReg(AP reg 0x03)
T7610 000:448.946   Value=0x00000000
T7610 000:448.958 - 0.576ms returns 0
T7610 000:448.967 JLINK_CORESIGHT_WriteAPDPReg(AP reg 0x00, 0x80000002)
T7610 000:449.389 - 0.421ms returns 0
T7610 000:449.402 JLINK_CORESIGHT_WriteAPDPReg(AP reg 0x01, 0x80011130)
T7610 000:449.866 - 0.463ms returns 0
T7610 000:449.879 JLINK_CORESIGHT_ReadAPDPReg(AP reg 0x03)
T7610 000:450.424   Value=0x00038902
T7610 000:450.436 - 0.557ms returns 0
T7610 000:450.448 JLINK_CORESIGHT_WriteAPDPReg(AP reg 0x00, 0x80000002)
T7610 000:450.973 - 0.525ms returns 0
T7610 000:450.986 JLINK_CORESIGHT_WriteAPDPReg(AP reg 0x01, 0x80011140)
T7610 000:451.470 - 0.483ms returns 0
T7610 000:451.483 JLINK_CORESIGHT_ReadAPDPReg(AP reg 0x03)
T7610 000:451.947   Value=0x00000002
T7610 000:451.959 - 0.476ms returns 0
T7610 000:451.968 JLINK_CORESIGHT_WriteAPDPReg(AP reg 0x00, 0x80000002)
T7610 000:452.843 - 0.874ms returns 0
T7610 000:452.860 JLINK_CORESIGHT_WriteAPDPReg(AP reg 0x01, 0x80011120)
T7610 000:453.318 - 0.457ms returns 0
T7610 000:453.332 JLINK_CORESIGHT_WriteAPDPReg(AP reg 0x03, 0x75010001)
T7610 000:453.756 - 0.423ms returns 0
T7610 000:453.770 JLINK_CORESIGHT_WriteAPDPReg(AP reg 0x00, 0x80000002)
T7610 000:454.270 - 0.487ms returns 0
T7610 000:454.292 JLINK_CORESIGHT_WriteAPDPReg(AP reg 0x01, 0x80011140)
T7610 000:454.744 - 0.451ms returns 0
T7610 000:454.758 JLINK_CORESIGHT_ReadAPDPReg(AP reg 0x03)
T7610 000:455.269   Value=0x00000002
T7610 000:455.282 - 0.523ms returns 0
T7610 000:455.292 JLINK_CORESIGHT_WriteAPDPReg(AP reg 0x00, 0x80000002)
T7610 000:455.734 - 0.442ms returns 0
T7610 000:455.747 JLINK_CORESIGHT_WriteAPDPReg(AP reg 0x01, 0x80011120)
T7610 000:456.214 - 0.466ms returns 0
T7610 000:456.227 JLINK_CORESIGHT_WriteAPDPReg(AP reg 0x03, 0x0000038A)
T7610 000:456.644 - 0.417ms returns 0
T7610 000:456.658 JLINK_CORESIGHT_WriteAPDPReg(AP reg 0x00, 0x80000002)
T7610 000:457.099 - 0.441ms returns 0
T7610 000:457.112 JLINK_CORESIGHT_WriteAPDPReg(AP reg 0x01, 0x80011140)
T7610 000:457.554 - 0.441ms returns 0
T7610 000:457.567 JLINK_CORESIGHT_ReadAPDPReg(AP reg 0x03)
T7610 000:458.632   Value=0x00000000
T7610 000:458.644 - 1.076ms returns 0
T7610 000:458.654 JLINK_CORESIGHT_WriteAPDPReg(AP reg 0x00, 0x80000002)
T7610 000:459.103 - 0.448ms returns 0
T7610 000:459.116 JLINK_CORESIGHT_WriteAPDPReg(AP reg 0x01, 0x80011130)
T7610 000:459.542 - 0.426ms returns 0
T7610 000:459.557 JLINK_CORESIGHT_ReadAPDPReg(AP reg 0x03)
T7610 000:460.183   Value=0x75020081
T7610 000:460.195 - 0.638ms returns 0
T7610 000:460.209 JLINK_CORESIGHT_WriteAPDPReg(AP reg 0x00, 0x80000002)
T7610 000:460.612 - 0.404ms returns 0
T7610 000:460.629 JLINK_CORESIGHT_WriteAPDPReg(AP reg 0x01, 0x80011140)
T7610 000:461.101 - 0.472ms returns 0
T7610 000:461.120 JLINK_CORESIGHT_ReadAPDPReg(AP reg 0x03)
T7610 000:461.637   Value=0x00000000
T7610 000:461.651 - 0.531ms returns 0
T7610 000:461.664 JLINK_CORESIGHT_WriteAPDPReg(AP reg 0x00, 0x80000002)
T7610 000:462.082 - 0.418ms returns 0
T7610 000:462.098 JLINK_CORESIGHT_WriteAPDPReg(AP reg 0x01, 0x80011130)
T7610 000:462.566 - 0.468ms returns 0
T7610 000:462.582 JLINK_CORESIGHT_ReadAPDPReg(AP reg 0x03)
T7610 000:463.134   Value=0x00038702
T7610 000:463.148 - 0.565ms returns 0
T7610 000:463.168 JLINK_CORESIGHT_WriteAPDPReg(AP reg 0x00, 0x80000002)
T7610 000:463.618 - 0.450ms returns 0
T7610 000:463.634 JLINK_CORESIGHT_WriteAPDPReg(AP reg 0x01, 0x80011140)
T7610 000:464.102 - 0.467ms returns 0
T7610 000:464.118 JLINK_CORESIGHT_ReadAPDPReg(AP reg 0x03)
T7610 000:464.553   Value=0x00000002
T7610 000:464.565 - 0.447ms returns 0
T7610 000:464.578 JLINK_CORESIGHT_WriteAPDPReg(AP reg 0x00, 0x80000002)
T7610 000:465.096 - 0.518ms returns 0
T7610 000:465.112 JLINK_CORESIGHT_WriteAPDPReg(AP reg 0x01, 0x80011120)
T7610 000:465.554 - 0.441ms returns 0
T7610 000:465.570 JLINK_CORESIGHT_WriteAPDPReg(AP reg 0x03, 0x4F010001)
T7610 000:465.996 - 0.426ms returns 0
T7610 000:466.012 JLINK_CORESIGHT_WriteAPDPReg(AP reg 0x00, 0x80000002)
T7610 000:466.457 - 0.444ms returns 0
T7610 000:466.473 JLINK_CORESIGHT_WriteAPDPReg(AP reg 0x01, 0x80011140)
T7610 000:466.959 - 0.486ms returns 0
T7610 000:466.975 JLINK_CORESIGHT_ReadAPDPReg(AP reg 0x03)
T7610 000:467.524   Value=0x00000002
T7610 000:467.536 - 0.561ms returns 0
T7610 000:467.548 JLINK_CORESIGHT_WriteAPDPReg(AP reg 0x00, 0x80000002)
T7610 000:468.015 - 0.467ms returns 0
T7610 000:468.031 JLINK_CORESIGHT_WriteAPDPReg(AP reg 0x01, 0x80011120)
T7610 000:468.509 - 0.478ms returns 0
T7610 000:468.528 JLINK_CORESIGHT_WriteAPDPReg(AP reg 0x03, 0x000003B0)
T7610 000:469.067 - 0.539ms returns 0
T7610 000:469.086 JLINK_CORESIGHT_WriteAPDPReg(AP reg 0x00, 0x80000002)
T7610 000:469.480 - 0.394ms returns 0
T7610 000:469.496 JLINK_CORESIGHT_WriteAPDPReg(AP reg 0x01, 0x80011140)
T7610 000:469.948 - 0.452ms returns 0
T7610 000:469.965 JLINK_CORESIGHT_ReadAPDPReg(AP reg 0x03)
T7610 000:470.460   Value=0x00000000
T7610 000:470.473 - 0.508ms returns 0
T7610 000:470.485 JLINK_CORESIGHT_WriteAPDPReg(AP reg 0x00, 0x80000002)
T7610 000:470.878 - 0.392ms returns 0
T7610 000:470.894 JLINK_CORESIGHT_WriteAPDPReg(AP reg 0x01, 0x80011130)
T7610 000:471.333 - 0.438ms returns 0
T7610 000:471.348 JLINK_CORESIGHT_ReadAPDPReg(AP reg 0x03)
T7610 000:471.766   Value=0x4F0B0081
T7610 000:471.778 - 0.430ms returns 0
T7610 000:471.791 JLINK_CORESIGHT_WriteAPDPReg(AP reg 0x00, 0x80000002)
T7610 000:472.214 - 0.422ms returns 0
T7610 000:472.231 JLINK_CORESIGHT_WriteAPDPReg(AP reg 0x01, 0x80011140)
T7610 000:472.773 - 0.542ms returns 0
T7610 000:472.791 JLINK_CORESIGHT_ReadAPDPReg(AP reg 0x03)
T7610 000:473.299   Value=0x00000000
T7610 000:473.312 - 0.521ms returns 0
T7610 000:473.324 JLINK_CORESIGHT_WriteAPDPReg(AP reg 0x00, 0x80000002)
T7610 000:473.797 - 0.472ms returns 0
T7610 000:473.813 JLINK_CORESIGHT_WriteAPDPReg(AP reg 0x01, 0x80011130)
T7610 000:474.257 - 0.445ms returns 0
T7610 000:474.274 JLINK_CORESIGHT_ReadAPDPReg(AP reg 0x03)
T7610 000:474.838   Value=0x60000000
T7610 000:474.850 - 0.576ms returns 0
T7610 000:474.863 JLINK_CORESIGHT_WriteAPDPReg(AP reg 0x00, 0x80000002)
T7610 000:475.350 - 0.486ms returns 0
T7610 000:475.368 JLINK_CORESIGHT_WriteAPDPReg(AP reg 0x01, 0x80011140)
T7610 000:475.883 - 0.515ms returns 0
T7610 000:475.900 JLINK_CORESIGHT_ReadAPDPReg(AP reg 0x03)
T7610 000:476.508   Value=0x00000000
T7610 000:476.520 - 0.621ms returns 0
T7610 000:476.533 JLINK_CORESIGHT_WriteAPDPReg(AP reg 0x00, 0x80000002)
T7610 000:477.020 - 0.486ms returns 0
T7610 000:477.035 JLINK_CORESIGHT_WriteAPDPReg(AP reg 0x01, 0x80011130)
T7610 000:477.456 - 0.421ms returns 0
T7610 000:477.473 JLINK_CORESIGHT_ReadAPDPReg(AP reg 0x03)
T7610 000:478.453   Value=0x00000000
T7610 000:478.467 - 0.994ms returns 0
T7610 000:478.480 JLINK_CORESIGHT_WriteAPDPReg(AP reg 0x00, 0x80000002)
T7610 000:478.948 - 0.468ms returns 0
T7610 000:478.964 JLINK_CORESIGHT_WriteAPDPReg(AP reg 0x01, 0x80011140)
T7610 000:479.384 - 0.420ms returns 0
T7610 000:479.402 JLINK_CORESIGHT_ReadAPDPReg(AP reg 0x03)
T7610 000:479.870   Value=0x00000000
T7610 000:479.882 - 0.479ms returns 0
T7610 000:479.895 JLINK_CORESIGHT_WriteAPDPReg(AP reg 0x00, 0x80000002)
T7610 000:480.334 - 0.439ms returns 0
T7610 000:480.351 JLINK_CORESIGHT_WriteAPDPReg(AP reg 0x01, 0x80011130)
T7610 000:480.803 - 0.452ms returns 0
T7610 000:480.819 JLINK_CORESIGHT_ReadAPDPReg(AP reg 0x03)
T7610 000:481.324   Value=0x03460000
T7610 000:481.337 - 0.517ms returns 0
T7610 000:481.431 JLINK_CORESIGHT_ReadAPDPReg(DP reg 0x01)
T7610 000:481.861   Value=0xF0000F40
T7610 000:481.874 - 0.444ms returns 0
T7610 000:481.884 JLINK_CORESIGHT_WriteAPDPReg(DP reg 0x01, 0xA0000F40)
T7610 000:482.371 - 0.487ms returns 0
T7610 000:482.385 JLINK_CORESIGHT_ReadAPDPReg(DP reg 0x01)
T7610 000:482.789   Value=0x00000F40
T7610 000:482.801 - 0.416ms returns 0
T7610 000:482.810 JLINK_ClrRESET()
T7610 000:483.418 - 0.607ms 
T7610 000:592.943 JLINK_Close()
T7610 000:604.677 - 11.732ms
T7610 000:604.700   
T7610 000:604.710   Closed
