T5EE0 000:000.516   SEGGER J-Link V8.44a Log File
T5EE0 000:000.650   DLL Compiled: Jun 18 2025 16:28:32
T5EE0 000:000.656   Logging started @ 2025-08-15 06:08
T5EE0 000:000.662   Process: C:\Users\20537\.eclipse\com.renesas.platform_2070713661\DebugComp\RA\e2-server-gdb.exe
T5EE0 000:000.672 - 0.667ms 
T5EE0 000:000.744 JLINK_GetDLLVersion()
T5EE0 000:000.759 - 0.020ms returns 84401
T5EE0 000:003.122 JLINK_OpenEx(...)
T5EE0 000:013.580   Firmware: J-Link OB-RA4M2-Full compiled Jun 25 2025 17:00:56
T5EE0 000:014.917   Firmware: J-Link OB-RA4M2-Full compiled Jun 25 2025 17:00:56
T5EE0 000:026.931   Hardware: V1.00
T5EE0 000:026.948   S/N: 24060501
T5EE0 000:026.955   OEM: SEGGER
T5EE0 000:026.963   Feature(s): GDB, FlashDL, FlashBP, JFlash, RDI
T5EE0 000:028.381   Bootloader: 2021 May 14
T5EE0 000:037.498   USB speed mode: Full speed (12 MBit/s)
T5EE0 000:038.242   TELNET listener socket opened on port 19021
T5EE0 000:038.385   WEBSRV WEBSRV_Init(): Starting webserver thread(s)
T5EE0 000:038.455   WEBSRV Failed to put socket into listener state (port 19080)
T5EE0 000:038.574   WEBSRV Webserver running on local port 19081
T5EE0 000:038.733   Looking for J-Link GUI Server exe at: C:\Users\20537\.eclipse\com.renesas.platform_2070713661\DebugComp\RA\ARM\Segger_v8.44.1\JLinkGUIServer.exe
T5EE0 000:038.869   Looking for J-Link GUI Server exe at: C:\Program Files\SEGGER\JLink_V798a\JLinkGUIServer.exe
T5EE0 000:038.911   Forking J-Link GUI Server: C:\Program Files\SEGGER\JLink_V798a\JLinkGUIServer.exe
T5EE0 000:041.908   J-Link GUI Server info: "J-Link GUI server V7.98a "
T5EE0 000:042.147 - 39.023ms returns "O.K."
T5EE0 000:042.253 JLINK_ExecCommand("ProjectFile=E:\Desktop\ra8p1_sdk\ra8p1\project\Titan_dual_core\ra8p1_core1/ra8p1_core1 Debug_Attach.jlink", ...). 
T5EE0 000:061.142 - 18.890ms returns 0x00
T5EE0 000:061.513 JLINK_ExecCommand("device=R7KA8P1KF_CPU1", ...). 
T5EE0 000:062.432   Flash bank @ 0x02000000: SFL: Parsing sectorization info from ELF file
T5EE0 000:062.449     FlashDevice.SectorInfo[0]: .SectorSize = 0x00000800, .SectorStartAddr = 0x00000000
T5EE0 000:062.458   FlashBank @0x02000000: Sectorization info from SFL ELF file ignored because sectorization override from DLL / XML file is active.
T5EE0 000:062.730   Flash bank @ 0x02E07400: SFL: Parsing sectorization info from ELF file
T5EE0 000:062.740     FlashDevice.SectorInfo[0]: .SectorSize = 0x00000010, .SectorStartAddr = 0x00000000
T5EE0 000:062.748   FlashBank @0x02C9F020: Sectorization info from SFL ELF file ignored because sectorization override from DLL / XML file is active.
T5EE0 000:062.765   Flash bank @ 0x02E07400: SFL: Parsing sectorization info from ELF file
T5EE0 000:062.774     FlashDevice.SectorInfo[0]: .SectorSize = 0x00000010, .SectorStartAddr = 0x00000000
T5EE0 000:062.782   FlashBank @0x02E07400: Sectorization info from SFL ELF file ignored because sectorization override from DLL / XML file is active.
T5EE0 000:062.803   Flash bank @ 0x12000000: SFL: Parsing sectorization info from ELF file
T5EE0 000:062.812     FlashDevice.SectorInfo[0]: .SectorSize = 0x00000800, .SectorStartAddr = 0x00000000
T5EE0 000:062.820   FlashBank @0x12000000: Sectorization info from SFL ELF file ignored because sectorization override from DLL / XML file is active.
T5EE0 000:063.117   Flash bank @ 0x12E07400: SFL: Parsing sectorization info from ELF file
T5EE0 000:063.128     FlashDevice.SectorInfo[0]: .SectorSize = 0x00000010, .SectorStartAddr = 0x00000000
T5EE0 000:063.136   FlashBank @0x12C9F4C0: Sectorization info from SFL ELF file ignored because sectorization override from DLL / XML file is active.
T5EE0 000:063.154   Flash bank @ 0x12E07400: SFL: Parsing sectorization info from ELF file
T5EE0 000:063.162     FlashDevice.SectorInfo[0]: .SectorSize = 0x00000010, .SectorStartAddr = 0x00000000
T5EE0 000:063.170   FlashBank @0x12E07780: Sectorization info from SFL ELF file ignored because sectorization override from DLL / XML file is active.
T5EE0 000:063.239   Flash bank @ 0x80000000: SFL: Parsing sectorization info from ELF file
T5EE0 000:063.298     FlashDevice.SectorInfo[0]: .SectorSize = 0x00010000, .SectorStartAddr = 0x00000000
T5EE0 000:074.831   Flash bank @ 0x90000000: SFL: Parsing sectorization info from ELF file
T5EE0 000:074.855     FlashDevice.SectorInfo[0]: .SectorSize = 0x00010000, .SectorStartAddr = 0x00000000
T5EE0 000:089.110   Device "R7KA8P1KF_CPU1" selected.
T5EE0 000:089.521 - 27.995ms returns 0x00
T5EE0 000:089.550 JLINK_TIF_GetAvailable(...)
T5EE0 000:090.085 - 0.534ms 
T5EE0 000:090.130 JLINK_TIF_Select(JLINKARM_TIF_SWD)
T5EE0 000:091.632 - 1.501ms returns 0x00
T5EE0 000:091.677 JLINK_SetSpeed(4000)
T5EE0 000:092.039 - 0.367ms 
T5EE0 000:092.090 JLINK_ReadMem(0xE000EDF0, 0x4 Bytes, ...)
T5EE0 000:092.494   ConfigTargetSettings() start
T5EE0 000:092.506    J-Link Script File: Executing ConfigTargetSettings()
T5EE0 000:092.515   Configuring FlashDLNoRMWThreshold=0x200 in order to make sure that option bytes programming is done via read-modify-write
T5EE0 000:099.345   ConfigTargetSettings() end - Took 6.83ms
T5EE0 000:099.363   InitTarget() start
T5EE0 000:099.371    J-Link Script File: Executing InitTarget()
T5EE0 000:099.378   Identifying target device...
T5EE0 000:099.386   SWD selected. Executing JTAG -> SWD switching sequence...
T5EE0 000:100.622   Initializing DAP...
T5EE0 000:102.408   DAP initialized successfully.
T5EE0 000:102.425   Enabling secondary core if necessary...
T5EE0 000:104.487     Secondary core already enabled. Performing attach...
T5EE0 000:104.502   Determining TrustZone configuration...
T5EE0 000:106.253     Secure Debug: Enabled (SSD)
T5EE0 000:106.270   Determining currently configured transfer type by reading the AHB-AP CSW register.
T5EE0 000:107.550     --> Correct transfer type configured. Done.
T5EE0 000:107.565   InitTarget() end - Took 8.19ms
T5EE0 000:108.545   Found SW-DP with ID 0x6BA02477
T5EE0 000:111.951   DPIDR: 0x6BA02477
T5EE0 000:111.965   CoreSight SoC-400 or earlier
T5EE0 000:111.973   AP map detection skipped. Manually configured AP map found.
T5EE0 000:111.981   AP[0]: AHB-AP (IDR: Not set, ADDR: 0x00000000)
T5EE0 000:111.989   AP[1]: APB-AP (IDR: Not set, ADDR: 0x00000000)
T5EE0 000:111.997   AP[2]: AHB-AP (IDR: Not set, ADDR: 0x00000000)
T5EE0 000:113.282   AP[2]: Core found
T5EE0 000:113.297   AP[2]: AHB-AP ROM base: 0xE00FE000
T5EE0 000:114.011   CPUID register: 0x410FD214. Implementer code: 0x41 (ARM)
T5EE0 000:114.024   Feature set: Mainline
T5EE0 000:114.700   Cache: No cache
T5EE0 000:114.714   Found Cortex-M33 r0p4, Little endian.
T5EE0 000:115.481   -- Max. mem block: 0x0001D358
T5EE0 000:116.779   
  ***** Warning: 
T5EE0 000:116.791   Cortex-M: NonCacheAwareDebugAHBAP == 1 specified but there is no workaround available for the connected core. Proper debug functionality cannot be guaranteed
T5EE0 000:117.181   CPU_ReadMem(4 bytes @ 0xE000EDF0)
T5EE0 000:117.836   CPU_ReadMem(4 bytes @ 0xE0002000)
T5EE0 000:118.343   FPUnit: 8 code (BP) slots and 0 literal slots
T5EE0 000:118.356   CPU_ReadMem(4 bytes @ 0xE000EDFC)
T5EE0 000:118.916   CPU_ReadMem(4 bytes @ 0xE0001000)
T5EE0 000:119.445   CPU_ReadMem(4 bytes @ 0xE0001000)
T5EE0 000:119.965   CPU_ReadMem(4 bytes @ 0xE0001028)
T5EE0 000:120.465   CPU_ReadMem(4 bytes @ 0xE0001038)
T5EE0 000:120.983   CPU_ReadMem(4 bytes @ 0xE0001048)
T5EE0 000:121.487   CPU_ReadMem(4 bytes @ 0xE0001058)
T5EE0 000:122.011   CPU_WriteMem(4 bytes @ 0xE0001000)
T5EE0 000:122.508   CPU_ReadMem(4 bytes @ 0xE000ED88)
T5EE0 000:123.052   CPU_WriteMem(4 bytes @ 0xE000ED88)
T5EE0 000:123.553   CPU_ReadMem(4 bytes @ 0xE000ED88)
T5EE0 000:124.082   CPU_WriteMem(4 bytes @ 0xE000ED88)
T5EE0 000:124.597   CPU_ReadMem(4 bytes @ 0xE000EFB8)
T5EE0 000:125.068   Security extension: implemented
T5EE0 000:125.083   Secure debug: enabled
T5EE0 000:125.091   CoreSight components:
T5EE0 000:125.099   ROMTbl[0] @ E00FE000
T5EE0 000:125.107   CPU_ReadMem(64 bytes @ 0xE00FE000)
T5EE0 000:125.979   CPU_ReadMem(32 bytes @ 0xE00FFFE0)
T5EE0 000:126.699   [0][0]: E00FF000 CID B105100D PID 000BB4C9 ROM Table
T5EE0 000:126.716   ROMTbl[1] @ E00FF000
T5EE0 000:126.724   CPU_ReadMem(64 bytes @ 0xE00FF000)
T5EE0 000:127.600   CPU_ReadMem(32 bytes @ 0xE000EFE0)
T5EE0 000:128.287   CPU_ReadMem(4 bytes @ 0xE000EFBC)
T5EE0 000:128.829   CPU_ReadMem(4 bytes @ 0xE000EFCC)
T5EE0 000:129.345   [1][0]: E000E000 CID B105900D PID 000BBD21 DEVARCH 47702A04 DEVTYPE 00 Cortex-M33
T5EE0 000:129.358   CPU_ReadMem(32 bytes @ 0xE0001FE0)
T5EE0 000:130.000   CPU_ReadMem(4 bytes @ 0xE0001FBC)
T5EE0 000:130.555   CPU_ReadMem(4 bytes @ 0xE0001FCC)
T5EE0 000:131.121   [1][1]: E0001000 CID B105900D PID 000BBD21 DEVARCH 47701A02 DEVTYPE 00 DWT
T5EE0 000:131.134   CPU_ReadMem(32 bytes @ 0xE0002FE0)
T5EE0 000:131.809   CPU_ReadMem(4 bytes @ 0xE0002FBC)
T5EE0 000:132.324   CPU_ReadMem(4 bytes @ 0xE0002FCC)
T5EE0 000:132.845   [1][2]: E0002000 CID B105900D PID 000BBD21 DEVARCH 47701A03 DEVTYPE 00 FPB
T5EE0 000:132.858   CPU_ReadMem(32 bytes @ 0xE0000FE0)
T5EE0 000:133.525   CPU_ReadMem(4 bytes @ 0xE0000FBC)
T5EE0 000:133.996   CPU_ReadMem(4 bytes @ 0xE0000FCC)
T5EE0 000:134.509   [1][3]: E0000000 CID B105900D PID 000BBD21 DEVARCH 47701A01 DEVTYPE 43 ITM
T5EE0 000:134.522   CPU_ReadMem(32 bytes @ 0xE0041FE0)
T5EE0 000:135.286   CPU_ReadMem(4 bytes @ 0xE0041FBC)
T5EE0 000:135.789   CPU_ReadMem(4 bytes @ 0xE0041FCC)
T5EE0 000:136.295   [1][5]: E0041000 CID B105900D PID 002BBD21 DEVARCH 47724A13 DEVTYPE 13 ETM
T5EE0 000:136.309   CPU_ReadMem(32 bytes @ 0xE0042FE0)
T5EE0 000:137.038   CPU_ReadMem(4 bytes @ 0xE0042FBC)
T5EE0 000:137.558   CPU_ReadMem(4 bytes @ 0xE0042FCC)
T5EE0 000:138.034   [1][6]: E0042000 CID B105900D PID 000BBD21 DEVARCH 47701A14 DEVTYPE 14 CSS600-CTI
T5EE0 000:138.047   CPU_ReadMem(32 bytes @ 0xE0040FE0)
T5EE0 000:138.736   CPU_ReadMem(4 bytes @ 0xE0040FBC)
T5EE0 000:139.258   CPU_ReadMem(4 bytes @ 0xE0040FCC)
T5EE0 000:139.787   [0][1]: E0040000 CID B105900D PID 000BBD21 DEVARCH 00000000 DEVTYPE 11 TPIU
T5EE0 000:139.846   CPU_ReadMem(4 bytes @ 0xE000EDF0)
T5EE0 000:140.390   Data:  01 00 10 00
T5EE0 000:140.402   Debug reg: DHCSR
T5EE0 000:140.411 - 48.321ms returns 0
T5EE0 000:140.447 JLINK_ReadMem(0x40204038, 0x4 Bytes, ...)
T5EE0 000:140.460   CPU_ReadMem(4 bytes @ 0x40204038)
T5EE0 000:141.077   Data:  04 00 00 00
T5EE0 000:141.089 - 0.642ms returns 0
T5EE0 000:141.121 JLINK_ReadMem(0xE000EDF0, 0x4 Bytes, ...)
T5EE0 000:141.132   CPU_ReadMem(4 bytes @ 0xE000EDF0)
T5EE0 000:141.654   Data:  01 00 10 00
T5EE0 000:141.666   Debug reg: DHCSR
T5EE0 000:141.674 - 0.553ms returns 0
T5EE0 000:141.718 JLINK_ReadMem(0xE000EDF0, 0x4 Bytes, ...)
T5EE0 000:141.729   CPU_ReadMem(4 bytes @ 0xE000EDF0)
T5EE0 000:142.258   Data:  01 00 10 00
T5EE0 000:142.270   Debug reg: DHCSR
T5EE0 000:142.278 - 0.559ms returns 0
T5EE0 000:142.307 JLINK_ReadMem(0xE000EDF0, 0x4 Bytes, ...)
T5EE0 000:142.317   CPU_ReadMem(4 bytes @ 0xE000EDF0)
T5EE0 000:142.824   Data:  01 00 10 00
T5EE0 000:142.839   Debug reg: DHCSR
T5EE0 000:142.847 - 0.539ms returns 0
T5EE0 000:142.878 JLINK_ReadMem(0xE000EDF0, 0x4 Bytes, ...)
T5EE0 000:142.891   CPU_ReadMem(4 bytes @ 0xE000EDF0)
T5EE0 000:143.445   Data:  01 00 10 00
T5EE0 000:143.458   Debug reg: DHCSR
T5EE0 000:143.466 - 0.588ms returns 0
T5EE0 000:143.501 JLINK_ReadMem(0xE000EDF0, 0x4 Bytes, ...)
T5EE0 000:143.513   CPU_ReadMem(4 bytes @ 0xE000EDF0)
T5EE0 000:144.004   Data:  01 00 10 00
T5EE0 000:144.016   Debug reg: DHCSR
T5EE0 000:144.024 - 0.523ms returns 0
T5EE0 000:144.052 JLINK_ReadMem(0x40204038, 0x4 Bytes, ...)
T5EE0 000:144.064   CPU_ReadMem(4 bytes @ 0x40204038)
T5EE0 000:144.656   Data:  04 00 00 00
T5EE0 000:144.670 - 0.617ms returns 0
T5EE0 000:144.703 JLINK_ReadMem(0xE000EDF0, 0x4 Bytes, ...)
T5EE0 000:144.716   CPU_ReadMem(4 bytes @ 0xE000EDF0)
T5EE0 000:145.262   Data:  01 00 10 00
T5EE0 000:145.274   Debug reg: DHCSR
T5EE0 000:145.282 - 0.579ms returns 0
T5EE0 000:145.315 JLINK_ReadMem(0xE000EDF0, 0x4 Bytes, ...)
T5EE0 000:145.326   CPU_ReadMem(4 bytes @ 0xE000EDF0)
T5EE0 000:145.895   Data:  01 00 10 00
T5EE0 000:145.907   Debug reg: DHCSR
T5EE0 000:145.920 - 0.605ms returns 0
T5EE0 000:145.949 JLINK_ReadMem(0x40204030, 0x4 Bytes, ...)
T5EE0 000:145.960   CPU_ReadMem(4 bytes @ 0x40204030)
T5EE0 000:146.568   Data:  00 80 FF 00
T5EE0 000:146.580 - 0.632ms returns 0
T5EE0 000:146.827 JLINK_TIF_GetAvailable(...)
T5EE0 000:147.266 - 0.438ms 
T5EE0 000:147.297 JLINK_TIF_Select(JLINKARM_TIF_SWD)
T5EE0 000:147.304 - 0.006ms returns 0x00
T5EE0 000:147.312 JLINK_SetSpeed(4000)
T5EE0 000:147.656 - 0.344ms 
T5EE0 000:147.709 JLINK_SetEndian(ARM_ENDIAN_LITTLE)
T5EE0 000:147.716 - 0.007ms returns 0
T5EE0 000:147.723 JLINK_SetInitRegsOnReset(OFF)
T5EE0 000:147.728 - 0.005ms returns 1
T5EE0 000:147.736 JLINK_SetResetType(JLINKARM_CM3_RESET_TYPE_NORMAL)
T5EE0 000:147.741 - 0.005ms returns JLINKARM_CM3_RESET_TYPE_NORMAL
T5EE0 000:147.750 JLINK_ExecCommand("EnableFlashBPs", ...). 
T5EE0 000:147.762 - 0.004ms returns 0x00
T5EE0 000:147.771 JLINK_ExecCommand("SetAllowFlashCache = 1", ...). 
T5EE0 000:147.780 - 0.001ms returns 0x01
T5EE0 000:147.788 JLINK_ExecCommand("SetRestartOnClose = 0", ...). 
T5EE0 000:147.796 - 0.001ms returns 0x01
T5EE0 000:147.804 JLINK_ExecCommand("SetAllowSimulation = 0", ...). 
T5EE0 000:147.814 - 0.002ms returns 0x00
T5EE0 000:147.823 JLINK_EnableSoftBPs(ON)
T5EE0 000:147.828 - 0.007ms 
T5EE0 000:147.836 JLINK_Connect()
T5EE0 000:148.260   ConfigTargetSettings() start
T5EE0 000:148.272    J-Link Script File: Executing ConfigTargetSettings()
T5EE0 000:148.279   Configuring FlashDLNoRMWThreshold=0x200 in order to make sure that option bytes programming is done via read-modify-write
T5EE0 000:170.896   ConfigTargetSettings() end - Took 22.6ms
T5EE0 000:170.912   InitTarget() start
T5EE0 000:170.920    J-Link Script File: Executing InitTarget()
T5EE0 000:170.927   Identifying target device...
T5EE0 000:170.935   SWD selected. Executing JTAG -> SWD switching sequence...
T5EE0 000:172.228   Initializing DAP...
T5EE0 000:173.826   DAP initialized successfully.
T5EE0 000:173.842   Enabling secondary core if necessary...
T5EE0 000:175.935     Secondary core already enabled. Performing attach...
T5EE0 000:175.948   Determining TrustZone configuration...
T5EE0 000:177.937     Secure Debug: Enabled (SSD)
T5EE0 000:177.950   Determining currently configured transfer type by reading the AHB-AP CSW register.
T5EE0 000:179.445     --> Correct transfer type configured. Done.
T5EE0 000:179.460   InitTarget() end - Took 8.53ms
T5EE0 000:180.554   Found SW-DP with ID 0x6BA02477
T5EE0 000:183.739   DPIDR: 0x6BA02477
T5EE0 000:183.751   CoreSight SoC-400 or earlier
T5EE0 000:183.760   AP map detection skipped. Manually configured AP map found.
T5EE0 000:183.780   AP[0]: AHB-AP (IDR: Not set, ADDR: 0x00000000)
T5EE0 000:183.789   AP[1]: APB-AP (IDR: Not set, ADDR: 0x00000000)
T5EE0 000:183.797   AP[2]: AHB-AP (IDR: Not set, ADDR: 0x00000000)
T5EE0 000:185.286   AP[2]: Core found
T5EE0 000:185.302   AP[2]: AHB-AP ROM base: 0xE00FE000
T5EE0 000:185.945   CPUID register: 0x410FD214. Implementer code: 0x41 (ARM)
T5EE0 000:185.958   Feature set: Mainline
T5EE0 000:186.648   Cache: No cache
T5EE0 000:186.660   Found Cortex-M33 r0p4, Little endian.
T5EE0 000:187.076   -- Max. mem block: 0x0001D068
T5EE0 000:187.093   
  ***** Warning: 
T5EE0 000:187.101   Cortex-M: NonCacheAwareDebugAHBAP == 1 specified but there is no workaround available for the connected core. Proper debug functionality cannot be guaranteed
T5EE0 000:187.112   CPU_ReadMem(4 bytes @ 0xE000EDF0)
T5EE0 000:187.614   CPU_ReadMem(4 bytes @ 0xE0002000)
T5EE0 000:188.134   FPUnit: 8 code (BP) slots and 0 literal slots
T5EE0 000:188.149   CPU_ReadMem(4 bytes @ 0xE000EDFC)
T5EE0 000:188.629   CPU_ReadMem(4 bytes @ 0xE0001000)
T5EE0 000:189.154   CPU_ReadMem(4 bytes @ 0xE0001000)
T5EE0 000:189.672   CPU_ReadMem(4 bytes @ 0xE0001028)
T5EE0 000:190.266   CPU_ReadMem(4 bytes @ 0xE0001038)
T5EE0 000:190.787   CPU_ReadMem(4 bytes @ 0xE0001048)
T5EE0 000:191.327   CPU_ReadMem(4 bytes @ 0xE0001058)
T5EE0 000:191.879   CPU_WriteMem(4 bytes @ 0xE0001000)
T5EE0 000:192.541   CPU_ReadMem(4 bytes @ 0xE000ED88)
T5EE0 000:193.135   CPU_WriteMem(4 bytes @ 0xE000ED88)
T5EE0 000:193.705   CPU_ReadMem(4 bytes @ 0xE000ED88)
T5EE0 000:194.295   CPU_WriteMem(4 bytes @ 0xE000ED88)
T5EE0 000:194.838   CPU_ReadMem(4 bytes @ 0xE000EFB8)
T5EE0 000:195.403   Security extension: implemented
T5EE0 000:195.415   Secure debug: enabled
T5EE0 000:195.423   CoreSight components:
T5EE0 000:195.431   ROMTbl[0] @ E00FE000
T5EE0 000:195.439   CPU_ReadMem(64 bytes @ 0xE00FE000)
T5EE0 000:196.426   CPU_ReadMem(32 bytes @ 0xE00FFFE0)
T5EE0 000:197.152   [0][0]: E00FF000 CID B105100D PID 000BB4C9 ROM Table
T5EE0 000:197.165   ROMTbl[1] @ E00FF000
T5EE0 000:197.173   CPU_ReadMem(64 bytes @ 0xE00FF000)
T5EE0 000:198.025   CPU_ReadMem(32 bytes @ 0xE000EFE0)
T5EE0 000:198.723   CPU_ReadMem(4 bytes @ 0xE000EFBC)
T5EE0 000:199.259   CPU_ReadMem(4 bytes @ 0xE000EFCC)
T5EE0 000:199.787   [1][0]: E000E000 CID B105900D PID 000BBD21 DEVARCH 47702A04 DEVTYPE 00 Cortex-M33
T5EE0 000:199.805   CPU_ReadMem(32 bytes @ 0xE0001FE0)
T5EE0 000:200.455   CPU_ReadMem(4 bytes @ 0xE0001FBC)
T5EE0 000:200.975   CPU_ReadMem(4 bytes @ 0xE0001FCC)
T5EE0 000:201.473   [1][1]: E0001000 CID B105900D PID 000BBD21 DEVARCH 47701A02 DEVTYPE 00 DWT
T5EE0 000:201.488   CPU_ReadMem(32 bytes @ 0xE0002FE0)
T5EE0 000:202.243   CPU_ReadMem(4 bytes @ 0xE0002FBC)
T5EE0 000:202.788   CPU_ReadMem(4 bytes @ 0xE0002FCC)
T5EE0 000:203.290   [1][2]: E0002000 CID B105900D PID 000BBD21 DEVARCH 47701A03 DEVTYPE 00 FPB
T5EE0 000:203.304   CPU_ReadMem(32 bytes @ 0xE0000FE0)
T5EE0 000:204.018   CPU_ReadMem(4 bytes @ 0xE0000FBC)
T5EE0 000:204.514   CPU_ReadMem(4 bytes @ 0xE0000FCC)
T5EE0 000:205.030   [1][3]: E0000000 CID B105900D PID 000BBD21 DEVARCH 47701A01 DEVTYPE 43 ITM
T5EE0 000:205.043   CPU_ReadMem(32 bytes @ 0xE0041FE0)
T5EE0 000:205.723   CPU_ReadMem(4 bytes @ 0xE0041FBC)
T5EE0 000:206.258   CPU_ReadMem(4 bytes @ 0xE0041FCC)
T5EE0 000:206.789   [1][5]: E0041000 CID B105900D PID 002BBD21 DEVARCH 47724A13 DEVTYPE 13 ETM
T5EE0 000:206.802   CPU_ReadMem(32 bytes @ 0xE0042FE0)
T5EE0 000:207.491   CPU_ReadMem(4 bytes @ 0xE0042FBC)
T5EE0 000:208.011   CPU_ReadMem(4 bytes @ 0xE0042FCC)
T5EE0 000:208.519   [1][6]: E0042000 CID B105900D PID 000BBD21 DEVARCH 47701A14 DEVTYPE 14 CSS600-CTI
T5EE0 000:208.535   CPU_ReadMem(32 bytes @ 0xE0040FE0)
T5EE0 000:209.206   CPU_ReadMem(4 bytes @ 0xE0040FBC)
T5EE0 000:209.737   CPU_ReadMem(4 bytes @ 0xE0040FCC)
T5EE0 000:210.260   [0][1]: E0040000 CID B105900D PID 000BBD21 DEVARCH 00000000 DEVTYPE 11 TPIU
T5EE0 000:210.277 - 62.439ms returns 0x00
T5EE0 000:210.411 JLINK_ReadMem(0xE000EDF0, 0x4 Bytes, ...)
T5EE0 000:210.427   CPU_ReadMem(4 bytes @ 0xE000EDF0)
T5EE0 000:210.965   Data:  01 00 10 00
T5EE0 000:210.977   Debug reg: DHCSR
T5EE0 000:210.986 - 0.574ms returns 0
T5EE0 000:211.018 JLINK_IsHalted()
T5EE0 000:211.509 - 0.490ms returns FALSE
T5EE0 000:211.740 JLINK_ReadMem(0xE000EDF0, 0x4 Bytes, ...)
T5EE0 000:211.753   CPU_ReadMem(4 bytes @ 0xE000EDF0)
T5EE0 000:212.259   Data:  01 00 10 00
T5EE0 000:212.271   Debug reg: DHCSR
T5EE0 000:212.279 - 0.538ms returns 0
T5EE0 000:212.306 JLINK_ReadMem(0x40204038, 0x4 Bytes, ...)
T5EE0 000:212.318   CPU_ReadMem(4 bytes @ 0x40204038)
T5EE0 000:212.926   Data:  04 00 00 00
T5EE0 000:212.938 - 0.632ms returns 0
T5EE0 000:212.966 JLINK_ReadMem(0xE000EDF0, 0x4 Bytes, ...)
T5EE0 000:212.977   CPU_ReadMem(4 bytes @ 0xE000EDF0)
T5EE0 000:213.471   Data:  01 00 10 00
T5EE0 000:213.483   Debug reg: DHCSR
T5EE0 000:213.491 - 0.524ms returns 0
T5EE0 000:213.534 JLINK_MeasureCPUSpeed(RAMAddr = 0x22000000)
T5EE0 000:213.544   CPU_ReadMem(16 bytes @ 0x22000000)
T5EE0 000:214.268   CPU_ReadMem(4 bytes @ 0xE000EDFC)
T5EE0 000:214.794   CPU_ReadMem(4 bytes @ 0xE0001000)
T5EE0 000:218.742   
  ***** Warning: 
T5EE0 000:218.761   CPU could not be halted
T5EE0 000:219.307   
  ***** Error: 
T5EE0 000:219.322   Failed to halt CPU for clock frequency detection!
T5EE0 000:219.328 - 5.793ms returns -1
T5EE0 000:219.510 JLINK_ReadReg(XPSR)
T5EE0 000:220.095   CPU is running
T5EE0 000:220.108   
  ***** Error: 
T5EE0 000:220.115   Cannot read register 16 (XPSR) while CPU is running
T5EE0 000:220.124 - 0.613ms returns 0x00000000
T5D88 002:816.162 JLINK_GetNumBPUnits(Type = 0xFFFFFF00)
T5D88 002:816.180 - 0.018ms returns 0x08
T5D88 002:816.188 JLINK_GetNumWPUnits()
T5D88 002:816.193 - 0.005ms returns 4
T5D88 002:816.204 JLINK_GetNumWPUnits()
T5D88 002:816.209 - 0.005ms returns 4
T5D88 002:816.381 JLINK_GetNumBPUnits(Type = 0xFFFFFF00)
T5D88 002:816.396 - 0.015ms returns 0x08
T5D88 002:816.403 JLINK_GetNumWPUnits()
T5D88 002:816.409 - 0.005ms returns 4
T5D88 002:816.416 JLINK_GetNumWPUnits()
T5D88 002:816.421 - 0.005ms returns 4
T5D88 002:817.055 JLINK_GetNumBPUnits(Type = 0xFFFFFF00)
T5D88 002:817.072 - 0.017ms returns 0x08
T5D88 002:817.080 JLINK_GetNumWPUnits()
T5D88 002:817.085 - 0.005ms returns 4
T5D88 002:817.092 JLINK_GetNumWPUnits()
T5D88 002:817.098 - 0.005ms returns 4
T5D88 002:817.408 JLINK_ReadReg(XPSR)
T5D88 002:821.519   CPU_ReadMem(4 bytes @ 0xE000EE08)
T5D88 002:822.232 - 4.824ms returns 0xF9000000
T5D88 002:822.272 JLINK_ReadReg(R15 (PC))
T5D88 002:822.282 - 0.015ms returns 0x020C8194
T5D88 002:822.696 JLINK_GetNumBPUnits(Type = 0xFFFFFF00)
T5D88 002:822.708 - 0.012ms returns 0x08
T5D88 002:822.715 JLINK_GetNumWPUnits()
T5D88 002:822.721 - 0.005ms returns 4
T5D88 002:822.728 JLINK_GetNumWPUnits()
T5D88 002:822.733 - 0.005ms returns 4
T5D88 002:822.978 JLINK_GetNumBPUnits(Type = 0xFFFFFF00)
T5D88 002:822.989 - 0.011ms returns 0x08
T5D88 002:822.996 JLINK_GetNumWPUnits()
T5D88 002:823.002 - 0.005ms returns 4
T5D88 002:823.008 JLINK_GetNumWPUnits()
T5D88 002:823.014 - 0.005ms returns 4
T5D88 002:823.217 JLINK_GetNumBPUnits(Type = 0xFFFFFF00)
T5D88 002:823.230 - 0.012ms returns 0x08
T5D88 002:823.237 JLINK_GetNumWPUnits()
T5D88 002:823.243 - 0.005ms returns 4
T5D88 002:823.250 JLINK_GetNumWPUnits()
T5D88 002:823.255 - 0.005ms returns 4
T5D88 002:823.423 JLINK_GetNumBPUnits(Type = 0xFFFFFF00)
T5D88 002:823.436 - 0.013ms returns 0x08
T5D88 002:823.443 JLINK_GetNumWPUnits()
T5D88 002:823.449 - 0.005ms returns 4
T5D88 002:823.456 JLINK_GetNumWPUnits()
T5D88 002:823.461 - 0.005ms returns 4
T5D88 002:823.642 JLINK_GetNumBPUnits(Type = 0xFFFFFF00)
T5D88 002:823.652 - 0.010ms returns 0x08
T5D88 002:823.659 JLINK_GetNumWPUnits()
T5D88 002:823.664 - 0.005ms returns 4
T5D88 002:823.671 JLINK_GetNumWPUnits()
T5D88 002:823.676 - 0.005ms returns 4
T52B0 002:884.465 JLINK_IsHalted()
T52B0 002:884.488 - 0.023ms returns TRUE
T52B0 002:884.500 JLINK_ReadReg(XPSR)
T52B0 002:884.514 - 0.014ms returns 0xF9000000
T52B0 002:884.522 JLINK_ReadReg(R15 (PC))
T52B0 002:884.529 - 0.006ms returns 0x020C8194
T52B0 002:884.538 JLINK_ReadReg(XPSR)
T52B0 002:884.544 - 0.006ms returns 0xF9000000
T52B0 002:884.552 JLINK_ReadReg(XPSR)
T52B0 002:884.558 - 0.006ms returns 0xF9000000
T52B0 002:884.565 JLINK_ReadReg(R15 (PC))
T52B0 002:884.571 - 0.005ms returns 0x020C8194
T52B0 002:884.578 JLINK_ReadReg(XPSR)
T52B0 002:884.584 - 0.006ms returns 0xF9000000
T52B0 002:884.591 JLINK_ReadReg(XPSR)
T52B0 002:884.597 - 0.005ms returns 0xF9000000
T52B0 002:884.605 JLINK_ReadMem(0x020C8194, 0x1 Bytes, ...)
T52B0 002:884.616   CPU_ReadMem(64 bytes @ 0x020C8180)
T52B0 002:885.781    -- Updating C cache (64 bytes @ 0x020C8180)
T52B0 002:885.803    -- Read from C cache (1 bytes @ 0x020C8194)
T52B0 002:885.813   Data:  08
T52B0 002:885.822 - 1.216ms returns 0
T52B0 002:885.860 JLINK_IsHalted()
T52B0 002:885.869 - 0.008ms returns TRUE
T52B0 002:885.877 JLINK_ReadReg(XPSR)
T52B0 002:885.888 - 0.010ms returns 0xF9000000
T52B0 002:885.896 JLINK_ReadReg(XPSR)
T52B0 002:885.902 - 0.006ms returns 0xF9000000
T52B0 002:885.909 JLINK_ReadReg(R15 (PC))
T52B0 002:885.915 - 0.006ms returns 0x020C8194
T52B0 002:885.924 JLINK_ReadReg(XPSR)
T52B0 002:885.931 - 0.006ms returns 0xF9000000
T52B0 002:885.938 JLINK_ReadReg(XPSR)
T52B0 002:885.944 - 0.006ms returns 0xF9000000
T52B0 002:885.951 JLINK_ReadMem(0x020C8194, 0x1 Bytes, ...)
T52B0 002:885.963    -- Read from C cache (1 bytes @ 0x020C8194)
T52B0 002:885.973   Data:  08
T52B0 002:885.980 - 0.029ms returns 0
T52B0 002:886.038 JLINK_IsHalted()
T52B0 002:886.057 - 0.019ms returns TRUE
T52B0 002:886.065 JLINK_ReadReg(XPSR)
T52B0 002:886.072 - 0.007ms returns 0xF9000000
T52B0 002:886.079 JLINK_ReadReg(R15 (PC))
T52B0 002:886.086 - 0.006ms returns 0x020C8194
T52B0 002:886.094 JLINK_ReadReg(XPSR)
T52B0 002:886.100 - 0.006ms returns 0xF9000000
T52B0 002:886.107 JLINK_ReadReg(XPSR)
T52B0 002:886.113 - 0.006ms returns 0xF9000000
T52B0 002:886.120 JLINK_ReadReg(R15 (PC))
T52B0 002:886.126 - 0.005ms returns 0x020C8194
T52B0 002:886.133 JLINK_ReadReg(XPSR)
T52B0 002:886.139 - 0.006ms returns 0xF9000000
T52B0 002:886.146 JLINK_ReadReg(XPSR)
T52B0 002:886.152 - 0.006ms returns 0xF9000000
T52B0 002:886.160 JLINK_ReadMem(0x020C8194, 0x1 Bytes, ...)
T52B0 002:886.166    -- Read from C cache (1 bytes @ 0x020C8194)
T52B0 002:886.174   Data:  08
T52B0 002:886.182 - 0.022ms returns 0
T52B0 002:886.189 JLINK_IsHalted()
T52B0 002:886.194 - 0.005ms returns TRUE
T52B0 002:886.201 JLINK_ReadReg(XPSR)
T52B0 002:886.207 - 0.006ms returns 0xF9000000
T52B0 002:886.214 JLINK_ReadReg(XPSR)
T52B0 002:886.220 - 0.006ms returns 0xF9000000
T52B0 002:886.227 JLINK_ReadReg(R15 (PC))
T52B0 002:886.233 - 0.006ms returns 0x020C8194
T52B0 002:886.240 JLINK_ReadReg(XPSR)
T52B0 002:886.247 - 0.006ms returns 0xF9000000
T52B0 002:886.254 JLINK_ReadReg(XPSR)
T52B0 002:886.260 - 0.005ms returns 0xF9000000
T52B0 002:886.266 JLINK_ReadMem(0x020C8194, 0x1 Bytes, ...)
T52B0 002:886.272    -- Read from C cache (1 bytes @ 0x020C8194)
T52B0 002:886.280   Data:  08
T52B0 002:886.288 - 0.021ms returns 0
T52B0 002:886.725 JLINK_ReadRegs(NumRegs = 22)
T52B0 002:886.766   
  R0 (0)        = 0x00                 R1 (1)        = 0x00                 R2 (2)        = 0x00                 R3 (3)        = 0x00              
  R4 (4)        = 0x00                 R5 (5)        = 0x00                 R6 (6)        = 0x00                 R7 (7)        = 0x00              
  R8 (8)        = 0x20CAB30            R9 (9)        = 0x20CB694            R10 (10)      = 0x02                 R11 (11)      = 0x00              
  R12 (12)      = 0x20C5DE1            R13 (SP) (13) = 0x221B4300           R14 (14)      = 0xFFFFFFFF           R15 (PC) (15) = 0x20C8194         
  XPSR (16)     = 0xF9000000           MSP (17)      = 0x221B4300           PSP (18)      = 0x00                 MSPLIM (86)   = 0x00              
  PSPLIM (87)   = 0x00                 CFBP (20)     = 0x00              
T52B0 002:886.775 - 0.050ms returns 0x00
T52B0 002:889.700 JLINK_ReadReg(XPSR)
T52B0 002:889.731 - 0.031ms returns 0xF9000000
T52B0 002:890.318 JLINK_ReadMem(0xE000EDF0, 0x4 Bytes, ...)
T52B0 002:890.342   CPU_ReadMem(4 bytes @ 0xE000EDF0)
T52B0 002:890.883   Data:  03 00 13 00
T52B0 002:890.902   Debug reg: DHCSR
T52B0 002:890.910 - 0.593ms returns 0
T52B0 002:891.471 JLINK_ReadMem(0x020C8194, 0x4 Bytes, ...)
T52B0 002:891.490    -- Read from C cache (4 bytes @ 0x020C8194)
T52B0 002:891.499   Data:  08 B5 00 F0
T52B0 002:891.508 - 0.037ms returns 0
T52B0 002:893.894 JLINK_ReadMem(0x020C8194, 0x4 Bytes, ...)
T52B0 002:893.921    -- Read from C cache (4 bytes @ 0x020C8194)
T52B0 002:893.930   Data:  08 B5 00 F0
T52B0 002:893.939 - 0.045ms returns 0
T52B0 002:894.733 JLINK_ReadMem(0x020C8194, 0x4 Bytes, ...)
T52B0 002:894.756    -- Read from C cache (4 bytes @ 0x020C8194)
T52B0 002:894.766   Data:  08 B5 00 F0
T52B0 002:894.775 - 0.042ms returns 0
T52B0 003:162.586 JLINK_ReadReg(XPSR)
T52B0 003:162.614 - 0.027ms returns 0xF9000000
T52B0 003:163.160 JLINK_ReadMem(0x020C8194, 0x4 Bytes, ...)
T52B0 003:163.176    -- Read from C cache (4 bytes @ 0x020C8194)
T52B0 003:163.185   Data:  08 B5 00 F0
T52B0 003:163.194 - 0.034ms returns 0
T52B0 003:261.545 JLINK_ReadReg(XPSR)
T52B0 003:261.574 - 0.027ms returns 0xF9000000
T5D88 003:893.858 JLINK_ReadReg(XPSR)
T5D88 003:894.497 - 0.639ms returns 0xF9000000
T5D88 003:894.540 JLINK_ReadReg(R15 (PC))
T5D88 003:894.554 - 0.013ms returns 0x020C8194
T5D88 003:895.001 JLINK_IsHalted()
T5D88 003:895.015 - 0.014ms returns TRUE
T5D88 003:895.024 JLINK_ReadReg(XPSR)
T5D88 003:895.034 - 0.009ms returns 0xF9000000
T5D88 003:895.041 JLINK_ReadReg(R15 (PC))
T5D88 003:895.047 - 0.006ms returns 0x020C8194
T5D88 003:895.056 JLINK_ReadReg(XPSR)
T5D88 003:895.063 - 0.006ms returns 0xF9000000
T5D88 003:895.070 JLINK_ReadReg(XPSR)
T5D88 003:895.076 - 0.006ms returns 0xF9000000
T5D88 003:895.083 JLINK_ReadReg(R15 (PC))
T5D88 003:895.089 - 0.006ms returns 0x020C8194
T5D88 003:895.096 JLINK_ReadReg(XPSR)
T5D88 003:895.102 - 0.006ms returns 0xF9000000
T5D88 003:895.109 JLINK_ReadReg(XPSR)
T5D88 003:895.132 - 0.022ms returns 0xF9000000
T5D88 003:895.145 JLINK_ReadMem(0x020C8194, 0x1 Bytes, ...)
T5D88 003:895.156    -- Read from C cache (1 bytes @ 0x020C8194)
T5D88 003:895.165   Data:  08
T5D88 003:895.173 - 0.028ms returns 0
T5D88 003:895.181 JLINK_IsHalted()
T5D88 003:895.187 - 0.005ms returns TRUE
T5D88 003:895.194 JLINK_ReadReg(XPSR)
T5D88 003:895.201 - 0.006ms returns 0xF9000000
T5D88 003:895.209 JLINK_ReadReg(XPSR)
T5D88 003:895.216 - 0.006ms returns 0xF9000000
T5D88 003:895.223 JLINK_ReadReg(R15 (PC))
T5D88 003:895.229 - 0.006ms returns 0x020C8194
T5D88 003:895.237 JLINK_ReadReg(XPSR)
T5D88 003:895.244 - 0.006ms returns 0xF9000000
T5D88 003:895.251 JLINK_ReadReg(XPSR)
T5D88 003:895.258 - 0.006ms returns 0xF9000000
T5D88 003:895.265 JLINK_ReadMem(0x020C8194, 0x1 Bytes, ...)
T5D88 003:895.271    -- Read from C cache (1 bytes @ 0x020C8194)
T5D88 003:895.279   Data:  08
T5D88 003:895.287 - 0.022ms returns 0
T5D88 003:895.345 JLINK_ReadMem(0xE0001000, 0x4 Bytes, ...)
T5D88 003:895.356   CPU_ReadMem(4 bytes @ 0xE0001000)
T5D88 003:895.927   Data:  01 00 00 40
T5D88 003:895.942   Debug reg: DWT_CTRL
T5D88 003:895.950 - 0.604ms returns 0
T5D88 003:895.988 JLINK_WriteMem(0xE0001FB0, 0x8 Bytes, ...)
T5D88 003:895.995   Data:  00 00 00 00 55 CE AC C5
T5D88 003:896.355   CPU_WriteMem(16 bytes @ 0x22000000)
T5D88 003:897.126   CPU_WriteMem(8 bytes @ 0xE0001FB0)
T5D88 003:897.718 - 1.730ms returns 0x8
T5D88 003:897.760 JLINK_ReadMem(0xE000EDFC, 0x4 Bytes, ...)
T5D88 003:897.778   Data:  00 00 10 01
T5D88 003:897.787   Debug reg: DEMCR
T5D88 003:897.796 - 0.035ms returns 0
T5D88 003:902.082 JLINK_ReadMem(0xE0001004, 0x4 Bytes, ...)
T5D88 003:902.116   CPU_ReadMem(4 bytes @ 0xE0001004)
T5D88 003:902.739   Data:  E7 6E 47 00
T5D88 003:902.755   Debug reg: DWT_CYCCNT
T5D88 003:902.764 - 0.682ms returns 0
T5D88 003:902.836 JLINK_MeasureCPUSpeed(RAMAddr = 0x22000000)
T5D88 003:902.850   CPU_ReadMem(16 bytes @ 0x22000000)
T5D88 003:903.699   CPU_ReadMem(4 bytes @ 0xE0001000)
T5D88 003:904.415   CPU_ReadMem(6 bytes @ 0x22000000)
T5D88 003:905.157   CPU_ReadMem(4 bytes @ 0xE000ED90)
T5D88 003:905.876   CPU_ReadMem(4 bytes @ 0xE000ED94)
T5D88 003:906.640   CPU_WriteMem(16 bytes @ 0x22000000)
T5D88 003:907.422   CPU_WriteMem(6 bytes @ 0x22000000)
T5D88 003:908.169   CPU_ReadMem(6 bytes @ 0x22000000)
T5D88 003:908.911   CPU_WriteMem(4 bytes @ 0xE0002008)
T5D88 003:908.927   CPU_WriteMem(4 bytes @ 0xE000200C)
T5D88 003:908.935   CPU_WriteMem(4 bytes @ 0xE0002010)
T5D88 003:908.944   CPU_WriteMem(4 bytes @ 0xE0002014)
T5D88 003:908.952   CPU_WriteMem(4 bytes @ 0xE0002018)
T5D88 003:908.960   CPU_WriteMem(4 bytes @ 0xE000201C)
T5D88 003:908.968   CPU_WriteMem(4 bytes @ 0xE0002020)
T5D88 003:908.976   CPU_WriteMem(4 bytes @ 0xE0002024)
T5D88 003:910.684   CPU_WriteMem(4 bytes @ 0xE0001004)
T5D88 003:918.726   CPU_ReadMem(4 bytes @ 0xE0001004)
T5D88 003:919.364   CPU_ReadMem(4 bytes @ 0xE000EE08)
T5D88 003:919.904   CPU_WriteMem(4 bytes @ 0xE0002008)
T5D88 003:920.477   CPU_WriteMem(4 bytes @ 0xE000200C)
T5D88 003:921.021   CPU_WriteMem(4 bytes @ 0xE0002010)
T5D88 003:921.533   CPU_WriteMem(4 bytes @ 0xE0002014)
T5D88 003:922.211   CPU_WriteMem(4 bytes @ 0xE0002018)
T5D88 003:922.904   CPU_WriteMem(4 bytes @ 0xE000201C)
T5D88 003:923.523   CPU_WriteMem(4 bytes @ 0xE0002020)
T5D88 003:924.161   CPU_WriteMem(4 bytes @ 0xE0002024)
T5D88 003:924.688   CPU_ReadMem(4 bytes @ 0xE000EE08)
T5D88 003:925.176   CPU_ReadMem(4 bytes @ 0xE000EE08)
T5D88 003:925.704   CPU_WriteMem(4 bytes @ 0xE0001004)
T5D88 003:952.705   CPU_ReadMem(4 bytes @ 0xE0001004)
T5D88 003:953.284   CPU_WriteMem(6 bytes @ 0x22000000)
T5D88 003:953.954   ClockFreq: 249978144 Hz
T5D88 003:953.971 - 51.134ms returns 249978144
T52B0 006:139.549 JLINK_STRACE_Read(..., NumItems = 0x10000)
T52B0 006:139.582   Initializing trace type buffer with configured Coresight trace components (* indicates set/detected address):
T52B0 006:139.590    *TF:   0x80013000
T52B0 006:139.596    *TMC:  0x80014000
T52B0 006:139.601     ETB:  0x00000000
T52B0 006:139.607     MTB:  0x00000000
T52B0 006:139.612    *TPIU: 0xE0040000
T52B0 006:139.617    *ETM:  0xE0041000
T52B0 006:139.622     STM:  0x00000000
T52B0 006:139.627     PTM:  0x00000000
T52B0 006:140.160 - 0.611ms NumItemsRead = 0x00
T52B0 006:142.338 JLINK_ReadMem(0xE0001004, 0x4 Bytes, ...)
T52B0 006:142.366   Data:  E7 6E 47 00
T52B0 006:142.375   Debug reg: DWT_CYCCNT
T52B0 006:142.383 - 0.046ms returns 0
T52B0 006:142.394 JLINK_IsHalted()
T52B0 006:143.069 - 0.674ms returns TRUE
T52B0 006:143.103 JLINK_STRACE_Read(..., NumItems = 0x10000)
T52B0 006:143.112 - 0.009ms NumItemsRead = 0x00
T52B0 006:145.227 JLINK_ReadMem(0xE0001004, 0x4 Bytes, ...)
T52B0 006:145.244   Data:  E7 6E 47 00
T52B0 006:145.253   Debug reg: DWT_CYCCNT
T52B0 006:145.261 - 0.034ms returns 0
T52B0 006:145.269 JLINK_GoEx(MaxEmulInsts = 0, Flags = 0x01)
T52B0 006:145.279   CPU_ReadMem(4 bytes @ 0xE0001000)
T52B0 006:145.949   CPU_WriteMem(4 bytes @ 0xE0001004)
T52B0 006:150.361   Memory map 'after startup completion point' is active
T52B0 006:150.382 - 5.113ms 
T52B0 006:259.116 JLINK_IsHalted()
T52B0 006:260.191 - 1.075ms returns FALSE
T52B0 006:260.233 JLINK_IsHalted()
T52B0 006:261.290 - 1.056ms returns FALSE
T52B0 006:368.675 JLINK_IsHalted()
T52B0 006:369.910 - 1.235ms returns FALSE
T52B0 006:369.943 JLINK_IsHalted()
T52B0 006:370.599 - 0.655ms returns FALSE
T52B0 006:478.697 JLINK_IsHalted()
T52B0 006:479.972 - 1.275ms returns FALSE
T52B0 006:480.005 JLINK_IsHalted()
T52B0 006:480.638 - 0.632ms returns FALSE
T52B0 006:587.714 JLINK_IsHalted()
T52B0 006:588.926 - 1.211ms returns FALSE
T52B0 006:588.961 JLINK_IsHalted()
T52B0 006:589.553 - 0.591ms returns FALSE
T52B0 006:696.679 JLINK_IsHalted()
T52B0 006:697.934 - 1.255ms returns FALSE
T52B0 006:697.973 JLINK_IsHalted()
T52B0 006:698.649 - 0.674ms returns FALSE
T52B0 006:806.020 JLINK_IsHalted()
T52B0 006:807.334 - 1.313ms returns FALSE
T52B0 006:807.370 JLINK_IsHalted()
T52B0 006:807.993 - 0.621ms returns FALSE
T52B0 006:915.664 JLINK_IsHalted()
T52B0 006:916.986 - 1.322ms returns FALSE
T52B0 006:917.020 JLINK_IsHalted()
T52B0 006:918.139 - 1.118ms returns FALSE
T52B0 007:025.622 JLINK_IsHalted()
T52B0 007:026.925 - 1.302ms returns FALSE
T52B0 007:026.966 JLINK_IsHalted()
T52B0 007:027.608 - 0.640ms returns FALSE
T52B0 007:134.656 JLINK_IsHalted()
T52B0 007:136.001 - 1.345ms returns FALSE
T52B0 007:136.039 JLINK_IsHalted()
T52B0 007:137.312 - 1.272ms returns FALSE
T5D88 007:140.778 JLINK_IsHalted()
T5D88 007:141.502 - 0.723ms returns FALSE
T5D88 007:141.534 JLINK_IsHalted()
T5D88 007:142.166 - 0.631ms returns FALSE
T52B0 007:244.282 JLINK_IsHalted()
T52B0 007:245.523 - 1.241ms returns FALSE
T52B0 007:245.557 JLINK_IsHalted()
T52B0 007:246.826 - 1.269ms returns FALSE
T52B0 007:353.245 JLINK_IsHalted()
T52B0 007:354.521 - 1.275ms returns FALSE
T52B0 007:354.559 JLINK_IsHalted()
T52B0 007:355.781 - 1.221ms returns FALSE
T52B0 007:462.437 JLINK_IsHalted()
T52B0 007:463.776 - 1.338ms returns FALSE
T52B0 007:463.808 JLINK_IsHalted()
T52B0 007:465.051 - 1.242ms returns FALSE
T52B0 007:572.397 JLINK_IsHalted()
T52B0 007:573.694 - 1.298ms returns FALSE
T52B0 007:573.733 JLINK_IsHalted()
T52B0 007:574.856 - 1.121ms returns FALSE
T52B0 007:681.376 JLINK_IsHalted()
T52B0 007:682.531 - 1.154ms returns FALSE
T52B0 007:682.572 JLINK_IsHalted()
T52B0 007:683.584 - 1.011ms returns FALSE
T52B0 007:790.441 JLINK_IsHalted()
T52B0 007:791.740 - 1.299ms returns FALSE
T52B0 007:791.778 JLINK_IsHalted()
T52B0 007:792.389 - 0.609ms returns FALSE
T52B0 007:900.061 JLINK_IsHalted()
T52B0 007:901.269 - 1.207ms returns FALSE
T52B0 007:901.301 JLINK_IsHalted()
T52B0 007:902.548 - 1.246ms returns FALSE
T52B0 008:010.101 JLINK_IsHalted()
T52B0 008:011.269 - 1.168ms returns FALSE
T52B0 008:011.303 JLINK_IsHalted()
T52B0 008:012.513 - 1.208ms returns FALSE
T52B0 008:119.031 JLINK_IsHalted()
T52B0 008:120.149 - 1.116ms returns FALSE
T52B0 008:120.184 JLINK_IsHalted()
T52B0 008:121.315 - 1.130ms returns FALSE
T5D88 008:142.162 JLINK_IsHalted()
T5D88 008:142.795 - 0.632ms returns FALSE
T5D88 008:142.840 JLINK_IsHalted()
T5D88 008:143.446 - 0.606ms returns FALSE
T52B0 008:228.021 JLINK_IsHalted()
T52B0 008:229.358 - 1.338ms returns FALSE
T52B0 008:229.396 JLINK_IsHalted()
T52B0 008:230.612 - 1.216ms returns FALSE
T52B0 008:338.070 JLINK_IsHalted()
T52B0 008:339.323 - 1.252ms returns FALSE
T52B0 008:339.356 JLINK_IsHalted()
T52B0 008:340.544 - 1.187ms returns FALSE
T52B0 008:447.166 JLINK_IsHalted()
T52B0 008:448.417 - 1.250ms returns FALSE
T52B0 008:448.455 JLINK_IsHalted()
T52B0 008:449.785 - 1.329ms returns FALSE
T52B0 008:556.206 JLINK_IsHalted()
T52B0 008:557.487 - 1.280ms returns FALSE
T52B0 008:557.526 JLINK_IsHalted()
T52B0 008:558.077 - 0.550ms returns FALSE
T52B0 008:666.186 JLINK_IsHalted()
T52B0 008:667.450 - 1.264ms returns FALSE
T52B0 008:667.488 JLINK_IsHalted()
T52B0 008:668.133 - 0.644ms returns FALSE
T52B0 008:775.213 JLINK_IsHalted()
T52B0 008:776.554 - 1.341ms returns FALSE
T52B0 008:776.587 JLINK_IsHalted()
T52B0 008:777.220 - 0.632ms returns FALSE
T52B0 008:884.386 JLINK_IsHalted()
T52B0 008:885.733 - 1.346ms returns FALSE
T52B0 008:885.766 JLINK_IsHalted()
T52B0 008:886.391 - 0.624ms returns FALSE
T52B0 008:994.335 JLINK_IsHalted()
T52B0 008:995.679 - 1.344ms returns FALSE
T52B0 008:995.715 JLINK_IsHalted()
T52B0 008:996.288 - 0.570ms returns FALSE
T52B0 009:103.343 JLINK_IsHalted()
T52B0 009:104.645 - 1.301ms returns FALSE
T52B0 009:104.682 JLINK_IsHalted()
T52B0 009:105.965 - 1.282ms returns FALSE
T5D88 009:143.456 JLINK_IsHalted()
T5D88 009:144.258 - 0.802ms returns FALSE
T5D88 009:144.296 JLINK_IsHalted()
T5D88 009:144.880 - 0.584ms returns FALSE
T52B0 009:212.365 JLINK_IsHalted()
T52B0 009:213.605 - 1.241ms returns FALSE
T52B0 009:213.641 JLINK_IsHalted()
T52B0 009:214.326 - 0.684ms returns FALSE
T52B0 009:322.388 JLINK_IsHalted()
T52B0 009:323.641 - 1.252ms returns FALSE
T52B0 009:323.675 JLINK_IsHalted()
T52B0 009:324.308 - 0.631ms returns FALSE
T52B0 009:431.936 JLINK_IsHalted()
T52B0 009:433.237 - 1.300ms returns FALSE
T52B0 009:433.274 JLINK_IsHalted()
T52B0 009:433.927 - 0.652ms returns FALSE
T52B0 009:540.916 JLINK_IsHalted()
T52B0 009:542.130 - 1.212ms returns FALSE
T52B0 009:542.169 JLINK_IsHalted()
T52B0 009:542.766 - 0.596ms returns FALSE
T52B0 009:649.919 JLINK_IsHalted()
T52B0 009:651.234 - 1.314ms returns FALSE
T52B0 009:651.271 JLINK_IsHalted()
T52B0 009:651.896 - 0.624ms returns FALSE
T52B0 009:759.878 JLINK_IsHalted()
T52B0 009:761.145 - 1.266ms returns FALSE
T52B0 009:761.182 JLINK_IsHalted()
T52B0 009:762.410 - 1.227ms returns FALSE
T52B0 009:869.378 JLINK_IsHalted()
T52B0 009:870.637 - 1.259ms returns FALSE
T52B0 009:870.670 JLINK_IsHalted()
T52B0 009:871.934 - 1.263ms returns FALSE
T52B0 009:978.400 JLINK_IsHalted()
T52B0 009:979.618 - 1.216ms returns FALSE
T52B0 009:979.651 JLINK_IsHalted()
T52B0 009:980.314 - 0.663ms returns FALSE
T52B0 010:087.370 JLINK_IsHalted()
T52B0 010:088.534 - 1.165ms returns FALSE
T52B0 010:088.567 JLINK_IsHalted()
T52B0 010:089.710 - 1.143ms returns FALSE
T5D88 010:144.526 JLINK_IsHalted()
T5D88 010:145.235 - 0.708ms returns FALSE
T5D88 010:145.269 JLINK_IsHalted()
T5D88 010:145.850 - 0.581ms returns FALSE
T52B0 010:196.982 JLINK_IsHalted()
T52B0 010:198.193 - 1.210ms returns FALSE
T52B0 010:198.230 JLINK_IsHalted()
T52B0 010:198.894 - 0.663ms returns FALSE
T52B0 010:306.000 JLINK_IsHalted()
T52B0 010:307.338 - 1.337ms returns FALSE
T52B0 010:307.371 JLINK_IsHalted()
T52B0 010:308.013 - 0.641ms returns FALSE
T52B0 010:415.552 JLINK_IsHalted()
T52B0 010:416.758 - 1.205ms returns FALSE
T52B0 010:416.793 JLINK_IsHalted()
T52B0 010:417.474 - 0.681ms returns FALSE
T52B0 010:525.511 JLINK_IsHalted()
T52B0 010:526.742 - 1.231ms returns FALSE
T52B0 010:526.779 JLINK_IsHalted()
T52B0 010:527.989 - 1.209ms returns FALSE
T52B0 010:634.777 JLINK_IsHalted()
T52B0 010:636.142 - 1.365ms returns FALSE
T52B0 010:636.180 JLINK_IsHalted()
T52B0 010:636.782 - 0.602ms returns FALSE
T52B0 010:743.818 JLINK_IsHalted()
T52B0 010:745.205 - 1.388ms returns FALSE
T52B0 010:745.237 JLINK_IsHalted()
T52B0 010:746.487 - 1.250ms returns FALSE
T52B0 010:853.454 JLINK_IsHalted()
T52B0 010:854.775 - 1.321ms returns FALSE
T52B0 010:854.811 JLINK_IsHalted()
T52B0 010:856.103 - 1.291ms returns FALSE
T52B0 010:962.430 JLINK_IsHalted()
T52B0 010:963.564 - 1.133ms returns FALSE
T52B0 010:963.602 JLINK_IsHalted()
T52B0 010:964.230 - 0.627ms returns FALSE
T52B0 011:072.523 JLINK_IsHalted()
T52B0 011:073.570 - 1.046ms returns FALSE
T52B0 011:073.621 JLINK_IsHalted()
T52B0 011:074.760 - 1.139ms returns FALSE
T5D88 011:145.649 JLINK_IsHalted()
T5D88 011:146.431 - 0.781ms returns FALSE
T5D88 011:146.479 JLINK_IsHalted()
T5D88 011:147.166 - 0.685ms returns FALSE
T52B0 011:181.462 JLINK_IsHalted()
T52B0 011:182.592 - 1.128ms returns FALSE
T52B0 011:182.632 JLINK_IsHalted()
T52B0 011:183.181 - 0.549ms returns FALSE
T52B0 011:290.470 JLINK_IsHalted()
T52B0 011:291.683 - 1.212ms returns FALSE
T52B0 011:291.719 JLINK_IsHalted()
T52B0 011:292.782 - 1.062ms returns FALSE
T52B0 011:400.018 JLINK_IsHalted()
T52B0 011:401.327 - 1.309ms returns FALSE
T52B0 011:401.362 JLINK_IsHalted()
T52B0 011:402.032 - 0.669ms returns FALSE
T52B0 011:510.029 JLINK_IsHalted()
T52B0 011:511.336 - 1.307ms returns FALSE
T52B0 011:511.374 JLINK_IsHalted()
T52B0 011:511.986 - 0.611ms returns FALSE
T52B0 011:619.006 JLINK_IsHalted()
T52B0 011:620.341 - 1.334ms returns FALSE
T52B0 011:620.380 JLINK_IsHalted()
T52B0 011:621.010 - 0.629ms returns FALSE
T52B0 011:728.003 JLINK_IsHalted()
T52B0 011:729.187 - 1.183ms returns FALSE
T52B0 011:729.223 JLINK_IsHalted()
T52B0 011:730.443 - 1.219ms returns FALSE
T52B0 011:837.701 JLINK_IsHalted()
T52B0 011:838.965 - 1.264ms returns FALSE
T52B0 011:839.001 JLINK_IsHalted()
T52B0 011:839.688 - 0.686ms returns FALSE
T52B0 011:946.675 JLINK_IsHalted()
T52B0 011:947.840 - 1.164ms returns FALSE
T52B0 011:947.878 JLINK_IsHalted()
T52B0 011:948.963 - 1.085ms returns FALSE
T52B0 012:056.740 JLINK_IsHalted()
T52B0 012:058.059 - 1.318ms returns FALSE
T52B0 012:058.099 JLINK_IsHalted()
T52B0 012:059.167 - 1.067ms returns FALSE
T5D88 012:146.810 JLINK_IsHalted()
T5D88 012:147.575 - 0.765ms returns FALSE
T5D88 012:147.611 JLINK_IsHalted()
T5D88 012:148.309 - 0.696ms returns FALSE
T52B0 012:165.734 JLINK_IsHalted()
T52B0 012:166.992 - 1.257ms returns FALSE
T52B0 012:167.030 JLINK_IsHalted()
T52B0 012:167.694 - 0.662ms returns FALSE
T52B0 012:274.662 JLINK_IsHalted()
T52B0 012:275.963 - 1.300ms returns FALSE
T52B0 012:275.997 JLINK_IsHalted()
T52B0 012:277.107 - 1.110ms returns FALSE
T52B0 012:384.237 JLINK_IsHalted()
T52B0 012:385.434 - 1.197ms returns FALSE
T52B0 012:385.469 JLINK_IsHalted()
T52B0 012:386.660 - 1.190ms returns FALSE
T52B0 012:494.201 JLINK_IsHalted()
T52B0 012:495.291 - 1.090ms returns FALSE
T52B0 012:495.330 JLINK_IsHalted()
T52B0 012:496.485 - 1.155ms returns FALSE
T52B0 012:603.269 JLINK_IsHalted()
T52B0 012:604.547 - 1.277ms returns FALSE
T52B0 012:604.586 JLINK_IsHalted()
T52B0 012:605.605 - 1.018ms returns FALSE
T52B0 012:712.230 JLINK_IsHalted()
T52B0 012:713.482 - 1.251ms returns FALSE
T52B0 012:713.523 JLINK_IsHalted()
T52B0 012:714.701 - 1.177ms returns FALSE
T52B0 012:821.894 JLINK_IsHalted()
T52B0 012:823.189 - 1.294ms returns FALSE
T52B0 012:823.221 JLINK_IsHalted()
T52B0 012:824.518 - 1.296ms returns FALSE
T52B0 012:931.138 JLINK_IsHalted()
T52B0 012:932.298 - 1.159ms returns FALSE
T52B0 012:932.338 JLINK_IsHalted()
T52B0 012:933.528 - 1.189ms returns FALSE
T52B0 013:041.172 JLINK_IsHalted()
T52B0 013:043.160 - 1.987ms returns FALSE
T52B0 013:043.199 JLINK_IsHalted()
T52B0 013:043.896 - 0.696ms returns FALSE
T5D88 013:148.334 JLINK_IsHalted()
T5D88 013:149.002 - 0.668ms returns FALSE
T5D88 013:149.041 JLINK_IsHalted()
T5D88 013:149.619 - 0.577ms returns FALSE
T52B0 013:149.766 JLINK_IsHalted()
T52B0 013:150.746 - 0.980ms returns FALSE
T52B0 013:150.778 JLINK_IsHalted()
T52B0 013:151.922 - 1.143ms returns FALSE
T52B0 013:259.805 JLINK_IsHalted()
T52B0 013:261.027 - 1.223ms returns FALSE
T52B0 013:261.062 JLINK_IsHalted()
T52B0 013:262.368 - 1.305ms returns FALSE
T52B0 013:369.409 JLINK_IsHalted()
T52B0 013:370.714 - 1.305ms returns FALSE
T52B0 013:370.750 JLINK_IsHalted()
T52B0 013:371.944 - 1.194ms returns FALSE
T52B0 013:478.456 JLINK_IsHalted()
T52B0 013:479.733 - 1.276ms returns FALSE
T52B0 013:479.771 JLINK_IsHalted()
T52B0 013:480.483 - 0.710ms returns FALSE
T52B0 013:587.446 JLINK_IsHalted()
T52B0 013:588.678 - 1.231ms returns FALSE
T52B0 013:588.718 JLINK_IsHalted()
T52B0 013:589.771 - 1.052ms returns FALSE
T52B0 013:697.421 JLINK_IsHalted()
T52B0 013:698.733 - 1.312ms returns FALSE
T52B0 013:698.776 JLINK_IsHalted()
T52B0 013:700.045 - 1.267ms returns FALSE
T52B0 013:806.398 JLINK_IsHalted()
T52B0 013:807.067 - 0.668ms returns FALSE
T52B0 013:807.117 JLINK_IsHalted()
T52B0 013:807.738 - 0.620ms returns FALSE
T52B0 013:915.974 JLINK_IsHalted()
T52B0 013:916.794 - 0.820ms returns FALSE
T52B0 013:916.838 JLINK_IsHalted()
T52B0 013:917.558 - 0.719ms returns FALSE
T52B0 014:024.958 JLINK_IsHalted()
T52B0 014:025.621 - 0.661ms returns FALSE
T52B0 014:025.664 JLINK_IsHalted()
T52B0 014:026.272 - 0.606ms returns FALSE
T52B0 014:134.974 JLINK_IsHalted()
T52B0 014:135.574 - 0.599ms returns FALSE
T52B0 014:135.618 JLINK_IsHalted()
T52B0 014:136.168 - 0.547ms returns FALSE
T5D88 014:150.094 JLINK_IsHalted()
T5D88 014:150.691 - 0.596ms returns FALSE
T5D88 014:150.725 JLINK_IsHalted()
T5D88 014:151.264 - 0.538ms returns FALSE
T52B0 014:243.955 JLINK_IsHalted()
T52B0 014:244.622 - 0.666ms returns FALSE
T52B0 014:244.656 JLINK_IsHalted()
T52B0 014:245.168 - 0.511ms returns FALSE
T52B0 014:352.982 JLINK_IsHalted()
T52B0 014:353.747 - 0.763ms returns FALSE
T52B0 014:353.781 JLINK_IsHalted()
T52B0 014:354.360 - 0.578ms returns FALSE
T52B0 014:462.840 JLINK_IsHalted()
T52B0 014:463.973 - 1.132ms returns FALSE
T52B0 014:464.029 JLINK_IsHalted()
T52B0 014:464.534 - 0.504ms returns FALSE
T52B0 014:571.856 JLINK_IsHalted()
T52B0 014:572.493 - 0.636ms returns FALSE
T52B0 014:572.541 JLINK_IsHalted()
T52B0 014:573.203 - 0.661ms returns FALSE
T52B0 014:681.832 JLINK_IsHalted()
T52B0 014:682.539 - 0.706ms returns FALSE
T52B0 014:682.597 JLINK_IsHalted()
T52B0 014:683.334 - 0.736ms returns FALSE
T52B0 014:790.869 JLINK_IsHalted()
T52B0 014:791.635 - 0.767ms returns FALSE
T52B0 014:791.669 JLINK_IsHalted()
T52B0 014:792.342 - 0.673ms returns FALSE
T52B0 014:900.546 JLINK_IsHalted()
T52B0 014:901.232 - 0.686ms returns FALSE
T52B0 014:901.270 JLINK_IsHalted()
T52B0 014:901.910 - 0.640ms returns FALSE
T52B0 015:009.533 JLINK_IsHalted()
T52B0 015:010.234 - 0.701ms returns FALSE
T52B0 015:010.266 JLINK_IsHalted()
T52B0 015:010.840 - 0.573ms returns FALSE
T52B0 015:118.494 JLINK_IsHalted()
T52B0 015:119.154 - 0.660ms returns FALSE
T52B0 015:119.195 JLINK_IsHalted()
T52B0 015:119.821 - 0.625ms returns FALSE
T5D88 015:151.642 JLINK_IsHalted()
T5D88 015:152.378 - 0.735ms returns FALSE
T5D88 015:152.411 JLINK_IsHalted()
T5D88 015:153.091 - 0.679ms returns FALSE
T52B0 015:228.531 JLINK_IsHalted()
T52B0 015:229.210 - 0.678ms returns FALSE
T52B0 015:229.246 JLINK_IsHalted()
T52B0 015:229.834 - 0.586ms returns FALSE
T52B0 015:337.514 JLINK_IsHalted()
T52B0 015:338.357 - 0.842ms returns FALSE
T52B0 015:338.392 JLINK_IsHalted()
T52B0 015:339.088 - 0.695ms returns FALSE
T52B0 015:447.131 JLINK_IsHalted()
T52B0 015:447.906 - 0.773ms returns FALSE
T52B0 015:447.938 JLINK_IsHalted()
T52B0 015:448.587 - 0.649ms returns FALSE
T52B0 015:556.117 JLINK_IsHalted()
T52B0 015:556.862 - 0.746ms returns FALSE
T52B0 015:556.901 JLINK_IsHalted()
T52B0 015:557.542 - 0.640ms returns FALSE
T52B0 015:666.090 JLINK_IsHalted()
T52B0 015:666.838 - 0.749ms returns FALSE
T52B0 015:666.875 JLINK_IsHalted()
T52B0 015:667.558 - 0.682ms returns FALSE
T52B0 015:775.309 JLINK_IsHalted()
T52B0 015:776.029 - 0.719ms returns FALSE
T52B0 015:776.067 JLINK_IsHalted()
T52B0 015:776.598 - 0.529ms returns FALSE
T52B0 015:884.914 JLINK_IsHalted()
T52B0 015:885.693 - 0.778ms returns FALSE
T52B0 015:885.734 JLINK_IsHalted()
T52B0 015:886.357 - 0.622ms returns FALSE
T52B0 015:993.934 JLINK_IsHalted()
T52B0 015:994.670 - 0.735ms returns FALSE
T52B0 015:994.704 JLINK_IsHalted()
T52B0 015:995.318 - 0.613ms returns FALSE
T52B0 016:102.894 JLINK_IsHalted()
T52B0 016:103.546 - 0.651ms returns FALSE
T52B0 016:103.581 JLINK_IsHalted()
T52B0 016:104.149 - 0.565ms returns FALSE
T5D88 016:153.592 JLINK_IsHalted()
T5D88 016:154.283 - 0.691ms returns FALSE
T5D88 016:154.330 JLINK_IsHalted()
T5D88 016:154.870 - 0.540ms returns FALSE
T52B0 016:212.451 JLINK_IsHalted()
T52B0 016:213.128 - 0.676ms returns FALSE
T52B0 016:213.170 JLINK_IsHalted()
T52B0 016:213.824 - 0.655ms returns FALSE
T52B0 016:322.501 JLINK_IsHalted()
T52B0 016:323.360 - 0.860ms returns FALSE
T52B0 016:323.394 JLINK_IsHalted()
T52B0 016:324.042 - 0.647ms returns FALSE
T52B0 016:431.093 JLINK_IsHalted()
T52B0 016:431.898 - 0.805ms returns FALSE
T52B0 016:431.934 JLINK_IsHalted()
T52B0 016:432.568 - 0.633ms returns FALSE
T52B0 016:540.678 JLINK_IsHalted()
T52B0 016:541.408 - 0.728ms returns FALSE
T52B0 016:541.448 JLINK_IsHalted()
T52B0 016:542.122 - 0.673ms returns FALSE
T52B0 016:650.662 JLINK_IsHalted()
T52B0 016:651.386 - 0.724ms returns FALSE
T52B0 016:651.424 JLINK_IsHalted()
T52B0 016:652.018 - 0.592ms returns FALSE
T52B0 016:759.694 JLINK_IsHalted()
T52B0 016:760.427 - 0.732ms returns FALSE
T52B0 016:760.462 JLINK_IsHalted()
T52B0 016:761.021 - 0.557ms returns FALSE
T52B0 016:869.316 JLINK_IsHalted()
T52B0 016:870.094 - 0.778ms returns FALSE
T52B0 016:870.138 JLINK_IsHalted()
T52B0 016:870.844 - 0.705ms returns FALSE
T52B0 016:978.272 JLINK_IsHalted()
T52B0 016:979.044 - 0.773ms returns FALSE
T52B0 016:979.078 JLINK_IsHalted()
T52B0 016:979.732 - 0.653ms returns FALSE
T52B0 017:087.238 JLINK_IsHalted()
T52B0 017:147.874 - 60.635ms returns FALSE
T52B0 017:147.900 JLINK_IsHalted()
T52B0 017:150.566 - 2.664ms returns FALSE
T5D88 017:155.336 JLINK_IsHalted()
T5D88 017:155.862 - 0.526ms returns FALSE
T5D88 017:155.882 JLINK_IsHalted()
T5D88 017:156.368 - 0.485ms returns FALSE
T52B0 017:259.238 JLINK_IsHalted()
T52B0 017:259.796 - 0.556ms returns FALSE
T52B0 017:259.812 JLINK_IsHalted()
T52B0 017:260.342 - 0.528ms returns FALSE
T52B0 017:368.756 JLINK_IsHalted()
T52B0 017:369.322 - 0.563ms returns FALSE
T52B0 017:369.348 JLINK_IsHalted()
T52B0 017:369.928 - 0.577ms returns FALSE
T52B0 017:478.804 JLINK_IsHalted()
T52B0 017:479.468 - 0.666ms returns FALSE
T52B0 017:479.488 JLINK_IsHalted()
T52B0 017:480.074 - 0.585ms returns FALSE
T52B0 017:587.766 JLINK_IsHalted()
T52B0 017:588.358 - 0.591ms returns FALSE
T52B0 017:588.372 JLINK_IsHalted()
T52B0 017:588.930 - 0.557ms returns FALSE
T52B0 017:697.220 JLINK_IsHalted()
T52B0 017:697.876 - 0.657ms returns FALSE
T52B0 017:697.892 JLINK_IsHalted()
T52B0 017:698.444 - 0.551ms returns FALSE
T52B0 017:806.200 JLINK_IsHalted()
T52B0 017:806.810 - 0.609ms returns FALSE
T52B0 017:806.826 JLINK_IsHalted()
T52B0 017:807.476 - 0.651ms returns FALSE
T52B0 017:915.820 JLINK_IsHalted()
T52B0 017:916.468 - 0.647ms returns FALSE
T52B0 017:916.482 JLINK_IsHalted()
T52B0 017:917.100 - 0.620ms returns FALSE
T52B0 018:024.770 JLINK_IsHalted()
T52B0 018:025.314 - 0.543ms returns FALSE
T52B0 018:025.332 JLINK_IsHalted()
T52B0 018:025.828 - 0.496ms returns FALSE
T52B0 018:134.756 JLINK_IsHalted()
T52B0 018:135.282 - 0.526ms returns FALSE
T52B0 018:135.302 JLINK_IsHalted()
T52B0 018:135.964 - 0.660ms returns FALSE
T5D88 018:156.858 JLINK_IsHalted()
T5D88 018:157.454 - 0.597ms returns FALSE
T5D88 018:157.468 JLINK_IsHalted()
T5D88 018:157.996 - 0.528ms returns FALSE
T52B0 018:244.268 JLINK_IsHalted()
T52B0 018:244.796 - 0.527ms returns FALSE
T52B0 018:244.812 JLINK_IsHalted()
T52B0 018:245.314 - 0.501ms returns FALSE
T52B0 018:353.300 JLINK_IsHalted()
T52B0 018:353.952 - 0.651ms returns FALSE
T52B0 018:353.968 JLINK_IsHalted()
T52B0 018:354.568 - 0.599ms returns FALSE
T52B0 018:462.946 JLINK_IsHalted()
T52B0 018:463.538 - 0.591ms returns FALSE
T52B0 018:463.552 JLINK_IsHalted()
T52B0 018:464.192 - 0.640ms returns FALSE
T52B0 018:571.946 JLINK_IsHalted()
T52B0 018:572.548 - 0.602ms returns FALSE
T52B0 018:572.562 JLINK_IsHalted()
T52B0 018:573.140 - 0.578ms returns FALSE
T52B0 018:681.366 JLINK_IsHalted()
T52B0 018:681.970 - 0.602ms returns FALSE
T52B0 018:681.982 JLINK_IsHalted()
T52B0 018:682.604 - 0.621ms returns FALSE
T52B0 018:790.992 JLINK_IsHalted()
T52B0 018:791.588 - 0.597ms returns FALSE
T52B0 018:791.604 JLINK_IsHalted()
T52B0 018:792.292 - 0.687ms returns FALSE
T52B0 018:900.612 JLINK_IsHalted()
T52B0 018:901.162 - 0.549ms returns FALSE
T52B0 018:901.180 JLINK_IsHalted()
T52B0 018:901.788 - 0.608ms returns FALSE
T52B0 019:009.604 JLINK_IsHalted()
T52B0 019:010.190 - 0.587ms returns FALSE
T52B0 019:010.204 JLINK_IsHalted()
T52B0 019:010.712 - 0.507ms returns FALSE
T52B0 019:118.616 JLINK_IsHalted()
T52B0 019:119.304 - 0.687ms returns FALSE
T52B0 019:119.316 JLINK_IsHalted()
T52B0 019:119.884 - 0.566ms returns FALSE
T5D88 019:158.860 JLINK_IsHalted()
T5D88 019:159.452 - 0.590ms returns FALSE
T5D88 019:159.466 JLINK_IsHalted()
T5D88 019:159.932 - 0.466ms returns FALSE
T52B0 019:228.748 JLINK_IsHalted()
T52B0 019:229.342 - 0.594ms returns FALSE
T52B0 019:229.356 JLINK_IsHalted()
T52B0 019:229.938 - 0.581ms returns FALSE
T52B0 019:337.728 JLINK_IsHalted()
T52B0 019:338.372 - 0.643ms returns FALSE
T52B0 019:338.386 JLINK_IsHalted()
T52B0 019:338.960 - 0.573ms returns FALSE
T52B0 019:447.340 JLINK_IsHalted()
T52B0 019:447.938 - 0.596ms returns FALSE
T52B0 019:447.950 JLINK_IsHalted()
T52B0 019:448.476 - 0.525ms returns FALSE
T52B0 019:556.342 JLINK_IsHalted()
T52B0 019:556.920 - 0.577ms returns FALSE
T52B0 019:556.932 JLINK_IsHalted()
T52B0 019:557.492 - 0.559ms returns FALSE
T52B0 019:665.332 JLINK_IsHalted()
T52B0 019:665.916 - 0.586ms returns FALSE
T52B0 019:665.932 JLINK_IsHalted()
T52B0 019:666.494 - 0.562ms returns FALSE
T52B0 019:775.340 JLINK_IsHalted()
T52B0 019:776.000 - 0.659ms returns FALSE
T52B0 019:776.014 JLINK_IsHalted()
T52B0 019:776.642 - 0.628ms returns FALSE
T52B0 019:884.502 JLINK_IsHalted()
T52B0 019:885.038 - 0.536ms returns FALSE
T52B0 019:885.052 JLINK_IsHalted()
T52B0 019:885.648 - 0.594ms returns FALSE
T52B0 019:993.482 JLINK_IsHalted()
T52B0 019:994.130 - 0.648ms returns FALSE
T52B0 019:994.144 JLINK_IsHalted()
T52B0 019:994.692 - 0.548ms returns FALSE
T52B0 020:103.518 JLINK_IsHalted()
T52B0 020:104.128 - 0.609ms returns FALSE
T52B0 020:104.142 JLINK_IsHalted()
T52B0 020:104.736 - 0.594ms returns FALSE
T5D88 020:160.612 JLINK_IsHalted()
T5D88 020:161.204 - 0.590ms returns FALSE
T5D88 020:161.220 JLINK_IsHalted()
T5D88 020:161.750 - 0.530ms returns FALSE
T52B0 020:212.488 JLINK_IsHalted()
T52B0 020:213.060 - 0.571ms returns FALSE
T52B0 020:213.076 JLINK_IsHalted()
T52B0 020:213.662 - 0.586ms returns FALSE
T52B0 020:322.264 JLINK_IsHalted()
T52B0 020:322.832 - 0.567ms returns FALSE
T52B0 020:322.844 JLINK_IsHalted()
T52B0 020:323.468 - 0.621ms returns FALSE
T52B0 020:431.812 JLINK_IsHalted()
T52B0 020:432.352 - 0.541ms returns FALSE
T52B0 020:432.368 JLINK_IsHalted()
T52B0 020:432.892 - 0.523ms returns FALSE
T52B0 020:540.812 JLINK_IsHalted()
T52B0 020:541.336 - 0.525ms returns FALSE
T52B0 020:541.354 JLINK_IsHalted()
T52B0 020:541.884 - 0.529ms returns FALSE
T52B0 020:649.826 JLINK_IsHalted()
T52B0 020:650.374 - 0.550ms returns FALSE
T52B0 020:650.392 JLINK_IsHalted()
T52B0 020:650.888 - 0.495ms returns FALSE
T52B0 020:759.804 JLINK_IsHalted()
T52B0 020:760.344 - 0.539ms returns FALSE
T52B0 020:760.358 JLINK_IsHalted()
T52B0 020:760.842 - 0.483ms returns FALSE
T52B0 020:869.420 JLINK_IsHalted()
T52B0 020:870.048 - 0.628ms returns FALSE
T52B0 020:870.062 JLINK_IsHalted()
T52B0 020:870.606 - 0.542ms returns FALSE
T52B0 020:978.436 JLINK_IsHalted()
T52B0 020:979.048 - 0.611ms returns FALSE
T52B0 020:979.064 JLINK_IsHalted()
T52B0 020:979.646 - 0.582ms returns FALSE
T52B0 021:087.432 JLINK_IsHalted()
T52B0 021:088.100 - 0.666ms returns FALSE
T52B0 021:088.124 JLINK_IsHalted()
T52B0 021:088.608 - 0.483ms returns FALSE
T5D88 021:162.530 JLINK_IsHalted()
T5D88 021:163.028 - 0.497ms returns FALSE
T5D88 021:163.042 JLINK_IsHalted()
T5D88 021:163.570 - 0.528ms returns FALSE
T52B0 021:197.404 JLINK_IsHalted()
T52B0 021:197.984 - 0.577ms returns FALSE
T52B0 021:198.000 JLINK_IsHalted()
T52B0 021:198.540 - 0.540ms returns FALSE
T52B0 021:306.418 JLINK_IsHalted()
T52B0 021:307.024 - 0.606ms returns FALSE
T52B0 021:307.040 JLINK_IsHalted()
T52B0 021:307.574 - 0.533ms returns FALSE
T52B0 021:415.984 JLINK_IsHalted()
T52B0 021:416.528 - 0.543ms returns FALSE
T52B0 021:416.544 JLINK_IsHalted()
T52B0 021:417.084 - 0.540ms returns FALSE
T52B0 021:525.156 JLINK_IsHalted()
T52B0 021:525.772 - 0.616ms returns FALSE
T52B0 021:525.790 JLINK_IsHalted()
T52B0 021:526.298 - 0.506ms returns FALSE
T52B0 021:634.948 JLINK_IsHalted()
T52B0 021:635.484 - 0.535ms returns FALSE
T52B0 021:635.498 JLINK_IsHalted()
T52B0 021:636.050 - 0.551ms returns FALSE
T52B0 021:743.976 JLINK_IsHalted()
T52B0 021:744.564 - 0.588ms returns FALSE
T52B0 021:744.580 JLINK_IsHalted()
T52B0 021:745.186 - 0.604ms returns FALSE
T52B0 021:853.128 JLINK_IsHalted()
T52B0 021:853.692 - 0.564ms returns FALSE
T52B0 021:853.706 JLINK_IsHalted()
T52B0 021:854.298 - 0.591ms returns FALSE
T52B0 021:963.148 JLINK_IsHalted()
T52B0 021:963.744 - 0.595ms returns FALSE
T52B0 021:963.768 JLINK_IsHalted()
T52B0 021:964.280 - 0.512ms returns FALSE
T52B0 022:072.148 JLINK_IsHalted()
T52B0 022:072.772 - 0.623ms returns FALSE
T52B0 022:072.788 JLINK_IsHalted()
T52B0 022:073.412 - 0.625ms returns FALSE
T5D88 022:163.812 JLINK_IsHalted()
T5D88 022:164.364 - 0.552ms returns FALSE
T5D88 022:164.380 JLINK_IsHalted()
T5D88 022:164.914 - 0.533ms returns FALSE
T52B0 022:181.682 JLINK_IsHalted()
T52B0 022:182.274 - 0.591ms returns FALSE
T52B0 022:182.288 JLINK_IsHalted()
T52B0 022:182.868 - 0.578ms returns FALSE
T52B0 022:290.706 JLINK_IsHalted()
T52B0 022:291.342 - 0.636ms returns FALSE
T52B0 022:291.356 JLINK_IsHalted()
T52B0 022:291.916 - 0.558ms returns FALSE
T52B0 022:400.308 JLINK_IsHalted()
T52B0 022:400.892 - 0.583ms returns FALSE
T52B0 022:400.906 JLINK_IsHalted()
T52B0 022:401.524 - 0.618ms returns FALSE
T52B0 022:509.292 JLINK_IsHalted()
T52B0 022:509.946 - 0.654ms returns FALSE
T52B0 022:509.964 JLINK_IsHalted()
T52B0 022:510.492 - 0.527ms returns FALSE
T52B0 022:619.288 JLINK_IsHalted()
T52B0 022:619.944 - 0.656ms returns FALSE
T52B0 022:619.958 JLINK_IsHalted()
T52B0 022:620.556 - 0.598ms returns FALSE
T52B0 022:728.324 JLINK_IsHalted()
T52B0 022:728.892 - 0.568ms returns FALSE
T52B0 022:728.908 JLINK_IsHalted()
T52B0 022:729.504 - 0.597ms returns FALSE
T52B0 022:837.950 JLINK_IsHalted()
T52B0 022:838.588 - 0.637ms returns FALSE
T52B0 022:838.604 JLINK_IsHalted()
T52B0 022:839.276 - 0.671ms returns FALSE
T52B0 022:946.550 JLINK_IsHalted()
T52B0 022:947.104 - 0.552ms returns FALSE
T52B0 022:947.116 JLINK_IsHalted()
T52B0 022:947.684 - 0.568ms returns FALSE
T52B0 023:056.548 JLINK_IsHalted()
T52B0 023:057.188 - 0.640ms returns FALSE
T52B0 023:057.204 JLINK_IsHalted()
T52B0 023:057.834 - 0.630ms returns FALSE
T52B0 023:165.556 JLINK_IsHalted()
T52B0 023:166.154 - 0.596ms returns FALSE
T52B0 023:166.168 JLINK_IsHalted()
T52B0 023:166.764 - 0.597ms returns FALSE
T5D88 023:166.846 JLINK_IsHalted()
T5D88 023:167.476 - 0.628ms returns FALSE
T5D88 023:167.488 JLINK_IsHalted()
T5D88 023:168.104 - 0.616ms returns FALSE
T52B0 023:275.182 JLINK_IsHalted()
T52B0 023:275.768 - 0.586ms returns FALSE
T52B0 023:275.782 JLINK_IsHalted()
T52B0 023:276.312 - 0.529ms returns FALSE
T52B0 023:384.788 JLINK_IsHalted()
T52B0 023:385.300 - 0.513ms returns FALSE
T52B0 023:385.316 JLINK_IsHalted()
T52B0 023:385.820 - 0.505ms returns FALSE
T52B0 023:493.840 JLINK_IsHalted()
T52B0 023:494.460 - 0.621ms returns FALSE
T52B0 023:494.476 JLINK_IsHalted()
T52B0 023:495.068 - 0.591ms returns FALSE
T52B0 023:602.840 JLINK_IsHalted()
T52B0 023:603.468 - 0.628ms returns FALSE
T52B0 023:603.486 JLINK_IsHalted()
T52B0 023:604.108 - 0.620ms returns FALSE
T52B0 023:713.124 JLINK_IsHalted()
T52B0 023:713.732 - 0.609ms returns FALSE
T52B0 023:713.748 JLINK_IsHalted()
T52B0 023:714.372 - 0.625ms returns FALSE
T52B0 023:822.102 JLINK_IsHalted()
T52B0 023:822.742 - 0.639ms returns FALSE
T52B0 023:822.758 JLINK_IsHalted()
T52B0 023:823.338 - 0.579ms returns FALSE
T5EE0 023:906.194 JLINK_Halt()
T5EE0 023:910.222 - 4.025ms returns 0x00
T5EE0 023:910.350 JLINK_ReadReg(XPSR)
T5EE0 023:910.436   CPU_ReadMem(4 bytes @ 0xE000EE08)
T5EE0 023:911.988 - 1.637ms returns 0x01000000
T5EE0 023:916.246 JLINK_Close()
T5EE0 023:941.372 - 25.125ms
T5EE0 023:941.394   
T5EE0 023:941.400   Closed
