T767C 000:000.544   SEGGER J-Link V8.44a Log File
T767C 000:000.679   DLL Compiled: Jun 18 2025 16:28:32
T767C 000:000.685   Logging started @ 2025-07-29 02:08
T767C 000:000.691   Process: C:\Users\20537\.eclipse\com.renesas.platform_2070713661\DebugComp\RA\e2-server-gdb.exe
T767C 000:000.703 - 0.697ms 
T767C 000:000.717 JLINK_GetDLLVersion()
T767C 000:000.725 - 0.007ms returns 84401
T767C 000:003.395 JLINK_OpenEx(...)
T767C 000:011.592   Firmware: J-Link OB-RA4M2-Full compiled Apr  1 2025 10:14:06
T767C 000:012.929   Firmware: J-Link OB-RA4M2-Full compiled Apr  1 2025 10:14:06
T767C 000:025.871   Hardware: V1.00
T767C 000:025.890   S/N: 24060501
T767C 000:025.898   OEM: SEGGER
T767C 000:025.906   Feature(s): GDB, FlashDL, FlashBP, JFlash, RDI
T767C 000:027.249   Bootloader: 2021 May 14
T767C 000:028.190   USB speed mode: Full speed (12 MBit/s)
T767C 000:029.183   TELNET listener socket opened on port 19021
T767C 000:030.720   WEBSRV WEBSRV_Init(): Starting webserver thread(s)
T767C 000:032.836   WEBSRV Webserver running on local port 19080
T767C 000:034.083   Looking for J-Link GUI Server exe at: C:\Users\20537\.eclipse\com.renesas.platform_2070713661\DebugComp\RA\ARM\Segger_v8.44.1\JLinkGUIServer.exe
T767C 000:034.622   Looking for J-Link GUI Server exe at: C:\Program Files\SEGGER\JLink_V810h\JLinkGUIServer.exe
T767C 000:034.707   Forking J-Link GUI Server: C:\Program Files\SEGGER\JLink_V810h\JLinkGUIServer.exe
T767C 000:072.190   J-Link GUI Server info: "J-Link GUI server V8.10h "
T767C 000:079.873 - 76.471ms returns "O.K."
T767C 000:079.973 JLINK_TIF_Select(JLINKARM_TIF_SWD)
T767C 000:081.490 - 1.517ms returns 0x00
T767C 000:081.516 JLINK_ClrRESET()
T767C 000:082.207 - 0.690ms 
T767C 000:132.307 JLINK_SetSpeed(1500)
T767C 000:132.608 - 0.308ms 
T767C 000:132.631 JLINK_CORESIGHT_Configure(PerformTIFInit=0)
T767C 000:133.336 - 0.704ms returns 0
T767C 000:133.437 JLINK_CORESIGHT_ReadAPDPReg(DP reg 0x00)
T767C 000:134.098   Value=0x6BA02477
T767C 000:134.112 - 0.679ms returns 0
T767C 000:134.127 JLINK_CORESIGHT_WriteAPDPReg(DP reg 0x00, 0x0000001F)
T767C 000:134.510 - 0.382ms returns 0
T767C 000:134.524 JLINK_CORESIGHT_ReadAPDPReg(DP reg 0x00)
T767C 000:134.963   Value=0x6BA02477
T767C 000:134.975 - 0.451ms returns 0
T767C 000:134.985 JLINK_CORESIGHT_WriteAPDPReg(DP reg 0x02, 0x00000000)
T767C 000:135.521 - 0.536ms returns 0
T767C 000:135.534 JLINK_CORESIGHT_WriteAPDPReg(DP reg 0x01, 0x50000000)
T767C 000:135.954 - 0.419ms returns 0
T767C 000:135.972 JLINK_CORESIGHT_ReadAPDPReg(DP reg 0x01)
T767C 000:136.434   Value=0xF0000040
T767C 000:136.446 - 0.474ms returns 0
T767C 000:136.456 JLINK_CORESIGHT_WriteAPDPReg(DP reg 0x00, 0x0000001F)
T767C 000:136.879 - 0.422ms returns 0
T767C 000:136.892 JLINK_CORESIGHT_ReadAPDPReg(DP reg 0x00)
T767C 000:137.342   Value=0x6BA02477
T767C 000:137.354 - 0.462ms returns 0
T767C 000:137.364 JLINK_CORESIGHT_WriteAPDPReg(DP reg 0x01, 0x54000000)
T767C 000:137.775 - 0.411ms returns 0
T767C 000:137.789 JLINK_CORESIGHT_WriteAPDPReg(DP reg 0x01, 0x50000F00)
T767C 000:138.256 - 0.466ms returns 0
T767C 000:138.292 JLINK_CORESIGHT_WriteAPDPReg(DP reg 0x02, 0x01000000)
T767C 000:138.739 - 0.446ms returns 0
T767C 000:138.752 JLINK_CORESIGHT_WriteAPDPReg(AP reg 0x00, 0x80000002)
T767C 000:139.153 - 0.400ms returns 0
T767C 000:139.166 JLINK_CORESIGHT_WriteAPDPReg(AP reg 0x01, 0x80011100)
T767C 000:139.573 - 0.406ms returns 0
T767C 000:139.586 JLINK_CORESIGHT_WriteAPDPReg(AP reg 0x03, 0x000000A5)
T767C 000:139.963 - 0.377ms returns 0
T767C 000:139.976 JLINK_CORESIGHT_WriteAPDPReg(AP reg 0x00, 0x80000002)
T767C 000:140.423 - 0.446ms returns 0
T767C 000:140.436 JLINK_CORESIGHT_WriteAPDPReg(AP reg 0x01, 0x80011100)
T767C 000:140.906 - 0.470ms returns 0
T767C 000:140.920 JLINK_CORESIGHT_ReadAPDPReg(AP reg 0x03)
T767C 000:141.369   Value=0x000000A5
T767C 000:141.383 - 0.463ms returns 0
T767C 000:141.393 JLINK_ClrTMS()
T767C 000:141.620 - 0.226ms 
T767C 000:147.282 JLINK_SetTCK()
T767C 000:147.570 - 0.288ms returns 0
T767C 000:153.282 JLINK_SetRESET()
T767C 000:153.625 - 0.342ms 
T767C 000:353.868 JLINK_CORESIGHT_WriteAPDPReg(AP reg 0x00, 0x80000002)
T767C 000:354.451 - 0.584ms returns 0
T767C 000:354.474 JLINK_CORESIGHT_WriteAPDPReg(AP reg 0x01, 0x80011100)
T767C 000:354.969 - 0.494ms returns 0
T767C 000:354.990 JLINK_CORESIGHT_ReadAPDPReg(AP reg 0x03)
T767C 000:355.534   Value=0x00000000
T767C 000:355.547 - 0.557ms returns 0
T767C 000:355.560 JLINK_CORESIGHT_WriteAPDPReg(AP reg 0x00, 0x80000002)
T767C 000:356.057 - 0.496ms returns 0
T767C 000:356.073 JLINK_CORESIGHT_WriteAPDPReg(AP reg 0x01, 0x80011140)
T767C 000:356.657 - 0.584ms returns 0
T767C 000:356.673 JLINK_CORESIGHT_ReadAPDPReg(AP reg 0x03)
T767C 000:357.157   Value=0x00000002
T767C 000:357.172 - 0.498ms returns 0
T767C 000:357.183 JLINK_CORESIGHT_WriteAPDPReg(AP reg 0x00, 0x80000002)
T767C 000:357.625 - 0.442ms returns 0
T767C 000:357.639 JLINK_CORESIGHT_WriteAPDPReg(AP reg 0x01, 0x80011120)
T767C 000:358.049 - 0.410ms returns 0
T767C 000:358.062 JLINK_CORESIGHT_WriteAPDPReg(AP reg 0x03, 0x00000055)
T767C 000:358.507 - 0.445ms returns 0
T767C 000:358.521 JLINK_CORESIGHT_WriteAPDPReg(AP reg 0x00, 0x80000002)
T767C 000:358.994 - 0.473ms returns 0
T767C 000:359.022 JLINK_CORESIGHT_WriteAPDPReg(AP reg 0x01, 0x80011140)
T767C 000:359.463 - 0.441ms returns 0
T767C 000:359.479 JLINK_CORESIGHT_ReadAPDPReg(AP reg 0x03)
T767C 000:359.972   Value=0x00000002
T767C 000:359.985 - 0.506ms returns 0
T767C 000:359.994 JLINK_CORESIGHT_ReadAPDPReg(AP reg 0x03)
T767C 000:360.430   Value=0x00000002
T767C 000:360.442 - 0.448ms returns 0
T767C 000:360.452 JLINK_CORESIGHT_ReadAPDPReg(AP reg 0x03)
T767C 000:360.935   Value=0x00000002
T767C 000:360.964 - 0.511ms returns 0
T767C 000:360.974 JLINK_CORESIGHT_ReadAPDPReg(AP reg 0x03)
T767C 000:361.513   Value=0x00000002
T767C 000:361.525 - 0.551ms returns 0
T767C 000:361.535 JLINK_CORESIGHT_ReadAPDPReg(AP reg 0x03)
T767C 000:361.983   Value=0x00000002
T767C 000:361.996 - 0.461ms returns 0
T767C 000:362.010 JLINK_CORESIGHT_ReadAPDPReg(AP reg 0x03)
T767C 000:362.502   Value=0x00000002
T767C 000:362.514 - 0.504ms returns 0
T767C 000:362.527 JLINK_CORESIGHT_ReadAPDPReg(AP reg 0x03)
T767C 000:362.979   Value=0x00000002
T767C 000:362.991 - 0.464ms returns 0
T767C 000:363.004 JLINK_CORESIGHT_ReadAPDPReg(AP reg 0x03)
T767C 000:363.456   Value=0x00000002
T767C 000:363.468 - 0.464ms returns 0
T767C 000:363.480 JLINK_CORESIGHT_ReadAPDPReg(AP reg 0x03)
T767C 000:363.991   Value=0x00000002
T767C 000:364.004 - 0.524ms returns 0
T767C 000:364.017 JLINK_CORESIGHT_ReadAPDPReg(AP reg 0x03)
T767C 000:364.442   Value=0x00000002
T767C 000:364.455 - 0.437ms returns 0
T767C 000:364.467 JLINK_CORESIGHT_ReadAPDPReg(AP reg 0x03)
T767C 000:364.972   Value=0x00000002
T767C 000:364.984 - 0.517ms returns 0
T767C 000:364.997 JLINK_CORESIGHT_ReadAPDPReg(AP reg 0x03)
T767C 000:365.463   Value=0x00000002
T767C 000:365.475 - 0.478ms returns 0
T767C 000:365.488 JLINK_CORESIGHT_ReadAPDPReg(AP reg 0x03)
T767C 000:365.968   Value=0x00000002
T767C 000:365.994 - 0.506ms returns 0
T767C 000:366.055 JLINK_CORESIGHT_ReadAPDPReg(AP reg 0x03)
T767C 000:366.552   Value=0x00000002
T767C 000:366.565 - 0.510ms returns 0
T767C 000:366.574 JLINK_CORESIGHT_ReadAPDPReg(AP reg 0x03)
T767C 000:367.073   Value=0x00000002
T767C 000:367.085 - 0.510ms returns 0
T767C 000:367.094 JLINK_CORESIGHT_ReadAPDPReg(AP reg 0x03)
T767C 000:367.579   Value=0x00000002
T767C 000:367.592 - 0.497ms returns 0
T767C 000:367.601 JLINK_CORESIGHT_ReadAPDPReg(AP reg 0x03)
T767C 000:368.095   Value=0x00000002
T767C 000:368.107 - 0.506ms returns 0
T767C 000:368.116 JLINK_CORESIGHT_ReadAPDPReg(AP reg 0x03)
T767C 000:368.557   Value=0x00000002
T767C 000:368.569 - 0.452ms returns 0
T767C 000:368.578 JLINK_CORESIGHT_ReadAPDPReg(AP reg 0x03)
T767C 000:369.073   Value=0x00000002
T767C 000:369.087 - 0.508ms returns 0
T767C 000:369.097 JLINK_CORESIGHT_ReadAPDPReg(AP reg 0x03)
T767C 000:369.525   Value=0x00000002
T767C 000:369.537 - 0.439ms returns 0
T767C 000:369.547 JLINK_CORESIGHT_ReadAPDPReg(AP reg 0x03)
T767C 000:370.038   Value=0x00000002
T767C 000:370.053 - 0.505ms returns 0
T767C 000:370.063 JLINK_CORESIGHT_ReadAPDPReg(AP reg 0x03)
T767C 000:370.550   Value=0x00000000
T767C 000:370.562 - 0.499ms returns 0
T767C 000:370.572 JLINK_CORESIGHT_WriteAPDPReg(AP reg 0x00, 0x80000002)
T767C 000:370.981 - 0.409ms returns 0
T767C 000:370.994 JLINK_CORESIGHT_WriteAPDPReg(AP reg 0x01, 0x80011130)
T767C 000:371.387 - 0.392ms returns 0
T767C 000:371.399 JLINK_CORESIGHT_ReadAPDPReg(AP reg 0x03)
T767C 000:371.898   Value=0x000000C6
T767C 000:371.910 - 0.510ms returns 0
T767C 000:371.944 JLINK_CORESIGHT_WriteAPDPReg(AP reg 0x00, 0x80000002)
T767C 000:372.340 - 0.396ms returns 0
T767C 000:372.353 JLINK_CORESIGHT_WriteAPDPReg(AP reg 0x01, 0x80011140)
T767C 000:372.776 - 0.422ms returns 0
T767C 000:372.789 JLINK_CORESIGHT_ReadAPDPReg(AP reg 0x03)
T767C 000:373.299   Value=0x00000002
T767C 000:373.311 - 0.521ms returns 0
T767C 000:373.320 JLINK_CORESIGHT_WriteAPDPReg(AP reg 0x00, 0x80000002)
T767C 000:373.772 - 0.452ms returns 0
T767C 000:373.785 JLINK_CORESIGHT_WriteAPDPReg(AP reg 0x01, 0x80011120)
T767C 000:374.254 - 0.469ms returns 0
T767C 000:374.267 JLINK_CORESIGHT_WriteAPDPReg(AP reg 0x03, 0x3A010001)
T767C 000:374.739 - 0.471ms returns 0
T767C 000:374.752 JLINK_CORESIGHT_WriteAPDPReg(AP reg 0x00, 0x80000002)
T767C 000:375.152 - 0.400ms returns 0
T767C 000:375.166 JLINK_CORESIGHT_WriteAPDPReg(AP reg 0x01, 0x80011140)
T767C 000:375.642 - 0.475ms returns 0
T767C 000:375.657 JLINK_CORESIGHT_ReadAPDPReg(AP reg 0x03)
T767C 000:376.106   Value=0x00000002
T767C 000:376.121 - 0.464ms returns 0
T767C 000:376.131 JLINK_CORESIGHT_WriteAPDPReg(AP reg 0x00, 0x80000002)
T767C 000:376.630 - 0.498ms returns 0
T767C 000:376.643 JLINK_CORESIGHT_WriteAPDPReg(AP reg 0x01, 0x80011120)
T767C 000:377.049 - 0.406ms returns 0
T767C 000:377.062 JLINK_CORESIGHT_WriteAPDPReg(AP reg 0x03, 0x000003C5)
T767C 000:377.477 - 0.414ms returns 0
T767C 000:377.490 JLINK_CORESIGHT_WriteAPDPReg(AP reg 0x00, 0x80000002)
T767C 000:377.861 - 0.370ms returns 0
T767C 000:377.874 JLINK_CORESIGHT_WriteAPDPReg(AP reg 0x01, 0x80011140)
T767C 000:378.274 - 0.399ms returns 0
T767C 000:378.287 JLINK_CORESIGHT_ReadAPDPReg(AP reg 0x03)
T767C 000:378.737   Value=0x00000002
T767C 000:378.750 - 0.462ms returns 0
T767C 000:378.759 JLINK_CORESIGHT_ReadAPDPReg(AP reg 0x03)
T767C 000:379.204   Value=0x00000002
T767C 000:379.216 - 0.457ms returns 0
T767C 000:379.226 JLINK_CORESIGHT_ReadAPDPReg(AP reg 0x03)
T767C 000:379.735   Value=0x00000000
T767C 000:379.747 - 0.521ms returns 0
T767C 000:379.756 JLINK_CORESIGHT_WriteAPDPReg(AP reg 0x00, 0x80000002)
T767C 000:380.206 - 0.449ms returns 0
T767C 000:380.219 JLINK_CORESIGHT_WriteAPDPReg(AP reg 0x01, 0x80011130)
T767C 000:380.729 - 0.509ms returns 0
T767C 000:380.741 JLINK_CORESIGHT_ReadAPDPReg(AP reg 0x03)
T767C 000:381.228   Value=0x3A2A0081
T767C 000:381.240 - 0.499ms returns 0
T767C 000:381.250 JLINK_CORESIGHT_WriteAPDPReg(AP reg 0x00, 0x80000002)
T767C 000:381.652 - 0.401ms returns 0
T767C 000:381.664 JLINK_CORESIGHT_WriteAPDPReg(AP reg 0x01, 0x80011140)
T767C 000:382.095 - 0.430ms returns 0
T767C 000:382.108 JLINK_CORESIGHT_ReadAPDPReg(AP reg 0x03)
T767C 000:382.569   Value=0x00000000
T767C 000:382.581 - 0.472ms returns 0
T767C 000:382.590 JLINK_CORESIGHT_WriteAPDPReg(AP reg 0x00, 0x80000002)
T767C 000:383.058 - 0.467ms returns 0
T767C 000:383.072 JLINK_CORESIGHT_WriteAPDPReg(AP reg 0x01, 0x80011130)
T767C 000:383.513 - 0.440ms returns 0
T767C 000:383.526 JLINK_CORESIGHT_ReadAPDPReg(AP reg 0x03)
T767C 000:383.997   Value=0x808D5B00
T767C 000:384.009 - 0.483ms returns 0
T767C 000:384.020 JLINK_CORESIGHT_WriteAPDPReg(AP reg 0x00, 0x80000002)
T767C 000:384.469 - 0.449ms returns 0
T767C 000:384.483 JLINK_CORESIGHT_WriteAPDPReg(AP reg 0x01, 0x80011140)
T767C 000:384.910 - 0.427ms returns 0
T767C 000:384.944 JLINK_CORESIGHT_ReadAPDPReg(AP reg 0x03)
T767C 000:385.406   Value=0x00000000
T767C 000:385.418 - 0.474ms returns 0
T767C 000:385.428 JLINK_CORESIGHT_WriteAPDPReg(AP reg 0x00, 0x80000002)
T767C 000:385.852 - 0.424ms returns 0
T767C 000:385.867 JLINK_CORESIGHT_WriteAPDPReg(AP reg 0x01, 0x80011130)
T767C 000:386.322 - 0.454ms returns 0
T767C 000:386.337 JLINK_CORESIGHT_ReadAPDPReg(AP reg 0x03)
T767C 000:386.816   Value=0x0306070A
T767C 000:386.828 - 0.491ms returns 0
T767C 000:386.838 JLINK_CORESIGHT_WriteAPDPReg(AP reg 0x00, 0x80000002)
T767C 000:387.282 - 0.444ms returns 0
T767C 000:387.295 JLINK_CORESIGHT_WriteAPDPReg(AP reg 0x01, 0x80011140)
T767C 000:387.739 - 0.443ms returns 0
T767C 000:387.752 JLINK_CORESIGHT_ReadAPDPReg(AP reg 0x03)
T767C 000:388.171   Value=0x00000000
T767C 000:388.183 - 0.431ms returns 0
T767C 000:388.193 JLINK_CORESIGHT_WriteAPDPReg(AP reg 0x00, 0x80000002)
T767C 000:388.657 - 0.464ms returns 0
T767C 000:388.670 JLINK_CORESIGHT_WriteAPDPReg(AP reg 0x01, 0x80011130)
T767C 000:389.111 - 0.441ms returns 0
T767C 000:389.124 JLINK_CORESIGHT_ReadAPDPReg(AP reg 0x03)
T767C 000:389.603   Value=0x30545408
T767C 000:389.615 - 0.491ms returns 0
T767C 000:389.624 JLINK_CORESIGHT_WriteAPDPReg(AP reg 0x00, 0x80000002)
T767C 000:390.135 - 0.510ms returns 0
T767C 000:390.147 JLINK_CORESIGHT_WriteAPDPReg(AP reg 0x01, 0x80011140)
T767C 000:390.635 - 0.487ms returns 0
T767C 000:390.648 JLINK_CORESIGHT_ReadAPDPReg(AP reg 0x03)
T767C 000:391.157   Value=0x00000000
T767C 000:391.169 - 0.520ms returns 0
T767C 000:391.178 JLINK_CORESIGHT_WriteAPDPReg(AP reg 0x00, 0x80000002)
T767C 000:391.647 - 0.469ms returns 0
T767C 000:391.670 JLINK_CORESIGHT_WriteAPDPReg(AP reg 0x01, 0x80011130)
T767C 000:392.112 - 0.441ms returns 0
T767C 000:392.128 JLINK_CORESIGHT_ReadAPDPReg(AP reg 0x03)
T767C 000:392.569   Value=0x54F572C8
T767C 000:392.581 - 0.453ms returns 0
T767C 000:392.594 JLINK_CORESIGHT_WriteAPDPReg(AP reg 0x00, 0x80000002)
T767C 000:393.080 - 0.485ms returns 0
T767C 000:393.095 JLINK_CORESIGHT_WriteAPDPReg(AP reg 0x01, 0x80011140)
T767C 000:393.509 - 0.413ms returns 0
T767C 000:393.525 JLINK_CORESIGHT_ReadAPDPReg(AP reg 0x03)
T767C 000:394.014   Value=0x00000000
T767C 000:394.028 - 0.502ms returns 0
T767C 000:394.041 JLINK_CORESIGHT_WriteAPDPReg(AP reg 0x00, 0x80000002)
T767C 000:394.486 - 0.445ms returns 0
T767C 000:394.502 JLINK_CORESIGHT_WriteAPDPReg(AP reg 0x01, 0x80011130)
T767C 000:394.920 - 0.417ms returns 0
T767C 000:394.937 JLINK_CORESIGHT_ReadAPDPReg(AP reg 0x03)
T767C 000:395.388   Value=0x32355536
T767C 000:395.402 - 0.465ms returns 0
T767C 000:395.414 JLINK_CORESIGHT_WriteAPDPReg(AP reg 0x00, 0x80000002)
T767C 000:395.866 - 0.451ms returns 0
T767C 000:395.882 JLINK_CORESIGHT_WriteAPDPReg(AP reg 0x01, 0x80011140)
T767C 000:396.338 - 0.454ms returns 0
T767C 000:396.356 JLINK_CORESIGHT_ReadAPDPReg(AP reg 0x03)
T767C 000:396.900   Value=0x00000000
T767C 000:396.913 - 0.556ms returns 0
T767C 000:396.928 JLINK_CORESIGHT_WriteAPDPReg(AP reg 0x00, 0x80000002)
T767C 000:397.399 - 0.470ms returns 0
T767C 000:397.414 JLINK_CORESIGHT_WriteAPDPReg(AP reg 0x01, 0x80011130)
T767C 000:397.855 - 0.440ms returns 0
T767C 000:397.871 JLINK_CORESIGHT_ReadAPDPReg(AP reg 0x03)
T767C 000:398.370   Value=0x87022D38
T767C 000:398.386 - 0.515ms returns 0
T767C 000:398.400 JLINK_CORESIGHT_WriteAPDPReg(AP reg 0x00, 0x80000002)
T767C 000:398.882 - 0.482ms returns 0
T767C 000:398.899 JLINK_CORESIGHT_WriteAPDPReg(AP reg 0x01, 0x80011140)
T767C 000:399.423 - 0.524ms returns 0
T767C 000:399.440 JLINK_CORESIGHT_ReadAPDPReg(AP reg 0x03)
T767C 000:399.956   Value=0x00000000
T767C 000:399.969 - 0.529ms returns 0
T767C 000:399.982 JLINK_CORESIGHT_WriteAPDPReg(AP reg 0x00, 0x80000002)
T767C 000:400.420 - 0.438ms returns 0
T767C 000:400.436 JLINK_CORESIGHT_WriteAPDPReg(AP reg 0x01, 0x80011130)
T767C 000:400.967 - 0.518ms returns 0
T767C 000:400.984 JLINK_CORESIGHT_ReadAPDPReg(AP reg 0x03)
T767C 000:401.456   Value=0x4B375279
T767C 000:401.468 - 0.483ms returns 0
T767C 000:401.480 JLINK_CORESIGHT_WriteAPDPReg(AP reg 0x00, 0x80000002)
T767C 000:401.980 - 0.500ms returns 0
T767C 000:401.996 JLINK_CORESIGHT_WriteAPDPReg(AP reg 0x01, 0x80011140)
T767C 000:402.511 - 0.515ms returns 0
T767C 000:402.529 JLINK_CORESIGHT_ReadAPDPReg(AP reg 0x03)
T767C 000:403.029   Value=0x00000000
T767C 000:403.041 - 0.511ms returns 0
T767C 000:403.053 JLINK_CORESIGHT_WriteAPDPReg(AP reg 0x00, 0x80000002)
T767C 000:403.502 - 0.448ms returns 0
T767C 000:403.518 JLINK_CORESIGHT_WriteAPDPReg(AP reg 0x01, 0x80011130)
T767C 000:404.006 - 0.488ms returns 0
T767C 000:404.021 JLINK_CORESIGHT_ReadAPDPReg(AP reg 0x03)
T767C 000:404.466   Value=0x31503841
T767C 000:404.478 - 0.456ms returns 0
T767C 000:404.490 JLINK_CORESIGHT_WriteAPDPReg(AP reg 0x00, 0x80000002)
T767C 000:404.906 - 0.415ms returns 0
T767C 000:404.956 JLINK_CORESIGHT_WriteAPDPReg(AP reg 0x01, 0x80011140)
T767C 000:405.410 - 0.453ms returns 0
T767C 000:405.427 JLINK_CORESIGHT_ReadAPDPReg(AP reg 0x03)
T767C 000:405.909   Value=0x00000000
T767C 000:405.942 - 0.515ms returns 0
T767C 000:405.954 JLINK_CORESIGHT_WriteAPDPReg(AP reg 0x00, 0x80000002)
T767C 000:406.399 - 0.444ms returns 0
T767C 000:406.414 JLINK_CORESIGHT_WriteAPDPReg(AP reg 0x01, 0x80011130)
T767C 000:406.856 - 0.442ms returns 0
T767C 000:406.872 JLINK_CORESIGHT_ReadAPDPReg(AP reg 0x03)
T767C 000:407.340   Value=0x434C464B
T767C 000:407.352 - 0.480ms returns 0
T767C 000:407.364 JLINK_CORESIGHT_WriteAPDPReg(AP reg 0x00, 0x80000002)
T767C 000:407.856 - 0.492ms returns 0
T767C 000:407.872 JLINK_CORESIGHT_WriteAPDPReg(AP reg 0x01, 0x80011140)
T767C 000:408.296 - 0.424ms returns 0
T767C 000:408.312 JLINK_CORESIGHT_ReadAPDPReg(AP reg 0x03)
T767C 000:408.820   Value=0x00000000
T767C 000:408.832 - 0.520ms returns 0
T767C 000:408.845 JLINK_CORESIGHT_WriteAPDPReg(AP reg 0x00, 0x80000002)
T767C 000:409.242 - 0.397ms returns 0
T767C 000:409.259 JLINK_CORESIGHT_WriteAPDPReg(AP reg 0x01, 0x80011130)
T767C 000:409.729 - 0.470ms returns 0
T767C 000:409.746 JLINK_CORESIGHT_ReadAPDPReg(AP reg 0x03)
T767C 000:410.216   Value=0x20204341
T767C 000:410.228 - 0.481ms returns 0
T767C 000:410.241 JLINK_CORESIGHT_WriteAPDPReg(AP reg 0x00, 0x80000002)
T767C 000:410.728 - 0.487ms returns 0
T767C 000:410.744 JLINK_CORESIGHT_WriteAPDPReg(AP reg 0x01, 0x80011140)
T767C 000:411.138 - 0.394ms returns 0
T767C 000:411.154 JLINK_CORESIGHT_ReadAPDPReg(AP reg 0x03)
T767C 000:411.612   Value=0x00000000
T767C 000:411.624 - 0.470ms returns 0
T767C 000:411.637 JLINK_CORESIGHT_WriteAPDPReg(AP reg 0x00, 0x80000002)
T767C 000:412.104 - 0.467ms returns 0
T767C 000:412.121 JLINK_CORESIGHT_WriteAPDPReg(AP reg 0x01, 0x80011130)
T767C 000:412.536 - 0.415ms returns 0
T767C 000:412.552 JLINK_CORESIGHT_ReadAPDPReg(AP reg 0x03)
T767C 000:412.972   Value=0x00038C20
T767C 000:412.984 - 0.432ms returns 0
T767C 000:413.058 JLINK_CORESIGHT_WriteAPDPReg(AP reg 0x00, 0x80000002)
T767C 000:413.500 - 0.441ms returns 0
T767C 000:413.513 JLINK_CORESIGHT_WriteAPDPReg(AP reg 0x01, 0x80011140)
T767C 000:413.956 - 0.443ms returns 0
T767C 000:413.971 JLINK_CORESIGHT_ReadAPDPReg(AP reg 0x03)
T767C 000:414.439   Value=0x00000002
T767C 000:414.454 - 0.483ms returns 0
T767C 000:414.465 JLINK_CORESIGHT_WriteAPDPReg(AP reg 0x00, 0x80000002)
T767C 000:414.861 - 0.396ms returns 0
T767C 000:414.875 JLINK_CORESIGHT_WriteAPDPReg(AP reg 0x01, 0x80011120)
T767C 000:415.280 - 0.405ms returns 0
T767C 000:415.293 JLINK_CORESIGHT_WriteAPDPReg(AP reg 0x03, 0x39020001)
T767C 000:415.740 - 0.447ms returns 0
T767C 000:415.753 JLINK_CORESIGHT_WriteAPDPReg(AP reg 0x00, 0x80000002)
T767C 000:416.159 - 0.405ms returns 0
T767C 000:416.173 JLINK_CORESIGHT_WriteAPDPReg(AP reg 0x01, 0x80011140)
T767C 000:416.567 - 0.393ms returns 0
T767C 000:416.581 JLINK_CORESIGHT_ReadAPDPReg(AP reg 0x03)
T767C 000:417.050   Value=0x00000002
T767C 000:417.062 - 0.481ms returns 0
T767C 000:417.072 JLINK_CORESIGHT_WriteAPDPReg(AP reg 0x00, 0x80000002)
T767C 000:417.479 - 0.407ms returns 0
T767C 000:417.492 JLINK_CORESIGHT_WriteAPDPReg(AP reg 0x01, 0x80011120)
T767C 000:417.958 - 0.466ms returns 0
T767C 000:417.973 JLINK_CORESIGHT_WriteAPDPReg(AP reg 0x03, 0x0003B312)
T767C 000:418.377 - 0.404ms returns 0
T767C 000:418.398 JLINK_CORESIGHT_WriteAPDPReg(AP reg 0x00, 0x80000002)
T767C 000:418.860 - 0.462ms returns 0
T767C 000:418.873 JLINK_CORESIGHT_WriteAPDPReg(AP reg 0x01, 0x80011140)
T767C 000:419.253 - 0.380ms returns 0
T767C 000:419.267 JLINK_CORESIGHT_ReadAPDPReg(AP reg 0x03)
T767C 000:419.777   Value=0x00000000
T767C 000:419.789 - 0.522ms returns 0
T767C 000:419.799 JLINK_CORESIGHT_WriteAPDPReg(AP reg 0x00, 0x80000002)
T767C 000:420.218 - 0.418ms returns 0
T767C 000:420.231 JLINK_CORESIGHT_WriteAPDPReg(AP reg 0x01, 0x80011130)
T767C 000:420.658 - 0.427ms returns 0
T767C 000:420.671 JLINK_CORESIGHT_ReadAPDPReg(AP reg 0x03)
T767C 000:421.134   Value=0xB90A0081
T767C 000:421.146 - 0.475ms returns 0
T767C 000:421.156 JLINK_CORESIGHT_WriteAPDPReg(AP reg 0x00, 0x80000002)
T767C 000:421.604 - 0.447ms returns 0
T767C 000:421.617 JLINK_CORESIGHT_WriteAPDPReg(AP reg 0x01, 0x80011140)
T767C 000:422.037 - 0.420ms returns 0
T767C 000:422.050 JLINK_CORESIGHT_ReadAPDPReg(AP reg 0x03)
T767C 000:422.487   Value=0x00000000
T767C 000:422.499 - 0.449ms returns 0
T767C 000:422.508 JLINK_CORESIGHT_WriteAPDPReg(AP reg 0x00, 0x80000002)
T767C 000:422.968 - 0.459ms returns 0
T767C 000:422.982 JLINK_CORESIGHT_WriteAPDPReg(AP reg 0x01, 0x80011130)
T767C 000:423.455 - 0.472ms returns 0
T767C 000:423.468 JLINK_CORESIGHT_ReadAPDPReg(AP reg 0x03)
T767C 000:423.959   Value=0xFFFFFFC0
T767C 000:423.973 - 0.505ms returns 0
T767C 000:423.983 JLINK_CORESIGHT_WriteAPDPReg(AP reg 0x00, 0x80000002)
T767C 000:424.434 - 0.450ms returns 0
T767C 000:424.447 JLINK_CORESIGHT_WriteAPDPReg(AP reg 0x01, 0x80011140)
T767C 000:424.920 - 0.473ms returns 0
T767C 000:424.937 JLINK_CORESIGHT_ReadAPDPReg(AP reg 0x03)
T767C 000:425.422   Value=0x00000000
T767C 000:425.434 - 0.497ms returns 0
T767C 000:425.444 JLINK_CORESIGHT_WriteAPDPReg(AP reg 0x00, 0x80000002)
T767C 000:425.908 - 0.463ms returns 0
T767C 000:425.948 JLINK_CORESIGHT_WriteAPDPReg(AP reg 0x01, 0x80011130)
T767C 000:426.491 - 0.542ms returns 0
T767C 000:426.504 JLINK_CORESIGHT_ReadAPDPReg(AP reg 0x03)
T767C 000:427.097   Value=0xFFFFFFFF
T767C 000:427.110 - 0.605ms returns 0
T767C 000:427.120 JLINK_CORESIGHT_WriteAPDPReg(AP reg 0x00, 0x80000002)
T767C 000:427.547 - 0.427ms returns 0
T767C 000:427.561 JLINK_CORESIGHT_WriteAPDPReg(AP reg 0x01, 0x80011140)
T767C 000:428.074 - 0.513ms returns 0
T767C 000:428.090 JLINK_CORESIGHT_ReadAPDPReg(AP reg 0x03)
T767C 000:428.594   Value=0x00000000
T767C 000:428.606 - 0.515ms returns 0
T767C 000:428.616 JLINK_CORESIGHT_WriteAPDPReg(AP reg 0x00, 0x80000002)
T767C 000:429.062 - 0.446ms returns 0
T767C 000:429.075 JLINK_CORESIGHT_WriteAPDPReg(AP reg 0x01, 0x80011130)
T767C 000:429.504 - 0.429ms returns 0
T767C 000:429.517 JLINK_CORESIGHT_ReadAPDPReg(AP reg 0x03)
T767C 000:430.008   Value=0x000385FF
T767C 000:430.021 - 0.504ms returns 0
T767C 000:430.093 JLINK_CORESIGHT_WriteAPDPReg(AP reg 0x00, 0x80000002)
T767C 000:430.525 - 0.431ms returns 0
T767C 000:430.538 JLINK_CORESIGHT_WriteAPDPReg(AP reg 0x01, 0x80011140)
T767C 000:430.908 - 0.369ms returns 0
T767C 000:430.945 JLINK_CORESIGHT_ReadAPDPReg(AP reg 0x03)
T767C 000:431.432   Value=0x00000002
T767C 000:431.444 - 0.499ms returns 0
T767C 000:431.465 JLINK_CORESIGHT_WriteAPDPReg(AP reg 0x00, 0x80000002)
T767C 000:431.862 - 0.397ms returns 0
T767C 000:431.875 JLINK_CORESIGHT_WriteAPDPReg(AP reg 0x01, 0x80011120)
T767C 000:432.296 - 0.420ms returns 0
T767C 000:432.309 JLINK_CORESIGHT_WriteAPDPReg(AP reg 0x03, 0x2C010001)
T767C 000:432.777 - 0.467ms returns 0
T767C 000:432.790 JLINK_CORESIGHT_WriteAPDPReg(AP reg 0x00, 0x80000002)
T767C 000:433.194 - 0.404ms returns 0
T767C 000:433.207 JLINK_CORESIGHT_WriteAPDPReg(AP reg 0x01, 0x80011140)
T767C 000:433.610 - 0.402ms returns 0
T767C 000:433.623 JLINK_CORESIGHT_ReadAPDPReg(AP reg 0x03)
T767C 000:434.059   Value=0x00000002
T767C 000:434.071 - 0.448ms returns 0
T767C 000:434.081 JLINK_CORESIGHT_WriteAPDPReg(AP reg 0x00, 0x80000002)
T767C 000:434.526 - 0.445ms returns 0
T767C 000:434.539 JLINK_CORESIGHT_WriteAPDPReg(AP reg 0x01, 0x80011120)
T767C 000:435.016 - 0.477ms returns 0
T767C 000:435.029 JLINK_CORESIGHT_WriteAPDPReg(AP reg 0x03, 0x000003D3)
T767C 000:435.460 - 0.431ms returns 0
T767C 000:435.473 JLINK_CORESIGHT_WriteAPDPReg(AP reg 0x00, 0x80000002)
T767C 000:435.968 - 0.495ms returns 0
T767C 000:435.989 JLINK_CORESIGHT_WriteAPDPReg(AP reg 0x01, 0x80011140)
T767C 000:436.392 - 0.402ms returns 0
T767C 000:436.406 JLINK_CORESIGHT_ReadAPDPReg(AP reg 0x03)
T767C 000:436.951   Value=0x00000000
T767C 000:436.963 - 0.556ms returns 0
T767C 000:436.973 JLINK_CORESIGHT_WriteAPDPReg(AP reg 0x00, 0x80000002)
T767C 000:437.390 - 0.417ms returns 0
T767C 000:437.403 JLINK_CORESIGHT_WriteAPDPReg(AP reg 0x01, 0x80011130)
T767C 000:437.888 - 0.484ms returns 0
T767C 000:437.901 JLINK_CORESIGHT_ReadAPDPReg(AP reg 0x03)
T767C 000:438.386   Value=0x2C020081
T767C 000:438.400 - 0.499ms returns 0
T767C 000:438.414 JLINK_CORESIGHT_WriteAPDPReg(AP reg 0x00, 0x80000002)
T767C 000:438.862 - 0.448ms returns 0
T767C 000:438.879 JLINK_CORESIGHT_WriteAPDPReg(AP reg 0x01, 0x80011140)
T767C 000:439.318 - 0.439ms returns 0
T767C 000:439.335 JLINK_CORESIGHT_ReadAPDPReg(AP reg 0x03)
T767C 000:439.802   Value=0x00000000
T767C 000:439.814 - 0.480ms returns 0
T767C 000:439.827 JLINK_CORESIGHT_WriteAPDPReg(AP reg 0x00, 0x80000002)
T767C 000:440.250 - 0.423ms returns 0
T767C 000:440.266 JLINK_CORESIGHT_WriteAPDPReg(AP reg 0x01, 0x80011130)
T767C 000:440.728 - 0.462ms returns 0
T767C 000:440.744 JLINK_CORESIGHT_ReadAPDPReg(AP reg 0x03)
T767C 000:441.239   Value=0x0003CE04
T767C 000:441.251 - 0.507ms returns 0
T767C 000:441.301 JLINK_CORESIGHT_WriteAPDPReg(AP reg 0x00, 0x80000002)
T767C 000:441.775 - 0.474ms returns 0
T767C 000:441.788 JLINK_CORESIGHT_WriteAPDPReg(AP reg 0x01, 0x80011140)
T767C 000:442.194 - 0.406ms returns 0
T767C 000:442.207 JLINK_CORESIGHT_ReadAPDPReg(AP reg 0x03)
T767C 000:442.728   Value=0x00000002
T767C 000:442.740 - 0.532ms returns 0
T767C 000:442.750 JLINK_CORESIGHT_WriteAPDPReg(AP reg 0x00, 0x80000002)
T767C 000:443.151 - 0.401ms returns 0
T767C 000:443.165 JLINK_CORESIGHT_WriteAPDPReg(AP reg 0x01, 0x80011120)
T767C 000:443.631 - 0.466ms returns 0
T767C 000:443.644 JLINK_CORESIGHT_WriteAPDPReg(AP reg 0x03, 0x73010001)
T767C 000:444.071 - 0.426ms returns 0
T767C 000:444.084 JLINK_CORESIGHT_WriteAPDPReg(AP reg 0x00, 0x80000002)
T767C 000:444.487 - 0.403ms returns 0
T767C 000:444.500 JLINK_CORESIGHT_WriteAPDPReg(AP reg 0x01, 0x80011140)
T767C 000:444.900 - 0.399ms returns 0
T767C 000:444.913 JLINK_CORESIGHT_ReadAPDPReg(AP reg 0x03)
T767C 000:445.368   Value=0x00000002
T767C 000:445.380 - 0.467ms returns 0
T767C 000:445.390 JLINK_CORESIGHT_WriteAPDPReg(AP reg 0x00, 0x80000002)
T767C 000:445.856 - 0.466ms returns 0
T767C 000:445.869 JLINK_CORESIGHT_WriteAPDPReg(AP reg 0x01, 0x80011120)
T767C 000:446.320 - 0.451ms returns 0
T767C 000:446.333 JLINK_CORESIGHT_WriteAPDPReg(AP reg 0x03, 0x0000038C)
T767C 000:446.856 - 0.522ms returns 0
T767C 000:446.869 JLINK_CORESIGHT_WriteAPDPReg(AP reg 0x00, 0x80000002)
T767C 000:447.307 - 0.438ms returns 0
T767C 000:447.320 JLINK_CORESIGHT_WriteAPDPReg(AP reg 0x01, 0x80011140)
T767C 000:447.776 - 0.456ms returns 0
T767C 000:447.789 JLINK_CORESIGHT_ReadAPDPReg(AP reg 0x03)
T767C 000:448.305   Value=0x00000000
T767C 000:448.320 - 0.530ms returns 0
T767C 000:448.330 JLINK_CORESIGHT_WriteAPDPReg(AP reg 0x00, 0x80000002)
T767C 000:448.874 - 0.543ms returns 0
T767C 000:448.888 JLINK_CORESIGHT_WriteAPDPReg(AP reg 0x01, 0x80011130)
T767C 000:449.327 - 0.439ms returns 0
T767C 000:449.342 JLINK_CORESIGHT_ReadAPDPReg(AP reg 0x03)
T767C 000:449.804   Value=0x73020081
T767C 000:449.819 - 0.476ms returns 0
T767C 000:449.829 JLINK_CORESIGHT_WriteAPDPReg(AP reg 0x00, 0x80000002)
T767C 000:450.279 - 0.449ms returns 0
T767C 000:450.292 JLINK_CORESIGHT_WriteAPDPReg(AP reg 0x01, 0x80011140)
T767C 000:450.773 - 0.480ms returns 0
T767C 000:450.786 JLINK_CORESIGHT_ReadAPDPReg(AP reg 0x03)
T767C 000:451.320   Value=0x00000000
T767C 000:451.337 - 0.550ms returns 0
T767C 000:451.347 JLINK_CORESIGHT_WriteAPDPReg(AP reg 0x00, 0x80000002)
T767C 000:451.854 - 0.507ms returns 0
T767C 000:451.867 JLINK_CORESIGHT_WriteAPDPReg(AP reg 0x01, 0x80011130)
T767C 000:452.314 - 0.446ms returns 0
T767C 000:452.328 JLINK_CORESIGHT_ReadAPDPReg(AP reg 0x03)
T767C 000:452.773   Value=0x00038902
T767C 000:452.785 - 0.457ms returns 0
T767C 000:452.796 JLINK_CORESIGHT_WriteAPDPReg(AP reg 0x00, 0x80000002)
T767C 000:453.237 - 0.440ms returns 0
T767C 000:453.250 JLINK_CORESIGHT_WriteAPDPReg(AP reg 0x01, 0x80011140)
T767C 000:453.624 - 0.374ms returns 0
T767C 000:453.638 JLINK_CORESIGHT_ReadAPDPReg(AP reg 0x03)
T767C 000:454.112   Value=0x00000002
T767C 000:454.124 - 0.486ms returns 0
T767C 000:454.133 JLINK_CORESIGHT_WriteAPDPReg(AP reg 0x00, 0x80000002)
T767C 000:454.533 - 0.399ms returns 0
T767C 000:454.546 JLINK_CORESIGHT_WriteAPDPReg(AP reg 0x01, 0x80011120)
T767C 000:454.968 - 0.422ms returns 0
T767C 000:454.981 JLINK_CORESIGHT_WriteAPDPReg(AP reg 0x03, 0x75010001)
T767C 000:455.376 - 0.395ms returns 0
T767C 000:455.389 JLINK_CORESIGHT_WriteAPDPReg(AP reg 0x00, 0x80000002)
T767C 000:455.853 - 0.464ms returns 0
T767C 000:455.866 JLINK_CORESIGHT_WriteAPDPReg(AP reg 0x01, 0x80011140)
T767C 000:456.261 - 0.394ms returns 0
T767C 000:456.274 JLINK_CORESIGHT_ReadAPDPReg(AP reg 0x03)
T767C 000:456.762   Value=0x00000002
T767C 000:456.774 - 0.500ms returns 0
T767C 000:456.784 JLINK_CORESIGHT_WriteAPDPReg(AP reg 0x00, 0x80000002)
T767C 000:457.254 - 0.470ms returns 0
T767C 000:457.267 JLINK_CORESIGHT_WriteAPDPReg(AP reg 0x01, 0x80011120)
T767C 000:457.739 - 0.471ms returns 0
T767C 000:457.752 JLINK_CORESIGHT_WriteAPDPReg(AP reg 0x03, 0x0000038A)
T767C 000:458.169 - 0.417ms returns 0
T767C 000:458.182 JLINK_CORESIGHT_WriteAPDPReg(AP reg 0x00, 0x80000002)
T767C 000:458.626 - 0.444ms returns 0
T767C 000:458.639 JLINK_CORESIGHT_WriteAPDPReg(AP reg 0x01, 0x80011140)
T767C 000:459.084 - 0.444ms returns 0
T767C 000:459.098 JLINK_CORESIGHT_ReadAPDPReg(AP reg 0x03)
T767C 000:459.593   Value=0x00000002
T767C 000:459.605 - 0.507ms returns 0
T767C 000:459.615 JLINK_CORESIGHT_ReadAPDPReg(AP reg 0x03)
T767C 000:460.117   Value=0x00000002
T767C 000:460.129 - 0.514ms returns 0
T767C 000:460.139 JLINK_CORESIGHT_ReadAPDPReg(AP reg 0x03)
T767C 000:460.625   Value=0x00000002
T767C 000:460.637 - 0.498ms returns 0
T767C 000:460.646 JLINK_CORESIGHT_ReadAPDPReg(AP reg 0x03)
T767C 000:461.115   Value=0x00000002
T767C 000:461.129 - 0.483ms returns 0
T767C 000:461.151 JLINK_CORESIGHT_ReadAPDPReg(AP reg 0x03)
T767C 000:461.644   Value=0x00000002
T767C 000:461.657 - 0.505ms returns 0
T767C 000:461.666 JLINK_CORESIGHT_ReadAPDPReg(AP reg 0x03)
T767C 000:462.161   Value=0x00000002
T767C 000:462.173 - 0.506ms returns 0
T767C 000:462.182 JLINK_CORESIGHT_ReadAPDPReg(AP reg 0x03)
T767C 000:462.763   Value=0x00000000
T767C 000:462.775 - 0.592ms returns 0
T767C 000:462.785 JLINK_CORESIGHT_WriteAPDPReg(AP reg 0x00, 0x80000002)
T767C 000:463.225 - 0.440ms returns 0
T767C 000:463.238 JLINK_CORESIGHT_WriteAPDPReg(AP reg 0x01, 0x80011130)
T767C 000:463.637 - 0.399ms returns 0
T767C 000:463.650 JLINK_CORESIGHT_ReadAPDPReg(AP reg 0x03)
T767C 000:464.127   Value=0x75020081
T767C 000:464.141 - 0.490ms returns 0
T767C 000:464.151 JLINK_CORESIGHT_WriteAPDPReg(AP reg 0x00, 0x80000002)
T767C 000:464.619 - 0.468ms returns 0
T767C 000:464.632 JLINK_CORESIGHT_WriteAPDPReg(AP reg 0x01, 0x80011140)
T767C 000:465.060 - 0.428ms returns 0
T767C 000:465.074 JLINK_CORESIGHT_ReadAPDPReg(AP reg 0x03)
T767C 000:465.565   Value=0x00000000
T767C 000:465.577 - 0.503ms returns 0
T767C 000:465.587 JLINK_CORESIGHT_WriteAPDPReg(AP reg 0x00, 0x80000002)
T767C 000:466.006 - 0.419ms returns 0
T767C 000:466.019 JLINK_CORESIGHT_WriteAPDPReg(AP reg 0x01, 0x80011130)
T767C 000:466.411 - 0.391ms returns 0
T767C 000:466.423 JLINK_CORESIGHT_ReadAPDPReg(AP reg 0x03)
T767C 000:466.907   Value=0x00038702
T767C 000:466.919 - 0.496ms returns 0
T767C 000:466.978 JLINK_CORESIGHT_WriteAPDPReg(AP reg 0x00, 0x80000002)
T767C 000:467.457 - 0.479ms returns 0
T767C 000:467.472 JLINK_CORESIGHT_WriteAPDPReg(AP reg 0x01, 0x80011140)
T767C 000:467.912 - 0.439ms returns 0
T767C 000:467.944 JLINK_CORESIGHT_ReadAPDPReg(AP reg 0x03)
T767C 000:468.430   Value=0x00000002
T767C 000:468.442 - 0.498ms returns 0
T767C 000:468.452 JLINK_CORESIGHT_WriteAPDPReg(AP reg 0x00, 0x80000002)
T767C 000:468.953 - 0.500ms returns 0
T767C 000:468.979 JLINK_CORESIGHT_WriteAPDPReg(AP reg 0x01, 0x80011120)
T767C 000:469.437 - 0.458ms returns 0
T767C 000:469.450 JLINK_CORESIGHT_WriteAPDPReg(AP reg 0x03, 0x4F010001)
T767C 000:469.878 - 0.428ms returns 0
T767C 000:469.892 JLINK_CORESIGHT_WriteAPDPReg(AP reg 0x00, 0x80000002)
T767C 000:470.286 - 0.394ms returns 0
T767C 000:470.299 JLINK_CORESIGHT_WriteAPDPReg(AP reg 0x01, 0x80011140)
T767C 000:470.730 - 0.431ms returns 0
T767C 000:470.743 JLINK_CORESIGHT_ReadAPDPReg(AP reg 0x03)
T767C 000:471.182   Value=0x00000002
T767C 000:471.194 - 0.450ms returns 0
T767C 000:471.204 JLINK_CORESIGHT_WriteAPDPReg(AP reg 0x00, 0x80000002)
T767C 000:471.658 - 0.454ms returns 0
T767C 000:471.671 JLINK_CORESIGHT_WriteAPDPReg(AP reg 0x01, 0x80011120)
T767C 000:472.162 - 0.491ms returns 0
T767C 000:472.175 JLINK_CORESIGHT_WriteAPDPReg(AP reg 0x03, 0x000003B0)
T767C 000:472.639 - 0.464ms returns 0
T767C 000:472.652 JLINK_CORESIGHT_WriteAPDPReg(AP reg 0x00, 0x80000002)
T767C 000:473.169 - 0.517ms returns 0
T767C 000:473.182 JLINK_CORESIGHT_WriteAPDPReg(AP reg 0x01, 0x80011140)
T767C 000:473.649 - 0.466ms returns 0
T767C 000:473.662 JLINK_CORESIGHT_ReadAPDPReg(AP reg 0x03)
T767C 000:474.198   Value=0x00000002
T767C 000:474.210 - 0.548ms returns 0
T767C 000:474.220 JLINK_CORESIGHT_ReadAPDPReg(AP reg 0x03)
T767C 000:474.694   Value=0x00000002
T767C 000:474.706 - 0.486ms returns 0
T767C 000:474.716 JLINK_CORESIGHT_ReadAPDPReg(AP reg 0x03)
T767C 000:475.183   Value=0x00000002
T767C 000:475.195 - 0.479ms returns 0
T767C 000:475.205 JLINK_CORESIGHT_ReadAPDPReg(AP reg 0x03)
T767C 000:475.739   Value=0x00000002
T767C 000:475.752 - 0.547ms returns 0
T767C 000:475.762 JLINK_CORESIGHT_ReadAPDPReg(AP reg 0x03)
T767C 000:476.250   Value=0x00000000
T767C 000:476.262 - 0.500ms returns 0
T767C 000:476.273 JLINK_CORESIGHT_WriteAPDPReg(AP reg 0x00, 0x80000002)
T767C 000:476.741 - 0.468ms returns 0
T767C 000:476.754 JLINK_CORESIGHT_WriteAPDPReg(AP reg 0x01, 0x80011130)
T767C 000:477.197 - 0.442ms returns 0
T767C 000:477.209 JLINK_CORESIGHT_ReadAPDPReg(AP reg 0x03)
T767C 000:477.658   Value=0x4F0B0081
T767C 000:477.670 - 0.460ms returns 0
T767C 000:477.679 JLINK_CORESIGHT_WriteAPDPReg(AP reg 0x00, 0x80000002)
T767C 000:478.153 - 0.473ms returns 0
T767C 000:478.168 JLINK_CORESIGHT_WriteAPDPReg(AP reg 0x01, 0x80011140)
T767C 000:478.550 - 0.382ms returns 0
T767C 000:478.564 JLINK_CORESIGHT_ReadAPDPReg(AP reg 0x03)
T767C 000:479.012   Value=0x00000000
T767C 000:479.024 - 0.459ms returns 0
T767C 000:479.034 JLINK_CORESIGHT_WriteAPDPReg(AP reg 0x00, 0x80000002)
T767C 000:479.506 - 0.472ms returns 0
T767C 000:479.519 JLINK_CORESIGHT_WriteAPDPReg(AP reg 0x01, 0x80011130)
T767C 000:479.982 - 0.462ms returns 0
T767C 000:479.995 JLINK_CORESIGHT_ReadAPDPReg(AP reg 0x03)
T767C 000:480.409   Value=0x40000000
T767C 000:480.421 - 0.426ms returns 0
T767C 000:480.431 JLINK_CORESIGHT_WriteAPDPReg(AP reg 0x00, 0x80000002)
T767C 000:480.852 - 0.421ms returns 0
T767C 000:480.865 JLINK_CORESIGHT_WriteAPDPReg(AP reg 0x01, 0x80011140)
T767C 000:481.321 - 0.455ms returns 0
T767C 000:481.334 JLINK_CORESIGHT_ReadAPDPReg(AP reg 0x03)
T767C 000:481.899   Value=0x00000000
T767C 000:481.912 - 0.577ms returns 0
T767C 000:481.921 JLINK_CORESIGHT_WriteAPDPReg(AP reg 0x00, 0x80000002)
T767C 000:482.320 - 0.398ms returns 0
T767C 000:482.333 JLINK_CORESIGHT_WriteAPDPReg(AP reg 0x01, 0x80011130)
T767C 000:482.781 - 0.448ms returns 0
T767C 000:482.793 JLINK_CORESIGHT_ReadAPDPReg(AP reg 0x03)
T767C 000:483.243   Value=0x00000000
T767C 000:483.256 - 0.462ms returns 0
T767C 000:483.265 JLINK_CORESIGHT_WriteAPDPReg(AP reg 0x00, 0x80000002)
T767C 000:483.727 - 0.461ms returns 0
T767C 000:483.740 JLINK_CORESIGHT_WriteAPDPReg(AP reg 0x01, 0x80011140)
T767C 000:484.195 - 0.455ms returns 0
T767C 000:484.209 JLINK_CORESIGHT_ReadAPDPReg(AP reg 0x03)
T767C 000:484.655   Value=0x00000000
T767C 000:484.667 - 0.457ms returns 0
T767C 000:484.676 JLINK_CORESIGHT_WriteAPDPReg(AP reg 0x00, 0x80000002)
T767C 000:485.131 - 0.454ms returns 0
T767C 000:485.144 JLINK_CORESIGHT_WriteAPDPReg(AP reg 0x01, 0x80011130)
T767C 000:485.581 - 0.436ms returns 0
T767C 000:485.594 JLINK_CORESIGHT_ReadAPDPReg(AP reg 0x03)
T767C 000:486.014   Value=0x03660000
T767C 000:486.026 - 0.432ms returns 0
T767C 000:486.122 JLINK_CORESIGHT_WriteAPDPReg(AP reg 0x00, 0x80000002)
T767C 000:486.629 - 0.507ms returns 0
T767C 000:486.643 JLINK_CORESIGHT_WriteAPDPReg(AP reg 0x01, 0x80011140)
T767C 000:487.132 - 0.489ms returns 0
T767C 000:487.146 JLINK_CORESIGHT_ReadAPDPReg(AP reg 0x03)
T767C 000:487.592   Value=0x00000002
T767C 000:487.604 - 0.457ms returns 0
T767C 000:487.613 JLINK_CORESIGHT_WriteAPDPReg(AP reg 0x00, 0x80000002)
T767C 000:488.129 - 0.516ms returns 0
T767C 000:488.143 JLINK_CORESIGHT_WriteAPDPReg(AP reg 0x01, 0x80011120)
T767C 000:488.588 - 0.446ms returns 0
T767C 000:488.601 JLINK_CORESIGHT_WriteAPDPReg(AP reg 0x03, 0x2C010001)
T767C 000:489.056 - 0.454ms returns 0
T767C 000:489.071 JLINK_CORESIGHT_WriteAPDPReg(AP reg 0x00, 0x80000002)
T767C 000:489.469 - 0.398ms returns 0
T767C 000:489.483 JLINK_CORESIGHT_WriteAPDPReg(AP reg 0x01, 0x80011140)
T767C 000:489.910 - 0.427ms returns 0
T767C 000:489.924 JLINK_CORESIGHT_ReadAPDPReg(AP reg 0x03)
T767C 000:490.437   Value=0x00000002
T767C 000:490.451 - 0.527ms returns 0
T767C 000:490.461 JLINK_CORESIGHT_WriteAPDPReg(AP reg 0x00, 0x80000002)
T767C 000:490.909 - 0.447ms returns 0
T767C 000:490.923 JLINK_CORESIGHT_WriteAPDPReg(AP reg 0x01, 0x80011120)
T767C 000:491.402 - 0.479ms returns 0
T767C 000:491.417 JLINK_CORESIGHT_WriteAPDPReg(AP reg 0x03, 0x000003D3)
T767C 000:491.863 - 0.446ms returns 0
T767C 000:491.877 JLINK_CORESIGHT_WriteAPDPReg(AP reg 0x00, 0x80000002)
T767C 000:492.252 - 0.375ms returns 0
T767C 000:492.269 JLINK_CORESIGHT_WriteAPDPReg(AP reg 0x01, 0x80011140)
T767C 000:492.663 - 0.394ms returns 0
T767C 000:492.680 JLINK_CORESIGHT_ReadAPDPReg(AP reg 0x03)
T767C 000:493.195   Value=0x00000000
T767C 000:493.208 - 0.528ms returns 0
T767C 000:493.220 JLINK_CORESIGHT_WriteAPDPReg(AP reg 0x00, 0x80000002)
T767C 000:493.659 - 0.438ms returns 0
T767C 000:493.674 JLINK_CORESIGHT_WriteAPDPReg(AP reg 0x01, 0x80011130)
T767C 000:494.118 - 0.443ms returns 0
T767C 000:494.135 JLINK_CORESIGHT_ReadAPDPReg(AP reg 0x03)
T767C 000:494.582   Value=0x2C020081
T767C 000:494.594 - 0.459ms returns 0
T767C 000:494.607 JLINK_CORESIGHT_WriteAPDPReg(AP reg 0x00, 0x80000002)
T767C 000:495.006 - 0.398ms returns 0
T767C 000:495.022 JLINK_CORESIGHT_WriteAPDPReg(AP reg 0x01, 0x80011140)
T767C 000:495.459 - 0.437ms returns 0
T767C 000:495.477 JLINK_CORESIGHT_ReadAPDPReg(AP reg 0x03)
T767C 000:495.924   Value=0x00000000
T767C 000:495.939 - 0.462ms returns 0
T767C 000:495.951 JLINK_CORESIGHT_WriteAPDPReg(AP reg 0x00, 0x80000002)
T767C 000:496.399 - 0.448ms returns 0
T767C 000:496.415 JLINK_CORESIGHT_WriteAPDPReg(AP reg 0x01, 0x80011130)
T767C 000:496.855 - 0.439ms returns 0
T767C 000:496.871 JLINK_CORESIGHT_ReadAPDPReg(AP reg 0x03)
T767C 000:497.366   Value=0x0003CE04
T767C 000:497.378 - 0.507ms returns 0
T767C 000:497.432 JLINK_CORESIGHT_WriteAPDPReg(AP reg 0x00, 0x80000002)
T767C 000:497.854 - 0.422ms returns 0
T767C 000:497.867 JLINK_CORESIGHT_WriteAPDPReg(AP reg 0x01, 0x80011140)
T767C 000:498.309 - 0.441ms returns 0
T767C 000:498.324 JLINK_CORESIGHT_ReadAPDPReg(AP reg 0x03)
T767C 000:498.818   Value=0x00000002
T767C 000:498.830 - 0.507ms returns 0
T767C 000:498.841 JLINK_CORESIGHT_WriteAPDPReg(AP reg 0x00, 0x80000002)
T767C 000:499.242 - 0.401ms returns 0
T767C 000:499.256 JLINK_CORESIGHT_WriteAPDPReg(AP reg 0x01, 0x80011120)
T767C 000:499.651 - 0.394ms returns 0
T767C 000:499.673 JLINK_CORESIGHT_WriteAPDPReg(AP reg 0x03, 0x73010001)
T767C 000:500.156 - 0.483ms returns 0
T767C 000:500.170 JLINK_CORESIGHT_WriteAPDPReg(AP reg 0x00, 0x80000002)
T767C 000:500.617 - 0.447ms returns 0
T767C 000:500.630 JLINK_CORESIGHT_WriteAPDPReg(AP reg 0x01, 0x80011140)
T767C 000:501.003 - 0.373ms returns 0
T767C 000:501.017 JLINK_CORESIGHT_ReadAPDPReg(AP reg 0x03)
T767C 000:501.481   Value=0x00000002
T767C 000:501.493 - 0.476ms returns 0
T767C 000:501.503 JLINK_CORESIGHT_WriteAPDPReg(AP reg 0x00, 0x80000002)
T767C 000:501.966 - 0.463ms returns 0
T767C 000:501.980 JLINK_CORESIGHT_WriteAPDPReg(AP reg 0x01, 0x80011120)
T767C 000:502.427 - 0.446ms returns 0
T767C 000:502.441 JLINK_CORESIGHT_WriteAPDPReg(AP reg 0x03, 0x0000038C)
T767C 000:502.862 - 0.420ms returns 0
T767C 000:502.875 JLINK_CORESIGHT_WriteAPDPReg(AP reg 0x00, 0x80000002)
T767C 000:503.254 - 0.378ms returns 0
T767C 000:503.268 JLINK_CORESIGHT_WriteAPDPReg(AP reg 0x01, 0x80011140)
T767C 000:503.648 - 0.379ms returns 0
T767C 000:503.662 JLINK_CORESIGHT_ReadAPDPReg(AP reg 0x03)
T767C 000:504.176   Value=0x00000002
T767C 000:504.189 - 0.527ms returns 0
T767C 000:504.199 JLINK_CORESIGHT_ReadAPDPReg(AP reg 0x03)
T767C 000:504.628   Value=0x00000000
T767C 000:504.641 - 0.441ms returns 0
T767C 000:504.650 JLINK_CORESIGHT_WriteAPDPReg(AP reg 0x00, 0x80000002)
T767C 000:505.015 - 0.364ms returns 0
T767C 000:505.029 JLINK_CORESIGHT_WriteAPDPReg(AP reg 0x01, 0x80011130)
T767C 000:505.482 - 0.452ms returns 0
T767C 000:505.495 JLINK_CORESIGHT_ReadAPDPReg(AP reg 0x03)
T767C 000:505.909   Value=0x73020081
T767C 000:505.921 - 0.426ms returns 0
T767C 000:505.933 JLINK_CORESIGHT_WriteAPDPReg(AP reg 0x00, 0x80000002)
T767C 000:506.397 - 0.464ms returns 0
T767C 000:506.410 JLINK_CORESIGHT_WriteAPDPReg(AP reg 0x01, 0x80011140)
T767C 000:506.878 - 0.468ms returns 0
T767C 000:506.891 JLINK_CORESIGHT_ReadAPDPReg(AP reg 0x03)
T767C 000:507.376   Value=0x00000000
T767C 000:507.388 - 0.496ms returns 0
T767C 000:507.398 JLINK_CORESIGHT_WriteAPDPReg(AP reg 0x00, 0x80000002)
T767C 000:507.865 - 0.466ms returns 0
T767C 000:507.877 JLINK_CORESIGHT_WriteAPDPReg(AP reg 0x01, 0x80011130)
T767C 000:508.276 - 0.398ms returns 0
T767C 000:508.289 JLINK_CORESIGHT_ReadAPDPReg(AP reg 0x03)
T767C 000:508.739   Value=0x00038902
T767C 000:508.751 - 0.462ms returns 0
T767C 000:508.762 JLINK_CORESIGHT_WriteAPDPReg(AP reg 0x00, 0x80000002)
T767C 000:509.145 - 0.382ms returns 0
T767C 000:509.185 JLINK_CORESIGHT_WriteAPDPReg(AP reg 0x01, 0x80011140)
T767C 000:509.740 - 0.554ms returns 0
T767C 000:509.757 JLINK_CORESIGHT_ReadAPDPReg(AP reg 0x03)
T767C 000:510.206   Value=0x00000002
T767C 000:510.218 - 0.461ms returns 0
T767C 000:510.229 JLINK_CORESIGHT_WriteAPDPReg(AP reg 0x00, 0x80000002)
T767C 000:510.738 - 0.509ms returns 0
T767C 000:510.751 JLINK_CORESIGHT_WriteAPDPReg(AP reg 0x01, 0x80011120)
T767C 000:511.169 - 0.417ms returns 0
T767C 000:511.182 JLINK_CORESIGHT_WriteAPDPReg(AP reg 0x03, 0x75010001)
T767C 000:511.625 - 0.442ms returns 0
T767C 000:511.639 JLINK_CORESIGHT_WriteAPDPReg(AP reg 0x00, 0x80000002)
T767C 000:512.071 - 0.432ms returns 0
T767C 000:512.094 JLINK_CORESIGHT_WriteAPDPReg(AP reg 0x01, 0x80011140)
T767C 000:512.489 - 0.394ms returns 0
T767C 000:512.502 JLINK_CORESIGHT_ReadAPDPReg(AP reg 0x03)
T767C 000:512.969   Value=0x00000002
T767C 000:512.983 - 0.481ms returns 0
T767C 000:512.994 JLINK_CORESIGHT_WriteAPDPReg(AP reg 0x00, 0x80000002)
T767C 000:513.388 - 0.394ms returns 0
T767C 000:513.401 JLINK_CORESIGHT_WriteAPDPReg(AP reg 0x01, 0x80011120)
T767C 000:513.854 - 0.452ms returns 0
T767C 000:513.867 JLINK_CORESIGHT_WriteAPDPReg(AP reg 0x03, 0x0000038A)
T767C 000:514.286 - 0.419ms returns 0
T767C 000:514.299 JLINK_CORESIGHT_WriteAPDPReg(AP reg 0x00, 0x80000002)
T767C 000:514.726 - 0.427ms returns 0
T767C 000:514.739 JLINK_CORESIGHT_WriteAPDPReg(AP reg 0x01, 0x80011140)
T767C 000:515.137 - 0.398ms returns 0
T767C 000:515.151 JLINK_CORESIGHT_ReadAPDPReg(AP reg 0x03)
T767C 000:515.649   Value=0x00000000
T767C 000:515.663 - 0.512ms returns 0
T767C 000:515.672 JLINK_CORESIGHT_WriteAPDPReg(AP reg 0x00, 0x80000002)
T767C 000:516.066 - 0.393ms returns 0
T767C 000:516.079 JLINK_CORESIGHT_WriteAPDPReg(AP reg 0x01, 0x80011130)
T767C 000:516.525 - 0.446ms returns 0
T767C 000:516.538 JLINK_CORESIGHT_ReadAPDPReg(AP reg 0x03)
T767C 000:517.075   Value=0x75020081
T767C 000:517.088 - 0.550ms returns 0
T767C 000:517.098 JLINK_CORESIGHT_WriteAPDPReg(AP reg 0x00, 0x80000002)
T767C 000:517.576 - 0.477ms returns 0
T767C 000:517.589 JLINK_CORESIGHT_WriteAPDPReg(AP reg 0x01, 0x80011140)
T767C 000:518.013 - 0.423ms returns 0
T767C 000:518.028 JLINK_CORESIGHT_ReadAPDPReg(AP reg 0x03)
T767C 000:518.547   Value=0x00000000
T767C 000:518.560 - 0.531ms returns 0
T767C 000:518.570 JLINK_CORESIGHT_WriteAPDPReg(AP reg 0x00, 0x80000002)
T767C 000:518.980 - 0.410ms returns 0
T767C 000:518.994 JLINK_CORESIGHT_WriteAPDPReg(AP reg 0x01, 0x80011130)
T767C 000:519.389 - 0.395ms returns 0
T767C 000:519.402 JLINK_CORESIGHT_ReadAPDPReg(AP reg 0x03)
T767C 000:519.910   Value=0x00038702
T767C 000:519.922 - 0.520ms returns 0
T767C 000:519.942 JLINK_CORESIGHT_WriteAPDPReg(AP reg 0x00, 0x80000002)
T767C 000:520.386 - 0.444ms returns 0
T767C 000:520.400 JLINK_CORESIGHT_WriteAPDPReg(AP reg 0x01, 0x80011140)
T767C 000:520.775 - 0.375ms returns 0
T767C 000:520.788 JLINK_CORESIGHT_ReadAPDPReg(AP reg 0x03)
T767C 000:521.300   Value=0x00000002
T767C 000:521.312 - 0.524ms returns 0
T767C 000:521.321 JLINK_CORESIGHT_WriteAPDPReg(AP reg 0x00, 0x80000002)
T767C 000:521.739 - 0.418ms returns 0
T767C 000:521.752 JLINK_CORESIGHT_WriteAPDPReg(AP reg 0x01, 0x80011120)
T767C 000:522.171 - 0.418ms returns 0
T767C 000:522.187 JLINK_CORESIGHT_WriteAPDPReg(AP reg 0x03, 0x4E0B0001)
T767C 000:522.629 - 0.442ms returns 0
T767C 000:522.645 JLINK_CORESIGHT_WriteAPDPReg(AP reg 0x00, 0x80000002)
T767C 000:523.131 - 0.485ms returns 0
T767C 000:523.148 JLINK_CORESIGHT_WriteAPDPReg(AP reg 0x01, 0x80011140)
T767C 000:523.592 - 0.444ms returns 0
T767C 000:523.608 JLINK_CORESIGHT_ReadAPDPReg(AP reg 0x03)
T767C 000:524.094   Value=0x00000002
T767C 000:524.109 - 0.500ms returns 0
T767C 000:524.122 JLINK_CORESIGHT_WriteAPDPReg(AP reg 0x00, 0x80000002)
T767C 000:524.525 - 0.402ms returns 0
T767C 000:524.542 JLINK_CORESIGHT_WriteAPDPReg(AP reg 0x01, 0x80011120)
T767C 000:525.008 - 0.466ms returns 0
T767C 000:525.024 JLINK_CORESIGHT_WriteAPDPReg(AP reg 0x03, 0x60000000)
T767C 000:525.385 - 0.361ms returns 0
T767C 000:525.401 JLINK_CORESIGHT_WriteAPDPReg(AP reg 0x00, 0x80000002)
T767C 000:525.863 - 0.462ms returns 0
T767C 000:525.879 JLINK_CORESIGHT_WriteAPDPReg(AP reg 0x01, 0x80011140)
T767C 000:526.276 - 0.396ms returns 0
T767C 000:526.293 JLINK_CORESIGHT_ReadAPDPReg(AP reg 0x03)
T767C 000:526.744   Value=0x00000002
T767C 000:526.756 - 0.462ms returns 0
T767C 000:526.769 JLINK_CORESIGHT_WriteAPDPReg(AP reg 0x00, 0x80000002)
T767C 000:527.160 - 0.391ms returns 0
T767C 000:527.176 JLINK_CORESIGHT_WriteAPDPReg(AP reg 0x01, 0x80011120)
T767C 000:527.592 - 0.416ms returns 0
T767C 000:527.609 JLINK_CORESIGHT_WriteAPDPReg(AP reg 0x03, 0x00000000)
T767C 000:528.093 - 0.484ms returns 0
T767C 000:528.109 JLINK_CORESIGHT_WriteAPDPReg(AP reg 0x00, 0x80000002)
T767C 000:528.567 - 0.458ms returns 0
T767C 000:528.584 JLINK_CORESIGHT_WriteAPDPReg(AP reg 0x01, 0x80011140)
T767C 000:529.007 - 0.423ms returns 0
T767C 000:529.024 JLINK_CORESIGHT_ReadAPDPReg(AP reg 0x03)
T767C 000:529.465   Value=0x00000002
T767C 000:529.477 - 0.453ms returns 0
T767C 000:529.489 JLINK_CORESIGHT_WriteAPDPReg(AP reg 0x00, 0x80000002)
T767C 000:529.908 - 0.418ms returns 0
T767C 000:529.985 JLINK_CORESIGHT_WriteAPDPReg(AP reg 0x01, 0x80011120)
T767C 000:530.456 - 0.472ms returns 0
T767C 000:530.469 JLINK_CORESIGHT_WriteAPDPReg(AP reg 0x03, 0x03470000)
T767C 000:530.909 - 0.439ms returns 0
T767C 000:530.954 JLINK_CORESIGHT_WriteAPDPReg(AP reg 0x00, 0x80000002)
T767C 000:531.410 - 0.456ms returns 0
T767C 000:531.423 JLINK_CORESIGHT_WriteAPDPReg(AP reg 0x01, 0x80011140)
T767C 000:531.901 - 0.477ms returns 0
T767C 000:531.916 JLINK_CORESIGHT_ReadAPDPReg(AP reg 0x03)
T767C 000:532.423   Value=0x00000002
T767C 000:532.436 - 0.520ms returns 0
T767C 000:532.446 JLINK_CORESIGHT_ReadAPDPReg(AP reg 0x03)
T767C 000:532.963   Value=0x00000002
T767C 000:532.987 - 0.541ms returns 0
T767C 000:532.998 JLINK_CORESIGHT_ReadAPDPReg(AP reg 0x03)
T767C 000:533.495   Value=0x00000002
T767C 000:533.508 - 0.509ms returns 0
T767C 000:533.517 JLINK_CORESIGHT_ReadAPDPReg(AP reg 0x03)
T767C 000:534.041   Value=0x00000002
T767C 000:534.053 - 0.535ms returns 0
T767C 000:534.062 JLINK_CORESIGHT_ReadAPDPReg(AP reg 0x03)
T767C 000:534.571   Value=0x00000000
T767C 000:534.583 - 0.521ms returns 0
T767C 000:534.593 JLINK_CORESIGHT_WriteAPDPReg(AP reg 0x00, 0x80000002)
T767C 000:535.056 - 0.462ms returns 0
T767C 000:535.069 JLINK_CORESIGHT_WriteAPDPReg(AP reg 0x01, 0x80011130)
T767C 000:535.510 - 0.441ms returns 0
T767C 000:535.523 JLINK_CORESIGHT_ReadAPDPReg(AP reg 0x03)
T767C 000:536.036   Value=0x4E0A0081
T767C 000:536.048 - 0.525ms returns 0
T767C 000:536.058 JLINK_CORESIGHT_WriteAPDPReg(AP reg 0x00, 0x80000002)
T767C 000:536.526 - 0.468ms returns 0
T767C 000:536.539 JLINK_CORESIGHT_WriteAPDPReg(AP reg 0x01, 0x80011140)
T767C 000:536.969 - 0.429ms returns 0
T767C 000:536.982 JLINK_CORESIGHT_ReadAPDPReg(AP reg 0x03)
T767C 000:537.446   Value=0x00000000
T767C 000:537.457 - 0.475ms returns 0
T767C 000:537.467 JLINK_CORESIGHT_WriteAPDPReg(AP reg 0x00, 0x80000002)
T767C 000:537.886 - 0.418ms returns 0
T767C 000:537.899 JLINK_CORESIGHT_WriteAPDPReg(AP reg 0x01, 0x80011130)
T767C 000:538.317 - 0.418ms returns 0
T767C 000:538.331 JLINK_CORESIGHT_ReadAPDPReg(AP reg 0x03)
T767C 000:538.780   Value=0xFFFFFF00
T767C 000:538.792 - 0.461ms returns 0
T767C 000:538.802 JLINK_CORESIGHT_WriteAPDPReg(AP reg 0x00, 0x80000002)
T767C 000:539.274 - 0.471ms returns 0
T767C 000:539.287 JLINK_CORESIGHT_WriteAPDPReg(AP reg 0x01, 0x80011140)
T767C 000:539.765 - 0.478ms returns 0
T767C 000:539.779 JLINK_CORESIGHT_ReadAPDPReg(AP reg 0x03)
T767C 000:540.216   Value=0x00000000
T767C 000:540.229 - 0.450ms returns 0
T767C 000:540.238 JLINK_CORESIGHT_WriteAPDPReg(AP reg 0x00, 0x80000002)
T767C 000:540.634 - 0.395ms returns 0
T767C 000:540.647 JLINK_CORESIGHT_WriteAPDPReg(AP reg 0x01, 0x80011130)
T767C 000:541.093 - 0.446ms returns 0
T767C 000:541.106 JLINK_CORESIGHT_ReadAPDPReg(AP reg 0x03)
T767C 000:541.595   Value=0xFFFFFFFF
T767C 000:541.608 - 0.501ms returns 0
T767C 000:541.617 JLINK_CORESIGHT_WriteAPDPReg(AP reg 0x00, 0x80000002)
T767C 000:542.114 - 0.496ms returns 0
T767C 000:542.127 JLINK_CORESIGHT_WriteAPDPReg(AP reg 0x01, 0x80011140)
T767C 000:542.576 - 0.448ms returns 0
T767C 000:542.589 JLINK_CORESIGHT_ReadAPDPReg(AP reg 0x03)
T767C 000:543.131   Value=0x00000000
T767C 000:543.143 - 0.553ms returns 0
T767C 000:543.153 JLINK_CORESIGHT_WriteAPDPReg(AP reg 0x00, 0x80000002)
T767C 000:543.615 - 0.462ms returns 0
T767C 000:543.628 JLINK_CORESIGHT_WriteAPDPReg(AP reg 0x01, 0x80011130)
T767C 000:544.118 - 0.490ms returns 0
T767C 000:544.132 JLINK_CORESIGHT_ReadAPDPReg(AP reg 0x03)
T767C 000:544.631   Value=0x0003B0FF
T767C 000:544.643 - 0.511ms returns 0
T767C 000:544.655 JLINK_CORESIGHT_WriteAPDPReg(AP reg 0x00, 0x80000002)
T767C 000:545.175 - 0.520ms returns 0
T767C 000:545.189 JLINK_CORESIGHT_WriteAPDPReg(AP reg 0x01, 0x80011140)
T767C 000:545.616 - 0.427ms returns 0
T767C 000:545.630 JLINK_CORESIGHT_ReadAPDPReg(AP reg 0x03)
T767C 000:546.119   Value=0x00000002
T767C 000:546.131 - 0.501ms returns 0
T767C 000:546.141 JLINK_CORESIGHT_WriteAPDPReg(AP reg 0x00, 0x80000002)
T767C 000:546.604 - 0.463ms returns 0
T767C 000:546.617 JLINK_CORESIGHT_WriteAPDPReg(AP reg 0x01, 0x80011120)
T767C 000:547.015 - 0.397ms returns 0
T767C 000:547.027 JLINK_CORESIGHT_WriteAPDPReg(AP reg 0x03, 0x4F010001)
T767C 000:547.468 - 0.440ms returns 0
T767C 000:547.481 JLINK_CORESIGHT_WriteAPDPReg(AP reg 0x00, 0x80000002)
T767C 000:547.924 - 0.443ms returns 0
T767C 000:547.944 JLINK_CORESIGHT_WriteAPDPReg(AP reg 0x01, 0x80011140)
T767C 000:548.388 - 0.444ms returns 0
T767C 000:548.401 JLINK_CORESIGHT_ReadAPDPReg(AP reg 0x03)
T767C 000:548.907   Value=0x00000002
T767C 000:548.919 - 0.518ms returns 0
T767C 000:548.931 JLINK_CORESIGHT_WriteAPDPReg(AP reg 0x00, 0x80000002)
T767C 000:549.444 - 0.513ms returns 0
T767C 000:549.457 JLINK_CORESIGHT_WriteAPDPReg(AP reg 0x01, 0x80011120)
T767C 000:549.903 - 0.446ms returns 0
T767C 000:549.916 JLINK_CORESIGHT_WriteAPDPReg(AP reg 0x03, 0x000003B0)
T767C 000:550.445 - 0.529ms returns 0
T767C 000:550.459 JLINK_CORESIGHT_WriteAPDPReg(AP reg 0x00, 0x80000002)
T767C 000:550.928 - 0.466ms returns 0
T767C 000:550.941 JLINK_CORESIGHT_WriteAPDPReg(AP reg 0x01, 0x80011140)
T767C 000:551.409 - 0.468ms returns 0
T767C 000:551.422 JLINK_CORESIGHT_ReadAPDPReg(AP reg 0x03)
T767C 000:551.931   Value=0x00000002
T767C 000:551.943 - 0.521ms returns 0
T767C 000:551.953 JLINK_CORESIGHT_ReadAPDPReg(AP reg 0x03)
T767C 000:552.527   Value=0x00000002
T767C 000:552.539 - 0.586ms returns 0
T767C 000:552.549 JLINK_CORESIGHT_ReadAPDPReg(AP reg 0x03)
T767C 000:553.044   Value=0x00000002
T767C 000:553.056 - 0.508ms returns 0
T767C 000:553.066 JLINK_CORESIGHT_ReadAPDPReg(AP reg 0x03)
T767C 000:553.535   Value=0x00000000
T767C 000:553.547 - 0.480ms returns 0
T767C 000:553.556 JLINK_CORESIGHT_WriteAPDPReg(AP reg 0x00, 0x80000002)
T767C 000:554.026 - 0.469ms returns 0
T767C 000:554.042 JLINK_CORESIGHT_WriteAPDPReg(AP reg 0x01, 0x80011130)
T767C 000:554.492 - 0.450ms returns 0
T767C 000:554.506 JLINK_CORESIGHT_ReadAPDPReg(AP reg 0x03)
T767C 000:555.035   Value=0x4F0B0081
T767C 000:555.049 - 0.543ms returns 0
T767C 000:555.063 JLINK_CORESIGHT_WriteAPDPReg(AP reg 0x00, 0x80000002)
T767C 000:555.532 - 0.469ms returns 0
T767C 000:555.549 JLINK_CORESIGHT_WriteAPDPReg(AP reg 0x01, 0x80011140)
T767C 000:555.978 - 0.428ms returns 0
T767C 000:555.995 JLINK_CORESIGHT_ReadAPDPReg(AP reg 0x03)
T767C 000:556.503   Value=0x00000000
T767C 000:556.515 - 0.520ms returns 0
T767C 000:556.528 JLINK_CORESIGHT_WriteAPDPReg(AP reg 0x00, 0x80000002)
T767C 000:556.972 - 0.444ms returns 0
T767C 000:556.989 JLINK_CORESIGHT_WriteAPDPReg(AP reg 0x01, 0x80011130)
T767C 000:557.446 - 0.457ms returns 0
T767C 000:557.462 JLINK_CORESIGHT_ReadAPDPReg(AP reg 0x03)
T767C 000:557.907   Value=0x60000000
T767C 000:557.919 - 0.457ms returns 0
T767C 000:557.952 JLINK_CORESIGHT_WriteAPDPReg(AP reg 0x00, 0x80000002)
T767C 000:558.398 - 0.446ms returns 0
T767C 000:558.415 JLINK_CORESIGHT_WriteAPDPReg(AP reg 0x01, 0x80011140)
T767C 000:558.853 - 0.438ms returns 0
T767C 000:558.870 JLINK_CORESIGHT_ReadAPDPReg(AP reg 0x03)
T767C 000:559.287   Value=0x00000000
T767C 000:559.299 - 0.429ms returns 0
T767C 000:559.311 JLINK_CORESIGHT_WriteAPDPReg(AP reg 0x00, 0x80000002)
T767C 000:559.778 - 0.467ms returns 0
T767C 000:559.794 JLINK_CORESIGHT_WriteAPDPReg(AP reg 0x01, 0x80011130)
T767C 000:560.237 - 0.442ms returns 0
T767C 000:560.253 JLINK_CORESIGHT_ReadAPDPReg(AP reg 0x03)
T767C 000:560.774   Value=0x00000000
T767C 000:560.786 - 0.533ms returns 0
T767C 000:560.798 JLINK_CORESIGHT_WriteAPDPReg(AP reg 0x00, 0x80000002)
T767C 000:561.238 - 0.439ms returns 0
T767C 000:561.254 JLINK_CORESIGHT_WriteAPDPReg(AP reg 0x01, 0x80011140)
T767C 000:561.730 - 0.476ms returns 0
T767C 000:561.747 JLINK_CORESIGHT_ReadAPDPReg(AP reg 0x03)
T767C 000:562.258   Value=0x00000000
T767C 000:562.272 - 0.525ms returns 0
T767C 000:562.285 JLINK_CORESIGHT_WriteAPDPReg(AP reg 0x00, 0x80000002)
T767C 000:562.767 - 0.481ms returns 0
T767C 000:562.783 JLINK_CORESIGHT_WriteAPDPReg(AP reg 0x01, 0x80011130)
T767C 000:563.170 - 0.387ms returns 0
T767C 000:563.186 JLINK_CORESIGHT_ReadAPDPReg(AP reg 0x03)
T767C 000:563.617   Value=0x03460000
T767C 000:563.629 - 0.442ms returns 0
T767C 000:563.791 JLINK_CORESIGHT_WriteAPDPReg(AP reg 0x00, 0x80000002)
T767C 000:564.237 - 0.446ms returns 0
T767C 000:564.251 JLINK_CORESIGHT_WriteAPDPReg(AP reg 0x01, 0x80011140)
T767C 000:564.738 - 0.487ms returns 0
T767C 000:564.755 JLINK_CORESIGHT_ReadAPDPReg(AP reg 0x03)
T767C 000:565.251   Value=0x00000002
T767C 000:565.263 - 0.508ms returns 0
T767C 000:565.273 JLINK_CORESIGHT_WriteAPDPReg(AP reg 0x00, 0x80000002)
T767C 000:565.742 - 0.469ms returns 0
T767C 000:565.756 JLINK_CORESIGHT_WriteAPDPReg(AP reg 0x01, 0x80011120)
T767C 000:566.179 - 0.423ms returns 0
T767C 000:566.192 JLINK_CORESIGHT_WriteAPDPReg(AP reg 0x03, 0x4F010001)
T767C 000:566.654 - 0.462ms returns 0
T767C 000:566.668 JLINK_CORESIGHT_WriteAPDPReg(AP reg 0x00, 0x80000002)
T767C 000:567.151 - 0.483ms returns 0
T767C 000:567.166 JLINK_CORESIGHT_WriteAPDPReg(AP reg 0x01, 0x80011140)
T767C 000:567.550 - 0.384ms returns 0
T767C 000:567.563 JLINK_CORESIGHT_ReadAPDPReg(AP reg 0x03)
T767C 000:568.082   Value=0x00000002
T767C 000:568.094 - 0.530ms returns 0
T767C 000:568.104 JLINK_CORESIGHT_WriteAPDPReg(AP reg 0x00, 0x80000002)
T767C 000:568.594 - 0.490ms returns 0
T767C 000:568.607 JLINK_CORESIGHT_WriteAPDPReg(AP reg 0x01, 0x80011120)
T767C 000:569.038 - 0.430ms returns 0
T767C 000:569.051 JLINK_CORESIGHT_WriteAPDPReg(AP reg 0x03, 0x000003B0)
T767C 000:569.514 - 0.464ms returns 0
T767C 000:569.528 JLINK_CORESIGHT_WriteAPDPReg(AP reg 0x00, 0x80000002)
T767C 000:569.967 - 0.440ms returns 0
T767C 000:569.982 JLINK_CORESIGHT_WriteAPDPReg(AP reg 0x01, 0x80011140)
T767C 000:570.438 - 0.455ms returns 0
T767C 000:570.454 JLINK_CORESIGHT_ReadAPDPReg(AP reg 0x03)
T767C 000:570.971   Value=0x00000002
T767C 000:570.984 - 0.530ms returns 0
T767C 000:570.994 JLINK_CORESIGHT_ReadAPDPReg(AP reg 0x03)
T767C 000:571.515   Value=0x00000002
T767C 000:571.527 - 0.533ms returns 0
T767C 000:571.536 JLINK_CORESIGHT_ReadAPDPReg(AP reg 0x03)
T767C 000:572.064   Value=0x00000002
T767C 000:572.081 - 0.544ms returns 0
T767C 000:572.092 JLINK_CORESIGHT_ReadAPDPReg(AP reg 0x03)
T767C 000:572.561   Value=0x00000000
T767C 000:572.575 - 0.483ms returns 0
T767C 000:572.586 JLINK_CORESIGHT_WriteAPDPReg(AP reg 0x00, 0x80000002)
T767C 000:573.014 - 0.428ms returns 0
T767C 000:573.028 JLINK_CORESIGHT_WriteAPDPReg(AP reg 0x01, 0x80011130)
T767C 000:573.507 - 0.479ms returns 0
T767C 000:573.520 JLINK_CORESIGHT_ReadAPDPReg(AP reg 0x03)
T767C 000:574.035   Value=0x4F0B0081
T767C 000:574.049 - 0.529ms returns 0
T767C 000:574.059 JLINK_CORESIGHT_WriteAPDPReg(AP reg 0x00, 0x80000002)
T767C 000:574.527 - 0.468ms returns 0
T767C 000:574.540 JLINK_CORESIGHT_WriteAPDPReg(AP reg 0x01, 0x80011140)
T767C 000:574.980 - 0.439ms returns 0
T767C 000:574.995 JLINK_CORESIGHT_ReadAPDPReg(AP reg 0x03)
T767C 000:575.426   Value=0x00000000
T767C 000:575.438 - 0.443ms returns 0
T767C 000:575.448 JLINK_CORESIGHT_WriteAPDPReg(AP reg 0x00, 0x80000002)
T767C 000:575.960 - 0.511ms returns 0
T767C 000:575.974 JLINK_CORESIGHT_WriteAPDPReg(AP reg 0x01, 0x80011130)
T767C 000:576.467 - 0.493ms returns 0
T767C 000:576.481 JLINK_CORESIGHT_ReadAPDPReg(AP reg 0x03)
T767C 000:576.922   Value=0x60000000
T767C 000:576.935 - 0.454ms returns 0
T767C 000:576.945 JLINK_CORESIGHT_WriteAPDPReg(AP reg 0x00, 0x80000002)
T767C 000:577.339 - 0.393ms returns 0
T767C 000:577.352 JLINK_CORESIGHT_WriteAPDPReg(AP reg 0x01, 0x80011140)
T767C 000:577.734 - 0.382ms returns 0
T767C 000:577.748 JLINK_CORESIGHT_ReadAPDPReg(AP reg 0x03)
T767C 000:578.206   Value=0x00000000
T767C 000:578.218 - 0.470ms returns 0
T767C 000:578.228 JLINK_CORESIGHT_WriteAPDPReg(AP reg 0x00, 0x80000002)
T767C 000:578.740 - 0.512ms returns 0
T767C 000:578.754 JLINK_CORESIGHT_WriteAPDPReg(AP reg 0x01, 0x80011130)
T767C 000:579.182 - 0.427ms returns 0
T767C 000:579.195 JLINK_CORESIGHT_ReadAPDPReg(AP reg 0x03)
T767C 000:579.733   Value=0x00000000
T767C 000:579.745 - 0.550ms returns 0
T767C 000:579.755 JLINK_CORESIGHT_WriteAPDPReg(AP reg 0x00, 0x80000002)
T767C 000:580.276 - 0.521ms returns 0
T767C 000:580.289 JLINK_CORESIGHT_WriteAPDPReg(AP reg 0x01, 0x80011140)
T767C 000:580.752 - 0.463ms returns 0
T767C 000:580.766 JLINK_CORESIGHT_ReadAPDPReg(AP reg 0x03)
T767C 000:581.275   Value=0x00000000
T767C 000:581.287 - 0.521ms returns 0
T767C 000:581.303 JLINK_CORESIGHT_WriteAPDPReg(AP reg 0x00, 0x80000002)
T767C 000:581.775 - 0.472ms returns 0
T767C 000:581.788 JLINK_CORESIGHT_WriteAPDPReg(AP reg 0x01, 0x80011130)
T767C 000:582.216 - 0.428ms returns 0
T767C 000:582.229 JLINK_CORESIGHT_ReadAPDPReg(AP reg 0x03)
T767C 000:582.732   Value=0x03460000
T767C 000:582.744 - 0.515ms returns 0
T767C 000:582.761 JLINK_CORESIGHT_ReadAPDPReg(DP reg 0x01)
T767C 000:583.250   Value=0xF0000F40
T767C 000:583.262 - 0.501ms returns 0
T767C 000:583.272 JLINK_CORESIGHT_WriteAPDPReg(DP reg 0x01, 0xA0000F40)
T767C 000:583.732 - 0.460ms returns 0
T767C 000:583.746 JLINK_CORESIGHT_ReadAPDPReg(DP reg 0x01)
T767C 000:584.195   Value=0x00000F40
T767C 000:584.207 - 0.461ms returns 0
T767C 000:584.216 JLINK_ClrRESET()
T767C 000:584.903 - 0.686ms 
T767C 000:694.806 JLINK_Close()
T767C 000:708.540 - 13.732ms
T767C 000:708.565   
T767C 000:708.571   Closed
