T3C18 000:000.553   SEGGER J-Link V8.44a Log File
T3C18 000:000.708   DLL Compiled: Jun 18 2025 16:28:32
T3C18 000:000.715   Logging started @ 2025-07-29 01:48
T3C18 000:000.721   Process: C:\Users\20537\.eclipse\com.renesas.platform_2070713661\DebugComp\RA\e2-server-gdb.exe
T3C18 000:000.732 - 0.726ms 
T3C18 000:000.747 JLINK_GetDLLVersion()
T3C18 000:000.755 - 0.007ms returns 84401
T3C18 000:003.292 JLINK_OpenEx(...)
T3C18 000:011.931   Firmware: J-Link OB-RA4M2-Full compiled Apr  1 2025 10:14:06
T3C18 000:013.313   Firmware: J-Link OB-RA4M2-Full compiled Apr  1 2025 10:14:06
T3C18 000:026.535   Hardware: V1.00
T3C18 000:026.555   S/N: 24060501
T3C18 000:026.563   OEM: SEGGER
T3C18 000:026.571   Feature(s): GDB, FlashDL, FlashBP, JFlash, RDI
T3C18 000:028.039   Bootloader: 2021 May 14
T3C18 000:029.086   USB speed mode: Full speed (12 MBit/s)
T3C18 000:029.721   TELNET listener socket opened on port 19021
T3C18 000:029.873   WEBSRV WEBSRV_Init(): Starting webserver thread(s)
T3C18 000:030.003   WEBSRV Webserver running on local port 19080
T3C18 000:030.145   Looking for J-Link GUI Server exe at: C:\Users\20537\.eclipse\com.renesas.platform_2070713661\DebugComp\RA\ARM\Segger_v8.44.1\JLinkGUIServer.exe
T3C18 000:030.270   Looking for J-Link GUI Server exe at: C:\Program Files\SEGGER\JLink_V810h\JLinkGUIServer.exe
T3C18 000:030.313   Forking J-Link GUI Server: C:\Program Files\SEGGER\JLink_V810h\JLinkGUIServer.exe
T3C18 000:058.694   J-Link GUI Server info: "J-Link GUI server V8.10h "
T3C18 000:068.456 - 65.160ms returns "O.K."
T3C18 000:068.562 JLINK_TIF_Select(JLINKARM_TIF_SWD)
T3C18 000:070.020 - 1.456ms returns 0x00
T3C18 000:070.066 JLINK_ClrRESET()
T3C18 000:070.797 - 0.731ms 
T3C18 000:121.080 JLINK_SetSpeed(1500)
T3C18 000:121.452 - 0.380ms 
T3C18 000:121.471 JLINK_CORESIGHT_Configure(PerformTIFInit=0)
T3C18 000:122.117 - 0.646ms returns 0
T3C18 000:122.176 JLINK_CORESIGHT_ReadAPDPReg(DP reg 0x00)
T3C18 000:122.831   Value=0x6BA02477
T3C18 000:122.845 - 0.671ms returns 0
T3C18 000:122.859 JLINK_CORESIGHT_WriteAPDPReg(DP reg 0x00, 0x0000001F)
T3C18 000:123.313 - 0.452ms returns 0
T3C18 000:123.330 JLINK_CORESIGHT_ReadAPDPReg(DP reg 0x00)
T3C18 000:123.802   Value=0x6BA02477
T3C18 000:123.818 - 0.487ms returns 0
T3C18 000:123.828 JLINK_CORESIGHT_WriteAPDPReg(DP reg 0x02, 0x00000000)
T3C18 000:124.210 - 0.381ms returns 0
T3C18 000:124.227 JLINK_CORESIGHT_WriteAPDPReg(DP reg 0x01, 0x50000000)
T3C18 000:124.683 - 0.455ms returns 0
T3C18 000:124.708 JLINK_CORESIGHT_ReadAPDPReg(DP reg 0x01)
T3C18 000:125.160   Value=0xF0000040
T3C18 000:125.183 - 0.464ms returns 0
T3C18 000:125.194 JLINK_CORESIGHT_WriteAPDPReg(DP reg 0x00, 0x0000001F)
T3C18 000:125.625 - 0.431ms returns 0
T3C18 000:125.639 JLINK_CORESIGHT_ReadAPDPReg(DP reg 0x00)
T3C18 000:126.022   Value=0x6BA02477
T3C18 000:126.035 - 0.396ms returns 0
T3C18 000:126.044 JLINK_CORESIGHT_WriteAPDPReg(DP reg 0x01, 0x54000000)
T3C18 000:126.463 - 0.418ms returns 0
T3C18 000:126.476 JLINK_CORESIGHT_WriteAPDPReg(DP reg 0x01, 0x50000F00)
T3C18 000:126.848 - 0.371ms returns 0
T3C18 000:126.861 JLINK_CORESIGHT_WriteAPDPReg(DP reg 0x02, 0x01000000)
T3C18 000:127.262 - 0.400ms returns 0
T3C18 000:127.275 JLINK_CORESIGHT_WriteAPDPReg(AP reg 0x00, 0x80000002)
T3C18 000:127.716 - 0.441ms returns 0
T3C18 000:127.730 JLINK_CORESIGHT_WriteAPDPReg(AP reg 0x01, 0x80011100)
T3C18 000:128.139 - 0.408ms returns 0
T3C18 000:128.153 JLINK_CORESIGHT_WriteAPDPReg(AP reg 0x03, 0x000000A5)
T3C18 000:128.578 - 0.425ms returns 0
T3C18 000:128.592 JLINK_CORESIGHT_WriteAPDPReg(AP reg 0x00, 0x80000002)
T3C18 000:129.033 - 0.440ms returns 0
T3C18 000:129.046 JLINK_CORESIGHT_WriteAPDPReg(AP reg 0x01, 0x80011100)
T3C18 000:129.462 - 0.416ms returns 0
T3C18 000:129.475 JLINK_CORESIGHT_ReadAPDPReg(AP reg 0x03)
T3C18 000:130.029   Value=0x000000A5
T3C18 000:130.041 - 0.566ms returns 0
T3C18 000:130.073 JLINK_ClrTMS()
T3C18 000:130.309 - 0.235ms 
T3C18 000:136.072 JLINK_SetTCK()
T3C18 000:136.364 - 0.291ms returns 0
T3C18 000:142.075 JLINK_SetRESET()
T3C18 000:142.483 - 0.408ms 
T3C18 000:343.111 JLINK_CORESIGHT_WriteAPDPReg(AP reg 0x00, 0x80000002)
T3C18 000:343.713 - 0.601ms returns 0
T3C18 000:343.733 JLINK_CORESIGHT_WriteAPDPReg(AP reg 0x01, 0x80011100)
T3C18 000:344.278 - 0.545ms returns 0
T3C18 000:344.292 JLINK_CORESIGHT_ReadAPDPReg(AP reg 0x03)
T3C18 000:344.911   Value=0x00000000
T3C18 000:344.923 - 0.630ms returns 0
T3C18 000:344.934 JLINK_CORESIGHT_WriteAPDPReg(AP reg 0x00, 0x80000002)
T3C18 000:345.484 - 0.550ms returns 0
T3C18 000:345.498 JLINK_CORESIGHT_WriteAPDPReg(AP reg 0x01, 0x80011140)
T3C18 000:346.102 - 0.604ms returns 0
T3C18 000:346.118 JLINK_CORESIGHT_ReadAPDPReg(AP reg 0x03)
T3C18 000:346.647   Value=0x00000002
T3C18 000:346.660 - 0.541ms returns 0
T3C18 000:346.670 JLINK_CORESIGHT_WriteAPDPReg(AP reg 0x00, 0x80000002)
T3C18 000:347.185 - 0.515ms returns 0
T3C18 000:347.202 JLINK_CORESIGHT_WriteAPDPReg(AP reg 0x01, 0x80011120)
T3C18 000:347.725 - 0.523ms returns 0
T3C18 000:347.739 JLINK_CORESIGHT_WriteAPDPReg(AP reg 0x03, 0x00000055)
T3C18 000:348.188 - 0.449ms returns 0
T3C18 000:348.202 JLINK_CORESIGHT_WriteAPDPReg(AP reg 0x00, 0x80000002)
T3C18 000:348.680 - 0.477ms returns 0
T3C18 000:348.694 JLINK_CORESIGHT_WriteAPDPReg(AP reg 0x01, 0x80011140)
T3C18 000:349.176 - 0.481ms returns 0
T3C18 000:349.190 JLINK_CORESIGHT_ReadAPDPReg(AP reg 0x03)
T3C18 000:349.760   Value=0x00000002
T3C18 000:349.773 - 0.582ms returns 0
T3C18 000:349.782 JLINK_CORESIGHT_ReadAPDPReg(AP reg 0x03)
T3C18 000:350.282   Value=0x00000002
T3C18 000:350.294 - 0.511ms returns 0
T3C18 000:350.304 JLINK_CORESIGHT_ReadAPDPReg(AP reg 0x03)
T3C18 000:350.873   Value=0x00000002
T3C18 000:350.886 - 0.581ms returns 0
T3C18 000:350.895 JLINK_CORESIGHT_ReadAPDPReg(AP reg 0x03)
T3C18 000:351.418   Value=0x00000002
T3C18 000:351.435 - 0.539ms returns 0
T3C18 000:351.450 JLINK_CORESIGHT_ReadAPDPReg(AP reg 0x03)
T3C18 000:352.034   Value=0x00000002
T3C18 000:352.051 - 0.600ms returns 0
T3C18 000:352.142 JLINK_CORESIGHT_ReadAPDPReg(AP reg 0x03)
T3C18 000:352.676   Value=0x00000002
T3C18 000:352.690 - 0.547ms returns 0
T3C18 000:352.700 JLINK_CORESIGHT_ReadAPDPReg(AP reg 0x03)
T3C18 000:353.247   Value=0x00000002
T3C18 000:353.260 - 0.560ms returns 0
T3C18 000:353.270 JLINK_CORESIGHT_ReadAPDPReg(AP reg 0x03)
T3C18 000:353.716   Value=0x00000002
T3C18 000:353.728 - 0.458ms returns 0
T3C18 000:353.738 JLINK_CORESIGHT_ReadAPDPReg(AP reg 0x03)
T3C18 000:354.203   Value=0x00000002
T3C18 000:354.215 - 0.477ms returns 0
T3C18 000:354.225 JLINK_CORESIGHT_ReadAPDPReg(AP reg 0x03)
T3C18 000:354.713   Value=0x00000002
T3C18 000:354.726 - 0.501ms returns 0
T3C18 000:354.735 JLINK_CORESIGHT_ReadAPDPReg(AP reg 0x03)
T3C18 000:355.253   Value=0x00000002
T3C18 000:355.266 - 0.530ms returns 0
T3C18 000:355.275 JLINK_CORESIGHT_ReadAPDPReg(AP reg 0x03)
T3C18 000:355.818   Value=0x00000002
T3C18 000:355.831 - 0.555ms returns 0
T3C18 000:355.840 JLINK_CORESIGHT_ReadAPDPReg(AP reg 0x03)
T3C18 000:356.328   Value=0x00000002
T3C18 000:356.341 - 0.501ms returns 0
T3C18 000:356.351 JLINK_CORESIGHT_ReadAPDPReg(AP reg 0x03)
T3C18 000:356.797   Value=0x00000002
T3C18 000:356.809 - 0.458ms returns 0
T3C18 000:356.819 JLINK_CORESIGHT_ReadAPDPReg(AP reg 0x03)
T3C18 000:357.322   Value=0x00000002
T3C18 000:357.334 - 0.515ms returns 0
T3C18 000:357.344 JLINK_CORESIGHT_ReadAPDPReg(AP reg 0x03)
T3C18 000:357.838   Value=0x00000002
T3C18 000:357.850 - 0.506ms returns 0
T3C18 000:357.860 JLINK_CORESIGHT_ReadAPDPReg(AP reg 0x03)
T3C18 000:358.378   Value=0x00000002
T3C18 000:358.393 - 0.533ms returns 0
T3C18 000:358.403 JLINK_CORESIGHT_ReadAPDPReg(AP reg 0x03)
T3C18 000:358.944   Value=0x00000002
T3C18 000:358.957 - 0.553ms returns 0
T3C18 000:358.966 JLINK_CORESIGHT_ReadAPDPReg(AP reg 0x03)
T3C18 000:359.461   Value=0x00000002
T3C18 000:359.474 - 0.508ms returns 0
T3C18 000:359.485 JLINK_CORESIGHT_ReadAPDPReg(AP reg 0x03)
T3C18 000:359.977   Value=0x00000000
T3C18 000:359.989 - 0.504ms returns 0
T3C18 000:359.999 JLINK_CORESIGHT_WriteAPDPReg(AP reg 0x00, 0x80000002)
T3C18 000:360.454 - 0.454ms returns 0
T3C18 000:360.469 JLINK_CORESIGHT_WriteAPDPReg(AP reg 0x01, 0x80011130)
T3C18 000:360.969 - 0.499ms returns 0
T3C18 000:360.982 JLINK_CORESIGHT_ReadAPDPReg(AP reg 0x03)
T3C18 000:361.475   Value=0x000000C6
T3C18 000:361.487 - 0.505ms returns 0
T3C18 000:361.503 JLINK_CORESIGHT_WriteAPDPReg(AP reg 0x00, 0x80000002)
T3C18 000:362.023 - 0.521ms returns 0
T3C18 000:362.037 JLINK_CORESIGHT_WriteAPDPReg(AP reg 0x01, 0x80011140)
T3C18 000:362.485 - 0.448ms returns 0
T3C18 000:362.499 JLINK_CORESIGHT_ReadAPDPReg(AP reg 0x03)
T3C18 000:363.068   Value=0x00000002
T3C18 000:363.081 - 0.581ms returns 0
T3C18 000:363.091 JLINK_CORESIGHT_WriteAPDPReg(AP reg 0x00, 0x80000002)
T3C18 000:363.512 - 0.420ms returns 0
T3C18 000:363.524 JLINK_CORESIGHT_WriteAPDPReg(AP reg 0x01, 0x80011120)
T3C18 000:364.033 - 0.508ms returns 0
T3C18 000:364.046 JLINK_CORESIGHT_WriteAPDPReg(AP reg 0x03, 0x3A010001)
T3C18 000:364.488 - 0.441ms returns 0
T3C18 000:364.505 JLINK_CORESIGHT_WriteAPDPReg(AP reg 0x00, 0x80000002)
T3C18 000:365.022 - 0.517ms returns 0
T3C18 000:365.037 JLINK_CORESIGHT_WriteAPDPReg(AP reg 0x01, 0x80011140)
T3C18 000:365.475 - 0.438ms returns 0
T3C18 000:365.490 JLINK_CORESIGHT_ReadAPDPReg(AP reg 0x03)
T3C18 000:366.022   Value=0x00000002
T3C18 000:366.035 - 0.545ms returns 0
T3C18 000:366.045 JLINK_CORESIGHT_WriteAPDPReg(AP reg 0x00, 0x80000002)
T3C18 000:366.544 - 0.499ms returns 0
T3C18 000:366.558 JLINK_CORESIGHT_WriteAPDPReg(AP reg 0x01, 0x80011120)
T3C18 000:367.020 - 0.462ms returns 0
T3C18 000:367.034 JLINK_CORESIGHT_WriteAPDPReg(AP reg 0x03, 0x000003C5)
T3C18 000:367.450 - 0.415ms returns 0
T3C18 000:367.465 JLINK_CORESIGHT_WriteAPDPReg(AP reg 0x00, 0x80000002)
T3C18 000:367.846 - 0.380ms returns 0
T3C18 000:367.860 JLINK_CORESIGHT_WriteAPDPReg(AP reg 0x01, 0x80011140)
T3C18 000:368.311 - 0.451ms returns 0
T3C18 000:368.326 JLINK_CORESIGHT_ReadAPDPReg(AP reg 0x03)
T3C18 000:368.786   Value=0x00000002
T3C18 000:368.799 - 0.472ms returns 0
T3C18 000:368.808 JLINK_CORESIGHT_ReadAPDPReg(AP reg 0x03)
T3C18 000:369.296   Value=0x00000002
T3C18 000:369.308 - 0.499ms returns 0
T3C18 000:369.318 JLINK_CORESIGHT_ReadAPDPReg(AP reg 0x03)
T3C18 000:369.853   Value=0x00000002
T3C18 000:369.865 - 0.547ms returns 0
T3C18 000:369.874 JLINK_CORESIGHT_ReadAPDPReg(AP reg 0x03)
T3C18 000:370.409   Value=0x00000002
T3C18 000:370.421 - 0.547ms returns 0
T3C18 000:370.431 JLINK_CORESIGHT_ReadAPDPReg(AP reg 0x03)
T3C18 000:370.897   Value=0x00000000
T3C18 000:370.909 - 0.478ms returns 0
T3C18 000:370.919 JLINK_CORESIGHT_WriteAPDPReg(AP reg 0x00, 0x80000002)
T3C18 000:371.399 - 0.479ms returns 0
T3C18 000:371.413 JLINK_CORESIGHT_WriteAPDPReg(AP reg 0x01, 0x80011130)
T3C18 000:371.818 - 0.404ms returns 0
T3C18 000:371.830 JLINK_CORESIGHT_ReadAPDPReg(AP reg 0x03)
T3C18 000:372.274   Value=0x3A2A0081
T3C18 000:372.288 - 0.457ms returns 0
T3C18 000:372.299 JLINK_CORESIGHT_WriteAPDPReg(AP reg 0x00, 0x80000002)
T3C18 000:372.761 - 0.462ms returns 0
T3C18 000:372.775 JLINK_CORESIGHT_WriteAPDPReg(AP reg 0x01, 0x80011140)
T3C18 000:373.198 - 0.423ms returns 0
T3C18 000:373.214 JLINK_CORESIGHT_ReadAPDPReg(AP reg 0x03)
T3C18 000:373.711   Value=0x00000000
T3C18 000:373.724 - 0.510ms returns 0
T3C18 000:373.735 JLINK_CORESIGHT_WriteAPDPReg(AP reg 0x00, 0x80000002)
T3C18 000:374.188 - 0.453ms returns 0
T3C18 000:374.202 JLINK_CORESIGHT_WriteAPDPReg(AP reg 0x01, 0x80011130)
T3C18 000:374.715 - 0.513ms returns 0
T3C18 000:374.729 JLINK_CORESIGHT_ReadAPDPReg(AP reg 0x03)
T3C18 000:375.251   Value=0x808D5B00
T3C18 000:375.265 - 0.536ms returns 0
T3C18 000:375.276 JLINK_CORESIGHT_WriteAPDPReg(AP reg 0x00, 0x80000002)
T3C18 000:375.703 - 0.426ms returns 0
T3C18 000:375.717 JLINK_CORESIGHT_WriteAPDPReg(AP reg 0x01, 0x80011140)
T3C18 000:376.159 - 0.441ms returns 0
T3C18 000:376.173 JLINK_CORESIGHT_ReadAPDPReg(AP reg 0x03)
T3C18 000:376.648   Value=0x00000000
T3C18 000:376.660 - 0.487ms returns 0
T3C18 000:376.670 JLINK_CORESIGHT_WriteAPDPReg(AP reg 0x00, 0x80000002)
T3C18 000:377.149 - 0.478ms returns 0
T3C18 000:377.168 JLINK_CORESIGHT_WriteAPDPReg(AP reg 0x01, 0x80011130)
T3C18 000:377.643 - 0.475ms returns 0
T3C18 000:377.663 JLINK_CORESIGHT_ReadAPDPReg(AP reg 0x03)
T3C18 000:378.253   Value=0x0306070A
T3C18 000:378.267 - 0.604ms returns 0
T3C18 000:378.282 JLINK_CORESIGHT_WriteAPDPReg(AP reg 0x00, 0x80000002)
T3C18 000:378.738 - 0.456ms returns 0
T3C18 000:378.755 JLINK_CORESIGHT_WriteAPDPReg(AP reg 0x01, 0x80011140)
T3C18 000:379.159 - 0.404ms returns 0
T3C18 000:379.176 JLINK_CORESIGHT_ReadAPDPReg(AP reg 0x03)
T3C18 000:379.670   Value=0x00000000
T3C18 000:379.682 - 0.506ms returns 0
T3C18 000:379.694 JLINK_CORESIGHT_WriteAPDPReg(AP reg 0x00, 0x80000002)
T3C18 000:380.152 - 0.457ms returns 0
T3C18 000:380.168 JLINK_CORESIGHT_WriteAPDPReg(AP reg 0x01, 0x80011130)
T3C18 000:380.544 - 0.376ms returns 0
T3C18 000:380.560 JLINK_CORESIGHT_ReadAPDPReg(AP reg 0x03)
T3C18 000:381.024   Value=0x30545408
T3C18 000:381.036 - 0.476ms returns 0
T3C18 000:381.049 JLINK_CORESIGHT_WriteAPDPReg(AP reg 0x00, 0x80000002)
T3C18 000:381.498 - 0.449ms returns 0
T3C18 000:381.515 JLINK_CORESIGHT_WriteAPDPReg(AP reg 0x01, 0x80011140)
T3C18 000:381.953 - 0.438ms returns 0
T3C18 000:381.970 JLINK_CORESIGHT_ReadAPDPReg(AP reg 0x03)
T3C18 000:382.469   Value=0x00000000
T3C18 000:382.485 - 0.515ms returns 0
T3C18 000:382.500 JLINK_CORESIGHT_WriteAPDPReg(AP reg 0x00, 0x80000002)
T3C18 000:382.923 - 0.423ms returns 0
T3C18 000:382.942 JLINK_CORESIGHT_WriteAPDPReg(AP reg 0x01, 0x80011130)
T3C18 000:383.366 - 0.423ms returns 0
T3C18 000:383.385 JLINK_CORESIGHT_ReadAPDPReg(AP reg 0x03)
T3C18 000:383.886   Value=0x54F572C8
T3C18 000:383.898 - 0.512ms returns 0
T3C18 000:383.911 JLINK_CORESIGHT_WriteAPDPReg(AP reg 0x00, 0x80000002)
T3C18 000:384.340 - 0.429ms returns 0
T3C18 000:384.357 JLINK_CORESIGHT_WriteAPDPReg(AP reg 0x01, 0x80011140)
T3C18 000:384.805 - 0.448ms returns 0
T3C18 000:384.822 JLINK_CORESIGHT_ReadAPDPReg(AP reg 0x03)
T3C18 000:385.260   Value=0x00000000
T3C18 000:385.274 - 0.452ms returns 0
T3C18 000:385.288 JLINK_CORESIGHT_WriteAPDPReg(AP reg 0x00, 0x80000002)
T3C18 000:385.737 - 0.449ms returns 0
T3C18 000:385.753 JLINK_CORESIGHT_WriteAPDPReg(AP reg 0x01, 0x80011130)
T3C18 000:386.204 - 0.450ms returns 0
T3C18 000:386.222 JLINK_CORESIGHT_ReadAPDPReg(AP reg 0x03)
T3C18 000:386.648   Value=0x32355536
T3C18 000:386.661 - 0.438ms returns 0
T3C18 000:386.674 JLINK_CORESIGHT_WriteAPDPReg(AP reg 0x00, 0x80000002)
T3C18 000:387.155 - 0.480ms returns 0
T3C18 000:387.173 JLINK_CORESIGHT_WriteAPDPReg(AP reg 0x01, 0x80011140)
T3C18 000:387.575 - 0.402ms returns 0
T3C18 000:387.593 JLINK_CORESIGHT_ReadAPDPReg(AP reg 0x03)
T3C18 000:388.091   Value=0x00000000
T3C18 000:388.105 - 0.511ms returns 0
T3C18 000:388.117 JLINK_CORESIGHT_WriteAPDPReg(AP reg 0x00, 0x80000002)
T3C18 000:388.533 - 0.415ms returns 0
T3C18 000:388.550 JLINK_CORESIGHT_WriteAPDPReg(AP reg 0x01, 0x80011130)
T3C18 000:388.951 - 0.401ms returns 0
T3C18 000:388.967 JLINK_CORESIGHT_ReadAPDPReg(AP reg 0x03)
T3C18 000:389.453   Value=0x87022D38
T3C18 000:389.465 - 0.497ms returns 0
T3C18 000:389.477 JLINK_CORESIGHT_WriteAPDPReg(AP reg 0x00, 0x80000002)
T3C18 000:389.918 - 0.441ms returns 0
T3C18 000:389.935 JLINK_CORESIGHT_WriteAPDPReg(AP reg 0x01, 0x80011140)
T3C18 000:390.393 - 0.457ms returns 0
T3C18 000:390.414 JLINK_CORESIGHT_ReadAPDPReg(AP reg 0x03)
T3C18 000:390.838   Value=0x00000000
T3C18 000:390.850 - 0.436ms returns 0
T3C18 000:390.863 JLINK_CORESIGHT_WriteAPDPReg(AP reg 0x00, 0x80000002)
T3C18 000:391.241 - 0.377ms returns 0
T3C18 000:391.258 JLINK_CORESIGHT_WriteAPDPReg(AP reg 0x01, 0x80011130)
T3C18 000:391.761 - 0.502ms returns 0
T3C18 000:391.779 JLINK_CORESIGHT_ReadAPDPReg(AP reg 0x03)
T3C18 000:392.254   Value=0x4B375279
T3C18 000:392.266 - 0.487ms returns 0
T3C18 000:392.279 JLINK_CORESIGHT_WriteAPDPReg(AP reg 0x00, 0x80000002)
T3C18 000:392.752 - 0.473ms returns 0
T3C18 000:392.769 JLINK_CORESIGHT_WriteAPDPReg(AP reg 0x01, 0x80011140)
T3C18 000:393.200 - 0.431ms returns 0
T3C18 000:393.221 JLINK_CORESIGHT_ReadAPDPReg(AP reg 0x03)
T3C18 000:393.649   Value=0x00000000
T3C18 000:393.661 - 0.440ms returns 0
T3C18 000:393.674 JLINK_CORESIGHT_WriteAPDPReg(AP reg 0x00, 0x80000002)
T3C18 000:394.154 - 0.479ms returns 0
T3C18 000:394.173 JLINK_CORESIGHT_WriteAPDPReg(AP reg 0x01, 0x80011130)
T3C18 000:394.627 - 0.453ms returns 0
T3C18 000:394.644 JLINK_CORESIGHT_ReadAPDPReg(AP reg 0x03)
T3C18 000:395.117   Value=0x31503841
T3C18 000:395.131 - 0.487ms returns 0
T3C18 000:395.146 JLINK_CORESIGHT_WriteAPDPReg(AP reg 0x00, 0x80000002)
T3C18 000:395.543 - 0.397ms returns 0
T3C18 000:395.560 JLINK_CORESIGHT_WriteAPDPReg(AP reg 0x01, 0x80011140)
T3C18 000:396.035 - 0.474ms returns 0
T3C18 000:396.052 JLINK_CORESIGHT_ReadAPDPReg(AP reg 0x03)
T3C18 000:396.589   Value=0x00000000
T3C18 000:396.602 - 0.549ms returns 0
T3C18 000:396.616 JLINK_CORESIGHT_WriteAPDPReg(AP reg 0x00, 0x80000002)
T3C18 000:397.078 - 0.462ms returns 0
T3C18 000:397.095 JLINK_CORESIGHT_WriteAPDPReg(AP reg 0x01, 0x80011130)
T3C18 000:397.526 - 0.431ms returns 0
T3C18 000:397.542 JLINK_CORESIGHT_ReadAPDPReg(AP reg 0x03)
T3C18 000:398.030   Value=0x434C464B
T3C18 000:398.043 - 0.500ms returns 0
T3C18 000:398.081 JLINK_CORESIGHT_WriteAPDPReg(AP reg 0x00, 0x80000002)
T3C18 000:398.549 - 0.467ms returns 0
T3C18 000:398.565 JLINK_CORESIGHT_WriteAPDPReg(AP reg 0x01, 0x80011140)
T3C18 000:399.044 - 0.479ms returns 0
T3C18 000:399.062 JLINK_CORESIGHT_ReadAPDPReg(AP reg 0x03)
T3C18 000:399.535   Value=0x00000000
T3C18 000:399.548 - 0.486ms returns 0
T3C18 000:399.560 JLINK_CORESIGHT_WriteAPDPReg(AP reg 0x00, 0x80000002)
T3C18 000:400.064 - 0.503ms returns 0
T3C18 000:400.095 JLINK_CORESIGHT_WriteAPDPReg(AP reg 0x01, 0x80011130)
T3C18 000:400.501 - 0.406ms returns 0
T3C18 000:400.518 JLINK_CORESIGHT_ReadAPDPReg(AP reg 0x03)
T3C18 000:401.035   Value=0x20204341
T3C18 000:401.047 - 0.529ms returns 0
T3C18 000:401.062 JLINK_CORESIGHT_WriteAPDPReg(AP reg 0x00, 0x80000002)
T3C18 000:401.466 - 0.403ms returns 0
T3C18 000:401.482 JLINK_CORESIGHT_WriteAPDPReg(AP reg 0x01, 0x80011140)
T3C18 000:401.924 - 0.442ms returns 0
T3C18 000:401.941 JLINK_CORESIGHT_ReadAPDPReg(AP reg 0x03)
T3C18 000:402.399   Value=0x00000000
T3C18 000:402.421 - 0.479ms returns 0
T3C18 000:402.434 JLINK_CORESIGHT_WriteAPDPReg(AP reg 0x00, 0x80000002)
T3C18 000:402.852 - 0.418ms returns 0
T3C18 000:402.868 JLINK_CORESIGHT_WriteAPDPReg(AP reg 0x01, 0x80011130)
T3C18 000:403.281 - 0.413ms returns 0
T3C18 000:403.298 JLINK_CORESIGHT_ReadAPDPReg(AP reg 0x03)
T3C18 000:403.819   Value=0x00038C20
T3C18 000:403.831 - 0.533ms returns 0
T3C18 000:403.904 JLINK_CORESIGHT_WriteAPDPReg(AP reg 0x00, 0x80000002)
T3C18 000:404.304 - 0.399ms returns 0
T3C18 000:404.319 JLINK_CORESIGHT_WriteAPDPReg(AP reg 0x01, 0x80011140)
T3C18 000:404.716 - 0.397ms returns 0
T3C18 000:404.730 JLINK_CORESIGHT_ReadAPDPReg(AP reg 0x03)
T3C18 000:405.223   Value=0x00000002
T3C18 000:405.236 - 0.506ms returns 0
T3C18 000:405.247 JLINK_CORESIGHT_WriteAPDPReg(AP reg 0x00, 0x80000002)
T3C18 000:405.648 - 0.401ms returns 0
T3C18 000:405.662 JLINK_CORESIGHT_WriteAPDPReg(AP reg 0x01, 0x80011120)
T3C18 000:406.177 - 0.515ms returns 0
T3C18 000:406.190 JLINK_CORESIGHT_WriteAPDPReg(AP reg 0x03, 0x39020001)
T3C18 000:406.636 - 0.445ms returns 0
T3C18 000:406.650 JLINK_CORESIGHT_WriteAPDPReg(AP reg 0x00, 0x80000002)
T3C18 000:407.071 - 0.420ms returns 0
T3C18 000:407.084 JLINK_CORESIGHT_WriteAPDPReg(AP reg 0x01, 0x80011140)
T3C18 000:407.536 - 0.451ms returns 0
T3C18 000:407.551 JLINK_CORESIGHT_ReadAPDPReg(AP reg 0x03)
T3C18 000:408.021   Value=0x00000002
T3C18 000:408.034 - 0.482ms returns 0
T3C18 000:408.044 JLINK_CORESIGHT_WriteAPDPReg(AP reg 0x00, 0x80000002)
T3C18 000:408.548 - 0.503ms returns 0
T3C18 000:408.562 JLINK_CORESIGHT_WriteAPDPReg(AP reg 0x01, 0x80011120)
T3C18 000:409.034 - 0.472ms returns 0
T3C18 000:409.047 JLINK_CORESIGHT_WriteAPDPReg(AP reg 0x03, 0x0003B312)
T3C18 000:409.502 - 0.455ms returns 0
T3C18 000:409.527 JLINK_CORESIGHT_WriteAPDPReg(AP reg 0x00, 0x80000002)
T3C18 000:410.021 - 0.494ms returns 0
T3C18 000:410.035 JLINK_CORESIGHT_WriteAPDPReg(AP reg 0x01, 0x80011140)
T3C18 000:410.491 - 0.455ms returns 0
T3C18 000:410.506 JLINK_CORESIGHT_ReadAPDPReg(AP reg 0x03)
T3C18 000:411.049   Value=0x00000000
T3C18 000:411.065 - 0.558ms returns 0
T3C18 000:411.076 JLINK_CORESIGHT_WriteAPDPReg(AP reg 0x00, 0x80000002)
T3C18 000:411.530 - 0.454ms returns 0
T3C18 000:411.545 JLINK_CORESIGHT_WriteAPDPReg(AP reg 0x01, 0x80011130)
T3C18 000:411.921 - 0.376ms returns 0
T3C18 000:411.935 JLINK_CORESIGHT_ReadAPDPReg(AP reg 0x03)
T3C18 000:412.386   Value=0xB90A0081
T3C18 000:412.399 - 0.463ms returns 0
T3C18 000:412.408 JLINK_CORESIGHT_WriteAPDPReg(AP reg 0x00, 0x80000002)
T3C18 000:412.864 - 0.455ms returns 0
T3C18 000:412.877 JLINK_CORESIGHT_WriteAPDPReg(AP reg 0x01, 0x80011140)
T3C18 000:413.365 - 0.488ms returns 0
T3C18 000:413.378 JLINK_CORESIGHT_ReadAPDPReg(AP reg 0x03)
T3C18 000:413.945   Value=0x00000000
T3C18 000:413.958 - 0.579ms returns 0
T3C18 000:413.967 JLINK_CORESIGHT_WriteAPDPReg(AP reg 0x00, 0x80000002)
T3C18 000:414.378 - 0.410ms returns 0
T3C18 000:414.395 JLINK_CORESIGHT_WriteAPDPReg(AP reg 0x01, 0x80011130)
T3C18 000:414.841 - 0.446ms returns 0
T3C18 000:414.856 JLINK_CORESIGHT_ReadAPDPReg(AP reg 0x03)
T3C18 000:415.368   Value=0xFFFFFFC0
T3C18 000:415.382 - 0.526ms returns 0
T3C18 000:415.393 JLINK_CORESIGHT_WriteAPDPReg(AP reg 0x00, 0x80000002)
T3C18 000:415.796 - 0.403ms returns 0
T3C18 000:415.810 JLINK_CORESIGHT_WriteAPDPReg(AP reg 0x01, 0x80011140)
T3C18 000:416.319 - 0.508ms returns 0
T3C18 000:416.334 JLINK_CORESIGHT_ReadAPDPReg(AP reg 0x03)
T3C18 000:416.852   Value=0x00000000
T3C18 000:416.864 - 0.531ms returns 0
T3C18 000:416.874 JLINK_CORESIGHT_WriteAPDPReg(AP reg 0x00, 0x80000002)
T3C18 000:417.319 - 0.444ms returns 0
T3C18 000:417.334 JLINK_CORESIGHT_WriteAPDPReg(AP reg 0x01, 0x80011130)
T3C18 000:417.804 - 0.470ms returns 0
T3C18 000:417.817 JLINK_CORESIGHT_ReadAPDPReg(AP reg 0x03)
T3C18 000:418.296   Value=0xFFFFFFFF
T3C18 000:418.309 - 0.491ms returns 0
T3C18 000:418.319 JLINK_CORESIGHT_WriteAPDPReg(AP reg 0x00, 0x80000002)
T3C18 000:418.785 - 0.465ms returns 0
T3C18 000:418.799 JLINK_CORESIGHT_WriteAPDPReg(AP reg 0x01, 0x80011140)
T3C18 000:419.262 - 0.462ms returns 0
T3C18 000:419.276 JLINK_CORESIGHT_ReadAPDPReg(AP reg 0x03)
T3C18 000:419.705   Value=0x00000000
T3C18 000:419.718 - 0.441ms returns 0
T3C18 000:419.729 JLINK_CORESIGHT_WriteAPDPReg(AP reg 0x00, 0x80000002)
T3C18 000:420.226 - 0.497ms returns 0
T3C18 000:420.243 JLINK_CORESIGHT_WriteAPDPReg(AP reg 0x01, 0x80011130)
T3C18 000:420.650 - 0.407ms returns 0
T3C18 000:420.665 JLINK_CORESIGHT_ReadAPDPReg(AP reg 0x03)
T3C18 000:421.114   Value=0x000385FF
T3C18 000:421.128 - 0.463ms returns 0
T3C18 000:421.206 JLINK_CORESIGHT_WriteAPDPReg(AP reg 0x00, 0x80000002)
T3C18 000:421.658 - 0.452ms returns 0
T3C18 000:421.672 JLINK_CORESIGHT_WriteAPDPReg(AP reg 0x01, 0x80011140)
T3C18 000:422.151 - 0.478ms returns 0
T3C18 000:422.167 JLINK_CORESIGHT_ReadAPDPReg(AP reg 0x03)
T3C18 000:422.635   Value=0x00000002
T3C18 000:422.649 - 0.482ms returns 0
T3C18 000:422.660 JLINK_CORESIGHT_WriteAPDPReg(AP reg 0x00, 0x80000002)
T3C18 000:423.071 - 0.411ms returns 0
T3C18 000:423.085 JLINK_CORESIGHT_WriteAPDPReg(AP reg 0x01, 0x80011120)
T3C18 000:423.535 - 0.450ms returns 0
T3C18 000:423.550 JLINK_CORESIGHT_WriteAPDPReg(AP reg 0x03, 0x2C010001)
T3C18 000:424.023 - 0.472ms returns 0
T3C18 000:424.047 JLINK_CORESIGHT_WriteAPDPReg(AP reg 0x00, 0x80000002)
T3C18 000:424.579 - 0.541ms returns 0
T3C18 000:424.597 JLINK_CORESIGHT_WriteAPDPReg(AP reg 0x01, 0x80011140)
T3C18 000:425.022 - 0.425ms returns 0
T3C18 000:425.037 JLINK_CORESIGHT_ReadAPDPReg(AP reg 0x03)
T3C18 000:425.549   Value=0x00000002
T3C18 000:425.561 - 0.524ms returns 0
T3C18 000:425.571 JLINK_CORESIGHT_WriteAPDPReg(AP reg 0x00, 0x80000002)
T3C18 000:426.086 - 0.514ms returns 0
T3C18 000:426.100 JLINK_CORESIGHT_WriteAPDPReg(AP reg 0x01, 0x80011120)
T3C18 000:426.554 - 0.454ms returns 0
T3C18 000:426.567 JLINK_CORESIGHT_WriteAPDPReg(AP reg 0x03, 0x000003D3)
T3C18 000:427.067 - 0.500ms returns 0
T3C18 000:427.081 JLINK_CORESIGHT_WriteAPDPReg(AP reg 0x00, 0x80000002)
T3C18 000:427.494 - 0.413ms returns 0
T3C18 000:427.510 JLINK_CORESIGHT_WriteAPDPReg(AP reg 0x01, 0x80011140)
T3C18 000:427.908 - 0.398ms returns 0
T3C18 000:427.925 JLINK_CORESIGHT_ReadAPDPReg(AP reg 0x03)
T3C18 000:428.457   Value=0x00000002
T3C18 000:428.471 - 0.545ms returns 0
T3C18 000:428.481 JLINK_CORESIGHT_ReadAPDPReg(AP reg 0x03)
T3C18 000:429.033   Value=0x00000002
T3C18 000:429.045 - 0.564ms returns 0
T3C18 000:429.134 JLINK_CORESIGHT_ReadAPDPReg(AP reg 0x03)
T3C18 000:429.624   Value=0x00000000
T3C18 000:429.636 - 0.503ms returns 0
T3C18 000:429.646 JLINK_CORESIGHT_WriteAPDPReg(AP reg 0x00, 0x80000002)
T3C18 000:430.162 - 0.515ms returns 0
T3C18 000:430.175 JLINK_CORESIGHT_WriteAPDPReg(AP reg 0x01, 0x80011130)
T3C18 000:430.638 - 0.462ms returns 0
T3C18 000:430.651 JLINK_CORESIGHT_ReadAPDPReg(AP reg 0x03)
T3C18 000:431.130   Value=0x2C020081
T3C18 000:431.143 - 0.491ms returns 0
T3C18 000:431.152 JLINK_CORESIGHT_WriteAPDPReg(AP reg 0x00, 0x80000002)
T3C18 000:431.558 - 0.405ms returns 0
T3C18 000:431.593 JLINK_CORESIGHT_WriteAPDPReg(AP reg 0x01, 0x80011140)
T3C18 000:432.027 - 0.434ms returns 0
T3C18 000:432.042 JLINK_CORESIGHT_ReadAPDPReg(AP reg 0x03)
T3C18 000:432.550   Value=0x00000000
T3C18 000:432.563 - 0.520ms returns 0
T3C18 000:432.573 JLINK_CORESIGHT_WriteAPDPReg(AP reg 0x00, 0x80000002)
T3C18 000:433.028 - 0.455ms returns 0
T3C18 000:433.041 JLINK_CORESIGHT_WriteAPDPReg(AP reg 0x01, 0x80011130)
T3C18 000:433.512 - 0.471ms returns 0
T3C18 000:433.526 JLINK_CORESIGHT_ReadAPDPReg(AP reg 0x03)
T3C18 000:434.021   Value=0x0003CE04
T3C18 000:434.033 - 0.508ms returns 0
T3C18 000:434.074 JLINK_CORESIGHT_WriteAPDPReg(AP reg 0x00, 0x80000002)
T3C18 000:434.455 - 0.380ms returns 0
T3C18 000:434.468 JLINK_CORESIGHT_WriteAPDPReg(AP reg 0x01, 0x80011140)
T3C18 000:434.862 - 0.394ms returns 0
T3C18 000:434.876 JLINK_CORESIGHT_ReadAPDPReg(AP reg 0x03)
T3C18 000:435.333   Value=0x00000002
T3C18 000:435.346 - 0.469ms returns 0
T3C18 000:435.356 JLINK_CORESIGHT_WriteAPDPReg(AP reg 0x00, 0x80000002)
T3C18 000:435.758 - 0.401ms returns 0
T3C18 000:435.771 JLINK_CORESIGHT_WriteAPDPReg(AP reg 0x01, 0x80011120)
T3C18 000:436.219 - 0.448ms returns 0
T3C18 000:436.232 JLINK_CORESIGHT_WriteAPDPReg(AP reg 0x03, 0x73010001)
T3C18 000:436.679 - 0.447ms returns 0
T3C18 000:436.693 JLINK_CORESIGHT_WriteAPDPReg(AP reg 0x00, 0x80000002)
T3C18 000:437.160 - 0.466ms returns 0
T3C18 000:437.173 JLINK_CORESIGHT_WriteAPDPReg(AP reg 0x01, 0x80011140)
T3C18 000:437.568 - 0.395ms returns 0
T3C18 000:437.582 JLINK_CORESIGHT_ReadAPDPReg(AP reg 0x03)
T3C18 000:438.021   Value=0x00000002
T3C18 000:438.034 - 0.452ms returns 0
T3C18 000:438.044 JLINK_CORESIGHT_WriteAPDPReg(AP reg 0x00, 0x80000002)
T3C18 000:438.500 - 0.456ms returns 0
T3C18 000:438.514 JLINK_CORESIGHT_WriteAPDPReg(AP reg 0x01, 0x80011120)
T3C18 000:438.908 - 0.394ms returns 0
T3C18 000:438.921 JLINK_CORESIGHT_WriteAPDPReg(AP reg 0x03, 0x0000038C)
T3C18 000:439.307 - 0.386ms returns 0
T3C18 000:439.322 JLINK_CORESIGHT_WriteAPDPReg(AP reg 0x00, 0x80000002)
T3C18 000:439.750 - 0.428ms returns 0
T3C18 000:439.764 JLINK_CORESIGHT_WriteAPDPReg(AP reg 0x01, 0x80011140)
T3C18 000:440.174 - 0.410ms returns 0
T3C18 000:440.188 JLINK_CORESIGHT_ReadAPDPReg(AP reg 0x03)
T3C18 000:440.682   Value=0x00000002
T3C18 000:440.694 - 0.505ms returns 0
T3C18 000:440.704 JLINK_CORESIGHT_ReadAPDPReg(AP reg 0x03)
T3C18 000:441.197   Value=0x00000002
T3C18 000:441.210 - 0.506ms returns 0
T3C18 000:441.219 JLINK_CORESIGHT_ReadAPDPReg(AP reg 0x03)
T3C18 000:441.717   Value=0x00000002
T3C18 000:441.729 - 0.510ms returns 0
T3C18 000:441.739 JLINK_CORESIGHT_ReadAPDPReg(AP reg 0x03)
T3C18 000:442.205   Value=0x00000002
T3C18 000:442.218 - 0.479ms returns 0
T3C18 000:442.233 JLINK_CORESIGHT_ReadAPDPReg(AP reg 0x03)
T3C18 000:442.725   Value=0x00000002
T3C18 000:442.738 - 0.504ms returns 0
T3C18 000:442.747 JLINK_CORESIGHT_ReadAPDPReg(AP reg 0x03)
T3C18 000:443.304   Value=0x00000000
T3C18 000:443.317 - 0.569ms returns 0
T3C18 000:443.326 JLINK_CORESIGHT_WriteAPDPReg(AP reg 0x00, 0x80000002)
T3C18 000:443.798 - 0.471ms returns 0
T3C18 000:443.812 JLINK_CORESIGHT_WriteAPDPReg(AP reg 0x01, 0x80011130)
T3C18 000:444.263 - 0.451ms returns 0
T3C18 000:444.280 JLINK_CORESIGHT_ReadAPDPReg(AP reg 0x03)
T3C18 000:444.855   Value=0x73020081
T3C18 000:444.871 - 0.591ms returns 0
T3C18 000:444.883 JLINK_CORESIGHT_WriteAPDPReg(AP reg 0x00, 0x80000002)
T3C18 000:445.352 - 0.468ms returns 0
T3C18 000:445.367 JLINK_CORESIGHT_WriteAPDPReg(AP reg 0x01, 0x80011140)
T3C18 000:445.823 - 0.456ms returns 0
T3C18 000:445.838 JLINK_CORESIGHT_ReadAPDPReg(AP reg 0x03)
T3C18 000:446.351   Value=0x00000000
T3C18 000:446.364 - 0.525ms returns 0
T3C18 000:446.374 JLINK_CORESIGHT_WriteAPDPReg(AP reg 0x00, 0x80000002)
T3C18 000:446.825 - 0.450ms returns 0
T3C18 000:446.838 JLINK_CORESIGHT_WriteAPDPReg(AP reg 0x01, 0x80011130)
T3C18 000:447.304 - 0.465ms returns 0
T3C18 000:447.317 JLINK_CORESIGHT_ReadAPDPReg(AP reg 0x03)
T3C18 000:447.759   Value=0x00038902
T3C18 000:447.773 - 0.455ms returns 0
T3C18 000:447.785 JLINK_CORESIGHT_WriteAPDPReg(AP reg 0x00, 0x80000002)
T3C18 000:448.229 - 0.444ms returns 0
T3C18 000:448.243 JLINK_CORESIGHT_WriteAPDPReg(AP reg 0x01, 0x80011140)
T3C18 000:448.691 - 0.448ms returns 0
T3C18 000:448.705 JLINK_CORESIGHT_ReadAPDPReg(AP reg 0x03)
T3C18 000:449.221   Value=0x00000002
T3C18 000:449.234 - 0.528ms returns 0
T3C18 000:449.243 JLINK_CORESIGHT_WriteAPDPReg(AP reg 0x00, 0x80000002)
T3C18 000:449.647 - 0.404ms returns 0
T3C18 000:449.660 JLINK_CORESIGHT_WriteAPDPReg(AP reg 0x01, 0x80011120)
T3C18 000:450.137 - 0.476ms returns 0
T3C18 000:450.153 JLINK_CORESIGHT_WriteAPDPReg(AP reg 0x03, 0x75010001)
T3C18 000:450.632 - 0.478ms returns 0
T3C18 000:450.650 JLINK_CORESIGHT_WriteAPDPReg(AP reg 0x00, 0x80000002)
T3C18 000:451.058 - 0.408ms returns 0
T3C18 000:451.072 JLINK_CORESIGHT_WriteAPDPReg(AP reg 0x01, 0x80011140)
T3C18 000:451.489 - 0.416ms returns 0
T3C18 000:451.503 JLINK_CORESIGHT_ReadAPDPReg(AP reg 0x03)
T3C18 000:452.021   Value=0x00000002
T3C18 000:452.034 - 0.531ms returns 0
T3C18 000:452.043 JLINK_CORESIGHT_WriteAPDPReg(AP reg 0x00, 0x80000002)
T3C18 000:452.462 - 0.418ms returns 0
T3C18 000:452.475 JLINK_CORESIGHT_WriteAPDPReg(AP reg 0x01, 0x80011120)
T3C18 000:452.944 - 0.469ms returns 0
T3C18 000:452.957 JLINK_CORESIGHT_WriteAPDPReg(AP reg 0x03, 0x0000038A)
T3C18 000:453.423 - 0.465ms returns 0
T3C18 000:453.436 JLINK_CORESIGHT_WriteAPDPReg(AP reg 0x00, 0x80000002)
T3C18 000:453.863 - 0.427ms returns 0
T3C18 000:453.877 JLINK_CORESIGHT_WriteAPDPReg(AP reg 0x01, 0x80011140)
T3C18 000:454.349 - 0.472ms returns 0
T3C18 000:454.367 JLINK_CORESIGHT_ReadAPDPReg(AP reg 0x03)
T3C18 000:454.845   Value=0x00000000
T3C18 000:454.857 - 0.490ms returns 0
T3C18 000:454.870 JLINK_CORESIGHT_WriteAPDPReg(AP reg 0x00, 0x80000002)
T3C18 000:455.319 - 0.449ms returns 0
T3C18 000:455.336 JLINK_CORESIGHT_WriteAPDPReg(AP reg 0x01, 0x80011130)
T3C18 000:455.760 - 0.423ms returns 0
T3C18 000:455.776 JLINK_CORESIGHT_ReadAPDPReg(AP reg 0x03)
T3C18 000:456.246   Value=0x75020081
T3C18 000:456.259 - 0.482ms returns 0
T3C18 000:456.272 JLINK_CORESIGHT_WriteAPDPReg(AP reg 0x00, 0x80000002)
T3C18 000:456.673 - 0.401ms returns 0
T3C18 000:456.689 JLINK_CORESIGHT_WriteAPDPReg(AP reg 0x01, 0x80011140)
T3C18 000:457.139 - 0.450ms returns 0
T3C18 000:457.156 JLINK_CORESIGHT_ReadAPDPReg(AP reg 0x03)
T3C18 000:457.594   Value=0x00000000
T3C18 000:457.608 - 0.452ms returns 0
T3C18 000:457.623 JLINK_CORESIGHT_WriteAPDPReg(AP reg 0x00, 0x80000002)
T3C18 000:458.025 - 0.401ms returns 0
T3C18 000:458.041 JLINK_CORESIGHT_WriteAPDPReg(AP reg 0x01, 0x80011130)
T3C18 000:458.446 - 0.404ms returns 0
T3C18 000:458.465 JLINK_CORESIGHT_ReadAPDPReg(AP reg 0x03)
T3C18 000:459.031   Value=0x00038702
T3C18 000:459.047 - 0.581ms returns 0
T3C18 000:459.126 JLINK_CORESIGHT_WriteAPDPReg(AP reg 0x00, 0x80000002)
T3C18 000:459.563 - 0.436ms returns 0
T3C18 000:459.579 JLINK_CORESIGHT_WriteAPDPReg(AP reg 0x01, 0x80011140)
T3C18 000:460.158 - 0.579ms returns 0
T3C18 000:460.174 JLINK_CORESIGHT_ReadAPDPReg(AP reg 0x03)
T3C18 000:460.624   Value=0x00000002
T3C18 000:460.637 - 0.462ms returns 0
T3C18 000:460.647 JLINK_CORESIGHT_WriteAPDPReg(AP reg 0x00, 0x80000002)
T3C18 000:461.071 - 0.423ms returns 0
T3C18 000:461.084 JLINK_CORESIGHT_WriteAPDPReg(AP reg 0x01, 0x80011120)
T3C18 000:461.556 - 0.471ms returns 0
T3C18 000:461.569 JLINK_CORESIGHT_WriteAPDPReg(AP reg 0x03, 0x4F010001)
T3C18 000:462.023 - 0.454ms returns 0
T3C18 000:462.037 JLINK_CORESIGHT_WriteAPDPReg(AP reg 0x00, 0x80000002)
T3C18 000:462.396 - 0.359ms returns 0
T3C18 000:462.409 JLINK_CORESIGHT_WriteAPDPReg(AP reg 0x01, 0x80011140)
T3C18 000:462.862 - 0.452ms returns 0
T3C18 000:462.876 JLINK_CORESIGHT_ReadAPDPReg(AP reg 0x03)
T3C18 000:463.375   Value=0x00000002
T3C18 000:463.387 - 0.511ms returns 0
T3C18 000:463.397 JLINK_CORESIGHT_WriteAPDPReg(AP reg 0x00, 0x80000002)
T3C18 000:463.795 - 0.398ms returns 0
T3C18 000:463.808 JLINK_CORESIGHT_WriteAPDPReg(AP reg 0x01, 0x80011120)
T3C18 000:464.272 - 0.463ms returns 0
T3C18 000:464.285 JLINK_CORESIGHT_WriteAPDPReg(AP reg 0x03, 0x000003B0)
T3C18 000:464.694 - 0.408ms returns 0
T3C18 000:464.707 JLINK_CORESIGHT_WriteAPDPReg(AP reg 0x00, 0x80000002)
T3C18 000:465.179 - 0.472ms returns 0
T3C18 000:465.195 JLINK_CORESIGHT_WriteAPDPReg(AP reg 0x01, 0x80011140)
T3C18 000:465.649 - 0.454ms returns 0
T3C18 000:465.664 JLINK_CORESIGHT_ReadAPDPReg(AP reg 0x03)
T3C18 000:466.186   Value=0x00000000
T3C18 000:466.198 - 0.534ms returns 0
T3C18 000:466.208 JLINK_CORESIGHT_WriteAPDPReg(AP reg 0x00, 0x80000002)
T3C18 000:466.611 - 0.403ms returns 0
T3C18 000:466.625 JLINK_CORESIGHT_WriteAPDPReg(AP reg 0x01, 0x80011130)
T3C18 000:467.151 - 0.526ms returns 0
T3C18 000:467.164 JLINK_CORESIGHT_ReadAPDPReg(AP reg 0x03)
T3C18 000:467.633   Value=0x4F0B0081
T3C18 000:467.645 - 0.481ms returns 0
T3C18 000:467.655 JLINK_CORESIGHT_WriteAPDPReg(AP reg 0x00, 0x80000002)
T3C18 000:468.153 - 0.498ms returns 0
T3C18 000:468.168 JLINK_CORESIGHT_WriteAPDPReg(AP reg 0x01, 0x80011140)
T3C18 000:468.633 - 0.465ms returns 0
T3C18 000:468.647 JLINK_CORESIGHT_ReadAPDPReg(AP reg 0x03)
T3C18 000:469.120   Value=0x00000000
T3C18 000:469.133 - 0.486ms returns 0
T3C18 000:469.143 JLINK_CORESIGHT_WriteAPDPReg(AP reg 0x00, 0x80000002)
T3C18 000:469.616 - 0.472ms returns 0
T3C18 000:469.629 JLINK_CORESIGHT_WriteAPDPReg(AP reg 0x01, 0x80011130)
T3C18 000:470.167 - 0.537ms returns 0
T3C18 000:470.183 JLINK_CORESIGHT_ReadAPDPReg(AP reg 0x03)
T3C18 000:470.696   Value=0x40000000
T3C18 000:470.708 - 0.525ms returns 0
T3C18 000:470.719 JLINK_CORESIGHT_WriteAPDPReg(AP reg 0x00, 0x80000002)
T3C18 000:471.201 - 0.482ms returns 0
T3C18 000:471.215 JLINK_CORESIGHT_WriteAPDPReg(AP reg 0x01, 0x80011140)
T3C18 000:471.742 - 0.527ms returns 0
T3C18 000:471.757 JLINK_CORESIGHT_ReadAPDPReg(AP reg 0x03)
T3C18 000:472.280   Value=0x00000000
T3C18 000:472.295 - 0.538ms returns 0
T3C18 000:472.307 JLINK_CORESIGHT_WriteAPDPReg(AP reg 0x00, 0x80000002)
T3C18 000:472.802 - 0.494ms returns 0
T3C18 000:472.820 JLINK_CORESIGHT_WriteAPDPReg(AP reg 0x01, 0x80011130)
T3C18 000:473.369 - 0.549ms returns 0
T3C18 000:473.385 JLINK_CORESIGHT_ReadAPDPReg(AP reg 0x03)
T3C18 000:473.890   Value=0x00000000
T3C18 000:473.903 - 0.517ms returns 0
T3C18 000:473.913 JLINK_CORESIGHT_WriteAPDPReg(AP reg 0x00, 0x80000002)
T3C18 000:474.411 - 0.497ms returns 0
T3C18 000:474.425 JLINK_CORESIGHT_WriteAPDPReg(AP reg 0x01, 0x80011140)
T3C18 000:474.828 - 0.402ms returns 0
T3C18 000:474.850 JLINK_CORESIGHT_ReadAPDPReg(AP reg 0x03)
T3C18 000:475.365   Value=0x00000000
T3C18 000:475.377 - 0.527ms returns 0
T3C18 000:475.387 JLINK_CORESIGHT_WriteAPDPReg(AP reg 0x00, 0x80000002)
T3C18 000:475.865 - 0.477ms returns 0
T3C18 000:475.883 JLINK_CORESIGHT_WriteAPDPReg(AP reg 0x01, 0x80011130)
T3C18 000:476.354 - 0.470ms returns 0
T3C18 000:476.367 JLINK_CORESIGHT_ReadAPDPReg(AP reg 0x03)
T3C18 000:476.844   Value=0x03660000
T3C18 000:476.860 - 0.493ms returns 0
T3C18 000:476.962 JLINK_CORESIGHT_ReadAPDPReg(DP reg 0x01)
T3C18 000:477.405   Value=0xF0000F40
T3C18 000:477.418 - 0.455ms returns 0
T3C18 000:477.429 JLINK_CORESIGHT_WriteAPDPReg(DP reg 0x01, 0xA0000F40)
T3C18 000:477.837 - 0.408ms returns 0
T3C18 000:477.851 JLINK_CORESIGHT_ReadAPDPReg(DP reg 0x01)
T3C18 000:478.399   Value=0x00000F40
T3C18 000:478.416 - 0.565ms returns 0
T3C18 000:478.426 JLINK_ClrRESET()
T3C18 000:479.067 - 0.639ms 
T3C18 000:585.972 JLINK_Close()
T3C18 000:597.149 - 11.175ms
T3C18 000:597.174   
T3C18 000:597.180   Closed
