T61D4 000:000.503   SEGGER J-Link V8.44a Log File
T61D4 000:000.636   DLL Compiled: Jun 18 2025 16:28:32
T61D4 000:000.643   Logging started @ 2025-07-29 02:30
T61D4 000:000.648   Process: C:\Users\20537\.eclipse\com.renesas.platform_2070713661\DebugComp\RA\e2-server-gdb.exe
T61D4 000:000.659 - 0.654ms 
T61D4 000:000.673 JLINK_GetDLLVersion()
T61D4 000:000.681 - 0.007ms returns 84401
T61D4 000:003.148 JLINK_OpenEx(...)
T61D4 000:011.297   Firmware: J-Link OB-RA4M2-Full compiled Apr  1 2025 10:14:06
T61D4 000:012.831   Firmware: J-Link OB-RA4M2-Full compiled Apr  1 2025 10:14:06
T61D4 000:025.700   Hardware: V1.00
T61D4 000:025.721   S/N: 24060501
T61D4 000:025.729   OEM: SEGGER
T61D4 000:025.737   Feature(s): GDB, FlashDL, FlashBP, JFlash, RDI
T61D4 000:027.237   Bootloader: 2021 May 14
T61D4 000:028.176   USB speed mode: Full speed (12 MBit/s)
T61D4 000:028.721   TELNET listener socket opened on port 19021
T61D4 000:028.888   WEBSRV WEBSRV_Init(): Starting webserver thread(s)
T61D4 000:029.000   WEBSRV Webserver running on local port 19080
T61D4 000:029.116   Looking for J-Link GUI Server exe at: C:\Users\20537\.eclipse\com.renesas.platform_2070713661\DebugComp\RA\ARM\Segger_v8.44.1\JLinkGUIServer.exe
T61D4 000:029.232   Looking for J-Link GUI Server exe at: C:\Program Files\SEGGER\JLink_V810h\JLinkGUIServer.exe
T61D4 000:029.274   Forking J-Link GUI Server: C:\Program Files\SEGGER\JLink_V810h\JLinkGUIServer.exe
T61D4 000:056.832   J-Link GUI Server info: "J-Link GUI server V8.10h "
T61D4 000:065.020 - 61.867ms returns "O.K."
T61D4 000:065.114 JLINK_TIF_Select(JLINKARM_TIF_SWD)
T61D4 000:066.738 - 1.623ms returns 0x00
T61D4 000:066.761 JLINK_ClrRESET()
T61D4 000:067.439 - 0.678ms 
T61D4 000:118.524 JLINK_SetSpeed(1500)
T61D4 000:118.945 - 0.426ms 
T61D4 000:118.959 JLINK_CORESIGHT_Configure(PerformTIFInit=0)
T61D4 000:119.630 - 0.671ms returns 0
T61D4 000:119.650 JLINK_CORESIGHT_ReadAPDPReg(DP reg 0x00)
T61D4 000:120.365   Value=0x6BA02477
T61D4 000:120.380 - 0.732ms returns 0
T61D4 000:120.414 JLINK_CORESIGHT_WriteAPDPReg(DP reg 0x00, 0x0000001F)
T61D4 000:120.941 - 0.527ms returns 0
T61D4 000:120.959 JLINK_CORESIGHT_ReadAPDPReg(DP reg 0x00)
T61D4 000:121.423   Value=0x6BA02477
T61D4 000:121.440 - 0.480ms returns 0
T61D4 000:121.451 JLINK_CORESIGHT_WriteAPDPReg(DP reg 0x02, 0x00000000)
T61D4 000:121.941 - 0.489ms returns 0
T61D4 000:121.958 JLINK_CORESIGHT_WriteAPDPReg(DP reg 0x01, 0x50000000)
T61D4 000:122.460 - 0.502ms returns 0
T61D4 000:122.482 JLINK_CORESIGHT_ReadAPDPReg(DP reg 0x01)
T61D4 000:122.927   Value=0xF0000040
T61D4 000:122.942 - 0.460ms returns 0
T61D4 000:122.953 JLINK_CORESIGHT_WriteAPDPReg(DP reg 0x00, 0x0000001F)
T61D4 000:123.404 - 0.451ms returns 0
T61D4 000:123.418 JLINK_CORESIGHT_ReadAPDPReg(DP reg 0x00)
T61D4 000:123.929   Value=0x6BA02477
T61D4 000:123.941 - 0.523ms returns 0
T61D4 000:123.951 JLINK_CORESIGHT_WriteAPDPReg(DP reg 0x01, 0x54000000)
T61D4 000:124.486 - 0.534ms returns 0
T61D4 000:124.499 JLINK_CORESIGHT_WriteAPDPReg(DP reg 0x01, 0x50000F00)
T61D4 000:124.936 - 0.437ms returns 0
T61D4 000:124.949 JLINK_CORESIGHT_WriteAPDPReg(DP reg 0x02, 0x01000000)
T61D4 000:125.404 - 0.455ms returns 0
T61D4 000:125.418 JLINK_CORESIGHT_WriteAPDPReg(AP reg 0x00, 0x80000002)
T61D4 000:125.843 - 0.425ms returns 0
T61D4 000:125.860 JLINK_CORESIGHT_WriteAPDPReg(AP reg 0x01, 0x80011100)
T61D4 000:126.305 - 0.444ms returns 0
T61D4 000:126.319 JLINK_CORESIGHT_WriteAPDPReg(AP reg 0x03, 0x000000A5)
T61D4 000:126.811 - 0.492ms returns 0
T61D4 000:126.824 JLINK_CORESIGHT_WriteAPDPReg(AP reg 0x00, 0x80000002)
T61D4 000:127.223 - 0.398ms returns 0
T61D4 000:127.236 JLINK_CORESIGHT_WriteAPDPReg(AP reg 0x01, 0x80011100)
T61D4 000:127.721 - 0.485ms returns 0
T61D4 000:127.734 JLINK_CORESIGHT_ReadAPDPReg(AP reg 0x03)
T61D4 000:128.246   Value=0x000000A5
T61D4 000:128.258 - 0.523ms returns 0
T61D4 000:128.267 JLINK_ClrTMS()
T61D4 000:128.509 - 0.241ms 
T61D4 000:134.514 JLINK_SetTCK()
T61D4 000:134.870 - 0.356ms returns 0
T61D4 000:140.430 JLINK_SetRESET()
T61D4 000:140.863 - 0.433ms 
T61D4 000:341.448 JLINK_CORESIGHT_WriteAPDPReg(AP reg 0x00, 0x80000002)
T61D4 000:341.939 - 0.491ms returns 0
T61D4 000:341.957 JLINK_CORESIGHT_WriteAPDPReg(AP reg 0x01, 0x80011100)
T61D4 000:342.447 - 0.490ms returns 0
T61D4 000:342.462 JLINK_CORESIGHT_ReadAPDPReg(AP reg 0x03)
T61D4 000:343.508   Value=0x00000000
T61D4 000:343.521 - 1.059ms returns 0
T61D4 000:343.531 JLINK_CORESIGHT_WriteAPDPReg(AP reg 0x00, 0x80000002)
T61D4 000:343.973 - 0.441ms returns 0
T61D4 000:343.986 JLINK_CORESIGHT_WriteAPDPReg(AP reg 0x01, 0x80011140)
T61D4 000:344.356 - 0.370ms returns 0
T61D4 000:344.373 JLINK_CORESIGHT_ReadAPDPReg(AP reg 0x03)
T61D4 000:344.907   Value=0x00000002
T61D4 000:344.919 - 0.546ms returns 0
T61D4 000:344.929 JLINK_CORESIGHT_WriteAPDPReg(AP reg 0x00, 0x80000002)
T61D4 000:345.427 - 0.498ms returns 0
T61D4 000:345.442 JLINK_CORESIGHT_WriteAPDPReg(AP reg 0x01, 0x80011120)
T61D4 000:345.846 - 0.404ms returns 0
T61D4 000:345.860 JLINK_CORESIGHT_WriteAPDPReg(AP reg 0x03, 0x00000055)
T61D4 000:346.328 - 0.468ms returns 0
T61D4 000:346.341 JLINK_CORESIGHT_WriteAPDPReg(AP reg 0x00, 0x80000002)
T61D4 000:346.807 - 0.466ms returns 0
T61D4 000:346.824 JLINK_CORESIGHT_WriteAPDPReg(AP reg 0x01, 0x80011140)
T61D4 000:347.208 - 0.384ms returns 0
T61D4 000:347.224 JLINK_CORESIGHT_ReadAPDPReg(AP reg 0x03)
T61D4 000:347.706   Value=0x00000002
T61D4 000:347.718 - 0.494ms returns 0
T61D4 000:347.730 JLINK_CORESIGHT_ReadAPDPReg(AP reg 0x03)
T61D4 000:348.199   Value=0x00000002
T61D4 000:348.211 - 0.480ms returns 0
T61D4 000:348.223 JLINK_CORESIGHT_ReadAPDPReg(AP reg 0x03)
T61D4 000:348.708   Value=0x00000002
T61D4 000:348.719 - 0.496ms returns 0
T61D4 000:348.731 JLINK_CORESIGHT_ReadAPDPReg(AP reg 0x03)
T61D4 000:349.221   Value=0x00000002
T61D4 000:349.233 - 0.501ms returns 0
T61D4 000:349.245 JLINK_CORESIGHT_ReadAPDPReg(AP reg 0x03)
T61D4 000:349.728   Value=0x00000002
T61D4 000:349.739 - 0.494ms returns 0
T61D4 000:349.752 JLINK_CORESIGHT_ReadAPDPReg(AP reg 0x03)
T61D4 000:350.244   Value=0x00000002
T61D4 000:350.255 - 0.504ms returns 0
T61D4 000:350.268 JLINK_CORESIGHT_ReadAPDPReg(AP reg 0x03)
T61D4 000:350.708   Value=0x00000002
T61D4 000:350.720 - 0.452ms returns 0
T61D4 000:350.732 JLINK_CORESIGHT_ReadAPDPReg(AP reg 0x03)
T61D4 000:351.246   Value=0x00000002
T61D4 000:351.257 - 0.525ms returns 0
T61D4 000:351.270 JLINK_CORESIGHT_ReadAPDPReg(AP reg 0x03)
T61D4 000:351.707   Value=0x00000002
T61D4 000:351.719 - 0.449ms returns 0
T61D4 000:351.731 JLINK_CORESIGHT_ReadAPDPReg(AP reg 0x03)
T61D4 000:352.247   Value=0x00000002
T61D4 000:352.259 - 0.527ms returns 0
T61D4 000:352.271 JLINK_CORESIGHT_ReadAPDPReg(AP reg 0x03)
T61D4 000:352.709   Value=0x00000002
T61D4 000:352.720 - 0.449ms returns 0
T61D4 000:352.733 JLINK_CORESIGHT_ReadAPDPReg(AP reg 0x03)
T61D4 000:353.252   Value=0x00000002
T61D4 000:353.264 - 0.531ms returns 0
T61D4 000:353.276 JLINK_CORESIGHT_ReadAPDPReg(AP reg 0x03)
T61D4 000:353.800   Value=0x00000002
T61D4 000:353.812 - 0.536ms returns 0
T61D4 000:353.825 JLINK_CORESIGHT_ReadAPDPReg(AP reg 0x03)
T61D4 000:354.324   Value=0x00000002
T61D4 000:354.337 - 0.512ms returns 0
T61D4 000:354.349 JLINK_CORESIGHT_ReadAPDPReg(AP reg 0x03)
T61D4 000:354.852   Value=0x00000002
T61D4 000:354.869 - 0.519ms returns 0
T61D4 000:354.883 JLINK_CORESIGHT_ReadAPDPReg(AP reg 0x03)
T61D4 000:355.413   Value=0x00000002
T61D4 000:355.435 - 0.551ms returns 0
T61D4 000:355.449 JLINK_CORESIGHT_ReadAPDPReg(AP reg 0x03)
T61D4 000:355.984   Value=0x00000002
T61D4 000:356.000 - 0.550ms returns 0
T61D4 000:356.013 JLINK_CORESIGHT_ReadAPDPReg(AP reg 0x03)
T61D4 000:356.667   Value=0x00000002
T61D4 000:356.680 - 0.667ms returns 0
T61D4 000:356.694 JLINK_CORESIGHT_ReadAPDPReg(AP reg 0x03)
T61D4 000:357.165   Value=0x00000002
T61D4 000:357.177 - 0.482ms returns 0
T61D4 000:357.190 JLINK_CORESIGHT_ReadAPDPReg(AP reg 0x03)
T61D4 000:357.678   Value=0x00000002
T61D4 000:357.691 - 0.501ms returns 0
T61D4 000:357.703 JLINK_CORESIGHT_ReadAPDPReg(AP reg 0x03)
T61D4 000:358.224   Value=0x00000000
T61D4 000:358.238 - 0.535ms returns 0
T61D4 000:358.251 JLINK_CORESIGHT_WriteAPDPReg(AP reg 0x00, 0x80000002)
T61D4 000:358.724 - 0.472ms returns 0
T61D4 000:358.740 JLINK_CORESIGHT_WriteAPDPReg(AP reg 0x01, 0x80011130)
T61D4 000:359.206 - 0.466ms returns 0
T61D4 000:359.222 JLINK_CORESIGHT_ReadAPDPReg(AP reg 0x03)
T61D4 000:359.688   Value=0x000000C6
T61D4 000:359.700 - 0.478ms returns 0
T61D4 000:359.754 JLINK_CORESIGHT_WriteAPDPReg(AP reg 0x00, 0x80000002)
T61D4 000:360.204 - 0.450ms returns 0
T61D4 000:360.218 JLINK_CORESIGHT_WriteAPDPReg(AP reg 0x01, 0x80011140)
T61D4 000:360.669 - 0.451ms returns 0
T61D4 000:360.682 JLINK_CORESIGHT_ReadAPDPReg(AP reg 0x03)
T61D4 000:361.176   Value=0x00000002
T61D4 000:361.189 - 0.507ms returns 0
T61D4 000:361.199 JLINK_CORESIGHT_WriteAPDPReg(AP reg 0x00, 0x80000002)
T61D4 000:361.617 - 0.419ms returns 0
T61D4 000:361.630 JLINK_CORESIGHT_WriteAPDPReg(AP reg 0x01, 0x80011120)
T61D4 000:362.075 - 0.444ms returns 0
T61D4 000:362.088 JLINK_CORESIGHT_WriteAPDPReg(AP reg 0x03, 0x3A010001)
T61D4 000:362.485 - 0.397ms returns 0
T61D4 000:362.498 JLINK_CORESIGHT_WriteAPDPReg(AP reg 0x00, 0x80000002)
T61D4 000:362.935 - 0.436ms returns 0
T61D4 000:362.948 JLINK_CORESIGHT_WriteAPDPReg(AP reg 0x01, 0x80011140)
T61D4 000:363.335 - 0.387ms returns 0
T61D4 000:363.348 JLINK_CORESIGHT_ReadAPDPReg(AP reg 0x03)
T61D4 000:363.874   Value=0x00000002
T61D4 000:363.886 - 0.538ms returns 0
T61D4 000:363.896 JLINK_CORESIGHT_WriteAPDPReg(AP reg 0x00, 0x80000002)
T61D4 000:364.311 - 0.415ms returns 0
T61D4 000:364.324 JLINK_CORESIGHT_WriteAPDPReg(AP reg 0x01, 0x80011120)
T61D4 000:364.698 - 0.373ms returns 0
T61D4 000:364.711 JLINK_CORESIGHT_WriteAPDPReg(AP reg 0x03, 0x000003C5)
T61D4 000:365.176 - 0.465ms returns 0
T61D4 000:365.189 JLINK_CORESIGHT_WriteAPDPReg(AP reg 0x00, 0x80000002)
T61D4 000:365.676 - 0.487ms returns 0
T61D4 000:365.689 JLINK_CORESIGHT_WriteAPDPReg(AP reg 0x01, 0x80011140)
T61D4 000:366.088 - 0.398ms returns 0
T61D4 000:366.102 JLINK_CORESIGHT_ReadAPDPReg(AP reg 0x03)
T61D4 000:366.555   Value=0x00000002
T61D4 000:366.568 - 0.465ms returns 0
T61D4 000:366.577 JLINK_CORESIGHT_ReadAPDPReg(AP reg 0x03)
T61D4 000:367.043   Value=0x00000000
T61D4 000:367.055 - 0.477ms returns 0
T61D4 000:367.065 JLINK_CORESIGHT_WriteAPDPReg(AP reg 0x00, 0x80000002)
T61D4 000:367.486 - 0.421ms returns 0
T61D4 000:367.499 JLINK_CORESIGHT_WriteAPDPReg(AP reg 0x01, 0x80011130)
T61D4 000:367.960 - 0.460ms returns 0
T61D4 000:367.973 JLINK_CORESIGHT_ReadAPDPReg(AP reg 0x03)
T61D4 000:368.462   Value=0x3A2A0081
T61D4 000:368.474 - 0.501ms returns 0
T61D4 000:368.483 JLINK_CORESIGHT_WriteAPDPReg(AP reg 0x00, 0x80000002)
T61D4 000:368.973 - 0.490ms returns 0
T61D4 000:368.986 JLINK_CORESIGHT_WriteAPDPReg(AP reg 0x01, 0x80011140)
T61D4 000:369.464 - 0.477ms returns 0
T61D4 000:369.477 JLINK_CORESIGHT_ReadAPDPReg(AP reg 0x03)
T61D4 000:369.993   Value=0x00000000
T61D4 000:370.005 - 0.527ms returns 0
T61D4 000:370.014 JLINK_CORESIGHT_WriteAPDPReg(AP reg 0x00, 0x80000002)
T61D4 000:370.485 - 0.470ms returns 0
T61D4 000:370.497 JLINK_CORESIGHT_WriteAPDPReg(AP reg 0x01, 0x80011130)
T61D4 000:370.957 - 0.460ms returns 0
T61D4 000:370.971 JLINK_CORESIGHT_ReadAPDPReg(AP reg 0x03)
T61D4 000:371.486   Value=0x808D5B00
T61D4 000:371.498 - 0.527ms returns 0
T61D4 000:371.508 JLINK_CORESIGHT_WriteAPDPReg(AP reg 0x00, 0x80000002)
T61D4 000:371.975 - 0.467ms returns 0
T61D4 000:371.987 JLINK_CORESIGHT_WriteAPDPReg(AP reg 0x01, 0x80011140)
T61D4 000:372.396 - 0.408ms returns 0
T61D4 000:372.427 JLINK_CORESIGHT_ReadAPDPReg(AP reg 0x03)
T61D4 000:372.979   Value=0x00000000
T61D4 000:372.994 - 0.567ms returns 0
T61D4 000:373.004 JLINK_CORESIGHT_WriteAPDPReg(AP reg 0x00, 0x80000002)
T61D4 000:373.395 - 0.390ms returns 0
T61D4 000:373.408 JLINK_CORESIGHT_WriteAPDPReg(AP reg 0x01, 0x80011130)
T61D4 000:373.812 - 0.403ms returns 0
T61D4 000:373.825 JLINK_CORESIGHT_ReadAPDPReg(AP reg 0x03)
T61D4 000:374.290   Value=0x0306070A
T61D4 000:374.308 - 0.483ms returns 0
T61D4 000:374.318 JLINK_CORESIGHT_WriteAPDPReg(AP reg 0x00, 0x80000002)
T61D4 000:374.809 - 0.492ms returns 0
T61D4 000:374.823 JLINK_CORESIGHT_WriteAPDPReg(AP reg 0x01, 0x80011140)
T61D4 000:375.221 - 0.398ms returns 0
T61D4 000:375.233 JLINK_CORESIGHT_ReadAPDPReg(AP reg 0x03)
T61D4 000:375.699   Value=0x00000000
T61D4 000:375.711 - 0.477ms returns 0
T61D4 000:375.721 JLINK_CORESIGHT_WriteAPDPReg(AP reg 0x00, 0x80000002)
T61D4 000:376.117 - 0.396ms returns 0
T61D4 000:376.130 JLINK_CORESIGHT_WriteAPDPReg(AP reg 0x01, 0x80011130)
T61D4 000:376.576 - 0.446ms returns 0
T61D4 000:376.589 JLINK_CORESIGHT_ReadAPDPReg(AP reg 0x03)
T61D4 000:377.073   Value=0x30545408
T61D4 000:377.085 - 0.497ms returns 0
T61D4 000:377.095 JLINK_CORESIGHT_WriteAPDPReg(AP reg 0x00, 0x80000002)
T61D4 000:377.564 - 0.469ms returns 0
T61D4 000:377.577 JLINK_CORESIGHT_WriteAPDPReg(AP reg 0x01, 0x80011140)
T61D4 000:377.973 - 0.396ms returns 0
T61D4 000:377.986 JLINK_CORESIGHT_ReadAPDPReg(AP reg 0x03)
T61D4 000:378.499   Value=0x00000000
T61D4 000:378.511 - 0.524ms returns 0
T61D4 000:378.520 JLINK_CORESIGHT_WriteAPDPReg(AP reg 0x00, 0x80000002)
T61D4 000:378.936 - 0.415ms returns 0
T61D4 000:378.948 JLINK_CORESIGHT_WriteAPDPReg(AP reg 0x01, 0x80011130)
T61D4 000:379.413 - 0.465ms returns 0
T61D4 000:379.428 JLINK_CORESIGHT_ReadAPDPReg(AP reg 0x03)
T61D4 000:379.971   Value=0x54F572C8
T61D4 000:379.984 - 0.556ms returns 0
T61D4 000:379.993 JLINK_CORESIGHT_WriteAPDPReg(AP reg 0x00, 0x80000002)
T61D4 000:380.464 - 0.470ms returns 0
T61D4 000:380.477 JLINK_CORESIGHT_WriteAPDPReg(AP reg 0x01, 0x80011140)
T61D4 000:380.916 - 0.439ms returns 0
T61D4 000:380.929 JLINK_CORESIGHT_ReadAPDPReg(AP reg 0x03)
T61D4 000:381.393   Value=0x00000000
T61D4 000:381.405 - 0.475ms returns 0
T61D4 000:381.425 JLINK_CORESIGHT_WriteAPDPReg(AP reg 0x00, 0x80000002)
T61D4 000:381.939 - 0.514ms returns 0
T61D4 000:381.952 JLINK_CORESIGHT_WriteAPDPReg(AP reg 0x01, 0x80011130)
T61D4 000:382.380 - 0.427ms returns 0
T61D4 000:382.393 JLINK_CORESIGHT_ReadAPDPReg(AP reg 0x03)
T61D4 000:382.888   Value=0x32355536
T61D4 000:382.900 - 0.507ms returns 0
T61D4 000:382.910 JLINK_CORESIGHT_WriteAPDPReg(AP reg 0x00, 0x80000002)
T61D4 000:383.355 - 0.445ms returns 0
T61D4 000:383.387 JLINK_CORESIGHT_WriteAPDPReg(AP reg 0x01, 0x80011140)
T61D4 000:383.842 - 0.455ms returns 0
T61D4 000:383.855 JLINK_CORESIGHT_ReadAPDPReg(AP reg 0x03)
T61D4 000:384.279   Value=0x00000000
T61D4 000:384.291 - 0.436ms returns 0
T61D4 000:384.301 JLINK_CORESIGHT_WriteAPDPReg(AP reg 0x00, 0x80000002)
T61D4 000:384.731 - 0.430ms returns 0
T61D4 000:384.744 JLINK_CORESIGHT_WriteAPDPReg(AP reg 0x01, 0x80011130)
T61D4 000:385.207 - 0.463ms returns 0
T61D4 000:385.220 JLINK_CORESIGHT_ReadAPDPReg(AP reg 0x03)
T61D4 000:385.662   Value=0x87022D38
T61D4 000:385.674 - 0.454ms returns 0
T61D4 000:385.687 JLINK_CORESIGHT_WriteAPDPReg(AP reg 0x00, 0x80000002)
T61D4 000:386.123 - 0.436ms returns 0
T61D4 000:386.139 JLINK_CORESIGHT_WriteAPDPReg(AP reg 0x01, 0x80011140)
T61D4 000:386.540 - 0.401ms returns 0
T61D4 000:386.556 JLINK_CORESIGHT_ReadAPDPReg(AP reg 0x03)
T61D4 000:387.038   Value=0x00000000
T61D4 000:387.050 - 0.494ms returns 0
T61D4 000:387.063 JLINK_CORESIGHT_WriteAPDPReg(AP reg 0x00, 0x80000002)
T61D4 000:387.518 - 0.455ms returns 0
T61D4 000:387.535 JLINK_CORESIGHT_WriteAPDPReg(AP reg 0x01, 0x80011130)
T61D4 000:387.934 - 0.399ms returns 0
T61D4 000:387.949 JLINK_CORESIGHT_ReadAPDPReg(AP reg 0x03)
T61D4 000:388.453   Value=0x4B375279
T61D4 000:388.465 - 0.515ms returns 0
T61D4 000:388.477 JLINK_CORESIGHT_WriteAPDPReg(AP reg 0x00, 0x80000002)
T61D4 000:388.848 - 0.371ms returns 0
T61D4 000:388.863 JLINK_CORESIGHT_WriteAPDPReg(AP reg 0x01, 0x80011140)
T61D4 000:389.268 - 0.404ms returns 0
T61D4 000:389.284 JLINK_CORESIGHT_ReadAPDPReg(AP reg 0x03)
T61D4 000:389.729   Value=0x00000000
T61D4 000:389.741 - 0.457ms returns 0
T61D4 000:389.753 JLINK_CORESIGHT_WriteAPDPReg(AP reg 0x00, 0x80000002)
T61D4 000:390.223 - 0.469ms returns 0
T61D4 000:390.241 JLINK_CORESIGHT_WriteAPDPReg(AP reg 0x01, 0x80011130)
T61D4 000:390.686 - 0.444ms returns 0
T61D4 000:390.702 JLINK_CORESIGHT_ReadAPDPReg(AP reg 0x03)
T61D4 000:391.210   Value=0x31503841
T61D4 000:391.223 - 0.520ms returns 0
T61D4 000:391.235 JLINK_CORESIGHT_WriteAPDPReg(AP reg 0x00, 0x80000002)
T61D4 000:391.655 - 0.420ms returns 0
T61D4 000:391.671 JLINK_CORESIGHT_WriteAPDPReg(AP reg 0x01, 0x80011140)
T61D4 000:392.119 - 0.447ms returns 0
T61D4 000:392.135 JLINK_CORESIGHT_ReadAPDPReg(AP reg 0x03)
T61D4 000:392.620   Value=0x00000000
T61D4 000:392.632 - 0.497ms returns 0
T61D4 000:392.645 JLINK_CORESIGHT_WriteAPDPReg(AP reg 0x00, 0x80000002)
T61D4 000:393.070 - 0.425ms returns 0
T61D4 000:393.086 JLINK_CORESIGHT_WriteAPDPReg(AP reg 0x01, 0x80011130)
T61D4 000:393.561 - 0.475ms returns 0
T61D4 000:393.577 JLINK_CORESIGHT_ReadAPDPReg(AP reg 0x03)
T61D4 000:394.043   Value=0x434C464B
T61D4 000:394.055 - 0.477ms returns 0
T61D4 000:394.067 JLINK_CORESIGHT_WriteAPDPReg(AP reg 0x00, 0x80000002)
T61D4 000:394.487 - 0.420ms returns 0
T61D4 000:394.503 JLINK_CORESIGHT_WriteAPDPReg(AP reg 0x01, 0x80011140)
T61D4 000:394.951 - 0.447ms returns 0
T61D4 000:394.967 JLINK_CORESIGHT_ReadAPDPReg(AP reg 0x03)
T61D4 000:395.495   Value=0x00000000
T61D4 000:395.509 - 0.542ms returns 0
T61D4 000:395.522 JLINK_CORESIGHT_WriteAPDPReg(AP reg 0x00, 0x80000002)
T61D4 000:395.978 - 0.455ms returns 0
T61D4 000:395.994 JLINK_CORESIGHT_WriteAPDPReg(AP reg 0x01, 0x80011130)
T61D4 000:396.416 - 0.422ms returns 0
T61D4 000:396.434 JLINK_CORESIGHT_ReadAPDPReg(AP reg 0x03)
T61D4 000:396.996   Value=0x20204341
T61D4 000:397.008 - 0.573ms returns 0
T61D4 000:397.020 JLINK_CORESIGHT_WriteAPDPReg(AP reg 0x00, 0x80000002)
T61D4 000:397.461 - 0.441ms returns 0
T61D4 000:397.477 JLINK_CORESIGHT_WriteAPDPReg(AP reg 0x01, 0x80011140)
T61D4 000:397.938 - 0.461ms returns 0
T61D4 000:397.954 JLINK_CORESIGHT_ReadAPDPReg(AP reg 0x03)
T61D4 000:398.413   Value=0x00000000
T61D4 000:398.426 - 0.471ms returns 0
T61D4 000:398.438 JLINK_CORESIGHT_WriteAPDPReg(AP reg 0x00, 0x80000002)
T61D4 000:398.846 - 0.408ms returns 0
T61D4 000:398.862 JLINK_CORESIGHT_WriteAPDPReg(AP reg 0x01, 0x80011130)
T61D4 000:399.268 - 0.406ms returns 0
T61D4 000:399.283 JLINK_CORESIGHT_ReadAPDPReg(AP reg 0x03)
T61D4 000:399.802   Value=0x00038C20
T61D4 000:399.814 - 0.531ms returns 0
T61D4 000:399.888 JLINK_CORESIGHT_WriteAPDPReg(AP reg 0x00, 0x80000002)
T61D4 000:400.283 - 0.394ms returns 0
T61D4 000:400.296 JLINK_CORESIGHT_WriteAPDPReg(AP reg 0x01, 0x80011140)
T61D4 000:400.732 - 0.436ms returns 0
T61D4 000:400.745 JLINK_CORESIGHT_ReadAPDPReg(AP reg 0x03)
T61D4 000:401.292   Value=0x00000002
T61D4 000:401.304 - 0.559ms returns 0
T61D4 000:401.314 JLINK_CORESIGHT_WriteAPDPReg(AP reg 0x00, 0x80000002)
T61D4 000:401.870 - 0.555ms returns 0
T61D4 000:401.883 JLINK_CORESIGHT_WriteAPDPReg(AP reg 0x01, 0x80011120)
T61D4 000:402.373 - 0.489ms returns 0
T61D4 000:402.385 JLINK_CORESIGHT_WriteAPDPReg(AP reg 0x03, 0x39020001)
T61D4 000:402.848 - 0.462ms returns 0
T61D4 000:402.862 JLINK_CORESIGHT_WriteAPDPReg(AP reg 0x00, 0x80000002)
T61D4 000:403.267 - 0.405ms returns 0
T61D4 000:403.280 JLINK_CORESIGHT_WriteAPDPReg(AP reg 0x01, 0x80011140)
T61D4 000:403.732 - 0.452ms returns 0
T61D4 000:403.745 JLINK_CORESIGHT_ReadAPDPReg(AP reg 0x03)
T61D4 000:404.279   Value=0x00000002
T61D4 000:404.291 - 0.545ms returns 0
T61D4 000:404.300 JLINK_CORESIGHT_WriteAPDPReg(AP reg 0x00, 0x80000002)
T61D4 000:404.812 - 0.512ms returns 0
T61D4 000:404.825 JLINK_CORESIGHT_WriteAPDPReg(AP reg 0x01, 0x80011120)
T61D4 000:405.231 - 0.405ms returns 0
T61D4 000:405.243 JLINK_CORESIGHT_WriteAPDPReg(AP reg 0x03, 0x0003B312)
T61D4 000:405.707 - 0.464ms returns 0
T61D4 000:405.720 JLINK_CORESIGHT_WriteAPDPReg(AP reg 0x00, 0x80000002)
T61D4 000:406.143 - 0.422ms returns 0
T61D4 000:406.155 JLINK_CORESIGHT_WriteAPDPReg(AP reg 0x01, 0x80011140)
T61D4 000:406.607 - 0.451ms returns 0
T61D4 000:406.621 JLINK_CORESIGHT_ReadAPDPReg(AP reg 0x03)
T61D4 000:407.142   Value=0x00000000
T61D4 000:407.154 - 0.533ms returns 0
T61D4 000:407.164 JLINK_CORESIGHT_WriteAPDPReg(AP reg 0x00, 0x80000002)
T61D4 000:407.604 - 0.440ms returns 0
T61D4 000:407.617 JLINK_CORESIGHT_WriteAPDPReg(AP reg 0x01, 0x80011130)
T61D4 000:408.050 - 0.433ms returns 0
T61D4 000:408.063 JLINK_CORESIGHT_ReadAPDPReg(AP reg 0x03)
T61D4 000:408.506   Value=0xB90A0081
T61D4 000:408.518 - 0.454ms returns 0
T61D4 000:408.527 JLINK_CORESIGHT_WriteAPDPReg(AP reg 0x00, 0x80000002)
T61D4 000:408.977 - 0.449ms returns 0
T61D4 000:408.990 JLINK_CORESIGHT_WriteAPDPReg(AP reg 0x01, 0x80011140)
T61D4 000:409.467 - 0.476ms returns 0
T61D4 000:409.480 JLINK_CORESIGHT_ReadAPDPReg(AP reg 0x03)
T61D4 000:409.996   Value=0x00000000
T61D4 000:410.008 - 0.528ms returns 0
T61D4 000:410.018 JLINK_CORESIGHT_WriteAPDPReg(AP reg 0x00, 0x80000002)
T61D4 000:410.462 - 0.443ms returns 0
T61D4 000:410.475 JLINK_CORESIGHT_WriteAPDPReg(AP reg 0x01, 0x80011130)
T61D4 000:410.951 - 0.476ms returns 0
T61D4 000:410.964 JLINK_CORESIGHT_ReadAPDPReg(AP reg 0x03)
T61D4 000:411.489   Value=0xFFFFFFC0
T61D4 000:411.501 - 0.536ms returns 0
T61D4 000:411.510 JLINK_CORESIGHT_WriteAPDPReg(AP reg 0x00, 0x80000002)
T61D4 000:411.981 - 0.471ms returns 0
T61D4 000:411.994 JLINK_CORESIGHT_WriteAPDPReg(AP reg 0x01, 0x80011140)
T61D4 000:412.467 - 0.472ms returns 0
T61D4 000:412.480 JLINK_CORESIGHT_ReadAPDPReg(AP reg 0x03)
T61D4 000:413.018   Value=0x00000000
T61D4 000:413.030 - 0.550ms returns 0
T61D4 000:413.040 JLINK_CORESIGHT_WriteAPDPReg(AP reg 0x00, 0x80000002)
T61D4 000:413.502 - 0.462ms returns 0
T61D4 000:413.515 JLINK_CORESIGHT_WriteAPDPReg(AP reg 0x01, 0x80011130)
T61D4 000:413.959 - 0.444ms returns 0
T61D4 000:413.972 JLINK_CORESIGHT_ReadAPDPReg(AP reg 0x03)
T61D4 000:414.488   Value=0xFFFFFFFF
T61D4 000:414.499 - 0.527ms returns 0
T61D4 000:414.509 JLINK_CORESIGHT_WriteAPDPReg(AP reg 0x00, 0x80000002)
T61D4 000:415.005 - 0.496ms returns 0
T61D4 000:415.018 JLINK_CORESIGHT_WriteAPDPReg(AP reg 0x01, 0x80011140)
T61D4 000:415.416 - 0.397ms returns 0
T61D4 000:415.433 JLINK_CORESIGHT_ReadAPDPReg(AP reg 0x03)
T61D4 000:415.892   Value=0x00000000
T61D4 000:415.905 - 0.472ms returns 0
T61D4 000:415.915 JLINK_CORESIGHT_WriteAPDPReg(AP reg 0x00, 0x80000002)
T61D4 000:416.311 - 0.396ms returns 0
T61D4 000:416.324 JLINK_CORESIGHT_WriteAPDPReg(AP reg 0x01, 0x80011130)
T61D4 000:416.724 - 0.400ms returns 0
T61D4 000:416.737 JLINK_CORESIGHT_ReadAPDPReg(AP reg 0x03)
T61D4 000:417.687   Value=0x000385FF
T61D4 000:417.700 - 0.962ms returns 0
T61D4 000:417.775 JLINK_CORESIGHT_WriteAPDPReg(AP reg 0x00, 0x80000002)
T61D4 000:418.221 - 0.446ms returns 0
T61D4 000:418.235 JLINK_CORESIGHT_WriteAPDPReg(AP reg 0x01, 0x80011140)
T61D4 000:418.653 - 0.418ms returns 0
T61D4 000:418.667 JLINK_CORESIGHT_ReadAPDPReg(AP reg 0x03)
T61D4 000:419.083   Value=0x00000002
T61D4 000:419.095 - 0.428ms returns 0
T61D4 000:419.104 JLINK_CORESIGHT_WriteAPDPReg(AP reg 0x00, 0x80000002)
T61D4 000:419.553 - 0.449ms returns 0
T61D4 000:419.566 JLINK_CORESIGHT_WriteAPDPReg(AP reg 0x01, 0x80011120)
T61D4 000:419.935 - 0.368ms returns 0
T61D4 000:419.947 JLINK_CORESIGHT_WriteAPDPReg(AP reg 0x03, 0x2C010001)
T61D4 000:420.322 - 0.374ms returns 0
T61D4 000:420.335 JLINK_CORESIGHT_WriteAPDPReg(AP reg 0x00, 0x80000002)
T61D4 000:420.927 - 0.592ms returns 0
T61D4 000:420.940 JLINK_CORESIGHT_WriteAPDPReg(AP reg 0x01, 0x80011140)
T61D4 000:421.337 - 0.397ms returns 0
T61D4 000:421.350 JLINK_CORESIGHT_ReadAPDPReg(AP reg 0x03)
T61D4 000:421.893   Value=0x00000002
T61D4 000:421.905 - 0.555ms returns 0
T61D4 000:421.915 JLINK_CORESIGHT_WriteAPDPReg(AP reg 0x00, 0x80000002)
T61D4 000:422.358 - 0.443ms returns 0
T61D4 000:422.374 JLINK_CORESIGHT_WriteAPDPReg(AP reg 0x01, 0x80011120)
T61D4 000:422.813 - 0.438ms returns 0
T61D4 000:422.825 JLINK_CORESIGHT_WriteAPDPReg(AP reg 0x03, 0x000003D3)
T61D4 000:423.198 - 0.372ms returns 0
T61D4 000:423.210 JLINK_CORESIGHT_WriteAPDPReg(AP reg 0x00, 0x80000002)
T61D4 000:423.678 - 0.467ms returns 0
T61D4 000:423.694 JLINK_CORESIGHT_WriteAPDPReg(AP reg 0x01, 0x80011140)
T61D4 000:424.082 - 0.388ms returns 0
T61D4 000:424.095 JLINK_CORESIGHT_ReadAPDPReg(AP reg 0x03)
T61D4 000:424.631   Value=0x00000002
T61D4 000:424.643 - 0.547ms returns 0
T61D4 000:424.656 JLINK_CORESIGHT_ReadAPDPReg(AP reg 0x03)
T61D4 000:425.074   Value=0x00000002
T61D4 000:425.086 - 0.430ms returns 0
T61D4 000:425.098 JLINK_CORESIGHT_ReadAPDPReg(AP reg 0x03)
T61D4 000:425.507   Value=0x00000002
T61D4 000:425.520 - 0.421ms returns 0
T61D4 000:425.636 JLINK_CORESIGHT_ReadAPDPReg(AP reg 0x03)
T61D4 000:426.099   Value=0x00000000
T61D4 000:426.113 - 0.477ms returns 0
T61D4 000:426.124 JLINK_CORESIGHT_WriteAPDPReg(AP reg 0x00, 0x80000002)
T61D4 000:426.599 - 0.475ms returns 0
T61D4 000:426.613 JLINK_CORESIGHT_WriteAPDPReg(AP reg 0x01, 0x80011130)
T61D4 000:427.078 - 0.465ms returns 0
T61D4 000:427.092 JLINK_CORESIGHT_ReadAPDPReg(AP reg 0x03)
T61D4 000:427.585   Value=0x2C020081
T61D4 000:427.597 - 0.505ms returns 0
T61D4 000:427.607 JLINK_CORESIGHT_WriteAPDPReg(AP reg 0x00, 0x80000002)
T61D4 000:428.031 - 0.424ms returns 0
T61D4 000:428.044 JLINK_CORESIGHT_WriteAPDPReg(AP reg 0x01, 0x80011140)
T61D4 000:428.487 - 0.442ms returns 0
T61D4 000:428.503 JLINK_CORESIGHT_ReadAPDPReg(AP reg 0x03)
T61D4 000:429.000   Value=0x00000000
T61D4 000:429.012 - 0.509ms returns 0
T61D4 000:429.022 JLINK_CORESIGHT_WriteAPDPReg(AP reg 0x00, 0x80000002)
T61D4 000:429.416 - 0.394ms returns 0
T61D4 000:429.430 JLINK_CORESIGHT_WriteAPDPReg(AP reg 0x01, 0x80011130)
T61D4 000:429.950 - 0.520ms returns 0
T61D4 000:429.963 JLINK_CORESIGHT_ReadAPDPReg(AP reg 0x03)
T61D4 000:430.500   Value=0x0003CE04
T61D4 000:430.512 - 0.549ms returns 0
T61D4 000:430.528 JLINK_CORESIGHT_WriteAPDPReg(AP reg 0x00, 0x80000002)
T61D4 000:430.953 - 0.426ms returns 0
T61D4 000:430.966 JLINK_CORESIGHT_WriteAPDPReg(AP reg 0x01, 0x80011140)
T61D4 000:431.419 - 0.453ms returns 0
T61D4 000:431.433 JLINK_CORESIGHT_ReadAPDPReg(AP reg 0x03)
T61D4 000:431.974   Value=0x00000002
T61D4 000:431.986 - 0.553ms returns 0
T61D4 000:431.996 JLINK_CORESIGHT_WriteAPDPReg(AP reg 0x00, 0x80000002)
T61D4 000:432.437 - 0.441ms returns 0
T61D4 000:432.450 JLINK_CORESIGHT_WriteAPDPReg(AP reg 0x01, 0x80011120)
T61D4 000:432.853 - 0.402ms returns 0
T61D4 000:432.865 JLINK_CORESIGHT_WriteAPDPReg(AP reg 0x03, 0x73010001)
T61D4 000:433.270 - 0.404ms returns 0
T61D4 000:433.283 JLINK_CORESIGHT_WriteAPDPReg(AP reg 0x00, 0x80000002)
T61D4 000:433.684 - 0.400ms returns 0
T61D4 000:433.697 JLINK_CORESIGHT_WriteAPDPReg(AP reg 0x01, 0x80011140)
T61D4 000:434.119 - 0.421ms returns 0
T61D4 000:434.132 JLINK_CORESIGHT_ReadAPDPReg(AP reg 0x03)
T61D4 000:434.599   Value=0x00000002
T61D4 000:434.611 - 0.478ms returns 0
T61D4 000:434.621 JLINK_CORESIGHT_WriteAPDPReg(AP reg 0x00, 0x80000002)
T61D4 000:435.068 - 0.447ms returns 0
T61D4 000:435.081 JLINK_CORESIGHT_WriteAPDPReg(AP reg 0x01, 0x80011120)
T61D4 000:435.623 - 0.541ms returns 0
T61D4 000:435.636 JLINK_CORESIGHT_WriteAPDPReg(AP reg 0x03, 0x0000038C)
T61D4 000:436.074 - 0.438ms returns 0
T61D4 000:436.087 JLINK_CORESIGHT_WriteAPDPReg(AP reg 0x00, 0x80000002)
T61D4 000:436.577 - 0.490ms returns 0
T61D4 000:436.591 JLINK_CORESIGHT_WriteAPDPReg(AP reg 0x01, 0x80011140)
T61D4 000:436.994 - 0.403ms returns 0
T61D4 000:437.008 JLINK_CORESIGHT_ReadAPDPReg(AP reg 0x03)
T61D4 000:437.522   Value=0x00000002
T61D4 000:437.534 - 0.526ms returns 0
T61D4 000:437.544 JLINK_CORESIGHT_ReadAPDPReg(AP reg 0x03)
T61D4 000:437.979   Value=0x00000000
T61D4 000:437.991 - 0.447ms returns 0
T61D4 000:438.001 JLINK_CORESIGHT_WriteAPDPReg(AP reg 0x00, 0x80000002)
T61D4 000:438.477 - 0.475ms returns 0
T61D4 000:438.490 JLINK_CORESIGHT_WriteAPDPReg(AP reg 0x01, 0x80011130)
T61D4 000:438.954 - 0.464ms returns 0
T61D4 000:438.967 JLINK_CORESIGHT_ReadAPDPReg(AP reg 0x03)
T61D4 000:439.487   Value=0x73020081
T61D4 000:439.499 - 0.532ms returns 0
T61D4 000:439.509 JLINK_CORESIGHT_WriteAPDPReg(AP reg 0x00, 0x80000002)
T61D4 000:439.936 - 0.427ms returns 0
T61D4 000:439.951 JLINK_CORESIGHT_WriteAPDPReg(AP reg 0x01, 0x80011140)
T61D4 000:440.348 - 0.396ms returns 0
T61D4 000:440.381 JLINK_CORESIGHT_ReadAPDPReg(AP reg 0x03)
T61D4 000:440.934   Value=0x00000000
T61D4 000:440.949 - 0.567ms returns 0
T61D4 000:440.959 JLINK_CORESIGHT_WriteAPDPReg(AP reg 0x00, 0x80000002)
T61D4 000:441.405 - 0.446ms returns 0
T61D4 000:441.419 JLINK_CORESIGHT_WriteAPDPReg(AP reg 0x01, 0x80011130)
T61D4 000:441.930 - 0.511ms returns 0
T61D4 000:441.943 JLINK_CORESIGHT_ReadAPDPReg(AP reg 0x03)
T61D4 000:442.379   Value=0x00038902
T61D4 000:442.391 - 0.448ms returns 0
T61D4 000:442.402 JLINK_CORESIGHT_WriteAPDPReg(AP reg 0x00, 0x80000002)
T61D4 000:442.849 - 0.447ms returns 0
T61D4 000:442.862 JLINK_CORESIGHT_WriteAPDPReg(AP reg 0x01, 0x80011140)
T61D4 000:443.328 - 0.466ms returns 0
T61D4 000:443.341 JLINK_CORESIGHT_ReadAPDPReg(AP reg 0x03)
T61D4 000:443.812   Value=0x00000002
T61D4 000:443.824 - 0.482ms returns 0
T61D4 000:443.833 JLINK_CORESIGHT_WriteAPDPReg(AP reg 0x00, 0x80000002)
T61D4 000:444.230 - 0.397ms returns 0
T61D4 000:444.243 JLINK_CORESIGHT_WriteAPDPReg(AP reg 0x01, 0x80011120)
T61D4 000:444.687 - 0.443ms returns 0
T61D4 000:444.700 JLINK_CORESIGHT_WriteAPDPReg(AP reg 0x03, 0x75010001)
T61D4 000:445.143 - 0.442ms returns 0
T61D4 000:445.156 JLINK_CORESIGHT_WriteAPDPReg(AP reg 0x00, 0x80000002)
T61D4 000:445.603 - 0.447ms returns 0
T61D4 000:445.616 JLINK_CORESIGHT_WriteAPDPReg(AP reg 0x01, 0x80011140)
T61D4 000:446.017 - 0.401ms returns 0
T61D4 000:446.030 JLINK_CORESIGHT_ReadAPDPReg(AP reg 0x03)
T61D4 000:446.481   Value=0x00000002
T61D4 000:446.493 - 0.462ms returns 0
T61D4 000:446.502 JLINK_CORESIGHT_WriteAPDPReg(AP reg 0x00, 0x80000002)
T61D4 000:446.994 - 0.492ms returns 0
T61D4 000:447.007 JLINK_CORESIGHT_WriteAPDPReg(AP reg 0x01, 0x80011120)
T61D4 000:447.450 - 0.443ms returns 0
T61D4 000:447.463 JLINK_CORESIGHT_WriteAPDPReg(AP reg 0x03, 0x0000038A)
T61D4 000:447.955 - 0.491ms returns 0
T61D4 000:447.968 JLINK_CORESIGHT_WriteAPDPReg(AP reg 0x00, 0x80000002)
T61D4 000:448.417 - 0.448ms returns 0
T61D4 000:448.430 JLINK_CORESIGHT_WriteAPDPReg(AP reg 0x01, 0x80011140)
T61D4 000:448.849 - 0.419ms returns 0
T61D4 000:448.863 JLINK_CORESIGHT_ReadAPDPReg(AP reg 0x03)
T61D4 000:449.400   Value=0x00000002
T61D4 000:449.427 - 0.564ms returns 0
T61D4 000:449.438 JLINK_CORESIGHT_ReadAPDPReg(AP reg 0x03)
T61D4 000:449.974   Value=0x00000002
T61D4 000:449.988 - 0.549ms returns 0
T61D4 000:449.998 JLINK_CORESIGHT_ReadAPDPReg(AP reg 0x03)
T61D4 000:450.495   Value=0x00000002
T61D4 000:450.508 - 0.510ms returns 0
T61D4 000:450.517 JLINK_CORESIGHT_ReadAPDPReg(AP reg 0x03)
T61D4 000:450.980   Value=0x00000002
T61D4 000:450.992 - 0.474ms returns 0
T61D4 000:451.001 JLINK_CORESIGHT_ReadAPDPReg(AP reg 0x03)
T61D4 000:451.495   Value=0x00000002
T61D4 000:451.507 - 0.506ms returns 0
T61D4 000:451.520 JLINK_CORESIGHT_ReadAPDPReg(AP reg 0x03)
T61D4 000:452.127   Value=0x00000000
T61D4 000:452.139 - 0.619ms returns 0
T61D4 000:452.152 JLINK_CORESIGHT_WriteAPDPReg(AP reg 0x00, 0x80000002)
T61D4 000:452.601 - 0.449ms returns 0
T61D4 000:452.617 JLINK_CORESIGHT_WriteAPDPReg(AP reg 0x01, 0x80011130)
T61D4 000:453.017 - 0.399ms returns 0
T61D4 000:453.032 JLINK_CORESIGHT_ReadAPDPReg(AP reg 0x03)
T61D4 000:453.523   Value=0x75020081
T61D4 000:453.535 - 0.502ms returns 0
T61D4 000:453.547 JLINK_CORESIGHT_WriteAPDPReg(AP reg 0x00, 0x80000002)
T61D4 000:453.996 - 0.449ms returns 0
T61D4 000:454.012 JLINK_CORESIGHT_WriteAPDPReg(AP reg 0x01, 0x80011140)
T61D4 000:454.466 - 0.454ms returns 0
T61D4 000:454.484 JLINK_CORESIGHT_ReadAPDPReg(AP reg 0x03)
T61D4 000:454.973   Value=0x00000000
T61D4 000:454.985 - 0.501ms returns 0
T61D4 000:454.998 JLINK_CORESIGHT_WriteAPDPReg(AP reg 0x00, 0x80000002)
T61D4 000:455.475 - 0.477ms returns 0
T61D4 000:455.494 JLINK_CORESIGHT_WriteAPDPReg(AP reg 0x01, 0x80011130)
T61D4 000:455.939 - 0.444ms returns 0
T61D4 000:455.954 JLINK_CORESIGHT_ReadAPDPReg(AP reg 0x03)
T61D4 000:456.496   Value=0x00038702
T61D4 000:456.511 - 0.556ms returns 0
T61D4 000:456.564 JLINK_CORESIGHT_WriteAPDPReg(AP reg 0x00, 0x80000002)
T61D4 000:457.038 - 0.473ms returns 0
T61D4 000:457.051 JLINK_CORESIGHT_WriteAPDPReg(AP reg 0x01, 0x80011140)
T61D4 000:457.498 - 0.447ms returns 0
T61D4 000:457.512 JLINK_CORESIGHT_ReadAPDPReg(AP reg 0x03)
T61D4 000:458.029   Value=0x00000002
T61D4 000:458.041 - 0.529ms returns 0
T61D4 000:458.051 JLINK_CORESIGHT_WriteAPDPReg(AP reg 0x00, 0x80000002)
T61D4 000:458.519 - 0.468ms returns 0
T61D4 000:458.532 JLINK_CORESIGHT_WriteAPDPReg(AP reg 0x01, 0x80011120)
T61D4 000:458.969 - 0.436ms returns 0
T61D4 000:458.983 JLINK_CORESIGHT_WriteAPDPReg(AP reg 0x03, 0x4F010001)
T61D4 000:459.417 - 0.434ms returns 0
T61D4 000:459.431 JLINK_CORESIGHT_WriteAPDPReg(AP reg 0x00, 0x80000002)
T61D4 000:459.939 - 0.508ms returns 0
T61D4 000:459.953 JLINK_CORESIGHT_WriteAPDPReg(AP reg 0x01, 0x80011140)
T61D4 000:460.384 - 0.431ms returns 0
T61D4 000:460.398 JLINK_CORESIGHT_ReadAPDPReg(AP reg 0x03)
T61D4 000:460.906   Value=0x00000002
T61D4 000:460.918 - 0.520ms returns 0
T61D4 000:460.929 JLINK_CORESIGHT_WriteAPDPReg(AP reg 0x00, 0x80000002)
T61D4 000:461.332 - 0.403ms returns 0
T61D4 000:461.346 JLINK_CORESIGHT_WriteAPDPReg(AP reg 0x01, 0x80011120)
T61D4 000:461.823 - 0.477ms returns 0
T61D4 000:461.837 JLINK_CORESIGHT_WriteAPDPReg(AP reg 0x03, 0x000003B0)
T61D4 000:462.236 - 0.399ms returns 0
T61D4 000:462.251 JLINK_CORESIGHT_WriteAPDPReg(AP reg 0x00, 0x80000002)
T61D4 000:462.685 - 0.434ms returns 0
T61D4 000:462.699 JLINK_CORESIGHT_WriteAPDPReg(AP reg 0x01, 0x80011140)
T61D4 000:463.123 - 0.423ms returns 0
T61D4 000:463.136 JLINK_CORESIGHT_ReadAPDPReg(AP reg 0x03)
T61D4 000:463.552   Value=0x00000002
T61D4 000:463.564 - 0.427ms returns 0
T61D4 000:463.573 JLINK_CORESIGHT_ReadAPDPReg(AP reg 0x03)
T61D4 000:464.037   Value=0x00000002
T61D4 000:464.049 - 0.476ms returns 0
T61D4 000:464.059 JLINK_CORESIGHT_ReadAPDPReg(AP reg 0x03)
T61D4 000:464.550   Value=0x00000002
T61D4 000:464.562 - 0.503ms returns 0
T61D4 000:464.571 JLINK_CORESIGHT_ReadAPDPReg(AP reg 0x03)
T61D4 000:465.074   Value=0x00000000
T61D4 000:465.087 - 0.515ms returns 0
T61D4 000:465.097 JLINK_CORESIGHT_WriteAPDPReg(AP reg 0x00, 0x80000002)
T61D4 000:465.509 - 0.412ms returns 0
T61D4 000:465.525 JLINK_CORESIGHT_WriteAPDPReg(AP reg 0x01, 0x80011130)
T61D4 000:465.953 - 0.428ms returns 0
T61D4 000:465.967 JLINK_CORESIGHT_ReadAPDPReg(AP reg 0x03)
T61D4 000:466.463   Value=0x4F0B0081
T61D4 000:466.476 - 0.508ms returns 0
T61D4 000:466.485 JLINK_CORESIGHT_WriteAPDPReg(AP reg 0x00, 0x80000002)
T61D4 000:466.927 - 0.441ms returns 0
T61D4 000:466.940 JLINK_CORESIGHT_WriteAPDPReg(AP reg 0x01, 0x80011140)
T61D4 000:467.391 - 0.450ms returns 0
T61D4 000:467.404 JLINK_CORESIGHT_ReadAPDPReg(AP reg 0x03)
T61D4 000:467.904   Value=0x00000000
T61D4 000:467.916 - 0.511ms returns 0
T61D4 000:467.925 JLINK_CORESIGHT_WriteAPDPReg(AP reg 0x00, 0x80000002)
T61D4 000:468.323 - 0.397ms returns 0
T61D4 000:468.336 JLINK_CORESIGHT_WriteAPDPReg(AP reg 0x01, 0x80011130)
T61D4 000:468.734 - 0.397ms returns 0
T61D4 000:468.746 JLINK_CORESIGHT_ReadAPDPReg(AP reg 0x03)
T61D4 000:469.278   Value=0x40010000
T61D4 000:469.290 - 0.543ms returns 0
T61D4 000:469.300 JLINK_CORESIGHT_WriteAPDPReg(AP reg 0x00, 0x80000002)
T61D4 000:469.749 - 0.449ms returns 0
T61D4 000:469.762 JLINK_CORESIGHT_WriteAPDPReg(AP reg 0x01, 0x80011140)
T61D4 000:470.186 - 0.424ms returns 0
T61D4 000:470.199 JLINK_CORESIGHT_ReadAPDPReg(AP reg 0x03)
T61D4 000:470.719   Value=0x00000000
T61D4 000:470.732 - 0.532ms returns 0
T61D4 000:470.742 JLINK_CORESIGHT_WriteAPDPReg(AP reg 0x00, 0x80000002)
T61D4 000:471.214 - 0.472ms returns 0
T61D4 000:471.227 JLINK_CORESIGHT_WriteAPDPReg(AP reg 0x01, 0x80011130)
T61D4 000:471.707 - 0.479ms returns 0
T61D4 000:471.720 JLINK_CORESIGHT_ReadAPDPReg(AP reg 0x03)
T61D4 000:472.208   Value=0x00000000
T61D4 000:472.220 - 0.500ms returns 0
T61D4 000:472.230 JLINK_CORESIGHT_WriteAPDPReg(AP reg 0x00, 0x80000002)
T61D4 000:472.672 - 0.442ms returns 0
T61D4 000:472.685 JLINK_CORESIGHT_WriteAPDPReg(AP reg 0x01, 0x80011140)
T61D4 000:473.122 - 0.436ms returns 0
T61D4 000:473.135 JLINK_CORESIGHT_ReadAPDPReg(AP reg 0x03)
T61D4 000:473.655   Value=0x00000000
T61D4 000:473.668 - 0.532ms returns 0
T61D4 000:473.678 JLINK_CORESIGHT_WriteAPDPReg(AP reg 0x00, 0x80000002)
T61D4 000:474.143 - 0.464ms returns 0
T61D4 000:474.156 JLINK_CORESIGHT_WriteAPDPReg(AP reg 0x01, 0x80011130)
T61D4 000:474.592 - 0.436ms returns 0
T61D4 000:474.605 JLINK_CORESIGHT_ReadAPDPReg(AP reg 0x03)
T61D4 000:475.143   Value=0x03650000
T61D4 000:475.158 - 0.552ms returns 0
T61D4 000:475.245 JLINK_CORESIGHT_ReadAPDPReg(DP reg 0x01)
T61D4 000:475.666   Value=0xF0000F40
T61D4 000:475.678 - 0.433ms returns 0
T61D4 000:475.688 JLINK_CORESIGHT_WriteAPDPReg(DP reg 0x01, 0xA0000F40)
T61D4 000:476.084 - 0.396ms returns 0
T61D4 000:476.098 JLINK_CORESIGHT_ReadAPDPReg(DP reg 0x01)
T61D4 000:476.559   Value=0x00000F40
T61D4 000:476.571 - 0.473ms returns 0
T61D4 000:476.580 JLINK_ClrRESET()
T61D4 000:477.324 - 0.743ms 
T61D4 000:581.594 JLINK_Close()
T61D4 000:594.456 - 12.860ms
T61D4 000:594.493   
T61D4 000:594.499   Closed
