T6AE0 000:000.485   SEGGER J-Link V8.44a Log File
T6AE0 000:000.629   DLL Compiled: Jun 18 2025 16:28:32
T6AE0 000:000.688   Logging started @ 2025-07-29 01:53
T6AE0 000:000.696   Process: C:\Users\20537\.eclipse\com.renesas.platform_2070713661\DebugComp\RA\e2-server-gdb.exe
T6AE0 000:000.711 - 0.702ms 
T6AE0 000:000.727 JLINK_GetDLLVersion()
T6AE0 000:000.769 - 0.034ms returns 84401
T6AE0 000:003.588 JLINK_OpenEx(...)
T6AE0 000:011.730   Firmware: J-Link OB-RA4M2-Full compiled Apr  1 2025 10:14:06
T6AE0 000:013.397   Firmware: J-Link OB-RA4M2-Full compiled Apr  1 2025 10:14:06
T6AE0 000:026.600   Hardware: V1.00
T6AE0 000:026.614   S/N: 24060501
T6AE0 000:026.622   OEM: SEGGER
T6AE0 000:026.630   Feature(s): GDB, FlashDL, FlashBP, JFlash, RDI
T6AE0 000:028.183   Bootloader: 2021 May 14
T6AE0 000:029.271   USB speed mode: Full speed (12 MBit/s)
T6AE0 000:029.838   TELNET listener socket opened on port 19021
T6AE0 000:029.986   WEBSRV WEBSRV_Init(): Starting webserver thread(s)
T6AE0 000:030.139   WEBSRV Webserver running on local port 19080
T6AE0 000:030.276   Looking for J-Link GUI Server exe at: C:\Users\20537\.eclipse\com.renesas.platform_2070713661\DebugComp\RA\ARM\Segger_v8.44.1\JLinkGUIServer.exe
T6AE0 000:030.407   Looking for J-Link GUI Server exe at: C:\Program Files\SEGGER\JLink_V810h\JLinkGUIServer.exe
T6AE0 000:030.450   Forking J-Link GUI Server: C:\Program Files\SEGGER\JLink_V810h\JLinkGUIServer.exe
T6AE0 000:058.568   J-Link GUI Server info: "J-Link GUI server V8.10h "
T6AE0 000:067.742 - 64.150ms returns "O.K."
T6AE0 000:067.840 JLINK_TIF_Select(JLINKARM_TIF_SWD)
T6AE0 000:069.363 - 1.522ms returns 0x00
T6AE0 000:069.390 JLINK_ClrRESET()
T6AE0 000:070.061 - 0.670ms 
T6AE0 000:120.439 JLINK_SetSpeed(1500)
T6AE0 000:120.797 - 0.363ms 
T6AE0 000:120.819 JLINK_CORESIGHT_Configure(PerformTIFInit=0)
T6AE0 000:121.542 - 0.722ms returns 0
T6AE0 000:121.568 JLINK_CORESIGHT_ReadAPDPReg(DP reg 0x00)
T6AE0 000:122.248   Value=0x6BA02477
T6AE0 000:122.260 - 0.694ms returns 0
T6AE0 000:122.275 JLINK_CORESIGHT_WriteAPDPReg(DP reg 0x00, 0x0000001F)
T6AE0 000:122.740 - 0.465ms returns 0
T6AE0 000:122.755 JLINK_CORESIGHT_ReadAPDPReg(DP reg 0x00)
T6AE0 000:123.203   Value=0x6BA02477
T6AE0 000:123.215 - 0.460ms returns 0
T6AE0 000:123.227 JLINK_CORESIGHT_WriteAPDPReg(DP reg 0x02, 0x00000000)
T6AE0 000:123.745 - 0.517ms returns 0
T6AE0 000:123.760 JLINK_CORESIGHT_WriteAPDPReg(DP reg 0x01, 0x50000000)
T6AE0 000:124.204 - 0.443ms returns 0
T6AE0 000:124.257 JLINK_CORESIGHT_ReadAPDPReg(DP reg 0x01)
T6AE0 000:124.728   Value=0xF0000040
T6AE0 000:124.739 - 0.482ms returns 0
T6AE0 000:124.749 JLINK_CORESIGHT_WriteAPDPReg(DP reg 0x00, 0x0000001F)
T6AE0 000:125.243 - 0.494ms returns 0
T6AE0 000:125.257 JLINK_CORESIGHT_ReadAPDPReg(DP reg 0x00)
T6AE0 000:125.747   Value=0x6BA02477
T6AE0 000:125.759 - 0.502ms returns 0
T6AE0 000:125.769 JLINK_CORESIGHT_WriteAPDPReg(DP reg 0x01, 0x54000000)
T6AE0 000:126.214 - 0.445ms returns 0
T6AE0 000:126.227 JLINK_CORESIGHT_WriteAPDPReg(DP reg 0x01, 0x50000F00)
T6AE0 000:126.644 - 0.417ms returns 0
T6AE0 000:126.657 JLINK_CORESIGHT_WriteAPDPReg(DP reg 0x02, 0x01000000)
T6AE0 000:127.099 - 0.441ms returns 0
T6AE0 000:127.112 JLINK_CORESIGHT_WriteAPDPReg(AP reg 0x00, 0x80000002)
T6AE0 000:127.535 - 0.423ms returns 0
T6AE0 000:127.548 JLINK_CORESIGHT_WriteAPDPReg(AP reg 0x01, 0x80011100)
T6AE0 000:128.013 - 0.464ms returns 0
T6AE0 000:128.025 JLINK_CORESIGHT_WriteAPDPReg(AP reg 0x03, 0x000000A5)
T6AE0 000:128.513 - 0.488ms returns 0
T6AE0 000:128.526 JLINK_CORESIGHT_WriteAPDPReg(AP reg 0x00, 0x80000002)
T6AE0 000:129.054 - 0.527ms returns 0
T6AE0 000:129.067 JLINK_CORESIGHT_WriteAPDPReg(AP reg 0x01, 0x80011100)
T6AE0 000:129.490 - 0.423ms returns 0
T6AE0 000:129.503 JLINK_CORESIGHT_ReadAPDPReg(AP reg 0x03)
T6AE0 000:130.011   Value=0x000000A5
T6AE0 000:130.023 - 0.520ms returns 0
T6AE0 000:130.032 JLINK_ClrTMS()
T6AE0 000:130.326 - 0.293ms 
T6AE0 000:135.470 JLINK_SetTCK()
T6AE0 000:135.822 - 0.352ms returns 0
T6AE0 000:141.430 JLINK_SetRESET()
T6AE0 000:141.895 - 0.464ms 
T6AE0 000:342.399 JLINK_CORESIGHT_WriteAPDPReg(AP reg 0x00, 0x80000002)
T6AE0 000:343.074 - 0.675ms returns 0
T6AE0 000:343.088 JLINK_CORESIGHT_WriteAPDPReg(AP reg 0x01, 0x80011100)
T6AE0 000:343.668 - 0.580ms returns 0
T6AE0 000:343.681 JLINK_CORESIGHT_ReadAPDPReg(AP reg 0x03)
T6AE0 000:344.364   Value=0x00000000
T6AE0 000:344.376 - 0.695ms returns 0
T6AE0 000:344.386 JLINK_CORESIGHT_WriteAPDPReg(AP reg 0x00, 0x80000002)
T6AE0 000:345.087 - 0.700ms returns 0
T6AE0 000:345.100 JLINK_CORESIGHT_WriteAPDPReg(AP reg 0x01, 0x80011140)
T6AE0 000:345.639 - 0.538ms returns 0
T6AE0 000:345.655 JLINK_CORESIGHT_ReadAPDPReg(AP reg 0x03)
T6AE0 000:346.174   Value=0x00000002
T6AE0 000:346.186 - 0.531ms returns 0
T6AE0 000:346.196 JLINK_CORESIGHT_WriteAPDPReg(AP reg 0x00, 0x80000002)
T6AE0 000:346.688 - 0.492ms returns 0
T6AE0 000:346.701 JLINK_CORESIGHT_WriteAPDPReg(AP reg 0x01, 0x80011120)
T6AE0 000:347.153 - 0.451ms returns 0
T6AE0 000:347.165 JLINK_CORESIGHT_WriteAPDPReg(AP reg 0x03, 0x00000055)
T6AE0 000:347.637 - 0.472ms returns 0
T6AE0 000:347.650 JLINK_CORESIGHT_WriteAPDPReg(AP reg 0x00, 0x80000002)
T6AE0 000:348.138 - 0.487ms returns 0
T6AE0 000:348.150 JLINK_CORESIGHT_WriteAPDPReg(AP reg 0x01, 0x80011140)
T6AE0 000:348.663 - 0.513ms returns 0
T6AE0 000:348.676 JLINK_CORESIGHT_ReadAPDPReg(AP reg 0x03)
T6AE0 000:349.145   Value=0x00000002
T6AE0 000:349.156 - 0.480ms returns 0
T6AE0 000:349.165 JLINK_CORESIGHT_ReadAPDPReg(AP reg 0x03)
T6AE0 000:349.682   Value=0x00000002
T6AE0 000:349.694 - 0.528ms returns 0
T6AE0 000:349.703 JLINK_CORESIGHT_ReadAPDPReg(AP reg 0x03)
T6AE0 000:350.214   Value=0x00000002
T6AE0 000:350.228 - 0.525ms returns 0
T6AE0 000:350.238 JLINK_CORESIGHT_ReadAPDPReg(AP reg 0x03)
T6AE0 000:350.683   Value=0x00000002
T6AE0 000:350.695 - 0.457ms returns 0
T6AE0 000:350.704 JLINK_CORESIGHT_ReadAPDPReg(AP reg 0x03)
T6AE0 000:351.212   Value=0x00000002
T6AE0 000:351.224 - 0.519ms returns 0
T6AE0 000:351.236 JLINK_CORESIGHT_ReadAPDPReg(AP reg 0x03)
T6AE0 000:351.797   Value=0x00000002
T6AE0 000:351.808 - 0.572ms returns 0
T6AE0 000:351.818 JLINK_CORESIGHT_ReadAPDPReg(AP reg 0x03)
T6AE0 000:352.318   Value=0x00000002
T6AE0 000:352.330 - 0.512ms returns 0
T6AE0 000:352.343 JLINK_CORESIGHT_ReadAPDPReg(AP reg 0x03)
T6AE0 000:352.874   Value=0x00000002
T6AE0 000:352.886 - 0.543ms returns 0
T6AE0 000:352.898 JLINK_CORESIGHT_ReadAPDPReg(AP reg 0x03)
T6AE0 000:353.345   Value=0x00000002
T6AE0 000:353.356 - 0.458ms returns 0
T6AE0 000:353.368 JLINK_CORESIGHT_ReadAPDPReg(AP reg 0x03)
T6AE0 000:353.843   Value=0x00000002
T6AE0 000:353.854 - 0.486ms returns 0
T6AE0 000:353.867 JLINK_CORESIGHT_ReadAPDPReg(AP reg 0x03)
T6AE0 000:354.413   Value=0x00000002
T6AE0 000:354.425 - 0.558ms returns 0
T6AE0 000:354.437 JLINK_CORESIGHT_ReadAPDPReg(AP reg 0x03)
T6AE0 000:354.933   Value=0x00000002
T6AE0 000:354.945 - 0.508ms returns 0
T6AE0 000:354.957 JLINK_CORESIGHT_ReadAPDPReg(AP reg 0x03)
T6AE0 000:355.422   Value=0x00000002
T6AE0 000:355.434 - 0.477ms returns 0
T6AE0 000:355.446 JLINK_CORESIGHT_ReadAPDPReg(AP reg 0x03)
T6AE0 000:355.956   Value=0x00000002
T6AE0 000:355.968 - 0.522ms returns 0
T6AE0 000:355.980 JLINK_CORESIGHT_ReadAPDPReg(AP reg 0x03)
T6AE0 000:356.444   Value=0x00000002
T6AE0 000:356.456 - 0.475ms returns 0
T6AE0 000:356.468 JLINK_CORESIGHT_ReadAPDPReg(AP reg 0x03)
T6AE0 000:356.979   Value=0x00000002
T6AE0 000:356.991 - 0.523ms returns 0
T6AE0 000:357.003 JLINK_CORESIGHT_ReadAPDPReg(AP reg 0x03)
T6AE0 000:357.512   Value=0x00000002
T6AE0 000:357.524 - 0.520ms returns 0
T6AE0 000:357.536 JLINK_CORESIGHT_ReadAPDPReg(AP reg 0x03)
T6AE0 000:358.043   Value=0x00000002
T6AE0 000:358.055 - 0.519ms returns 0
T6AE0 000:358.067 JLINK_CORESIGHT_ReadAPDPReg(AP reg 0x03)
T6AE0 000:358.560   Value=0x00000002
T6AE0 000:358.571 - 0.504ms returns 0
T6AE0 000:358.583 JLINK_CORESIGHT_ReadAPDPReg(AP reg 0x03)
T6AE0 000:359.091   Value=0x00000002
T6AE0 000:359.103 - 0.519ms returns 0
T6AE0 000:359.115 JLINK_CORESIGHT_ReadAPDPReg(AP reg 0x03)
T6AE0 000:359.557   Value=0x00000000
T6AE0 000:359.571 - 0.456ms returns 0
T6AE0 000:359.583 JLINK_CORESIGHT_WriteAPDPReg(AP reg 0x00, 0x80000002)
T6AE0 000:360.043 - 0.459ms returns 0
T6AE0 000:360.059 JLINK_CORESIGHT_WriteAPDPReg(AP reg 0x01, 0x80011130)
T6AE0 000:360.542 - 0.482ms returns 0
T6AE0 000:360.560 JLINK_CORESIGHT_ReadAPDPReg(AP reg 0x03)
T6AE0 000:361.080   Value=0x000000C6
T6AE0 000:361.096 - 0.535ms returns 0
T6AE0 000:361.114 JLINK_CORESIGHT_WriteAPDPReg(AP reg 0x00, 0x80000002)
T6AE0 000:361.602 - 0.487ms returns 0
T6AE0 000:361.618 JLINK_CORESIGHT_WriteAPDPReg(AP reg 0x01, 0x80011140)
T6AE0 000:362.090 - 0.472ms returns 0
T6AE0 000:362.106 JLINK_CORESIGHT_ReadAPDPReg(AP reg 0x03)
T6AE0 000:362.670   Value=0x00000002
T6AE0 000:362.683 - 0.576ms returns 0
T6AE0 000:362.695 JLINK_CORESIGHT_WriteAPDPReg(AP reg 0x00, 0x80000002)
T6AE0 000:363.163 - 0.467ms returns 0
T6AE0 000:363.178 JLINK_CORESIGHT_WriteAPDPReg(AP reg 0x01, 0x80011120)
T6AE0 000:363.622 - 0.443ms returns 0
T6AE0 000:363.638 JLINK_CORESIGHT_WriteAPDPReg(AP reg 0x03, 0x3A010001)
T6AE0 000:364.036 - 0.398ms returns 0
T6AE0 000:364.052 JLINK_CORESIGHT_WriteAPDPReg(AP reg 0x00, 0x80000002)
T6AE0 000:364.504 - 0.452ms returns 0
T6AE0 000:364.519 JLINK_CORESIGHT_WriteAPDPReg(AP reg 0x01, 0x80011140)
T6AE0 000:364.965 - 0.446ms returns 0
T6AE0 000:364.981 JLINK_CORESIGHT_ReadAPDPReg(AP reg 0x03)
T6AE0 000:365.489   Value=0x00000002
T6AE0 000:365.501 - 0.520ms returns 0
T6AE0 000:365.513 JLINK_CORESIGHT_WriteAPDPReg(AP reg 0x00, 0x80000002)
T6AE0 000:365.898 - 0.384ms returns 0
T6AE0 000:365.913 JLINK_CORESIGHT_WriteAPDPReg(AP reg 0x01, 0x80011120)
T6AE0 000:366.345 - 0.431ms returns 0
T6AE0 000:366.360 JLINK_CORESIGHT_WriteAPDPReg(AP reg 0x03, 0x000003C5)
T6AE0 000:366.808 - 0.447ms returns 0
T6AE0 000:366.824 JLINK_CORESIGHT_WriteAPDPReg(AP reg 0x00, 0x80000002)
T6AE0 000:367.317 - 0.493ms returns 0
T6AE0 000:367.332 JLINK_CORESIGHT_WriteAPDPReg(AP reg 0x01, 0x80011140)
T6AE0 000:367.770 - 0.437ms returns 0
T6AE0 000:367.786 JLINK_CORESIGHT_ReadAPDPReg(AP reg 0x03)
T6AE0 000:368.245   Value=0x00000002
T6AE0 000:368.261 - 0.474ms returns 0
T6AE0 000:368.275 JLINK_CORESIGHT_ReadAPDPReg(AP reg 0x03)
T6AE0 000:368.782   Value=0x00000002
T6AE0 000:368.795 - 0.519ms returns 0
T6AE0 000:368.807 JLINK_CORESIGHT_ReadAPDPReg(AP reg 0x03)
T6AE0 000:369.296   Value=0x00000002
T6AE0 000:369.308 - 0.500ms returns 0
T6AE0 000:369.320 JLINK_CORESIGHT_ReadAPDPReg(AP reg 0x03)
T6AE0 000:369.783   Value=0x00000002
T6AE0 000:369.795 - 0.474ms returns 0
T6AE0 000:369.807 JLINK_CORESIGHT_ReadAPDPReg(AP reg 0x03)
T6AE0 000:370.274   Value=0x00000002
T6AE0 000:370.287 - 0.479ms returns 0
T6AE0 000:370.307 JLINK_CORESIGHT_ReadAPDPReg(AP reg 0x03)
T6AE0 000:370.810   Value=0x00000002
T6AE0 000:370.822 - 0.514ms returns 0
T6AE0 000:370.835 JLINK_CORESIGHT_ReadAPDPReg(AP reg 0x03)
T6AE0 000:371.381   Value=0x00000000
T6AE0 000:371.393 - 0.558ms returns 0
T6AE0 000:371.406 JLINK_CORESIGHT_WriteAPDPReg(AP reg 0x00, 0x80000002)
T6AE0 000:371.916 - 0.510ms returns 0
T6AE0 000:371.932 JLINK_CORESIGHT_WriteAPDPReg(AP reg 0x01, 0x80011130)
T6AE0 000:372.439 - 0.506ms returns 0
T6AE0 000:372.454 JLINK_CORESIGHT_ReadAPDPReg(AP reg 0x03)
T6AE0 000:372.967   Value=0x3A2A0081
T6AE0 000:372.979 - 0.524ms returns 0
T6AE0 000:372.991 JLINK_CORESIGHT_WriteAPDPReg(AP reg 0x00, 0x80000002)
T6AE0 000:373.522 - 0.531ms returns 0
T6AE0 000:373.538 JLINK_CORESIGHT_WriteAPDPReg(AP reg 0x01, 0x80011140)
T6AE0 000:374.000 - 0.462ms returns 0
T6AE0 000:374.016 JLINK_CORESIGHT_ReadAPDPReg(AP reg 0x03)
T6AE0 000:374.489   Value=0x00000000
T6AE0 000:374.503 - 0.487ms returns 0
T6AE0 000:374.516 JLINK_CORESIGHT_WriteAPDPReg(AP reg 0x00, 0x80000002)
T6AE0 000:374.896 - 0.380ms returns 0
T6AE0 000:374.912 JLINK_CORESIGHT_WriteAPDPReg(AP reg 0x01, 0x80011130)
T6AE0 000:375.342 - 0.429ms returns 0
T6AE0 000:375.357 JLINK_CORESIGHT_ReadAPDPReg(AP reg 0x03)
T6AE0 000:375.791   Value=0x808D5B00
T6AE0 000:375.803 - 0.446ms returns 0
T6AE0 000:375.821 JLINK_CORESIGHT_WriteAPDPReg(AP reg 0x00, 0x80000002)
T6AE0 000:376.259 - 0.437ms returns 0
T6AE0 000:376.294 JLINK_CORESIGHT_WriteAPDPReg(AP reg 0x01, 0x80011140)
T6AE0 000:376.716 - 0.422ms returns 0
T6AE0 000:376.733 JLINK_CORESIGHT_ReadAPDPReg(AP reg 0x03)
T6AE0 000:377.211   Value=0x00000000
T6AE0 000:377.223 - 0.490ms returns 0
T6AE0 000:377.236 JLINK_CORESIGHT_WriteAPDPReg(AP reg 0x00, 0x80000002)
T6AE0 000:377.703 - 0.467ms returns 0
T6AE0 000:377.718 JLINK_CORESIGHT_WriteAPDPReg(AP reg 0x01, 0x80011130)
T6AE0 000:378.199 - 0.481ms returns 0
T6AE0 000:378.214 JLINK_CORESIGHT_ReadAPDPReg(AP reg 0x03)
T6AE0 000:378.682   Value=0x0306070A
T6AE0 000:378.695 - 0.480ms returns 0
T6AE0 000:378.706 JLINK_CORESIGHT_WriteAPDPReg(AP reg 0x00, 0x80000002)
T6AE0 000:379.215 - 0.508ms returns 0
T6AE0 000:379.232 JLINK_CORESIGHT_WriteAPDPReg(AP reg 0x01, 0x80011140)
T6AE0 000:379.675 - 0.443ms returns 0
T6AE0 000:379.691 JLINK_CORESIGHT_ReadAPDPReg(AP reg 0x03)
T6AE0 000:380.183   Value=0x00000000
T6AE0 000:380.194 - 0.503ms returns 0
T6AE0 000:380.206 JLINK_CORESIGHT_WriteAPDPReg(AP reg 0x00, 0x80000002)
T6AE0 000:380.646 - 0.439ms returns 0
T6AE0 000:380.661 JLINK_CORESIGHT_WriteAPDPReg(AP reg 0x01, 0x80011130)
T6AE0 000:381.137 - 0.476ms returns 0
T6AE0 000:381.152 JLINK_CORESIGHT_ReadAPDPReg(AP reg 0x03)
T6AE0 000:381.703   Value=0x30545408
T6AE0 000:381.725 - 0.573ms returns 0
T6AE0 000:381.737 JLINK_CORESIGHT_WriteAPDPReg(AP reg 0x00, 0x80000002)
T6AE0 000:382.204 - 0.467ms returns 0
T6AE0 000:382.219 JLINK_CORESIGHT_WriteAPDPReg(AP reg 0x01, 0x80011140)
T6AE0 000:382.704 - 0.485ms returns 0
T6AE0 000:382.720 JLINK_CORESIGHT_ReadAPDPReg(AP reg 0x03)
T6AE0 000:383.193   Value=0x00000000
T6AE0 000:383.204 - 0.484ms returns 0
T6AE0 000:383.216 JLINK_CORESIGHT_WriteAPDPReg(AP reg 0x00, 0x80000002)
T6AE0 000:383.662 - 0.445ms returns 0
T6AE0 000:383.677 JLINK_CORESIGHT_WriteAPDPReg(AP reg 0x01, 0x80011130)
T6AE0 000:384.144 - 0.467ms returns 0
T6AE0 000:384.159 JLINK_CORESIGHT_ReadAPDPReg(AP reg 0x03)
T6AE0 000:384.694   Value=0x54F572C8
T6AE0 000:384.705 - 0.546ms returns 0
T6AE0 000:384.717 JLINK_CORESIGHT_WriteAPDPReg(AP reg 0x00, 0x80000002)
T6AE0 000:385.183 - 0.466ms returns 0
T6AE0 000:385.199 JLINK_CORESIGHT_WriteAPDPReg(AP reg 0x01, 0x80011140)
T6AE0 000:385.663 - 0.464ms returns 0
T6AE0 000:385.679 JLINK_CORESIGHT_ReadAPDPReg(AP reg 0x03)
T6AE0 000:386.169   Value=0x00000000
T6AE0 000:386.181 - 0.502ms returns 0
T6AE0 000:386.193 JLINK_CORESIGHT_WriteAPDPReg(AP reg 0x00, 0x80000002)
T6AE0 000:386.668 - 0.475ms returns 0
T6AE0 000:386.683 JLINK_CORESIGHT_WriteAPDPReg(AP reg 0x01, 0x80011130)
T6AE0 000:387.146 - 0.462ms returns 0
T6AE0 000:387.161 JLINK_CORESIGHT_ReadAPDPReg(AP reg 0x03)
T6AE0 000:387.668   Value=0x32355536
T6AE0 000:387.680 - 0.518ms returns 0
T6AE0 000:387.691 JLINK_CORESIGHT_WriteAPDPReg(AP reg 0x00, 0x80000002)
T6AE0 000:388.137 - 0.445ms returns 0
T6AE0 000:388.152 JLINK_CORESIGHT_WriteAPDPReg(AP reg 0x01, 0x80011140)
T6AE0 000:388.647 - 0.495ms returns 0
T6AE0 000:388.662 JLINK_CORESIGHT_ReadAPDPReg(AP reg 0x03)
T6AE0 000:389.182   Value=0x00000000
T6AE0 000:389.193 - 0.531ms returns 0
T6AE0 000:389.205 JLINK_CORESIGHT_WriteAPDPReg(AP reg 0x00, 0x80000002)
T6AE0 000:389.643 - 0.437ms returns 0
T6AE0 000:389.658 JLINK_CORESIGHT_WriteAPDPReg(AP reg 0x01, 0x80011130)
T6AE0 000:390.124 - 0.465ms returns 0
T6AE0 000:390.139 JLINK_CORESIGHT_ReadAPDPReg(AP reg 0x03)
T6AE0 000:390.614   Value=0x87022D38
T6AE0 000:390.626 - 0.487ms returns 0
T6AE0 000:390.638 JLINK_CORESIGHT_WriteAPDPReg(AP reg 0x00, 0x80000002)
T6AE0 000:391.032 - 0.394ms returns 0
T6AE0 000:391.047 JLINK_CORESIGHT_WriteAPDPReg(AP reg 0x01, 0x80011140)
T6AE0 000:391.555 - 0.508ms returns 0
T6AE0 000:391.571 JLINK_CORESIGHT_ReadAPDPReg(AP reg 0x03)
T6AE0 000:392.102   Value=0x00000000
T6AE0 000:392.114 - 0.543ms returns 0
T6AE0 000:392.126 JLINK_CORESIGHT_WriteAPDPReg(AP reg 0x00, 0x80000002)
T6AE0 000:392.615 - 0.489ms returns 0
T6AE0 000:392.679 JLINK_CORESIGHT_WriteAPDPReg(AP reg 0x01, 0x80011130)
T6AE0 000:393.123 - 0.443ms returns 0
T6AE0 000:393.138 JLINK_CORESIGHT_ReadAPDPReg(AP reg 0x03)
T6AE0 000:393.577   Value=0x4B375279
T6AE0 000:393.589 - 0.450ms returns 0
T6AE0 000:393.601 JLINK_CORESIGHT_WriteAPDPReg(AP reg 0x00, 0x80000002)
T6AE0 000:393.997 - 0.396ms returns 0
T6AE0 000:394.012 JLINK_CORESIGHT_WriteAPDPReg(AP reg 0x01, 0x80011140)
T6AE0 000:394.411 - 0.398ms returns 0
T6AE0 000:394.427 JLINK_CORESIGHT_ReadAPDPReg(AP reg 0x03)
T6AE0 000:394.917   Value=0x00000000
T6AE0 000:394.928 - 0.501ms returns 0
T6AE0 000:394.940 JLINK_CORESIGHT_WriteAPDPReg(AP reg 0x00, 0x80000002)
T6AE0 000:395.387 - 0.446ms returns 0
T6AE0 000:395.402 JLINK_CORESIGHT_WriteAPDPReg(AP reg 0x01, 0x80011130)
T6AE0 000:395.892 - 0.489ms returns 0
T6AE0 000:395.907 JLINK_CORESIGHT_ReadAPDPReg(AP reg 0x03)
T6AE0 000:396.396   Value=0x31503841
T6AE0 000:396.407 - 0.500ms returns 0
T6AE0 000:396.419 JLINK_CORESIGHT_WriteAPDPReg(AP reg 0x00, 0x80000002)
T6AE0 000:396.840 - 0.421ms returns 0
T6AE0 000:396.855 JLINK_CORESIGHT_WriteAPDPReg(AP reg 0x01, 0x80011140)
T6AE0 000:397.292 - 0.437ms returns 0
T6AE0 000:397.308 JLINK_CORESIGHT_ReadAPDPReg(AP reg 0x03)
T6AE0 000:397.747   Value=0x00000000
T6AE0 000:397.759 - 0.450ms returns 0
T6AE0 000:397.771 JLINK_CORESIGHT_WriteAPDPReg(AP reg 0x00, 0x80000002)
T6AE0 000:398.167 - 0.396ms returns 0
T6AE0 000:398.182 JLINK_CORESIGHT_WriteAPDPReg(AP reg 0x01, 0x80011130)
T6AE0 000:398.620 - 0.437ms returns 0
T6AE0 000:398.635 JLINK_CORESIGHT_ReadAPDPReg(AP reg 0x03)
T6AE0 000:399.055   Value=0x434C464B
T6AE0 000:399.067 - 0.431ms returns 0
T6AE0 000:399.078 JLINK_CORESIGHT_WriteAPDPReg(AP reg 0x00, 0x80000002)
T6AE0 000:400.042 - 0.961ms returns 0
T6AE0 000:400.090 JLINK_CORESIGHT_WriteAPDPReg(AP reg 0x01, 0x80011140)
T6AE0 000:400.616 - 0.525ms returns 0
T6AE0 000:400.633 JLINK_CORESIGHT_ReadAPDPReg(AP reg 0x03)
T6AE0 000:401.057   Value=0x00000000
T6AE0 000:401.069 - 0.436ms returns 0
T6AE0 000:401.081 JLINK_CORESIGHT_WriteAPDPReg(AP reg 0x00, 0x80000002)
T6AE0 000:401.533 - 0.452ms returns 0
T6AE0 000:401.549 JLINK_CORESIGHT_WriteAPDPReg(AP reg 0x01, 0x80011130)
T6AE0 000:401.954 - 0.405ms returns 0
T6AE0 000:401.970 JLINK_CORESIGHT_ReadAPDPReg(AP reg 0x03)
T6AE0 000:402.418   Value=0x20204341
T6AE0 000:402.430 - 0.460ms returns 0
T6AE0 000:402.442 JLINK_CORESIGHT_WriteAPDPReg(AP reg 0x00, 0x80000002)
T6AE0 000:402.885 - 0.442ms returns 0
T6AE0 000:402.900 JLINK_CORESIGHT_WriteAPDPReg(AP reg 0x01, 0x80011140)
T6AE0 000:403.345 - 0.444ms returns 0
T6AE0 000:403.372 JLINK_CORESIGHT_ReadAPDPReg(AP reg 0x03)
T6AE0 000:403.861   Value=0x00000000
T6AE0 000:403.873 - 0.501ms returns 0
T6AE0 000:403.885 JLINK_CORESIGHT_WriteAPDPReg(AP reg 0x00, 0x80000002)
T6AE0 000:404.288 - 0.402ms returns 0
T6AE0 000:404.307 JLINK_CORESIGHT_WriteAPDPReg(AP reg 0x01, 0x80011130)
T6AE0 000:404.771 - 0.464ms returns 0
T6AE0 000:404.796 JLINK_CORESIGHT_ReadAPDPReg(AP reg 0x03)
T6AE0 000:405.337   Value=0x00038C20
T6AE0 000:405.349 - 0.552ms returns 0
T6AE0 000:405.420 JLINK_CORESIGHT_WriteAPDPReg(AP reg 0x00, 0x80000002)
T6AE0 000:405.828 - 0.407ms returns 0
T6AE0 000:405.841 JLINK_CORESIGHT_WriteAPDPReg(AP reg 0x01, 0x80011140)
T6AE0 000:406.293 - 0.452ms returns 0
T6AE0 000:406.307 JLINK_CORESIGHT_ReadAPDPReg(AP reg 0x03)
T6AE0 000:406.830   Value=0x00000002
T6AE0 000:406.842 - 0.535ms returns 0
T6AE0 000:406.852 JLINK_CORESIGHT_WriteAPDPReg(AP reg 0x00, 0x80000002)
T6AE0 000:407.319 - 0.467ms returns 0
T6AE0 000:407.332 JLINK_CORESIGHT_WriteAPDPReg(AP reg 0x01, 0x80011120)
T6AE0 000:407.866 - 0.534ms returns 0
T6AE0 000:407.879 JLINK_CORESIGHT_WriteAPDPReg(AP reg 0x03, 0x39020001)
T6AE0 000:408.304 - 0.425ms returns 0
T6AE0 000:408.320 JLINK_CORESIGHT_WriteAPDPReg(AP reg 0x00, 0x80000002)
T6AE0 000:408.716 - 0.397ms returns 0
T6AE0 000:408.730 JLINK_CORESIGHT_WriteAPDPReg(AP reg 0x01, 0x80011140)
T6AE0 000:409.168 - 0.437ms returns 0
T6AE0 000:409.181 JLINK_CORESIGHT_ReadAPDPReg(AP reg 0x03)
T6AE0 000:409.759   Value=0x00000002
T6AE0 000:409.774 - 0.593ms returns 0
T6AE0 000:409.784 JLINK_CORESIGHT_WriteAPDPReg(AP reg 0x00, 0x80000002)
T6AE0 000:410.261 - 0.477ms returns 0
T6AE0 000:410.275 JLINK_CORESIGHT_WriteAPDPReg(AP reg 0x01, 0x80011120)
T6AE0 000:410.667 - 0.392ms returns 0
T6AE0 000:410.680 JLINK_CORESIGHT_WriteAPDPReg(AP reg 0x03, 0x0003B312)
T6AE0 000:411.144 - 0.464ms returns 0
T6AE0 000:411.157 JLINK_CORESIGHT_WriteAPDPReg(AP reg 0x00, 0x80000002)
T6AE0 000:411.605 - 0.448ms returns 0
T6AE0 000:411.618 JLINK_CORESIGHT_WriteAPDPReg(AP reg 0x01, 0x80011140)
T6AE0 000:412.011 - 0.393ms returns 0
T6AE0 000:412.024 JLINK_CORESIGHT_ReadAPDPReg(AP reg 0x03)
T6AE0 000:412.565   Value=0x00000000
T6AE0 000:412.577 - 0.553ms returns 0
T6AE0 000:412.587 JLINK_CORESIGHT_WriteAPDPReg(AP reg 0x00, 0x80000002)
T6AE0 000:413.108 - 0.521ms returns 0
T6AE0 000:413.121 JLINK_CORESIGHT_WriteAPDPReg(AP reg 0x01, 0x80011130)
T6AE0 000:413.644 - 0.522ms returns 0
T6AE0 000:413.656 JLINK_CORESIGHT_ReadAPDPReg(AP reg 0x03)
T6AE0 000:414.147   Value=0xB90A0081
T6AE0 000:414.158 - 0.502ms returns 0
T6AE0 000:414.168 JLINK_CORESIGHT_WriteAPDPReg(AP reg 0x00, 0x80000002)
T6AE0 000:414.636 - 0.467ms returns 0
T6AE0 000:414.648 JLINK_CORESIGHT_WriteAPDPReg(AP reg 0x01, 0x80011140)
T6AE0 000:415.115 - 0.467ms returns 0
T6AE0 000:415.128 JLINK_CORESIGHT_ReadAPDPReg(AP reg 0x03)
T6AE0 000:415.594   Value=0x00000000
T6AE0 000:415.605 - 0.477ms returns 0
T6AE0 000:415.615 JLINK_CORESIGHT_WriteAPDPReg(AP reg 0x00, 0x80000002)
T6AE0 000:416.044 - 0.429ms returns 0
T6AE0 000:416.056 JLINK_CORESIGHT_WriteAPDPReg(AP reg 0x01, 0x80011130)
T6AE0 000:416.528 - 0.471ms returns 0
T6AE0 000:416.540 JLINK_CORESIGHT_ReadAPDPReg(AP reg 0x03)
T6AE0 000:417.052   Value=0xFFFFFFC0
T6AE0 000:417.063 - 0.523ms returns 0
T6AE0 000:417.073 JLINK_CORESIGHT_WriteAPDPReg(AP reg 0x00, 0x80000002)
T6AE0 000:417.514 - 0.440ms returns 0
T6AE0 000:417.526 JLINK_CORESIGHT_WriteAPDPReg(AP reg 0x01, 0x80011140)
T6AE0 000:417.935 - 0.408ms returns 0
T6AE0 000:417.947 JLINK_CORESIGHT_ReadAPDPReg(AP reg 0x03)
T6AE0 000:418.500   Value=0x00000000
T6AE0 000:418.511 - 0.564ms returns 0
T6AE0 000:418.521 JLINK_CORESIGHT_WriteAPDPReg(AP reg 0x00, 0x80000002)
T6AE0 000:418.965 - 0.444ms returns 0
T6AE0 000:418.978 JLINK_CORESIGHT_WriteAPDPReg(AP reg 0x01, 0x80011130)
T6AE0 000:419.491 - 0.513ms returns 0
T6AE0 000:419.504 JLINK_CORESIGHT_ReadAPDPReg(AP reg 0x03)
T6AE0 000:419.941   Value=0xFFFFFFFF
T6AE0 000:419.953 - 0.449ms returns 0
T6AE0 000:419.962 JLINK_CORESIGHT_WriteAPDPReg(AP reg 0x00, 0x80000002)
T6AE0 000:420.528 - 0.565ms returns 0
T6AE0 000:420.543 JLINK_CORESIGHT_WriteAPDPReg(AP reg 0x01, 0x80011140)
T6AE0 000:420.943 - 0.399ms returns 0
T6AE0 000:420.956 JLINK_CORESIGHT_ReadAPDPReg(AP reg 0x03)
T6AE0 000:421.442   Value=0x00000000
T6AE0 000:421.453 - 0.497ms returns 0
T6AE0 000:421.463 JLINK_CORESIGHT_WriteAPDPReg(AP reg 0x00, 0x80000002)
T6AE0 000:421.941 - 0.478ms returns 0
T6AE0 000:421.953 JLINK_CORESIGHT_WriteAPDPReg(AP reg 0x01, 0x80011130)
T6AE0 000:422.417 - 0.463ms returns 0
T6AE0 000:422.429 JLINK_CORESIGHT_ReadAPDPReg(AP reg 0x03)
T6AE0 000:422.895   Value=0x000385FF
T6AE0 000:422.907 - 0.477ms returns 0
T6AE0 000:422.977 JLINK_CORESIGHT_WriteAPDPReg(AP reg 0x00, 0x80000002)
T6AE0 000:423.372 - 0.395ms returns 0
T6AE0 000:423.386 JLINK_CORESIGHT_WriteAPDPReg(AP reg 0x01, 0x80011140)
T6AE0 000:423.807 - 0.420ms returns 0
T6AE0 000:423.820 JLINK_CORESIGHT_ReadAPDPReg(AP reg 0x03)
T6AE0 000:424.310   Value=0x00000002
T6AE0 000:424.321 - 0.501ms returns 0
T6AE0 000:424.331 JLINK_CORESIGHT_WriteAPDPReg(AP reg 0x00, 0x80000002)
T6AE0 000:424.818 - 0.486ms returns 0
T6AE0 000:424.830 JLINK_CORESIGHT_WriteAPDPReg(AP reg 0x01, 0x80011120)
T6AE0 000:425.294 - 0.463ms returns 0
T6AE0 000:425.307 JLINK_CORESIGHT_WriteAPDPReg(AP reg 0x03, 0x2C010001)
T6AE0 000:425.771 - 0.464ms returns 0
T6AE0 000:425.784 JLINK_CORESIGHT_WriteAPDPReg(AP reg 0x00, 0x80000002)
T6AE0 000:426.244 - 0.460ms returns 0
T6AE0 000:426.260 JLINK_CORESIGHT_WriteAPDPReg(AP reg 0x01, 0x80011140)
T6AE0 000:426.682 - 0.422ms returns 0
T6AE0 000:426.695 JLINK_CORESIGHT_ReadAPDPReg(AP reg 0x03)
T6AE0 000:427.183   Value=0x00000002
T6AE0 000:427.194 - 0.499ms returns 0
T6AE0 000:427.204 JLINK_CORESIGHT_WriteAPDPReg(AP reg 0x00, 0x80000002)
T6AE0 000:427.640 - 0.436ms returns 0
T6AE0 000:427.653 JLINK_CORESIGHT_WriteAPDPReg(AP reg 0x01, 0x80011120)
T6AE0 000:428.100 - 0.447ms returns 0
T6AE0 000:428.113 JLINK_CORESIGHT_WriteAPDPReg(AP reg 0x03, 0x000003D3)
T6AE0 000:428.537 - 0.424ms returns 0
T6AE0 000:428.550 JLINK_CORESIGHT_WriteAPDPReg(AP reg 0x00, 0x80000002)
T6AE0 000:428.954 - 0.403ms returns 0
T6AE0 000:428.967 JLINK_CORESIGHT_WriteAPDPReg(AP reg 0x01, 0x80011140)
T6AE0 000:429.421 - 0.453ms returns 0
T6AE0 000:429.434 JLINK_CORESIGHT_ReadAPDPReg(AP reg 0x03)
T6AE0 000:429.898   Value=0x00000000
T6AE0 000:429.910 - 0.476ms returns 0
T6AE0 000:429.920 JLINK_CORESIGHT_WriteAPDPReg(AP reg 0x00, 0x80000002)
T6AE0 000:430.332 - 0.411ms returns 0
T6AE0 000:430.344 JLINK_CORESIGHT_WriteAPDPReg(AP reg 0x01, 0x80011130)
T6AE0 000:430.716 - 0.372ms returns 0
T6AE0 000:430.729 JLINK_CORESIGHT_ReadAPDPReg(AP reg 0x03)
T6AE0 000:431.215   Value=0x2C020081
T6AE0 000:431.228 - 0.499ms returns 0
T6AE0 000:431.277 JLINK_CORESIGHT_WriteAPDPReg(AP reg 0x00, 0x80000002)
T6AE0 000:431.680 - 0.404ms returns 0
T6AE0 000:431.693 JLINK_CORESIGHT_WriteAPDPReg(AP reg 0x01, 0x80011140)
T6AE0 000:432.158 - 0.464ms returns 0
T6AE0 000:432.171 JLINK_CORESIGHT_ReadAPDPReg(AP reg 0x03)
T6AE0 000:432.684   Value=0x00000000
T6AE0 000:432.695 - 0.524ms returns 0
T6AE0 000:432.705 JLINK_CORESIGHT_WriteAPDPReg(AP reg 0x00, 0x80000002)
T6AE0 000:433.101 - 0.395ms returns 0
T6AE0 000:433.113 JLINK_CORESIGHT_WriteAPDPReg(AP reg 0x01, 0x80011130)
T6AE0 000:433.489 - 0.375ms returns 0
T6AE0 000:433.502 JLINK_CORESIGHT_ReadAPDPReg(AP reg 0x03)
T6AE0 000:433.941   Value=0x0003CE04
T6AE0 000:433.953 - 0.451ms returns 0
T6AE0 000:433.967 JLINK_CORESIGHT_WriteAPDPReg(AP reg 0x00, 0x80000002)
T6AE0 000:434.413 - 0.446ms returns 0
T6AE0 000:434.425 JLINK_CORESIGHT_WriteAPDPReg(AP reg 0x01, 0x80011140)
T6AE0 000:434.830 - 0.404ms returns 0
T6AE0 000:434.843 JLINK_CORESIGHT_ReadAPDPReg(AP reg 0x03)
T6AE0 000:435.304   Value=0x00000002
T6AE0 000:435.316 - 0.473ms returns 0
T6AE0 000:435.325 JLINK_CORESIGHT_WriteAPDPReg(AP reg 0x00, 0x80000002)
T6AE0 000:435.770 - 0.444ms returns 0
T6AE0 000:435.783 JLINK_CORESIGHT_WriteAPDPReg(AP reg 0x01, 0x80011120)
T6AE0 000:436.271 - 0.488ms returns 0
T6AE0 000:436.283 JLINK_CORESIGHT_WriteAPDPReg(AP reg 0x03, 0x73010001)
T6AE0 000:436.681 - 0.397ms returns 0
T6AE0 000:436.694 JLINK_CORESIGHT_WriteAPDPReg(AP reg 0x00, 0x80000002)
T6AE0 000:437.158 - 0.464ms returns 0
T6AE0 000:437.171 JLINK_CORESIGHT_WriteAPDPReg(AP reg 0x01, 0x80011140)
T6AE0 000:438.109 - 0.937ms returns 0
T6AE0 000:438.122 JLINK_CORESIGHT_ReadAPDPReg(AP reg 0x03)
T6AE0 000:438.662   Value=0x00000002
T6AE0 000:438.673 - 0.551ms returns 0
T6AE0 000:438.683 JLINK_CORESIGHT_WriteAPDPReg(AP reg 0x00, 0x80000002)
T6AE0 000:439.102 - 0.419ms returns 0
T6AE0 000:439.115 JLINK_CORESIGHT_WriteAPDPReg(AP reg 0x01, 0x80011120)
T6AE0 000:439.536 - 0.421ms returns 0
T6AE0 000:439.549 JLINK_CORESIGHT_WriteAPDPReg(AP reg 0x03, 0x0000038C)
T6AE0 000:439.954 - 0.405ms returns 0
T6AE0 000:439.967 JLINK_CORESIGHT_WriteAPDPReg(AP reg 0x00, 0x80000002)
T6AE0 000:440.417 - 0.450ms returns 0
T6AE0 000:440.430 JLINK_CORESIGHT_WriteAPDPReg(AP reg 0x01, 0x80011140)
T6AE0 000:440.886 - 0.456ms returns 0
T6AE0 000:440.899 JLINK_CORESIGHT_ReadAPDPReg(AP reg 0x03)
T6AE0 000:441.366   Value=0x00000002
T6AE0 000:441.378 - 0.478ms returns 0
T6AE0 000:441.387 JLINK_CORESIGHT_ReadAPDPReg(AP reg 0x03)
T6AE0 000:441.897   Value=0x00000002
T6AE0 000:441.909 - 0.521ms returns 0
T6AE0 000:441.918 JLINK_CORESIGHT_ReadAPDPReg(AP reg 0x03)
T6AE0 000:442.500   Value=0x00000002
T6AE0 000:442.511 - 0.593ms returns 0
T6AE0 000:442.525 JLINK_CORESIGHT_ReadAPDPReg(AP reg 0x03)
T6AE0 000:442.965   Value=0x00000002
T6AE0 000:442.977 - 0.452ms returns 0
T6AE0 000:442.986 JLINK_CORESIGHT_ReadAPDPReg(AP reg 0x03)
T6AE0 000:443.563   Value=0x00000002
T6AE0 000:443.574 - 0.588ms returns 0
T6AE0 000:443.583 JLINK_CORESIGHT_ReadAPDPReg(AP reg 0x03)
T6AE0 000:444.064   Value=0x00000002
T6AE0 000:444.076 - 0.492ms returns 0
T6AE0 000:444.085 JLINK_CORESIGHT_ReadAPDPReg(AP reg 0x03)
T6AE0 000:444.576   Value=0x00000000
T6AE0 000:444.588 - 0.502ms returns 0
T6AE0 000:444.597 JLINK_CORESIGHT_WriteAPDPReg(AP reg 0x00, 0x80000002)
T6AE0 000:444.996 - 0.398ms returns 0
T6AE0 000:445.008 JLINK_CORESIGHT_WriteAPDPReg(AP reg 0x01, 0x80011130)
T6AE0 000:445.420 - 0.412ms returns 0
T6AE0 000:445.433 JLINK_CORESIGHT_ReadAPDPReg(AP reg 0x03)
T6AE0 000:445.908   Value=0x73020081
T6AE0 000:445.921 - 0.488ms returns 0
T6AE0 000:445.955 JLINK_CORESIGHT_WriteAPDPReg(AP reg 0x00, 0x80000002)
T6AE0 000:446.350 - 0.395ms returns 0
T6AE0 000:446.362 JLINK_CORESIGHT_WriteAPDPReg(AP reg 0x01, 0x80011140)
T6AE0 000:446.809 - 0.446ms returns 0
T6AE0 000:446.822 JLINK_CORESIGHT_ReadAPDPReg(AP reg 0x03)
T6AE0 000:447.309   Value=0x00000000
T6AE0 000:447.321 - 0.498ms returns 0
T6AE0 000:447.330 JLINK_CORESIGHT_WriteAPDPReg(AP reg 0x00, 0x80000002)
T6AE0 000:447.737 - 0.407ms returns 0
T6AE0 000:447.750 JLINK_CORESIGHT_WriteAPDPReg(AP reg 0x01, 0x80011130)
T6AE0 000:448.143 - 0.393ms returns 0
T6AE0 000:448.155 JLINK_CORESIGHT_ReadAPDPReg(AP reg 0x03)
T6AE0 000:448.667   Value=0x00038902
T6AE0 000:448.678 - 0.522ms returns 0
T6AE0 000:448.689 JLINK_CORESIGHT_WriteAPDPReg(AP reg 0x00, 0x80000002)
T6AE0 000:449.136 - 0.446ms returns 0
T6AE0 000:449.148 JLINK_CORESIGHT_WriteAPDPReg(AP reg 0x01, 0x80011140)
T6AE0 000:449.615 - 0.467ms returns 0
T6AE0 000:449.628 JLINK_CORESIGHT_ReadAPDPReg(AP reg 0x03)
T6AE0 000:450.066   Value=0x00000002
T6AE0 000:450.077 - 0.449ms returns 0
T6AE0 000:450.087 JLINK_CORESIGHT_WriteAPDPReg(AP reg 0x00, 0x80000002)
T6AE0 000:450.534 - 0.447ms returns 0
T6AE0 000:450.546 JLINK_CORESIGHT_WriteAPDPReg(AP reg 0x01, 0x80011120)
T6AE0 000:450.953 - 0.407ms returns 0
T6AE0 000:450.966 JLINK_CORESIGHT_WriteAPDPReg(AP reg 0x03, 0x75010001)
T6AE0 000:451.389 - 0.423ms returns 0
T6AE0 000:451.402 JLINK_CORESIGHT_WriteAPDPReg(AP reg 0x00, 0x80000002)
T6AE0 000:451.794 - 0.392ms returns 0
T6AE0 000:451.807 JLINK_CORESIGHT_WriteAPDPReg(AP reg 0x01, 0x80011140)
T6AE0 000:452.271 - 0.464ms returns 0
T6AE0 000:452.285 JLINK_CORESIGHT_ReadAPDPReg(AP reg 0x03)
T6AE0 000:452.775   Value=0x00000002
T6AE0 000:452.787 - 0.501ms returns 0
T6AE0 000:452.796 JLINK_CORESIGHT_WriteAPDPReg(AP reg 0x00, 0x80000002)
T6AE0 000:453.268 - 0.472ms returns 0
T6AE0 000:453.281 JLINK_CORESIGHT_WriteAPDPReg(AP reg 0x01, 0x80011120)
T6AE0 000:453.725 - 0.444ms returns 0
T6AE0 000:453.738 JLINK_CORESIGHT_WriteAPDPReg(AP reg 0x03, 0x0000038A)
T6AE0 000:454.247 - 0.509ms returns 0
T6AE0 000:454.260 JLINK_CORESIGHT_WriteAPDPReg(AP reg 0x00, 0x80000002)
T6AE0 000:454.660 - 0.400ms returns 0
T6AE0 000:454.673 JLINK_CORESIGHT_WriteAPDPReg(AP reg 0x01, 0x80011140)
T6AE0 000:455.080 - 0.406ms returns 0
T6AE0 000:455.093 JLINK_CORESIGHT_ReadAPDPReg(AP reg 0x03)
T6AE0 000:455.689   Value=0x00000002
T6AE0 000:455.702 - 0.608ms returns 0
T6AE0 000:455.711 JLINK_CORESIGHT_ReadAPDPReg(AP reg 0x03)
T6AE0 000:456.273   Value=0x00000000
T6AE0 000:456.286 - 0.574ms returns 0
T6AE0 000:456.299 JLINK_CORESIGHT_WriteAPDPReg(AP reg 0x00, 0x80000002)
T6AE0 000:456.737 - 0.438ms returns 0
T6AE0 000:456.753 JLINK_CORESIGHT_WriteAPDPReg(AP reg 0x01, 0x80011130)
T6AE0 000:457.170 - 0.417ms returns 0
T6AE0 000:457.186 JLINK_CORESIGHT_ReadAPDPReg(AP reg 0x03)
T6AE0 000:457.691   Value=0x75020081
T6AE0 000:457.703 - 0.517ms returns 0
T6AE0 000:457.715 JLINK_CORESIGHT_WriteAPDPReg(AP reg 0x00, 0x80000002)
T6AE0 000:458.377 - 0.662ms returns 0
T6AE0 000:458.394 JLINK_CORESIGHT_WriteAPDPReg(AP reg 0x01, 0x80011140)
T6AE0 000:458.844 - 0.449ms returns 0
T6AE0 000:458.912 JLINK_CORESIGHT_ReadAPDPReg(AP reg 0x03)
T6AE0 000:459.436   Value=0x00000000
T6AE0 000:459.448 - 0.535ms returns 0
T6AE0 000:459.461 JLINK_CORESIGHT_WriteAPDPReg(AP reg 0x00, 0x80000002)
T6AE0 000:459.947 - 0.486ms returns 0
T6AE0 000:459.963 JLINK_CORESIGHT_WriteAPDPReg(AP reg 0x01, 0x80011130)
T6AE0 000:460.430 - 0.467ms returns 0
T6AE0 000:460.446 JLINK_CORESIGHT_ReadAPDPReg(AP reg 0x03)
T6AE0 000:460.954   Value=0x00038702
T6AE0 000:460.966 - 0.519ms returns 0
T6AE0 000:460.985 JLINK_CORESIGHT_WriteAPDPReg(AP reg 0x00, 0x80000002)
T6AE0 000:461.525 - 0.539ms returns 0
T6AE0 000:461.540 JLINK_CORESIGHT_WriteAPDPReg(AP reg 0x01, 0x80011140)
T6AE0 000:462.013 - 0.473ms returns 0
T6AE0 000:462.029 JLINK_CORESIGHT_ReadAPDPReg(AP reg 0x03)
T6AE0 000:462.524   Value=0x00000002
T6AE0 000:462.536 - 0.507ms returns 0
T6AE0 000:462.548 JLINK_CORESIGHT_WriteAPDPReg(AP reg 0x00, 0x80000002)
T6AE0 000:463.043 - 0.494ms returns 0
T6AE0 000:463.064 JLINK_CORESIGHT_WriteAPDPReg(AP reg 0x01, 0x80011120)
T6AE0 000:463.517 - 0.453ms returns 0
T6AE0 000:463.533 JLINK_CORESIGHT_WriteAPDPReg(AP reg 0x03, 0x4F010001)
T6AE0 000:463.989 - 0.455ms returns 0
T6AE0 000:464.005 JLINK_CORESIGHT_WriteAPDPReg(AP reg 0x00, 0x80000002)
T6AE0 000:464.511 - 0.506ms returns 0
T6AE0 000:464.527 JLINK_CORESIGHT_WriteAPDPReg(AP reg 0x01, 0x80011140)
T6AE0 000:464.999 - 0.471ms returns 0
T6AE0 000:465.015 JLINK_CORESIGHT_ReadAPDPReg(AP reg 0x03)
T6AE0 000:465.560   Value=0x00000002
T6AE0 000:465.572 - 0.557ms returns 0
T6AE0 000:465.585 JLINK_CORESIGHT_WriteAPDPReg(AP reg 0x00, 0x80000002)
T6AE0 000:466.042 - 0.457ms returns 0
T6AE0 000:466.061 JLINK_CORESIGHT_WriteAPDPReg(AP reg 0x01, 0x80011120)
T6AE0 000:466.486 - 0.425ms returns 0
T6AE0 000:466.502 JLINK_CORESIGHT_WriteAPDPReg(AP reg 0x03, 0x000003B0)
T6AE0 000:466.955 - 0.452ms returns 0
T6AE0 000:466.971 JLINK_CORESIGHT_WriteAPDPReg(AP reg 0x00, 0x80000002)
T6AE0 000:467.419 - 0.448ms returns 0
T6AE0 000:467.434 JLINK_CORESIGHT_WriteAPDPReg(AP reg 0x01, 0x80011140)
T6AE0 000:467.898 - 0.463ms returns 0
T6AE0 000:467.914 JLINK_CORESIGHT_ReadAPDPReg(AP reg 0x03)
T6AE0 000:468.355   Value=0x00000002
T6AE0 000:468.367 - 0.453ms returns 0
T6AE0 000:468.379 JLINK_CORESIGHT_ReadAPDPReg(AP reg 0x03)
T6AE0 000:468.876   Value=0x00000002
T6AE0 000:468.888 - 0.509ms returns 0
T6AE0 000:468.900 JLINK_CORESIGHT_ReadAPDPReg(AP reg 0x03)
T6AE0 000:469.340   Value=0x00000002
T6AE0 000:469.352 - 0.451ms returns 0
T6AE0 000:469.364 JLINK_CORESIGHT_ReadAPDPReg(AP reg 0x03)
T6AE0 000:469.899   Value=0x00000002
T6AE0 000:469.911 - 0.546ms returns 0
T6AE0 000:469.923 JLINK_CORESIGHT_ReadAPDPReg(AP reg 0x03)
T6AE0 000:470.499   Value=0x00000002
T6AE0 000:470.510 - 0.587ms returns 0
T6AE0 000:470.523 JLINK_CORESIGHT_ReadAPDPReg(AP reg 0x03)
T6AE0 000:471.011   Value=0x00000002
T6AE0 000:471.022 - 0.499ms returns 0
T6AE0 000:471.035 JLINK_CORESIGHT_ReadAPDPReg(AP reg 0x03)
T6AE0 000:471.526   Value=0x00000000
T6AE0 000:471.538 - 0.503ms returns 0
T6AE0 000:471.550 JLINK_CORESIGHT_WriteAPDPReg(AP reg 0x00, 0x80000002)
T6AE0 000:471.995 - 0.444ms returns 0
T6AE0 000:472.010 JLINK_CORESIGHT_WriteAPDPReg(AP reg 0x01, 0x80011130)
T6AE0 000:472.487 - 0.477ms returns 0
T6AE0 000:472.503 JLINK_CORESIGHT_ReadAPDPReg(AP reg 0x03)
T6AE0 000:472.941   Value=0x4F0B0081
T6AE0 000:472.953 - 0.450ms returns 0
T6AE0 000:472.965 JLINK_CORESIGHT_WriteAPDPReg(AP reg 0x00, 0x80000002)
T6AE0 000:473.408 - 0.443ms returns 0
T6AE0 000:473.424 JLINK_CORESIGHT_WriteAPDPReg(AP reg 0x01, 0x80011140)
T6AE0 000:473.891 - 0.467ms returns 0
T6AE0 000:473.907 JLINK_CORESIGHT_ReadAPDPReg(AP reg 0x03)
T6AE0 000:474.353   Value=0x00000000
T6AE0 000:474.365 - 0.458ms returns 0
T6AE0 000:474.377 JLINK_CORESIGHT_WriteAPDPReg(AP reg 0x00, 0x80000002)
T6AE0 000:474.841 - 0.463ms returns 0
T6AE0 000:474.857 JLINK_CORESIGHT_WriteAPDPReg(AP reg 0x01, 0x80011130)
T6AE0 000:475.295 - 0.438ms returns 0
T6AE0 000:475.311 JLINK_CORESIGHT_ReadAPDPReg(AP reg 0x03)
T6AE0 000:475.832   Value=0xC0000000
T6AE0 000:475.846 - 0.535ms returns 0
T6AE0 000:475.859 JLINK_CORESIGHT_WriteAPDPReg(AP reg 0x00, 0x80000002)
T6AE0 000:476.329 - 0.470ms returns 0
T6AE0 000:476.345 JLINK_CORESIGHT_WriteAPDPReg(AP reg 0x01, 0x80011140)
T6AE0 000:476.761 - 0.416ms returns 0
T6AE0 000:476.777 JLINK_CORESIGHT_ReadAPDPReg(AP reg 0x03)
T6AE0 000:477.241   Value=0x00000000
T6AE0 000:477.253 - 0.476ms returns 0
T6AE0 000:477.266 JLINK_CORESIGHT_WriteAPDPReg(AP reg 0x00, 0x80000002)
T6AE0 000:477.685 - 0.420ms returns 0
T6AE0 000:477.701 JLINK_CORESIGHT_WriteAPDPReg(AP reg 0x01, 0x80011130)
T6AE0 000:478.159 - 0.458ms returns 0
T6AE0 000:478.175 JLINK_CORESIGHT_ReadAPDPReg(AP reg 0x03)
T6AE0 000:478.682   Value=0x00000000
T6AE0 000:478.694 - 0.519ms returns 0
T6AE0 000:478.706 JLINK_CORESIGHT_WriteAPDPReg(AP reg 0x00, 0x80000002)
T6AE0 000:479.122 - 0.416ms returns 0
T6AE0 000:479.138 JLINK_CORESIGHT_WriteAPDPReg(AP reg 0x01, 0x80011140)
T6AE0 000:479.648 - 0.510ms returns 0
T6AE0 000:479.666 JLINK_CORESIGHT_ReadAPDPReg(AP reg 0x03)
T6AE0 000:480.202   Value=0x00000000
T6AE0 000:480.214 - 0.548ms returns 0
T6AE0 000:480.226 JLINK_CORESIGHT_WriteAPDPReg(AP reg 0x00, 0x80000002)
T6AE0 000:480.648 - 0.421ms returns 0
T6AE0 000:480.663 JLINK_CORESIGHT_WriteAPDPReg(AP reg 0x01, 0x80011130)
T6AE0 000:481.194 - 0.530ms returns 0
T6AE0 000:481.209 JLINK_CORESIGHT_ReadAPDPReg(AP reg 0x03)
T6AE0 000:481.689   Value=0x03E60000
T6AE0 000:481.701 - 0.491ms returns 0
T6AE0 000:481.791 JLINK_CORESIGHT_ReadAPDPReg(DP reg 0x01)
T6AE0 000:482.244   Value=0xF0000F40
T6AE0 000:482.256 - 0.465ms returns 0
T6AE0 000:482.265 JLINK_CORESIGHT_WriteAPDPReg(DP reg 0x01, 0xA0000F40)
T6AE0 000:482.668 - 0.403ms returns 0
T6AE0 000:482.682 JLINK_CORESIGHT_ReadAPDPReg(DP reg 0x01)
T6AE0 000:483.123   Value=0x00000F40
T6AE0 000:483.135 - 0.453ms returns 0
T6AE0 000:483.144 JLINK_ClrRESET()
T6AE0 000:483.768 - 0.624ms 
T6AE0 000:589.992 JLINK_Close()
T6AE0 000:602.801 - 12.807ms
T6AE0 000:602.826   
T6AE0 000:602.832   Closed
